{"C:\\Users\\ADMIN\\Desktop\\STUDY\\SoftwareTesting\\Grocery-Store\\admin_server\\controllers\\address.controller.js": {"path":"C:\\Users\\ADMIN\\Desktop\\STUDY\\SoftwareTesting\\Grocery-Store\\admin_server\\controllers\\address.controller.js","statementMap":{"0":{"start":{"line":4,"column":36},"end":{"line":40,"column":1}},"1":{"start":{"line":5,"column":4},"end":{"line":39,"column":5}},"2":{"start":{"line":6,"column":23},"end":{"line":6,"column":37}},"3":{"start":{"line":7,"column":72},"end":{"line":7,"column":84}},"4":{"start":{"line":9,"column":30},"end":{"line":17,"column":10}},"5":{"start":{"line":18,"column":28},"end":{"line":18,"column":54}},"6":{"start":{"line":20,"column":33},"end":{"line":24,"column":10}},"7":{"start":{"line":26,"column":8},"end":{"line":31,"column":10}},"8":{"start":{"line":34,"column":8},"end":{"line":38,"column":10}},"9":{"start":{"line":42,"column":36},"end":{"line":61,"column":1}},"10":{"start":{"line":43,"column":4},"end":{"line":60,"column":5}},"11":{"start":{"line":44,"column":23},"end":{"line":44,"column":37}},"12":{"start":{"line":46,"column":21},"end":{"line":46,"column":89}},"13":{"start":{"line":48,"column":8},"end":{"line":53,"column":10}},"14":{"start":{"line":55,"column":8},"end":{"line":59,"column":10}},"15":{"start":{"line":63,"column":39},"end":{"line":90,"column":1}},"16":{"start":{"line":64,"column":4},"end":{"line":89,"column":5}},"17":{"start":{"line":65,"column":23},"end":{"line":65,"column":37}},"18":{"start":{"line":66,"column":73},"end":{"line":66,"column":85}},"19":{"start":{"line":68,"column":30},"end":{"line":75,"column":10}},"20":{"start":{"line":77,"column":8},"end":{"line":82,"column":10}},"21":{"start":{"line":84,"column":8},"end":{"line":88,"column":10}},"22":{"start":{"line":92,"column":39},"end":{"line":114,"column":1}},"23":{"start":{"line":93,"column":4},"end":{"line":113,"column":5}},"24":{"start":{"line":94,"column":23},"end":{"line":94,"column":37}},"25":{"start":{"line":95,"column":24},"end":{"line":95,"column":36}},"26":{"start":{"line":97,"column":31},"end":{"line":99,"column":10}},"27":{"start":{"line":101,"column":8},"end":{"line":106,"column":10}},"28":{"start":{"line":108,"column":8},"end":{"line":112,"column":10}}},"fnMap":{"0":{"name":"(anonymous_0)","decl":{"start":{"line":4,"column":36},"end":{"line":4,"column":37}},"loc":{"start":{"line":4,"column":61},"end":{"line":40,"column":1}},"line":4},"1":{"name":"(anonymous_1)","decl":{"start":{"line":42,"column":36},"end":{"line":42,"column":37}},"loc":{"start":{"line":42,"column":61},"end":{"line":61,"column":1}},"line":42},"2":{"name":"(anonymous_2)","decl":{"start":{"line":63,"column":39},"end":{"line":63,"column":40}},"loc":{"start":{"line":63,"column":64},"end":{"line":90,"column":1}},"line":63},"3":{"name":"(anonymous_3)","decl":{"start":{"line":92,"column":39},"end":{"line":92,"column":40}},"loc":{"start":{"line":92,"column":64},"end":{"line":114,"column":1}},"line":92}},"branchMap":{"0":{"loc":{"start":{"line":35,"column":22},"end":{"line":35,"column":44}},"type":"binary-expr","locations":[{"start":{"line":35,"column":22},"end":{"line":35,"column":35}},{"start":{"line":35,"column":39},"end":{"line":35,"column":44}}],"line":35},"1":{"loc":{"start":{"line":56,"column":22},"end":{"line":56,"column":44}},"type":"binary-expr","locations":[{"start":{"line":56,"column":22},"end":{"line":56,"column":35}},{"start":{"line":56,"column":39},"end":{"line":56,"column":44}}],"line":56},"2":{"loc":{"start":{"line":85,"column":22},"end":{"line":85,"column":44}},"type":"binary-expr","locations":[{"start":{"line":85,"column":22},"end":{"line":85,"column":35}},{"start":{"line":85,"column":39},"end":{"line":85,"column":44}}],"line":85},"3":{"loc":{"start":{"line":109,"column":22},"end":{"line":109,"column":44}},"type":"binary-expr","locations":[{"start":{"line":109,"column":22},"end":{"line":109,"column":35}},{"start":{"line":109,"column":39},"end":{"line":109,"column":44}}],"line":109}},"s":{"0":0,"1":0,"2":0,"3":0,"4":0,"5":0,"6":0,"7":0,"8":0,"9":0,"10":0,"11":0,"12":0,"13":0,"14":0,"15":0,"16":0,"17":0,"18":0,"19":0,"20":0,"21":0,"22":0,"23":0,"24":0,"25":0,"26":0,"27":0,"28":0},"f":{"0":0,"1":0,"2":0,"3":0},"b":{"0":[0,0],"1":[0,0],"2":[0,0],"3":[0,0]},"inputSourceMap":null}
,"C:\\Users\\ADMIN\\Desktop\\STUDY\\SoftwareTesting\\Grocery-Store\\admin_server\\controllers\\admin.controller.js": {"path":"C:\\Users\\ADMIN\\Desktop\\STUDY\\SoftwareTesting\\Grocery-Store\\admin_server\\controllers\\admin.controller.js","statementMap":{"0":{"start":{"line":8,"column":4},"end":{"line":80,"column":5}},"1":{"start":{"line":9,"column":36},"end":{"line":9,"column":48}},"2":{"start":{"line":12,"column":8},"end":{"line":18,"column":9}},"3":{"start":{"line":13,"column":12},"end":{"line":17,"column":14}},"4":{"start":{"line":20,"column":22},"end":{"line":20,"column":56}},"5":{"start":{"line":22,"column":8},"end":{"line":28,"column":9}},"6":{"start":{"line":23,"column":12},"end":{"line":27,"column":14}},"7":{"start":{"line":30,"column":8},"end":{"line":36,"column":9}},"8":{"start":{"line":31,"column":12},"end":{"line":35,"column":15}},"9":{"start":{"line":39,"column":30},"end":{"line":39,"column":78}},"10":{"start":{"line":41,"column":8},"end":{"line":47,"column":9}},"11":{"start":{"line":42,"column":12},"end":{"line":46,"column":14}},"12":{"start":{"line":49,"column":34},"end":{"line":49,"column":71}},"13":{"start":{"line":50,"column":35},"end":{"line":50,"column":72}},"14":{"start":{"line":52,"column":27},"end":{"line":54,"column":10}},"15":{"start":{"line":56,"column":30},"end":{"line":60,"column":9}},"16":{"start":{"line":61,"column":8},"end":{"line":61,"column":78}},"17":{"start":{"line":62,"column":8},"end":{"line":62,"column":80}},"18":{"start":{"line":64,"column":8},"end":{"line":72,"column":10}},"19":{"start":{"line":75,"column":8},"end":{"line":79,"column":10}},"20":{"start":{"line":86,"column":4},"end":{"line":113,"column":5}},"21":{"start":{"line":87,"column":23},"end":{"line":87,"column":37}},"22":{"start":{"line":89,"column":30},"end":{"line":93,"column":9}},"23":{"start":{"line":95,"column":8},"end":{"line":95,"column":64}},"24":{"start":{"line":96,"column":8},"end":{"line":96,"column":65}},"25":{"start":{"line":98,"column":35},"end":{"line":100,"column":10}},"26":{"start":{"line":102,"column":8},"end":{"line":106,"column":10}},"27":{"start":{"line":108,"column":8},"end":{"line":112,"column":10}}},"fnMap":{"0":{"name":"AdminloginController","decl":{"start":{"line":7,"column":22},"end":{"line":7,"column":42}},"loc":{"start":{"line":7,"column":62},"end":{"line":81,"column":1}},"line":7},"1":{"name":"AdminlogoutController","decl":{"start":{"line":85,"column":22},"end":{"line":85,"column":43}},"loc":{"start":{"line":85,"column":63},"end":{"line":114,"column":1}},"line":85}},"branchMap":{"0":{"loc":{"start":{"line":12,"column":8},"end":{"line":18,"column":9}},"type":"if","locations":[{"start":{"line":12,"column":8},"end":{"line":18,"column":9}},{"start":{},"end":{}}],"line":12},"1":{"loc":{"start":{"line":12,"column":12},"end":{"line":12,"column":31}},"type":"binary-expr","locations":[{"start":{"line":12,"column":12},"end":{"line":12,"column":18}},{"start":{"line":12,"column":22},"end":{"line":12,"column":31}}],"line":12},"2":{"loc":{"start":{"line":22,"column":8},"end":{"line":28,"column":9}},"type":"if","locations":[{"start":{"line":22,"column":8},"end":{"line":28,"column":9}},{"start":{},"end":{}}],"line":22},"3":{"loc":{"start":{"line":30,"column":8},"end":{"line":36,"column":9}},"type":"if","locations":[{"start":{"line":30,"column":8},"end":{"line":36,"column":9}},{"start":{},"end":{}}],"line":30},"4":{"loc":{"start":{"line":41,"column":8},"end":{"line":47,"column":9}},"type":"if","locations":[{"start":{"line":41,"column":8},"end":{"line":47,"column":9}},{"start":{},"end":{}}],"line":41},"5":{"loc":{"start":{"line":109,"column":21},"end":{"line":109,"column":43}},"type":"binary-expr","locations":[{"start":{"line":109,"column":21},"end":{"line":109,"column":34}},{"start":{"line":109,"column":38},"end":{"line":109,"column":43}}],"line":109}},"s":{"0":8,"1":8,"2":8,"3":5,"4":3,"5":3,"6":1,"7":2,"8":1,"9":1,"10":1,"11":1,"12":0,"13":0,"14":0,"15":0,"16":0,"17":0,"18":0,"19":0,"20":2,"21":2,"22":2,"23":2,"24":2,"25":2,"26":1,"27":1},"f":{"0":8,"1":2},"b":{"0":[5,3],"1":[8,5],"2":[1,2],"3":[1,1],"4":[1,0],"5":[1,0]},"inputSourceMap":null,"_coverageSchema":"1a1c01bbd47fc00a2c39e90264f33305004495a9","hash":"3204ae4bc4042b4f3316a481c85ce8a5a62b604a"}
,"C:\\Users\\ADMIN\\Desktop\\STUDY\\SoftwareTesting\\Grocery-Store\\admin_server\\controllers\\cart.controller.js": {"path":"C:\\Users\\ADMIN\\Desktop\\STUDY\\SoftwareTesting\\Grocery-Store\\admin_server\\controllers\\cart.controller.js","statementMap":{"0":{"start":{"line":4,"column":39},"end":{"line":56,"column":1}},"1":{"start":{"line":5,"column":4},"end":{"line":55,"column":5}},"2":{"start":{"line":6,"column":24},"end":{"line":6,"column":38}},"3":{"start":{"line":7,"column":30},"end":{"line":7,"column":42}},"4":{"start":{"line":9,"column":8},"end":{"line":15,"column":9}},"5":{"start":{"line":10,"column":12},"end":{"line":14,"column":14}},"6":{"start":{"line":17,"column":30},"end":{"line":20,"column":10}},"7":{"start":{"line":22,"column":8},"end":{"line":26,"column":9}},"8":{"start":{"line":23,"column":12},"end":{"line":25,"column":14}},"9":{"start":{"line":28,"column":25},"end":{"line":32,"column":10}},"10":{"start":{"line":33,"column":21},"end":{"line":33,"column":42}},"11":{"start":{"line":35,"column":31},"end":{"line":39,"column":10}},"12":{"start":{"line":41,"column":8},"end":{"line":46,"column":10}},"13":{"start":{"line":50,"column":8},"end":{"line":54,"column":10}},"14":{"start":{"line":58,"column":37},"end":{"line":79,"column":1}},"15":{"start":{"line":59,"column":4},"end":{"line":78,"column":5}},"16":{"start":{"line":60,"column":23},"end":{"line":60,"column":37}},"17":{"start":{"line":62,"column":26},"end":{"line":64,"column":32}},"18":{"start":{"line":66,"column":8},"end":{"line":70,"column":10}},"19":{"start":{"line":73,"column":8},"end":{"line":77,"column":10}},"20":{"start":{"line":81,"column":43},"end":{"line":113,"column":1}},"21":{"start":{"line":82,"column":4},"end":{"line":112,"column":5}},"22":{"start":{"line":83,"column":23},"end":{"line":83,"column":37}},"23":{"start":{"line":84,"column":28},"end":{"line":84,"column":40}},"24":{"start":{"line":86,"column":8},"end":{"line":90,"column":9}},"25":{"start":{"line":87,"column":12},"end":{"line":89,"column":14}},"26":{"start":{"line":92,"column":31},"end":{"line":97,"column":10}},"27":{"start":{"line":99,"column":8},"end":{"line":104,"column":10}},"28":{"start":{"line":107,"column":8},"end":{"line":111,"column":10}},"29":{"start":{"line":115,"column":43},"end":{"line":144,"column":1}},"30":{"start":{"line":116,"column":4},"end":{"line":143,"column":5}},"31":{"start":{"line":117,"column":21},"end":{"line":117,"column":35}},"32":{"start":{"line":118,"column":22},"end":{"line":118,"column":34}},"33":{"start":{"line":120,"column":6},"end":{"line":126,"column":7}},"34":{"start":{"line":121,"column":8},"end":{"line":125,"column":10}},"35":{"start":{"line":128,"column":30},"end":{"line":128,"column":93}},"36":{"start":{"line":130,"column":6},"end":{"line":135,"column":8}},"37":{"start":{"line":138,"column":8},"end":{"line":142,"column":10}}},"fnMap":{"0":{"name":"(anonymous_0)","decl":{"start":{"line":4,"column":39},"end":{"line":4,"column":40}},"loc":{"start":{"line":4,"column":64},"end":{"line":56,"column":1}},"line":4},"1":{"name":"(anonymous_1)","decl":{"start":{"line":58,"column":37},"end":{"line":58,"column":38}},"loc":{"start":{"line":58,"column":62},"end":{"line":79,"column":1}},"line":58},"2":{"name":"(anonymous_2)","decl":{"start":{"line":81,"column":43},"end":{"line":81,"column":44}},"loc":{"start":{"line":81,"column":68},"end":{"line":113,"column":1}},"line":81},"3":{"name":"(anonymous_3)","decl":{"start":{"line":115,"column":43},"end":{"line":115,"column":44}},"loc":{"start":{"line":115,"column":68},"end":{"line":144,"column":1}},"line":115}},"branchMap":{"0":{"loc":{"start":{"line":9,"column":8},"end":{"line":15,"column":9}},"type":"if","locations":[{"start":{"line":9,"column":8},"end":{"line":15,"column":9}},{"start":{},"end":{}}],"line":9},"1":{"loc":{"start":{"line":22,"column":8},"end":{"line":26,"column":9}},"type":"if","locations":[{"start":{"line":22,"column":8},"end":{"line":26,"column":9}},{"start":{},"end":{}}],"line":22},"2":{"loc":{"start":{"line":51,"column":22},"end":{"line":51,"column":44}},"type":"binary-expr","locations":[{"start":{"line":51,"column":22},"end":{"line":51,"column":35}},{"start":{"line":51,"column":39},"end":{"line":51,"column":44}}],"line":51},"3":{"loc":{"start":{"line":74,"column":22},"end":{"line":74,"column":44}},"type":"binary-expr","locations":[{"start":{"line":74,"column":22},"end":{"line":74,"column":35}},{"start":{"line":74,"column":39},"end":{"line":74,"column":44}}],"line":74},"4":{"loc":{"start":{"line":86,"column":8},"end":{"line":90,"column":9}},"type":"if","locations":[{"start":{"line":86,"column":8},"end":{"line":90,"column":9}},{"start":{},"end":{}}],"line":86},"5":{"loc":{"start":{"line":86,"column":11},"end":{"line":86,"column":24}},"type":"binary-expr","locations":[{"start":{"line":86,"column":11},"end":{"line":86,"column":15}},{"start":{"line":86,"column":20},"end":{"line":86,"column":24}}],"line":86},"6":{"loc":{"start":{"line":108,"column":22},"end":{"line":108,"column":44}},"type":"binary-expr","locations":[{"start":{"line":108,"column":22},"end":{"line":108,"column":35}},{"start":{"line":108,"column":39},"end":{"line":108,"column":44}}],"line":108},"7":{"loc":{"start":{"line":120,"column":6},"end":{"line":126,"column":7}},"type":"if","locations":[{"start":{"line":120,"column":6},"end":{"line":126,"column":7}},{"start":{},"end":{}}],"line":120},"8":{"loc":{"start":{"line":139,"column":22},"end":{"line":139,"column":44}},"type":"binary-expr","locations":[{"start":{"line":139,"column":22},"end":{"line":139,"column":35}},{"start":{"line":139,"column":39},"end":{"line":139,"column":44}}],"line":139}},"s":{"0":0,"1":0,"2":0,"3":0,"4":0,"5":0,"6":0,"7":0,"8":0,"9":0,"10":0,"11":0,"12":0,"13":0,"14":0,"15":0,"16":0,"17":0,"18":0,"19":0,"20":0,"21":0,"22":0,"23":0,"24":0,"25":0,"26":0,"27":0,"28":0,"29":0,"30":0,"31":0,"32":0,"33":0,"34":0,"35":0,"36":0,"37":0},"f":{"0":0,"1":0,"2":0,"3":0},"b":{"0":[0,0],"1":[0,0],"2":[0,0],"3":[0,0],"4":[0,0],"5":[0,0],"6":[0,0],"7":[0,0],"8":[0,0]},"inputSourceMap":null}
,"C:\\Users\\ADMIN\\Desktop\\STUDY\\SoftwareTesting\\Grocery-Store\\admin_server\\controllers\\category.controller.js": {"path":"C:\\Users\\ADMIN\\Desktop\\STUDY\\SoftwareTesting\\Grocery-Store\\admin_server\\controllers\\category.controller.js","statementMap":{"0":{"start":{"line":6,"column":37},"end":{"line":53,"column":1}},"1":{"start":{"line":7,"column":4},"end":{"line":52,"column":5}},"2":{"start":{"line":8,"column":33},"end":{"line":8,"column":45}},"3":{"start":{"line":10,"column":8},"end":{"line":16,"column":9}},"4":{"start":{"line":11,"column":12},"end":{"line":15,"column":14}},"5":{"start":{"line":18,"column":28},"end":{"line":21,"column":10}},"6":{"start":{"line":23,"column":25},"end":{"line":23,"column":49}},"7":{"start":{"line":25,"column":8},"end":{"line":31,"column":9}},"8":{"start":{"line":26,"column":12},"end":{"line":30,"column":14}},"9":{"start":{"line":33,"column":8},"end":{"line":37,"column":22}},"10":{"start":{"line":34,"column":23},"end":{"line":34,"column":30}},"11":{"start":{"line":35,"column":12},"end":{"line":35,"column":105}},"12":{"start":{"line":36,"column":12},"end":{"line":36,"column":81}},"13":{"start":{"line":39,"column":8},"end":{"line":44,"column":10}},"14":{"start":{"line":47,"column":8},"end":{"line":51,"column":10}},"15":{"start":{"line":55,"column":37},"end":{"line":72,"column":1}},"16":{"start":{"line":56,"column":4},"end":{"line":71,"column":5}},"17":{"start":{"line":58,"column":21},"end":{"line":58,"column":72}},"18":{"start":{"line":60,"column":8},"end":{"line":64,"column":10}},"19":{"start":{"line":66,"column":8},"end":{"line":70,"column":10}},"20":{"start":{"line":74,"column":40},"end":{"line":104,"column":1}},"21":{"start":{"line":75,"column":4},"end":{"line":103,"column":5}},"22":{"start":{"line":76,"column":37},"end":{"line":76,"column":49}},"23":{"start":{"line":78,"column":23},"end":{"line":83,"column":10}},"24":{"start":{"line":85,"column":8},"end":{"line":89,"column":22}},"25":{"start":{"line":86,"column":23},"end":{"line":86,"column":30}},"26":{"start":{"line":87,"column":12},"end":{"line":87,"column":93}},"27":{"start":{"line":88,"column":12},"end":{"line":88,"column":94}},"28":{"start":{"line":91,"column":8},"end":{"line":96,"column":10}},"29":{"start":{"line":98,"column":8},"end":{"line":102,"column":10}},"30":{"start":{"line":106,"column":40},"end":{"line":152,"column":1}},"31":{"start":{"line":107,"column":4},"end":{"line":151,"column":5}},"32":{"start":{"line":108,"column":24},"end":{"line":108,"column":36}},"33":{"start":{"line":110,"column":33},"end":{"line":114,"column":27}},"34":{"start":{"line":116,"column":29},"end":{"line":120,"column":27}},"35":{"start":{"line":122,"column":8},"end":{"line":128,"column":9}},"36":{"start":{"line":123,"column":12},"end":{"line":127,"column":14}},"37":{"start":{"line":130,"column":31},"end":{"line":130,"column":74}},"38":{"start":{"line":132,"column":8},"end":{"line":136,"column":22}},"39":{"start":{"line":133,"column":23},"end":{"line":133,"column":30}},"40":{"start":{"line":134,"column":12},"end":{"line":134,"column":67}},"41":{"start":{"line":135,"column":12},"end":{"line":135,"column":68}},"42":{"start":{"line":138,"column":8},"end":{"line":143,"column":10}},"43":{"start":{"line":146,"column":7},"end":{"line":150,"column":9}}},"fnMap":{"0":{"name":"(anonymous_0)","decl":{"start":{"line":6,"column":37},"end":{"line":6,"column":38}},"loc":{"start":{"line":6,"column":62},"end":{"line":53,"column":1}},"line":6},"1":{"name":"(anonymous_1)","decl":{"start":{"line":55,"column":37},"end":{"line":55,"column":38}},"loc":{"start":{"line":55,"column":62},"end":{"line":72,"column":1}},"line":55},"2":{"name":"(anonymous_2)","decl":{"start":{"line":74,"column":40},"end":{"line":74,"column":41}},"loc":{"start":{"line":74,"column":65},"end":{"line":104,"column":1}},"line":74},"3":{"name":"(anonymous_3)","decl":{"start":{"line":106,"column":40},"end":{"line":106,"column":41}},"loc":{"start":{"line":106,"column":65},"end":{"line":152,"column":1}},"line":106}},"branchMap":{"0":{"loc":{"start":{"line":10,"column":8},"end":{"line":16,"column":9}},"type":"if","locations":[{"start":{"line":10,"column":8},"end":{"line":16,"column":9}},{"start":{},"end":{}}],"line":10},"1":{"loc":{"start":{"line":10,"column":11},"end":{"line":10,"column":26}},"type":"binary-expr","locations":[{"start":{"line":10,"column":11},"end":{"line":10,"column":16}},{"start":{"line":10,"column":20},"end":{"line":10,"column":26}}],"line":10},"2":{"loc":{"start":{"line":25,"column":8},"end":{"line":31,"column":9}},"type":"if","locations":[{"start":{"line":25,"column":8},"end":{"line":31,"column":9}},{"start":{},"end":{}}],"line":25},"3":{"loc":{"start":{"line":48,"column":22},"end":{"line":48,"column":44}},"type":"binary-expr","locations":[{"start":{"line":48,"column":22},"end":{"line":48,"column":35}},{"start":{"line":48,"column":39},"end":{"line":48,"column":44}}],"line":48},"4":{"loc":{"start":{"line":67,"column":22},"end":{"line":67,"column":45}},"type":"binary-expr","locations":[{"start":{"line":67,"column":22},"end":{"line":67,"column":36}},{"start":{"line":67,"column":40},"end":{"line":67,"column":45}}],"line":67},"5":{"loc":{"start":{"line":99,"column":22},"end":{"line":99,"column":44}},"type":"binary-expr","locations":[{"start":{"line":99,"column":22},"end":{"line":99,"column":35}},{"start":{"line":99,"column":39},"end":{"line":99,"column":44}}],"line":99},"6":{"loc":{"start":{"line":122,"column":8},"end":{"line":128,"column":9}},"type":"if","locations":[{"start":{"line":122,"column":8},"end":{"line":128,"column":9}},{"start":{},"end":{}}],"line":122},"7":{"loc":{"start":{"line":122,"column":11},"end":{"line":122,"column":52}},"type":"binary-expr","locations":[{"start":{"line":122,"column":11},"end":{"line":122,"column":32}},{"start":{"line":122,"column":36},"end":{"line":122,"column":52}}],"line":122},"8":{"loc":{"start":{"line":147,"column":22},"end":{"line":147,"column":44}},"type":"binary-expr","locations":[{"start":{"line":147,"column":22},"end":{"line":147,"column":35}},{"start":{"line":147,"column":39},"end":{"line":147,"column":44}}],"line":147}},"s":{"0":0,"1":0,"2":0,"3":0,"4":0,"5":0,"6":0,"7":0,"8":0,"9":0,"10":0,"11":0,"12":0,"13":0,"14":0,"15":0,"16":0,"17":0,"18":0,"19":0,"20":0,"21":0,"22":0,"23":0,"24":0,"25":0,"26":0,"27":0,"28":0,"29":0,"30":0,"31":0,"32":0,"33":0,"34":0,"35":0,"36":0,"37":0,"38":0,"39":0,"40":0,"41":0,"42":0,"43":0},"f":{"0":0,"1":0,"2":0,"3":0},"b":{"0":[0,0],"1":[0,0],"2":[0,0],"3":[0,0],"4":[0,0],"5":[0,0],"6":[0,0],"7":[0,0],"8":[0,0]},"inputSourceMap":null}
,"C:\\Users\\ADMIN\\Desktop\\STUDY\\SoftwareTesting\\Grocery-Store\\admin_server\\controllers\\order.controller.js": {"path":"C:\\Users\\ADMIN\\Desktop\\STUDY\\SoftwareTesting\\Grocery-Store\\admin_server\\controllers\\order.controller.js","statementMap":{"0":{"start":{"line":15,"column":25},"end":{"line":15,"column":27}},"1":{"start":{"line":16,"column":19},"end":{"line":16,"column":21}},"2":{"start":{"line":18,"column":4},"end":{"line":75,"column":5}},"3":{"start":{"line":19,"column":8},"end":{"line":74,"column":9}},"4":{"start":{"line":21,"column":30},"end":{"line":21,"column":67}},"5":{"start":{"line":23,"column":28},"end":{"line":23,"column":66}},"6":{"start":{"line":25,"column":12},"end":{"line":32,"column":13}},"7":{"start":{"line":26,"column":16},"end":{"line":30,"column":19}},"8":{"start":{"line":31,"column":16},"end":{"line":31,"column":25}},"9":{"start":{"line":34,"column":12},"end":{"line":41,"column":13}},"10":{"start":{"line":35,"column":16},"end":{"line":39,"column":19}},"11":{"start":{"line":40,"column":16},"end":{"line":40,"column":25}},"12":{"start":{"line":43,"column":12},"end":{"line":50,"column":13}},"13":{"start":{"line":44,"column":16},"end":{"line":48,"column":19}},"14":{"start":{"line":49,"column":16},"end":{"line":49,"column":25}},"15":{"start":{"line":53,"column":29},"end":{"line":53,"column":42}},"16":{"start":{"line":54,"column":12},"end":{"line":54,"column":43}},"17":{"start":{"line":55,"column":12},"end":{"line":55,"column":33}},"18":{"start":{"line":57,"column":12},"end":{"line":64,"column":15}},"19":{"start":{"line":66,"column":12},"end":{"line":66,"column":94}},"20":{"start":{"line":69,"column":12},"end":{"line":72,"column":15}},"21":{"start":{"line":73,"column":12},"end":{"line":73,"column":91}},"22":{"start":{"line":77,"column":4},"end":{"line":77,"column":36}},"23":{"start":{"line":82,"column":25},"end":{"line":82,"column":27}},"24":{"start":{"line":83,"column":19},"end":{"line":83,"column":21}},"25":{"start":{"line":85,"column":4},"end":{"line":124,"column":5}},"26":{"start":{"line":86,"column":8},"end":{"line":123,"column":9}},"27":{"start":{"line":88,"column":30},"end":{"line":88,"column":67}},"28":{"start":{"line":90,"column":28},"end":{"line":90,"column":66}},"29":{"start":{"line":92,"column":12},"end":{"line":99,"column":13}},"30":{"start":{"line":93,"column":16},"end":{"line":97,"column":19}},"31":{"start":{"line":98,"column":16},"end":{"line":98,"column":25}},"32":{"start":{"line":102,"column":29},"end":{"line":102,"column":42}},"33":{"start":{"line":103,"column":12},"end":{"line":103,"column":43}},"34":{"start":{"line":104,"column":12},"end":{"line":104,"column":33}},"35":{"start":{"line":106,"column":12},"end":{"line":113,"column":15}},"36":{"start":{"line":115,"column":12},"end":{"line":115,"column":94}},"37":{"start":{"line":118,"column":12},"end":{"line":121,"column":15}},"38":{"start":{"line":122,"column":12},"end":{"line":122,"column":91}},"39":{"start":{"line":126,"column":4},"end":{"line":126,"column":36}},"40":{"start":{"line":135,"column":4},"end":{"line":246,"column":5}},"41":{"start":{"line":136,"column":23},"end":{"line":136,"column":37}},"42":{"start":{"line":137,"column":65},"end":{"line":137,"column":77}},"43":{"start":{"line":140,"column":33},"end":{"line":140,"column":35}},"44":{"start":{"line":142,"column":8},"end":{"line":160,"column":9}},"45":{"start":{"line":143,"column":30},"end":{"line":143,"column":67}},"46":{"start":{"line":144,"column":28},"end":{"line":144,"column":66}},"47":{"start":{"line":146,"column":12},"end":{"line":149,"column":13}},"48":{"start":{"line":147,"column":16},"end":{"line":147,"column":103}},"49":{"start":{"line":148,"column":16},"end":{"line":148,"column":25}},"50":{"start":{"line":151,"column":12},"end":{"line":154,"column":13}},"51":{"start":{"line":152,"column":16},"end":{"line":152,"column":81}},"52":{"start":{"line":153,"column":16},"end":{"line":153,"column":25}},"53":{"start":{"line":156,"column":12},"end":{"line":159,"column":13}},"54":{"start":{"line":157,"column":16},"end":{"line":157,"column":135}},"55":{"start":{"line":158,"column":16},"end":{"line":158,"column":25}},"56":{"start":{"line":162,"column":8},"end":{"line":169,"column":9}},"57":{"start":{"line":163,"column":12},"end":{"line":168,"column":15}},"58":{"start":{"line":172,"column":22},"end":{"line":179,"column":11}},"59":{"start":{"line":172,"column":44},"end":{"line":179,"column":9}},"60":{"start":{"line":182,"column":41},"end":{"line":182,"column":72}},"61":{"start":{"line":184,"column":8},"end":{"line":191,"column":9}},"62":{"start":{"line":185,"column":12},"end":{"line":190,"column":15}},"63":{"start":{"line":194,"column":29},"end":{"line":204,"column":9}},"64":{"start":{"line":206,"column":31},"end":{"line":206,"column":68}},"65":{"start":{"line":209,"column":8},"end":{"line":209,"column":54}},"66":{"start":{"line":210,"column":8},"end":{"line":210,"column":74}},"67":{"start":{"line":212,"column":8},"end":{"line":212,"column":85}},"68":{"start":{"line":214,"column":8},"end":{"line":231,"column":9}},"69":{"start":{"line":215,"column":23},"end":{"line":215,"column":30}},"70":{"start":{"line":216,"column":30},"end":{"line":216,"column":157}},"71":{"start":{"line":217,"column":12},"end":{"line":222,"column":14}},"72":{"start":{"line":224,"column":12},"end":{"line":224,"column":83}},"73":{"start":{"line":226,"column":12},"end":{"line":226,"column":63}},"74":{"start":{"line":228,"column":12},"end":{"line":228,"column":62}},"75":{"start":{"line":230,"column":12},"end":{"line":230,"column":79}},"76":{"start":{"line":233,"column":8},"end":{"line":238,"column":11}},"77":{"start":{"line":241,"column":8},"end":{"line":245,"column":11}},"78":{"start":{"line":249,"column":33},"end":{"line":253,"column":1}},"79":{"start":{"line":250,"column":26},"end":{"line":250,"column":72}},"80":{"start":{"line":251,"column":24},"end":{"line":251,"column":61}},"81":{"start":{"line":252,"column":4},"end":{"line":252,"column":23}},"82":{"start":{"line":257,"column":4},"end":{"line":340,"column":5}},"83":{"start":{"line":258,"column":23},"end":{"line":258,"column":37}},"84":{"start":{"line":259,"column":65},"end":{"line":259,"column":77}},"85":{"start":{"line":262,"column":33},"end":{"line":262,"column":35}},"86":{"start":{"line":264,"column":8},"end":{"line":282,"column":9}},"87":{"start":{"line":265,"column":30},"end":{"line":265,"column":67}},"88":{"start":{"line":266,"column":28},"end":{"line":266,"column":66}},"89":{"start":{"line":268,"column":12},"end":{"line":271,"column":13}},"90":{"start":{"line":269,"column":16},"end":{"line":269,"column":103}},"91":{"start":{"line":270,"column":16},"end":{"line":270,"column":25}},"92":{"start":{"line":273,"column":12},"end":{"line":276,"column":13}},"93":{"start":{"line":274,"column":16},"end":{"line":274,"column":81}},"94":{"start":{"line":275,"column":16},"end":{"line":275,"column":25}},"95":{"start":{"line":278,"column":12},"end":{"line":281,"column":13}},"96":{"start":{"line":279,"column":16},"end":{"line":279,"column":103}},"97":{"start":{"line":280,"column":16},"end":{"line":280,"column":25}},"98":{"start":{"line":284,"column":8},"end":{"line":291,"column":9}},"99":{"start":{"line":285,"column":12},"end":{"line":290,"column":15}},"100":{"start":{"line":293,"column":21},"end":{"line":293,"column":53}},"101":{"start":{"line":295,"column":27},"end":{"line":314,"column":10}},"102":{"start":{"line":296,"column":12},"end":{"line":313,"column":13}},"103":{"start":{"line":316,"column":23},"end":{"line":328,"column":9}},"104":{"start":{"line":330,"column":24},"end":{"line":330,"column":69}},"105":{"start":{"line":332,"column":8},"end":{"line":332,"column":50}},"106":{"start":{"line":335,"column":8},"end":{"line":339,"column":11}},"107":{"start":{"line":344,"column":29},"end":{"line":381,"column":1}},"108":{"start":{"line":351,"column":24},"end":{"line":351,"column":26}},"109":{"start":{"line":353,"column":4},"end":{"line":378,"column":5}},"110":{"start":{"line":354,"column":8},"end":{"line":377,"column":9}},"111":{"start":{"line":355,"column":28},"end":{"line":355,"column":78}},"112":{"start":{"line":357,"column":28},"end":{"line":374,"column":13}},"113":{"start":{"line":376,"column":12},"end":{"line":376,"column":38}},"114":{"start":{"line":380,"column":4},"end":{"line":380,"column":23}},"115":{"start":{"line":384,"column":18},"end":{"line":384,"column":30}},"116":{"start":{"line":386,"column":4},"end":{"line":386,"column":32}},"117":{"start":{"line":388,"column":4},"end":{"line":428,"column":5}},"118":{"start":{"line":390,"column":28},"end":{"line":390,"column":45}},"119":{"start":{"line":391,"column":30},"end":{"line":391,"column":86}},"120":{"start":{"line":392,"column":27},"end":{"line":392,"column":50}},"121":{"start":{"line":394,"column":34},"end":{"line":400,"column":14}},"122":{"start":{"line":403,"column":12},"end":{"line":413,"column":13}},"123":{"start":{"line":404,"column":49},"end":{"line":404,"column":93}},"124":{"start":{"line":406,"column":16},"end":{"line":408,"column":17}},"125":{"start":{"line":407,"column":20},"end":{"line":407,"column":71}},"126":{"start":{"line":410,"column":16},"end":{"line":412,"column":17}},"127":{"start":{"line":411,"column":20},"end":{"line":411,"column":66}},"128":{"start":{"line":415,"column":26},"end":{"line":415,"column":68}},"129":{"start":{"line":417,"column":12},"end":{"line":417,"column":71}},"130":{"start":{"line":419,"column":12},"end":{"line":424,"column":13}},"131":{"start":{"line":420,"column":16},"end":{"line":422,"column":19}},"132":{"start":{"line":423,"column":16},"end":{"line":423,"column":70}},"133":{"start":{"line":425,"column":12},"end":{"line":425,"column":18}},"134":{"start":{"line":427,"column":12},"end":{"line":427,"column":62}},"135":{"start":{"line":430,"column":4},"end":{"line":430,"column":36}},"136":{"start":{"line":434,"column":4},"end":{"line":453,"column":5}},"137":{"start":{"line":435,"column":23},"end":{"line":435,"column":37}},"138":{"start":{"line":437,"column":26},"end":{"line":439,"column":41}},"139":{"start":{"line":441,"column":8},"end":{"line":446,"column":11}},"140":{"start":{"line":448,"column":8},"end":{"line":452,"column":11}},"141":{"start":{"line":457,"column":4},"end":{"line":485,"column":5}},"142":{"start":{"line":458,"column":26},"end":{"line":471,"column":14}},"143":{"start":{"line":473,"column":8},"end":{"line":478,"column":11}},"144":{"start":{"line":480,"column":8},"end":{"line":484,"column":11}},"145":{"start":{"line":489,"column":4},"end":{"line":612,"column":5}},"146":{"start":{"line":490,"column":28},"end":{"line":490,"column":38}},"147":{"start":{"line":491,"column":33},"end":{"line":491,"column":41}},"148":{"start":{"line":493,"column":22},"end":{"line":493,"column":84}},"149":{"start":{"line":494,"column":8},"end":{"line":500,"column":9}},"150":{"start":{"line":495,"column":12},"end":{"line":499,"column":15}},"151":{"start":{"line":502,"column":23},"end":{"line":502,"column":89}},"152":{"start":{"line":504,"column":22},"end":{"line":504,"column":83}},"153":{"start":{"line":506,"column":8},"end":{"line":512,"column":9}},"154":{"start":{"line":507,"column":12},"end":{"line":511,"column":15}},"155":{"start":{"line":514,"column":8},"end":{"line":521,"column":9}},"156":{"start":{"line":515,"column":12},"end":{"line":520,"column":15}},"157":{"start":{"line":523,"column":28},"end":{"line":529,"column":9}},"158":{"start":{"line":531,"column":24},"end":{"line":531,"column":61}},"159":{"start":{"line":532,"column":8},"end":{"line":538,"column":9}},"160":{"start":{"line":533,"column":12},"end":{"line":537,"column":15}},"161":{"start":{"line":541,"column":8},"end":{"line":576,"column":9}},"162":{"start":{"line":542,"column":12},"end":{"line":542,"column":84}},"163":{"start":{"line":544,"column":45},"end":{"line":544,"column":83}},"164":{"start":{"line":546,"column":12},"end":{"line":548,"column":13}},"165":{"start":{"line":547,"column":16},"end":{"line":547,"column":69}},"166":{"start":{"line":550,"column":12},"end":{"line":550,"column":46}},"167":{"start":{"line":551,"column":12},"end":{"line":551,"column":31}},"168":{"start":{"line":553,"column":12},"end":{"line":566,"column":13}},"169":{"start":{"line":554,"column":27},"end":{"line":554,"column":34}},"170":{"start":{"line":555,"column":34},"end":{"line":555,"column":103}},"171":{"start":{"line":556,"column":16},"end":{"line":560,"column":18}},"172":{"start":{"line":561,"column":16},"end":{"line":561,"column":85}},"173":{"start":{"line":562,"column":16},"end":{"line":562,"column":74}},"174":{"start":{"line":563,"column":16},"end":{"line":563,"column":73}},"175":{"start":{"line":565,"column":16},"end":{"line":565,"column":83}},"176":{"start":{"line":568,"column":12},"end":{"line":575,"column":15}},"177":{"start":{"line":578,"column":8},"end":{"line":578,"column":42}},"178":{"start":{"line":579,"column":8},"end":{"line":579,"column":27}},"179":{"start":{"line":581,"column":8},"end":{"line":598,"column":9}},"180":{"start":{"line":582,"column":23},"end":{"line":582,"column":30}},"181":{"start":{"line":583,"column":30},"end":{"line":583,"column":99}},"182":{"start":{"line":584,"column":12},"end":{"line":589,"column":14}},"183":{"start":{"line":591,"column":12},"end":{"line":591,"column":81}},"184":{"start":{"line":593,"column":12},"end":{"line":593,"column":70}},"185":{"start":{"line":595,"column":12},"end":{"line":595,"column":69}},"186":{"start":{"line":597,"column":12},"end":{"line":597,"column":79}},"187":{"start":{"line":600,"column":8},"end":{"line":605,"column":11}},"188":{"start":{"line":607,"column":8},"end":{"line":611,"column":11}},"189":{"start":{"line":616,"column":4},"end":{"line":666,"column":5}},"190":{"start":{"line":617,"column":28},"end":{"line":617,"column":38}},"191":{"start":{"line":618,"column":23},"end":{"line":618,"column":33}},"192":{"start":{"line":620,"column":23},"end":{"line":622,"column":25}},"193":{"start":{"line":623,"column":8},"end":{"line":623,"column":31}},"194":{"start":{"line":625,"column":22},"end":{"line":625,"column":54}},"195":{"start":{"line":627,"column":8},"end":{"line":633,"column":9}},"196":{"start":{"line":628,"column":12},"end":{"line":632,"column":15}},"197":{"start":{"line":635,"column":8},"end":{"line":641,"column":9}},"198":{"start":{"line":636,"column":12},"end":{"line":640,"column":15}},"199":{"start":{"line":644,"column":41},"end":{"line":644,"column":79}},"200":{"start":{"line":646,"column":8},"end":{"line":648,"column":9}},"201":{"start":{"line":647,"column":12},"end":{"line":647,"column":65}},"202":{"start":{"line":650,"column":8},"end":{"line":650,"column":41}},"203":{"start":{"line":651,"column":8},"end":{"line":651,"column":27}},"204":{"start":{"line":653,"column":8},"end":{"line":659,"column":11}},"205":{"start":{"line":661,"column":8},"end":{"line":665,"column":11}}},"fnMap":{"0":{"name":"deductProductStock","decl":{"start":{"line":14,"column":15},"end":{"line":14,"column":33}},"loc":{"start":{"line":14,"column":41},"end":{"line":78,"column":1}},"line":14},"1":{"name":"restoreProductStock","decl":{"start":{"line":81,"column":15},"end":{"line":81,"column":34}},"loc":{"start":{"line":81,"column":42},"end":{"line":127,"column":1}},"line":81},"2":{"name":"CashOnDeliveryOrderController","decl":{"start":{"line":134,"column":22},"end":{"line":134,"column":51}},"loc":{"start":{"line":134,"column":71},"end":{"line":247,"column":1}},"line":134},"3":{"name":"(anonymous_3)","decl":{"start":{"line":172,"column":37},"end":{"line":172,"column":38}},"loc":{"start":{"line":172,"column":44},"end":{"line":179,"column":9}},"line":172},"4":{"name":"(anonymous_4)","decl":{"start":{"line":249,"column":33},"end":{"line":249,"column":34}},"loc":{"start":{"line":249,"column":53},"end":{"line":253,"column":1}},"line":249},"5":{"name":"paymentController","decl":{"start":{"line":256,"column":22},"end":{"line":256,"column":39}},"loc":{"start":{"line":256,"column":59},"end":{"line":341,"column":1}},"line":256},"6":{"name":"(anonymous_6)","decl":{"start":{"line":295,"column":42},"end":{"line":295,"column":43}},"loc":{"start":{"line":295,"column":50},"end":{"line":314,"column":9}},"line":295},"7":{"name":"(anonymous_7)","decl":{"start":{"line":344,"column":29},"end":{"line":344,"column":30}},"loc":{"start":{"line":350,"column":6},"end":{"line":381,"column":1}},"line":350},"8":{"name":"webhookStripe","decl":{"start":{"line":383,"column":22},"end":{"line":383,"column":35}},"loc":{"start":{"line":383,"column":55},"end":{"line":431,"column":1}},"line":383},"9":{"name":"getOrderDetailsController","decl":{"start":{"line":433,"column":22},"end":{"line":433,"column":47}},"loc":{"start":{"line":433,"column":67},"end":{"line":454,"column":1}},"line":433},"10":{"name":"getAllOrdersAdminController","decl":{"start":{"line":456,"column":22},"end":{"line":456,"column":49}},"loc":{"start":{"line":456,"column":60},"end":{"line":486,"column":1}},"line":456},"11":{"name":"updateOrderStatusController","decl":{"start":{"line":488,"column":22},"end":{"line":488,"column":49}},"loc":{"start":{"line":488,"column":60},"end":{"line":613,"column":1}},"line":488},"12":{"name":"cancelOrderController","decl":{"start":{"line":615,"column":22},"end":{"line":615,"column":43}},"loc":{"start":{"line":615,"column":54},"end":{"line":667,"column":1}},"line":615}},"branchMap":{"0":{"loc":{"start":{"line":21,"column":30},"end":{"line":21,"column":67}},"type":"binary-expr","locations":[{"start":{"line":21,"column":30},"end":{"line":21,"column":49}},{"start":{"line":21,"column":53},"end":{"line":21,"column":67}}],"line":21},"1":{"loc":{"start":{"line":25,"column":12},"end":{"line":32,"column":13}},"type":"if","locations":[{"start":{"line":25,"column":12},"end":{"line":32,"column":13}},{"start":{},"end":{}}],"line":25},"2":{"loc":{"start":{"line":28,"column":33},"end":{"line":28,"column":55}},"type":"binary-expr","locations":[{"start":{"line":28,"column":33},"end":{"line":28,"column":42}},{"start":{"line":28,"column":46},"end":{"line":28,"column":55}}],"line":28},"3":{"loc":{"start":{"line":34,"column":12},"end":{"line":41,"column":13}},"type":"if","locations":[{"start":{"line":34,"column":12},"end":{"line":41,"column":13}},{"start":{},"end":{}}],"line":34},"4":{"loc":{"start":{"line":43,"column":12},"end":{"line":50,"column":13}},"type":"if","locations":[{"start":{"line":43,"column":12},"end":{"line":50,"column":13}},{"start":{},"end":{}}],"line":43},"5":{"loc":{"start":{"line":88,"column":30},"end":{"line":88,"column":67}},"type":"binary-expr","locations":[{"start":{"line":88,"column":30},"end":{"line":88,"column":49}},{"start":{"line":88,"column":53},"end":{"line":88,"column":67}}],"line":88},"6":{"loc":{"start":{"line":92,"column":12},"end":{"line":99,"column":13}},"type":"if","locations":[{"start":{"line":92,"column":12},"end":{"line":99,"column":13}},{"start":{},"end":{}}],"line":92},"7":{"loc":{"start":{"line":95,"column":33},"end":{"line":95,"column":55}},"type":"binary-expr","locations":[{"start":{"line":95,"column":33},"end":{"line":95,"column":42}},{"start":{"line":95,"column":46},"end":{"line":95,"column":55}}],"line":95},"8":{"loc":{"start":{"line":143,"column":30},"end":{"line":143,"column":67}},"type":"binary-expr","locations":[{"start":{"line":143,"column":30},"end":{"line":143,"column":49}},{"start":{"line":143,"column":53},"end":{"line":143,"column":67}}],"line":143},"9":{"loc":{"start":{"line":146,"column":12},"end":{"line":149,"column":13}},"type":"if","locations":[{"start":{"line":146,"column":12},"end":{"line":149,"column":13}},{"start":{},"end":{}}],"line":146},"10":{"loc":{"start":{"line":147,"column":51},"end":{"line":147,"column":84}},"type":"binary-expr","locations":[{"start":{"line":147,"column":51},"end":{"line":147,"column":71}},{"start":{"line":147,"column":75},"end":{"line":147,"column":84}}],"line":147},"11":{"loc":{"start":{"line":151,"column":12},"end":{"line":154,"column":13}},"type":"if","locations":[{"start":{"line":151,"column":12},"end":{"line":154,"column":13}},{"start":{},"end":{}}],"line":151},"12":{"loc":{"start":{"line":156,"column":12},"end":{"line":159,"column":13}},"type":"if","locations":[{"start":{"line":156,"column":12},"end":{"line":159,"column":13}},{"start":{},"end":{}}],"line":156},"13":{"loc":{"start":{"line":162,"column":8},"end":{"line":169,"column":9}},"type":"if","locations":[{"start":{"line":162,"column":8},"end":{"line":169,"column":9}},{"start":{},"end":{}}],"line":162},"14":{"loc":{"start":{"line":173,"column":23},"end":{"line":173,"column":55}},"type":"binary-expr","locations":[{"start":{"line":173,"column":23},"end":{"line":173,"column":39}},{"start":{"line":173,"column":43},"end":{"line":173,"column":55}}],"line":173},"15":{"loc":{"start":{"line":184,"column":8},"end":{"line":191,"column":9}},"type":"if","locations":[{"start":{"line":184,"column":8},"end":{"line":191,"column":9}},{"start":{},"end":{}}],"line":184},"16":{"loc":{"start":{"line":242,"column":21},"end":{"line":242,"column":43}},"type":"binary-expr","locations":[{"start":{"line":242,"column":21},"end":{"line":242,"column":34}},{"start":{"line":242,"column":38},"end":{"line":242,"column":43}}],"line":242},"17":{"loc":{"start":{"line":249,"column":41},"end":{"line":249,"column":48}},"type":"default-arg","locations":[{"start":{"line":249,"column":47},"end":{"line":249,"column":48}}],"line":249},"18":{"loc":{"start":{"line":265,"column":30},"end":{"line":265,"column":67}},"type":"binary-expr","locations":[{"start":{"line":265,"column":30},"end":{"line":265,"column":49}},{"start":{"line":265,"column":53},"end":{"line":265,"column":67}}],"line":265},"19":{"loc":{"start":{"line":268,"column":12},"end":{"line":271,"column":13}},"type":"if","locations":[{"start":{"line":268,"column":12},"end":{"line":271,"column":13}},{"start":{},"end":{}}],"line":268},"20":{"loc":{"start":{"line":269,"column":51},"end":{"line":269,"column":84}},"type":"binary-expr","locations":[{"start":{"line":269,"column":51},"end":{"line":269,"column":71}},{"start":{"line":269,"column":75},"end":{"line":269,"column":84}}],"line":269},"21":{"loc":{"start":{"line":273,"column":12},"end":{"line":276,"column":13}},"type":"if","locations":[{"start":{"line":273,"column":12},"end":{"line":276,"column":13}},{"start":{},"end":{}}],"line":273},"22":{"loc":{"start":{"line":278,"column":12},"end":{"line":281,"column":13}},"type":"if","locations":[{"start":{"line":278,"column":12},"end":{"line":281,"column":13}},{"start":{},"end":{}}],"line":278},"23":{"loc":{"start":{"line":284,"column":8},"end":{"line":291,"column":9}},"type":"if","locations":[{"start":{"line":284,"column":8},"end":{"line":291,"column":9}},{"start":{},"end":{}}],"line":284},"24":{"loc":{"start":{"line":303,"column":39},"end":{"line":303,"column":75}},"type":"binary-expr","locations":[{"start":{"line":303,"column":39},"end":{"line":303,"column":57}},{"start":{"line":303,"column":61},"end":{"line":303,"column":75}}],"line":303},"25":{"loc":{"start":{"line":336,"column":21},"end":{"line":336,"column":43}},"type":"binary-expr","locations":[{"start":{"line":336,"column":21},"end":{"line":336,"column":34}},{"start":{"line":336,"column":38},"end":{"line":336,"column":43}}],"line":336},"26":{"loc":{"start":{"line":353,"column":4},"end":{"line":378,"column":5}},"type":"if","locations":[{"start":{"line":353,"column":4},"end":{"line":378,"column":5}},{"start":{},"end":{}}],"line":353},"27":{"loc":{"start":{"line":388,"column":4},"end":{"line":428,"column":5}},"type":"switch","locations":[{"start":{"line":389,"column":8},"end":{"line":425,"column":18}},{"start":{"line":426,"column":8},"end":{"line":427,"column":62}}],"line":388},"28":{"loc":{"start":{"line":406,"column":16},"end":{"line":408,"column":17}},"type":"if","locations":[{"start":{"line":406,"column":16},"end":{"line":408,"column":17}},{"start":{},"end":{}}],"line":406},"29":{"loc":{"start":{"line":410,"column":16},"end":{"line":412,"column":17}},"type":"if","locations":[{"start":{"line":410,"column":16},"end":{"line":412,"column":17}},{"start":{},"end":{}}],"line":410},"30":{"loc":{"start":{"line":419,"column":12},"end":{"line":424,"column":13}},"type":"if","locations":[{"start":{"line":419,"column":12},"end":{"line":424,"column":13}},{"start":{},"end":{}}],"line":419},"31":{"loc":{"start":{"line":449,"column":21},"end":{"line":449,"column":43}},"type":"binary-expr","locations":[{"start":{"line":449,"column":21},"end":{"line":449,"column":34}},{"start":{"line":449,"column":38},"end":{"line":449,"column":43}}],"line":449},"32":{"loc":{"start":{"line":481,"column":21},"end":{"line":481,"column":43}},"type":"binary-expr","locations":[{"start":{"line":481,"column":21},"end":{"line":481,"column":34}},{"start":{"line":481,"column":38},"end":{"line":481,"column":43}}],"line":481},"33":{"loc":{"start":{"line":494,"column":8},"end":{"line":500,"column":9}},"type":"if","locations":[{"start":{"line":494,"column":8},"end":{"line":500,"column":9}},{"start":{},"end":{}}],"line":494},"34":{"loc":{"start":{"line":502,"column":23},"end":{"line":502,"column":89}},"type":"cond-expr","locations":[{"start":{"line":502,"column":59},"end":{"line":502,"column":75}},{"start":{"line":502,"column":78},"end":{"line":502,"column":89}}],"line":502},"35":{"loc":{"start":{"line":506,"column":8},"end":{"line":512,"column":9}},"type":"if","locations":[{"start":{"line":506,"column":8},"end":{"line":512,"column":9}},{"start":{},"end":{}}],"line":506},"36":{"loc":{"start":{"line":514,"column":8},"end":{"line":521,"column":9}},"type":"if","locations":[{"start":{"line":514,"column":8},"end":{"line":521,"column":9}},{"start":{},"end":{}}],"line":514},"37":{"loc":{"start":{"line":531,"column":24},"end":{"line":531,"column":61}},"type":"binary-expr","locations":[{"start":{"line":531,"column":24},"end":{"line":531,"column":55}},{"start":{"line":531,"column":59},"end":{"line":531,"column":61}}],"line":531},"38":{"loc":{"start":{"line":532,"column":8},"end":{"line":538,"column":9}},"type":"if","locations":[{"start":{"line":532,"column":8},"end":{"line":538,"column":9}},{"start":{},"end":{}}],"line":532},"39":{"loc":{"start":{"line":541,"column":8},"end":{"line":576,"column":9}},"type":"if","locations":[{"start":{"line":541,"column":8},"end":{"line":576,"column":9}},{"start":{},"end":{}}],"line":541},"40":{"loc":{"start":{"line":541,"column":12},"end":{"line":541,"column":78}},"type":"binary-expr","locations":[{"start":{"line":541,"column":12},"end":{"line":541,"column":40}},{"start":{"line":541,"column":44},"end":{"line":541,"column":78}}],"line":541},"41":{"loc":{"start":{"line":546,"column":12},"end":{"line":548,"column":13}},"type":"if","locations":[{"start":{"line":546,"column":12},"end":{"line":548,"column":13}},{"start":{},"end":{}}],"line":546},"42":{"loc":{"start":{"line":572,"column":29},"end":{"line":572,"column":67}},"type":"cond-expr","locations":[{"start":{"line":572,"column":49},"end":{"line":572,"column":55}},{"start":{"line":572,"column":58},"end":{"line":572,"column":67}}],"line":572},"43":{"loc":{"start":{"line":608,"column":21},"end":{"line":608,"column":43}},"type":"binary-expr","locations":[{"start":{"line":608,"column":21},"end":{"line":608,"column":34}},{"start":{"line":608,"column":38},"end":{"line":608,"column":43}}],"line":608},"44":{"loc":{"start":{"line":620,"column":23},"end":{"line":622,"column":25}},"type":"cond-expr","locations":[{"start":{"line":621,"column":14},"end":{"line":621,"column":30}},{"start":{"line":622,"column":14},"end":{"line":622,"column":25}}],"line":620},"45":{"loc":{"start":{"line":627,"column":8},"end":{"line":633,"column":9}},"type":"if","locations":[{"start":{"line":627,"column":8},"end":{"line":633,"column":9}},{"start":{},"end":{}}],"line":627},"46":{"loc":{"start":{"line":635,"column":8},"end":{"line":641,"column":9}},"type":"if","locations":[{"start":{"line":635,"column":8},"end":{"line":641,"column":9}},{"start":{},"end":{}}],"line":635},"47":{"loc":{"start":{"line":646,"column":8},"end":{"line":648,"column":9}},"type":"if","locations":[{"start":{"line":646,"column":8},"end":{"line":648,"column":9}},{"start":{},"end":{}}],"line":646},"48":{"loc":{"start":{"line":662,"column":21},"end":{"line":662,"column":43}},"type":"binary-expr","locations":[{"start":{"line":662,"column":21},"end":{"line":662,"column":34}},{"start":{"line":662,"column":38},"end":{"line":662,"column":43}}],"line":662}},"s":{"0":0,"1":0,"2":0,"3":0,"4":0,"5":0,"6":0,"7":0,"8":0,"9":0,"10":0,"11":0,"12":0,"13":0,"14":0,"15":0,"16":0,"17":0,"18":0,"19":0,"20":0,"21":0,"22":0,"23":3,"24":3,"25":3,"26":4,"27":4,"28":4,"29":4,"30":0,"31":0,"32":4,"33":4,"34":4,"35":4,"36":4,"37":0,"38":0,"39":3,"40":0,"41":0,"42":0,"43":0,"44":0,"45":0,"46":0,"47":0,"48":0,"49":0,"50":0,"51":0,"52":0,"53":0,"54":0,"55":0,"56":0,"57":0,"58":0,"59":0,"60":0,"61":0,"62":0,"63":0,"64":0,"65":0,"66":0,"67":0,"68":0,"69":0,"70":0,"71":0,"72":0,"73":0,"74":0,"75":0,"76":0,"77":0,"78":1,"79":0,"80":0,"81":0,"82":0,"83":0,"84":0,"85":0,"86":0,"87":0,"88":0,"89":0,"90":0,"91":0,"92":0,"93":0,"94":0,"95":0,"96":0,"97":0,"98":0,"99":0,"100":0,"101":0,"102":0,"103":0,"104":0,"105":0,"106":0,"107":1,"108":0,"109":0,"110":0,"111":0,"112":0,"113":0,"114":0,"115":0,"116":0,"117":0,"118":0,"119":0,"120":0,"121":0,"122":0,"123":0,"124":0,"125":0,"126":0,"127":0,"128":0,"129":0,"130":0,"131":0,"132":0,"133":0,"134":0,"135":0,"136":1,"137":1,"138":1,"139":1,"140":0,"141":2,"142":2,"143":1,"144":1,"145":9,"146":9,"147":9,"148":9,"149":9,"150":1,"151":8,"152":8,"153":8,"154":1,"155":7,"156":1,"157":6,"158":6,"159":6,"160":1,"161":5,"162":1,"163":1,"164":1,"165":0,"166":1,"167":1,"168":1,"169":1,"170":0,"171":0,"172":0,"173":0,"174":0,"175":1,"176":1,"177":4,"178":4,"179":4,"180":4,"181":0,"182":0,"183":0,"184":0,"185":0,"186":4,"187":4,"188":0,"189":5,"190":5,"191":5,"192":5,"193":5,"194":5,"195":4,"196":1,"197":3,"198":1,"199":2,"200":2,"201":0,"202":2,"203":2,"204":2,"205":1},"f":{"0":0,"1":3,"2":0,"3":0,"4":0,"5":0,"6":0,"7":0,"8":0,"9":1,"10":2,"11":9,"12":5},"b":{"0":[0,0],"1":[0,0],"2":[0,0],"3":[0,0],"4":[0,0],"5":[4,4],"6":[0,4],"7":[0,0],"8":[0,0],"9":[0,0],"10":[0,0],"11":[0,0],"12":[0,0],"13":[0,0],"14":[0,0],"15":[0,0],"16":[0,0],"17":[0],"18":[0,0],"19":[0,0],"20":[0,0],"21":[0,0],"22":[0,0],"23":[0,0],"24":[0,0],"25":[0,0],"26":[0,0],"27":[0,0],"28":[0,0],"29":[0,0],"30":[0,0],"31":[0,0],"32":[1,0],"33":[1,8],"34":[0,8],"35":[1,7],"36":[1,6],"37":[6,0],"38":[1,5],"39":[1,4],"40":[5,1],"41":[0,1],"42":[0,1],"43":[0,0],"44":[0,5],"45":[1,3],"46":[1,2],"47":[0,2],"48":[1,0]},"inputSourceMap":null,"_coverageSchema":"1a1c01bbd47fc00a2c39e90264f33305004495a9","hash":"05e8fbe7cdf925b5e23489f94970786c5f536d74"}
,"C:\\Users\\ADMIN\\Desktop\\STUDY\\SoftwareTesting\\Grocery-Store\\admin_server\\controllers\\product.controller.js": {"path":"C:\\Users\\ADMIN\\Desktop\\STUDY\\SoftwareTesting\\Grocery-Store\\admin_server\\controllers\\product.controller.js","statementMap":{"0":{"start":{"line":4,"column":39},"end":{"line":66,"column":1}},"1":{"start":{"line":5,"column":4},"end":{"line":65,"column":5}},"2":{"start":{"line":18,"column":12},"end":{"line":18,"column":24}},"3":{"start":{"line":20,"column":8},"end":{"line":26,"column":9}},"4":{"start":{"line":21,"column":12},"end":{"line":25,"column":14}},"5":{"start":{"line":28,"column":24},"end":{"line":40,"column":10}},"6":{"start":{"line":41,"column":28},"end":{"line":41,"column":48}},"7":{"start":{"line":44,"column":8},"end":{"line":50,"column":9}},"8":{"start":{"line":45,"column":23},"end":{"line":45,"column":30}},"9":{"start":{"line":46,"column":12},"end":{"line":46,"column":160}},"10":{"start":{"line":47,"column":12},"end":{"line":47,"column":103}},"11":{"start":{"line":52,"column":8},"end":{"line":57,"column":10}},"12":{"start":{"line":60,"column":8},"end":{"line":64,"column":10}},"13":{"start":{"line":68,"column":36},"end":{"line":109,"column":1}},"14":{"start":{"line":69,"column":4},"end":{"line":108,"column":5}},"15":{"start":{"line":71,"column":38},"end":{"line":71,"column":50}},"16":{"start":{"line":73,"column":8},"end":{"line":75,"column":9}},"17":{"start":{"line":74,"column":12},"end":{"line":74,"column":20}},"18":{"start":{"line":77,"column":8},"end":{"line":79,"column":9}},"19":{"start":{"line":78,"column":12},"end":{"line":78,"column":22}},"20":{"start":{"line":81,"column":22},"end":{"line":85,"column":14}},"21":{"start":{"line":87,"column":21},"end":{"line":87,"column":39}},"22":{"start":{"line":89,"column":34},"end":{"line":92,"column":10}},"23":{"start":{"line":94,"column":8},"end":{"line":101,"column":10}},"24":{"start":{"line":103,"column":8},"end":{"line":107,"column":10}},"25":{"start":{"line":111,"column":36},"end":{"line":140,"column":1}},"26":{"start":{"line":112,"column":4},"end":{"line":139,"column":5}},"27":{"start":{"line":113,"column":23},"end":{"line":113,"column":35}},"28":{"start":{"line":115,"column":8},"end":{"line":121,"column":9}},"29":{"start":{"line":116,"column":12},"end":{"line":120,"column":14}},"30":{"start":{"line":123,"column":24},"end":{"line":125,"column":20}},"31":{"start":{"line":127,"column":8},"end":{"line":132,"column":10}},"32":{"start":{"line":134,"column":8},"end":{"line":138,"column":10}},"33":{"start":{"line":142,"column":51},"end":{"line":191,"column":1}},"34":{"start":{"line":143,"column":4},"end":{"line":190,"column":5}},"35":{"start":{"line":144,"column":56},"end":{"line":144,"column":68}},"36":{"start":{"line":146,"column":8},"end":{"line":152,"column":9}},"37":{"start":{"line":147,"column":12},"end":{"line":151,"column":14}},"38":{"start":{"line":154,"column":8},"end":{"line":156,"column":9}},"39":{"start":{"line":155,"column":12},"end":{"line":155,"column":20}},"40":{"start":{"line":158,"column":8},"end":{"line":160,"column":9}},"41":{"start":{"line":159,"column":12},"end":{"line":159,"column":22}},"42":{"start":{"line":162,"column":22},"end":{"line":165,"column":9}},"43":{"start":{"line":167,"column":21},"end":{"line":167,"column":39}},"44":{"start":{"line":169,"column":33},"end":{"line":172,"column":10}},"45":{"start":{"line":174,"column":8},"end":{"line":182,"column":10}},"46":{"start":{"line":185,"column":8},"end":{"line":189,"column":10}},"47":{"start":{"line":193,"column":33},"end":{"line":214,"column":1}},"48":{"start":{"line":194,"column":4},"end":{"line":213,"column":5}},"49":{"start":{"line":195,"column":30},"end":{"line":195,"column":42}},"50":{"start":{"line":197,"column":24},"end":{"line":197,"column":71}},"51":{"start":{"line":200,"column":8},"end":{"line":205,"column":10}},"52":{"start":{"line":208,"column":8},"end":{"line":212,"column":10}},"53":{"start":{"line":217,"column":36},"end":{"line":253,"column":1}},"54":{"start":{"line":218,"column":4},"end":{"line":252,"column":5}},"55":{"start":{"line":219,"column":24},"end":{"line":219,"column":36}},"56":{"start":{"line":221,"column":8},"end":{"line":227,"column":9}},"57":{"start":{"line":222,"column":12},"end":{"line":226,"column":14}},"58":{"start":{"line":229,"column":30},"end":{"line":231,"column":10}},"59":{"start":{"line":233,"column":8},"end":{"line":237,"column":22}},"60":{"start":{"line":234,"column":23},"end":{"line":234,"column":30}},"61":{"start":{"line":235,"column":12},"end":{"line":235,"column":89}},"62":{"start":{"line":236,"column":12},"end":{"line":236,"column":90}},"63":{"start":{"line":239,"column":8},"end":{"line":244,"column":10}},"64":{"start":{"line":247,"column":8},"end":{"line":251,"column":10}},"65":{"start":{"line":256,"column":36},"end":{"line":289,"column":1}},"66":{"start":{"line":257,"column":4},"end":{"line":288,"column":5}},"67":{"start":{"line":258,"column":24},"end":{"line":258,"column":36}},"68":{"start":{"line":260,"column":8},"end":{"line":266,"column":9}},"69":{"start":{"line":261,"column":12},"end":{"line":265,"column":14}},"70":{"start":{"line":268,"column":30},"end":{"line":268,"column":72}},"71":{"start":{"line":270,"column":8},"end":{"line":274,"column":22}},"72":{"start":{"line":271,"column":23},"end":{"line":271,"column":30}},"73":{"start":{"line":272,"column":12},"end":{"line":272,"column":66}},"74":{"start":{"line":273,"column":12},"end":{"line":273,"column":67}},"75":{"start":{"line":276,"column":8},"end":{"line":281,"column":10}},"76":{"start":{"line":283,"column":8},"end":{"line":287,"column":10}},"77":{"start":{"line":292,"column":29},"end":{"line":378,"column":1}},"78":{"start":{"line":293,"column":4},"end":{"line":377,"column":5}},"79":{"start":{"line":294,"column":93},"end":{"line":294,"column":105}},"80":{"start":{"line":296,"column":8},"end":{"line":298,"column":9}},"81":{"start":{"line":297,"column":12},"end":{"line":297,"column":20}},"82":{"start":{"line":299,"column":8},"end":{"line":301,"column":9}},"83":{"start":{"line":300,"column":12},"end":{"line":300,"column":21}},"84":{"start":{"line":304,"column":20},"end":{"line":304,"column":22}},"85":{"start":{"line":307,"column":8},"end":{"line":313,"column":9}},"86":{"start":{"line":308,"column":32},"end":{"line":308,"column":55}},"87":{"start":{"line":309,"column":12},"end":{"line":312,"column":13}},"88":{"start":{"line":316,"column":8},"end":{"line":318,"column":9}},"89":{"start":{"line":317,"column":12},"end":{"line":317,"column":48}},"90":{"start":{"line":321,"column":8},"end":{"line":323,"column":9}},"91":{"start":{"line":322,"column":12},"end":{"line":322,"column":54}},"92":{"start":{"line":326,"column":8},"end":{"line":334,"column":9}},"93":{"start":{"line":327,"column":12},"end":{"line":327,"column":28}},"94":{"start":{"line":328,"column":12},"end":{"line":330,"column":13}},"95":{"start":{"line":329,"column":16},"end":{"line":329,"column":51}},"96":{"start":{"line":331,"column":12},"end":{"line":333,"column":13}},"97":{"start":{"line":332,"column":16},"end":{"line":332,"column":51}},"98":{"start":{"line":337,"column":26},"end":{"line":337,"column":28}},"99":{"start":{"line":338,"column":8},"end":{"line":346,"column":9}},"100":{"start":{"line":339,"column":12},"end":{"line":339,"column":38}},"101":{"start":{"line":340,"column":15},"end":{"line":346,"column":9}},"102":{"start":{"line":341,"column":12},"end":{"line":341,"column":39}},"103":{"start":{"line":342,"column":15},"end":{"line":346,"column":9}},"104":{"start":{"line":343,"column":12},"end":{"line":343,"column":37}},"105":{"start":{"line":345,"column":12},"end":{"line":345,"column":43}},"106":{"start":{"line":348,"column":21},"end":{"line":348,"column":39}},"107":{"start":{"line":351,"column":34},"end":{"line":358,"column":10}},"108":{"start":{"line":360,"column":8},"end":{"line":369,"column":10}},"109":{"start":{"line":372,"column":8},"end":{"line":376,"column":10}}},"fnMap":{"0":{"name":"(anonymous_0)","decl":{"start":{"line":4,"column":39},"end":{"line":4,"column":40}},"loc":{"start":{"line":4,"column":64},"end":{"line":66,"column":1}},"line":4},"1":{"name":"(anonymous_1)","decl":{"start":{"line":68,"column":36},"end":{"line":68,"column":37}},"loc":{"start":{"line":68,"column":61},"end":{"line":109,"column":1}},"line":68},"2":{"name":"(anonymous_2)","decl":{"start":{"line":111,"column":36},"end":{"line":111,"column":37}},"loc":{"start":{"line":111,"column":61},"end":{"line":140,"column":1}},"line":111},"3":{"name":"(anonymous_3)","decl":{"start":{"line":142,"column":51},"end":{"line":142,"column":52}},"loc":{"start":{"line":142,"column":76},"end":{"line":191,"column":1}},"line":142},"4":{"name":"(anonymous_4)","decl":{"start":{"line":193,"column":33},"end":{"line":193,"column":34}},"loc":{"start":{"line":193,"column":58},"end":{"line":214,"column":1}},"line":193},"5":{"name":"(anonymous_5)","decl":{"start":{"line":217,"column":36},"end":{"line":217,"column":37}},"loc":{"start":{"line":217,"column":61},"end":{"line":253,"column":1}},"line":217},"6":{"name":"(anonymous_6)","decl":{"start":{"line":256,"column":36},"end":{"line":256,"column":37}},"loc":{"start":{"line":256,"column":61},"end":{"line":289,"column":1}},"line":256},"7":{"name":"(anonymous_7)","decl":{"start":{"line":292,"column":29},"end":{"line":292,"column":30}},"loc":{"start":{"line":292,"column":54},"end":{"line":378,"column":1}},"line":292}},"branchMap":{"0":{"loc":{"start":{"line":20,"column":8},"end":{"line":26,"column":9}},"type":"if","locations":[{"start":{"line":20,"column":8},"end":{"line":26,"column":9}},{"start":{},"end":{}}],"line":20},"1":{"loc":{"start":{"line":20,"column":11},"end":{"line":20,"column":99}},"type":"binary-expr","locations":[{"start":{"line":20,"column":11},"end":{"line":20,"column":16}},{"start":{"line":20,"column":20},"end":{"line":20,"column":29}},{"start":{"line":20,"column":33},"end":{"line":20,"column":45}},{"start":{"line":20,"column":49},"end":{"line":20,"column":64}},{"start":{"line":20,"column":68},"end":{"line":20,"column":73}},{"start":{"line":20,"column":77},"end":{"line":20,"column":83}},{"start":{"line":20,"column":87},"end":{"line":20,"column":99}}],"line":20},"2":{"loc":{"start":{"line":61,"column":22},"end":{"line":61,"column":44}},"type":"binary-expr","locations":[{"start":{"line":61,"column":22},"end":{"line":61,"column":35}},{"start":{"line":61,"column":39},"end":{"line":61,"column":44}}],"line":61},"3":{"loc":{"start":{"line":73,"column":8},"end":{"line":75,"column":9}},"type":"if","locations":[{"start":{"line":73,"column":8},"end":{"line":75,"column":9}},{"start":{},"end":{}}],"line":73},"4":{"loc":{"start":{"line":77,"column":8},"end":{"line":79,"column":9}},"type":"if","locations":[{"start":{"line":77,"column":8},"end":{"line":79,"column":9}},{"start":{},"end":{}}],"line":77},"5":{"loc":{"start":{"line":81,"column":22},"end":{"line":85,"column":14}},"type":"cond-expr","locations":[{"start":{"line":81,"column":31},"end":{"line":85,"column":9}},{"start":{"line":85,"column":12},"end":{"line":85,"column":14}}],"line":81},"6":{"loc":{"start":{"line":104,"column":22},"end":{"line":104,"column":44}},"type":"binary-expr","locations":[{"start":{"line":104,"column":22},"end":{"line":104,"column":35}},{"start":{"line":104,"column":39},"end":{"line":104,"column":44}}],"line":104},"7":{"loc":{"start":{"line":115,"column":8},"end":{"line":121,"column":9}},"type":"if","locations":[{"start":{"line":115,"column":8},"end":{"line":121,"column":9}},{"start":{},"end":{}}],"line":115},"8":{"loc":{"start":{"line":135,"column":22},"end":{"line":135,"column":44}},"type":"binary-expr","locations":[{"start":{"line":135,"column":22},"end":{"line":135,"column":35}},{"start":{"line":135,"column":39},"end":{"line":135,"column":44}}],"line":135},"9":{"loc":{"start":{"line":146,"column":8},"end":{"line":152,"column":9}},"type":"if","locations":[{"start":{"line":146,"column":8},"end":{"line":152,"column":9}},{"start":{},"end":{}}],"line":146},"10":{"loc":{"start":{"line":146,"column":11},"end":{"line":146,"column":40}},"type":"binary-expr","locations":[{"start":{"line":146,"column":11},"end":{"line":146,"column":22}},{"start":{"line":146,"column":26},"end":{"line":146,"column":40}}],"line":146},"11":{"loc":{"start":{"line":154,"column":8},"end":{"line":156,"column":9}},"type":"if","locations":[{"start":{"line":154,"column":8},"end":{"line":156,"column":9}},{"start":{},"end":{}}],"line":154},"12":{"loc":{"start":{"line":158,"column":8},"end":{"line":160,"column":9}},"type":"if","locations":[{"start":{"line":158,"column":8},"end":{"line":160,"column":9}},{"start":{},"end":{}}],"line":158},"13":{"loc":{"start":{"line":186,"column":22},"end":{"line":186,"column":44}},"type":"binary-expr","locations":[{"start":{"line":186,"column":22},"end":{"line":186,"column":35}},{"start":{"line":186,"column":39},"end":{"line":186,"column":44}}],"line":186},"14":{"loc":{"start":{"line":209,"column":22},"end":{"line":209,"column":44}},"type":"binary-expr","locations":[{"start":{"line":209,"column":22},"end":{"line":209,"column":35}},{"start":{"line":209,"column":39},"end":{"line":209,"column":44}}],"line":209},"15":{"loc":{"start":{"line":221,"column":8},"end":{"line":227,"column":9}},"type":"if","locations":[{"start":{"line":221,"column":8},"end":{"line":227,"column":9}},{"start":{},"end":{}}],"line":221},"16":{"loc":{"start":{"line":248,"column":22},"end":{"line":248,"column":44}},"type":"binary-expr","locations":[{"start":{"line":248,"column":22},"end":{"line":248,"column":35}},{"start":{"line":248,"column":39},"end":{"line":248,"column":44}}],"line":248},"17":{"loc":{"start":{"line":260,"column":8},"end":{"line":266,"column":9}},"type":"if","locations":[{"start":{"line":260,"column":8},"end":{"line":266,"column":9}},{"start":{},"end":{}}],"line":260},"18":{"loc":{"start":{"line":284,"column":22},"end":{"line":284,"column":44}},"type":"binary-expr","locations":[{"start":{"line":284,"column":22},"end":{"line":284,"column":35}},{"start":{"line":284,"column":39},"end":{"line":284,"column":44}}],"line":284},"19":{"loc":{"start":{"line":296,"column":8},"end":{"line":298,"column":9}},"type":"if","locations":[{"start":{"line":296,"column":8},"end":{"line":298,"column":9}},{"start":{},"end":{}}],"line":296},"20":{"loc":{"start":{"line":299,"column":8},"end":{"line":301,"column":9}},"type":"if","locations":[{"start":{"line":299,"column":8},"end":{"line":301,"column":9}},{"start":{},"end":{}}],"line":299},"21":{"loc":{"start":{"line":307,"column":8},"end":{"line":313,"column":9}},"type":"if","locations":[{"start":{"line":307,"column":8},"end":{"line":313,"column":9}},{"start":{},"end":{}}],"line":307},"22":{"loc":{"start":{"line":316,"column":8},"end":{"line":318,"column":9}},"type":"if","locations":[{"start":{"line":316,"column":8},"end":{"line":318,"column":9}},{"start":{},"end":{}}],"line":316},"23":{"loc":{"start":{"line":316,"column":11},"end":{"line":316,"column":46}},"type":"binary-expr","locations":[{"start":{"line":316,"column":11},"end":{"line":316,"column":21}},{"start":{"line":316,"column":25},"end":{"line":316,"column":46}}],"line":316},"24":{"loc":{"start":{"line":321,"column":8},"end":{"line":323,"column":9}},"type":"if","locations":[{"start":{"line":321,"column":8},"end":{"line":323,"column":9}},{"start":{},"end":{}}],"line":321},"25":{"loc":{"start":{"line":321,"column":11},"end":{"line":321,"column":52}},"type":"binary-expr","locations":[{"start":{"line":321,"column":11},"end":{"line":321,"column":24}},{"start":{"line":321,"column":28},"end":{"line":321,"column":52}}],"line":321},"26":{"loc":{"start":{"line":326,"column":8},"end":{"line":334,"column":9}},"type":"if","locations":[{"start":{"line":326,"column":8},"end":{"line":334,"column":9}},{"start":{},"end":{}}],"line":326},"27":{"loc":{"start":{"line":326,"column":11},"end":{"line":326,"column":59}},"type":"binary-expr","locations":[{"start":{"line":326,"column":11},"end":{"line":326,"column":33}},{"start":{"line":326,"column":37},"end":{"line":326,"column":59}}],"line":326},"28":{"loc":{"start":{"line":328,"column":12},"end":{"line":330,"column":13}},"type":"if","locations":[{"start":{"line":328,"column":12},"end":{"line":330,"column":13}},{"start":{},"end":{}}],"line":328},"29":{"loc":{"start":{"line":328,"column":15},"end":{"line":328,"column":56}},"type":"binary-expr","locations":[{"start":{"line":328,"column":15},"end":{"line":328,"column":37}},{"start":{"line":328,"column":41},"end":{"line":328,"column":56}}],"line":328},"30":{"loc":{"start":{"line":331,"column":12},"end":{"line":333,"column":13}},"type":"if","locations":[{"start":{"line":331,"column":12},"end":{"line":333,"column":13}},{"start":{},"end":{}}],"line":331},"31":{"loc":{"start":{"line":331,"column":15},"end":{"line":331,"column":56}},"type":"binary-expr","locations":[{"start":{"line":331,"column":15},"end":{"line":331,"column":37}},{"start":{"line":331,"column":41},"end":{"line":331,"column":56}}],"line":331},"32":{"loc":{"start":{"line":338,"column":8},"end":{"line":346,"column":9}},"type":"if","locations":[{"start":{"line":338,"column":8},"end":{"line":346,"column":9}},{"start":{"line":340,"column":15},"end":{"line":346,"column":9}}],"line":338},"33":{"loc":{"start":{"line":340,"column":15},"end":{"line":346,"column":9}},"type":"if","locations":[{"start":{"line":340,"column":15},"end":{"line":346,"column":9}},{"start":{"line":342,"column":15},"end":{"line":346,"column":9}}],"line":340},"34":{"loc":{"start":{"line":342,"column":15},"end":{"line":346,"column":9}},"type":"if","locations":[{"start":{"line":342,"column":15},"end":{"line":346,"column":9}},{"start":{"line":344,"column":15},"end":{"line":346,"column":9}}],"line":342},"35":{"loc":{"start":{"line":373,"column":21},"end":{"line":373,"column":43}},"type":"binary-expr","locations":[{"start":{"line":373,"column":21},"end":{"line":373,"column":34}},{"start":{"line":373,"column":38},"end":{"line":373,"column":43}}],"line":373}},"s":{"0":0,"1":0,"2":0,"3":0,"4":0,"5":0,"6":0,"7":0,"8":0,"9":0,"10":0,"11":0,"12":0,"13":0,"14":0,"15":0,"16":0,"17":0,"18":0,"19":0,"20":0,"21":0,"22":0,"23":0,"24":0,"25":0,"26":0,"27":0,"28":0,"29":0,"30":0,"31":0,"32":0,"33":0,"34":0,"35":0,"36":0,"37":0,"38":0,"39":0,"40":0,"41":0,"42":0,"43":0,"44":0,"45":0,"46":0,"47":0,"48":0,"49":0,"50":0,"51":0,"52":0,"53":0,"54":0,"55":0,"56":0,"57":0,"58":0,"59":0,"60":0,"61":0,"62":0,"63":0,"64":0,"65":0,"66":0,"67":0,"68":0,"69":0,"70":0,"71":0,"72":0,"73":0,"74":0,"75":0,"76":0,"77":0,"78":0,"79":0,"80":0,"81":0,"82":0,"83":0,"84":0,"85":0,"86":0,"87":0,"88":0,"89":0,"90":0,"91":0,"92":0,"93":0,"94":0,"95":0,"96":0,"97":0,"98":0,"99":0,"100":0,"101":0,"102":0,"103":0,"104":0,"105":0,"106":0,"107":0,"108":0,"109":0},"f":{"0":0,"1":0,"2":0,"3":0,"4":0,"5":0,"6":0,"7":0},"b":{"0":[0,0],"1":[0,0,0,0,0,0,0],"2":[0,0],"3":[0,0],"4":[0,0],"5":[0,0],"6":[0,0],"7":[0,0],"8":[0,0],"9":[0,0],"10":[0,0],"11":[0,0],"12":[0,0],"13":[0,0],"14":[0,0],"15":[0,0],"16":[0,0],"17":[0,0],"18":[0,0],"19":[0,0],"20":[0,0],"21":[0,0],"22":[0,0],"23":[0,0],"24":[0,0],"25":[0,0],"26":[0,0],"27":[0,0],"28":[0,0],"29":[0,0],"30":[0,0],"31":[0,0],"32":[0,0],"33":[0,0],"34":[0,0],"35":[0,0]},"inputSourceMap":null}
,"C:\\Users\\ADMIN\\Desktop\\STUDY\\SoftwareTesting\\Grocery-Store\\admin_server\\controllers\\subCategory.controller.js": {"path":"C:\\Users\\ADMIN\\Desktop\\STUDY\\SoftwareTesting\\Grocery-Store\\admin_server\\controllers\\subCategory.controller.js","statementMap":{"0":{"start":{"line":4,"column":40},"end":{"line":45,"column":1}},"1":{"start":{"line":5,"column":4},"end":{"line":44,"column":5}},"2":{"start":{"line":6,"column":42},"end":{"line":6,"column":54}},"3":{"start":{"line":8,"column":8},"end":{"line":14,"column":9}},"4":{"start":{"line":9,"column":12},"end":{"line":13,"column":14}},"5":{"start":{"line":16,"column":24},"end":{"line":20,"column":9}},"6":{"start":{"line":22,"column":34},"end":{"line":22,"column":63}},"7":{"start":{"line":23,"column":21},"end":{"line":23,"column":51}},"8":{"start":{"line":25,"column":8},"end":{"line":29,"column":22}},"9":{"start":{"line":26,"column":23},"end":{"line":26,"column":30}},"10":{"start":{"line":27,"column":12},"end":{"line":27,"column":117}},"11":{"start":{"line":28,"column":12},"end":{"line":28,"column":76}},"12":{"start":{"line":31,"column":8},"end":{"line":36,"column":10}},"13":{"start":{"line":39,"column":8},"end":{"line":43,"column":10}},"14":{"start":{"line":47,"column":40},"end":{"line":63,"column":1}},"15":{"start":{"line":48,"column":4},"end":{"line":62,"column":5}},"16":{"start":{"line":49,"column":21},"end":{"line":49,"column":94}},"17":{"start":{"line":50,"column":8},"end":{"line":55,"column":10}},"18":{"start":{"line":57,"column":8},"end":{"line":61,"column":10}},"19":{"start":{"line":65,"column":43},"end":{"line":105,"column":1}},"20":{"start":{"line":66,"column":4},"end":{"line":104,"column":5}},"21":{"start":{"line":67,"column":46},"end":{"line":67,"column":58}},"22":{"start":{"line":69,"column":25},"end":{"line":69,"column":61}},"23":{"start":{"line":71,"column":8},"end":{"line":77,"column":9}},"24":{"start":{"line":72,"column":12},"end":{"line":76,"column":14}},"25":{"start":{"line":79,"column":34},"end":{"line":83,"column":10}},"26":{"start":{"line":85,"column":8},"end":{"line":89,"column":22}},"27":{"start":{"line":86,"column":23},"end":{"line":86,"column":30}},"28":{"start":{"line":87,"column":12},"end":{"line":87,"column":106}},"29":{"start":{"line":88,"column":12},"end":{"line":88,"column":90}},"30":{"start":{"line":91,"column":8},"end":{"line":96,"column":10}},"31":{"start":{"line":99,"column":8},"end":{"line":103,"column":10}},"32":{"start":{"line":107,"column":43},"end":{"line":132,"column":1}},"33":{"start":{"line":108,"column":4},"end":{"line":131,"column":5}},"34":{"start":{"line":109,"column":24},"end":{"line":109,"column":36}},"35":{"start":{"line":110,"column":8},"end":{"line":110,"column":29}},"36":{"start":{"line":111,"column":26},"end":{"line":111,"column":71}},"37":{"start":{"line":113,"column":8},"end":{"line":117,"column":22}},"38":{"start":{"line":114,"column":23},"end":{"line":114,"column":30}},"39":{"start":{"line":115,"column":12},"end":{"line":115,"column":70}},"40":{"start":{"line":116,"column":12},"end":{"line":116,"column":71}},"41":{"start":{"line":119,"column":8},"end":{"line":124,"column":10}},"42":{"start":{"line":126,"column":8},"end":{"line":130,"column":10}}},"fnMap":{"0":{"name":"(anonymous_0)","decl":{"start":{"line":4,"column":40},"end":{"line":4,"column":41}},"loc":{"start":{"line":4,"column":65},"end":{"line":45,"column":1}},"line":4},"1":{"name":"(anonymous_1)","decl":{"start":{"line":47,"column":40},"end":{"line":47,"column":41}},"loc":{"start":{"line":47,"column":65},"end":{"line":63,"column":1}},"line":47},"2":{"name":"(anonymous_2)","decl":{"start":{"line":65,"column":43},"end":{"line":65,"column":44}},"loc":{"start":{"line":65,"column":68},"end":{"line":105,"column":1}},"line":65},"3":{"name":"(anonymous_3)","decl":{"start":{"line":107,"column":43},"end":{"line":107,"column":44}},"loc":{"start":{"line":107,"column":68},"end":{"line":132,"column":1}},"line":107}},"branchMap":{"0":{"loc":{"start":{"line":8,"column":8},"end":{"line":14,"column":9}},"type":"if","locations":[{"start":{"line":8,"column":8},"end":{"line":14,"column":9}},{"start":{},"end":{}}],"line":8},"1":{"loc":{"start":{"line":8,"column":11},"end":{"line":8,"column":42}},"type":"binary-expr","locations":[{"start":{"line":8,"column":11},"end":{"line":8,"column":16}},{"start":{"line":8,"column":20},"end":{"line":8,"column":26}},{"start":{"line":8,"column":30},"end":{"line":8,"column":42}}],"line":8},"2":{"loc":{"start":{"line":40,"column":22},"end":{"line":40,"column":44}},"type":"binary-expr","locations":[{"start":{"line":40,"column":22},"end":{"line":40,"column":35}},{"start":{"line":40,"column":39},"end":{"line":40,"column":44}}],"line":40},"3":{"loc":{"start":{"line":58,"column":22},"end":{"line":58,"column":44}},"type":"binary-expr","locations":[{"start":{"line":58,"column":22},"end":{"line":58,"column":35}},{"start":{"line":58,"column":39},"end":{"line":58,"column":44}}],"line":58},"4":{"loc":{"start":{"line":71,"column":8},"end":{"line":77,"column":9}},"type":"if","locations":[{"start":{"line":71,"column":8},"end":{"line":77,"column":9}},{"start":{},"end":{}}],"line":71},"5":{"loc":{"start":{"line":100,"column":22},"end":{"line":100,"column":44}},"type":"binary-expr","locations":[{"start":{"line":100,"column":22},"end":{"line":100,"column":35}},{"start":{"line":100,"column":39},"end":{"line":100,"column":44}}],"line":100},"6":{"loc":{"start":{"line":127,"column":22},"end":{"line":127,"column":44}},"type":"binary-expr","locations":[{"start":{"line":127,"column":22},"end":{"line":127,"column":35}},{"start":{"line":127,"column":39},"end":{"line":127,"column":44}}],"line":127}},"s":{"0":0,"1":0,"2":0,"3":0,"4":0,"5":0,"6":0,"7":0,"8":0,"9":0,"10":0,"11":0,"12":0,"13":0,"14":0,"15":0,"16":0,"17":0,"18":0,"19":0,"20":0,"21":0,"22":0,"23":0,"24":0,"25":0,"26":0,"27":0,"28":0,"29":0,"30":0,"31":0,"32":0,"33":0,"34":0,"35":0,"36":0,"37":0,"38":0,"39":0,"40":0,"41":0,"42":0},"f":{"0":0,"1":0,"2":0,"3":0},"b":{"0":[0,0],"1":[0,0,0],"2":[0,0],"3":[0,0],"4":[0,0],"5":[0,0],"6":[0,0]},"inputSourceMap":null}
,"C:\\Users\\ADMIN\\Desktop\\STUDY\\SoftwareTesting\\Grocery-Store\\admin_server\\controllers\\uploadImage.controller.js": {"path":"C:\\Users\\ADMIN\\Desktop\\STUDY\\SoftwareTesting\\Grocery-Store\\admin_server\\controllers\\uploadImage.controller.js","statementMap":{"0":{"start":{"line":3,"column":30},"end":{"line":22,"column":1}},"1":{"start":{"line":4,"column":4},"end":{"line":21,"column":5}},"2":{"start":{"line":5,"column":21},"end":{"line":5,"column":33}},"3":{"start":{"line":7,"column":28},"end":{"line":7,"column":60}},"4":{"start":{"line":9,"column":8},"end":{"line":14,"column":10}},"5":{"start":{"line":16,"column":8},"end":{"line":20,"column":10}}},"fnMap":{"0":{"name":"(anonymous_0)","decl":{"start":{"line":3,"column":30},"end":{"line":3,"column":31}},"loc":{"start":{"line":3,"column":55},"end":{"line":22,"column":1}},"line":3}},"branchMap":{"0":{"loc":{"start":{"line":17,"column":22},"end":{"line":17,"column":44}},"type":"binary-expr","locations":[{"start":{"line":17,"column":22},"end":{"line":17,"column":35}},{"start":{"line":17,"column":39},"end":{"line":17,"column":44}}],"line":17}},"s":{"0":0,"1":0,"2":0,"3":0,"4":0,"5":0},"f":{"0":0},"b":{"0":[0,0]},"inputSourceMap":null}
[...]
e":16,"column":8},"end":{"line":22,"column":9}},{"start":{},"end":{}}],"line":16},"1":{"loc":{"start":{"line":16,"column":11},"end":{"line":16,"column":39}},"type":"binary-expr","locations":[{"start":{"line":16,"column":11},"end":{"line":16,"column":16}},{"start":{"line":16,"column":20},"end":{"line":16,"column":26}},{"start":{"line":16,"column":30},"end":{"line":16,"column":39}}],"line":16},"2":{"loc":{"start":{"line":26,"column":8},"end":{"line":32,"column":9}},"type":"if","locations":[{"start":{"line":26,"column":8},"end":{"line":32,"column":9}},{"start":{},"end":{}}],"line":26},"3":{"loc":{"start":{"line":66,"column":22},"end":{"line":66,"column":44}},"type":"binary-expr","locations":[{"start":{"line":66,"column":22},"end":{"line":66,"column":35}},{"start":{"line":66,"column":39},"end":{"line":66,"column":44}}],"line":66},"4":{"loc":{"start":{"line":79,"column":8},"end":{"line":85,"column":9}},"type":"if","locations":[{"start":{"line":79,"column":8},"end":{"line":85,"column":9}},{"start":{},"end":{}}],"line":79},"5":{"loc":{"start":{"line":98,"column":22},"end":{"line":98,"column":44}},"type":"binary-expr","locations":[{"start":{"line":98,"column":22},"end":{"line":98,"column":35}},{"start":{"line":98,"column":39},"end":{"line":98,"column":44}}],"line":98},"6":{"loc":{"start":{"line":111,"column":8},"end":{"line":117,"column":9}},"type":"if","locations":[{"start":{"line":111,"column":8},"end":{"line":117,"column":9}},{"start":{},"end":{}}],"line":111},"7":{"loc":{"start":{"line":111,"column":11},"end":{"line":111,"column":30}},"type":"binary-expr","locations":[{"start":{"line":111,"column":11},"end":{"line":111,"column":17}},{"start":{"line":111,"column":21},"end":{"line":111,"column":30}}],"line":111},"8":{"loc":{"start":{"line":121,"column":8},"end":{"line":127,"column":9}},"type":"if","locations":[{"start":{"line":121,"column":8},"end":{"line":127,"column":9}},{"start":{},"end":{}}],"line":121},"9":{"loc":{"start":{"line":129,"column":8},"end":{"line":135,"column":9}},"type":"if","locations":[{"start":{"line":129,"column":8},"end":{"line":135,"column":9}},{"start":{},"end":{}}],"line":129},"10":{"loc":{"start":{"line":139,"column":8},"end":{"line":145,"column":9}},"type":"if","locations":[{"start":{"line":139,"column":8},"end":{"line":145,"column":9}},{"start":{},"end":{}}],"line":139},"11":{"loc":{"start":{"line":174,"column":22},"end":{"line":174,"column":44}},"type":"binary-expr","locations":[{"start":{"line":174,"column":22},"end":{"line":174,"column":35}},{"start":{"line":174,"column":39},"end":{"line":174,"column":44}}],"line":174},"12":{"loc":{"start":{"line":206,"column":22},"end":{"line":206,"column":44}},"type":"binary-expr","locations":[{"start":{"line":206,"column":22},"end":{"line":206,"column":35}},{"start":{"line":206,"column":39},"end":{"line":206,"column":44}}],"line":206},"13":{"loc":{"start":{"line":237,"column":22},"end":{"line":237,"column":44}},"type":"binary-expr","locations":[{"start":{"line":237,"column":22},"end":{"line":237,"column":35}},{"start":{"line":237,"column":39},"end":{"line":237,"column":44}}],"line":237},"14":{"loc":{"start":{"line":252,"column":8},"end":{"line":255,"column":9}},"type":"if","locations":[{"start":{"line":252,"column":8},"end":{"line":255,"column":9}},{"start":{},"end":{}}],"line":252},"15":{"loc":{"start":{"line":258,"column":16},"end":{"line":258,"column":39}},"type":"binary-expr","locations":[{"start":{"line":258,"column":16},"end":{"line":258,"column":20}},{"start":{"line":258,"column":24},"end":{"line":258,"column":39}}],"line":258},"16":{"loc":{"start":{"line":259,"column":16},"end":{"line":259,"column":42}},"type":"binary-expr","locations":[{"start":{"line":259,"column":16},"end":{"line":259,"column":21}},{"start":{"line":259,"column":25},"end":{"line":259,"column":42}}],"line":259},"17":{"loc":{"start":{"line":260,"column":16},"end":{"line":260,"column":45}},"type":"binary-expr","locations":[{"start":{"line":260,"column":16},"end":{"line":260,"column":22}},{"start":{"line":260,"column":26},"end":{"line":260,"column":45}}],"line":260},"18":{"loc":{"start":{"line":261,"column":16},"end":{"line":261,"column":55}},"type":"binary-expr","locations":[{"start":{"line":261,"column":16},"end":{"line":261,"column":24}},{"start":{"line":261,"column":28},"end":{"line":261,"column":55}}],"line":261},"19":{"loc":{"start":{"line":274,"column":22},"end":{"line":274,"column":44}},"type":"binary-expr","locations":[{"start":{"line":274,"column":22},"end":{"line":274,"column":35}},{"start":{"line":274,"column":39},"end":{"line":274,"column":44}}],"line":274},"20":{"loc":{"start":{"line":288,"column":8},"end":{"line":294,"column":9}},"type":"if","locations":[{"start":{"line":288,"column":8},"end":{"line":294,"column":9}},{"start":{},"end":{}}],"line":288},"21":{"loc":{"start":{"line":321,"column":22},"end":{"line":321,"column":44}},"type":"binary-expr","locations":[{"start":{"line":321,"column":22},"end":{"line":321,"column":35}},{"start":{"line":321,"column":39},"end":{"line":321,"column":44}}],"line":321},"22":{"loc":{"start":{"line":333,"column":8},"end":{"line":339,"column":9}},"type":"if","locations":[{"start":{"line":333,"column":8},"end":{"line":339,"column":9}},{"start":{},"end":{}}],"line":333},"23":{"loc":{"start":{"line":333,"column":11},"end":{"line":333,"column":25}},"type":"binary-expr","locations":[{"start":{"line":333,"column":11},"end":{"line":333,"column":17}},{"start":{"line":333,"column":21},"end":{"line":333,"column":25}}],"line":333},"24":{"loc":{"start":{"line":343,"column":8},"end":{"line":349,"column":9}},"type":"if","locations":[{"start":{"line":343,"column":8},"end":{"line":349,"column":9}},{"start":{},"end":{}}],"line":343},"25":{"loc":{"start":{"line":353,"column":8},"end":{"line":359,"column":9}},"type":"if","locations":[{"start":{"line":353,"column":8},"end":{"line":359,"column":9}},{"start":{},"end":{}}],"line":353},"26":{"loc":{"start":{"line":361,"column":8},"end":{"line":367,"column":9}},"type":"if","locations":[{"start":{"line":361,"column":8},"end":{"line":367,"column":9}},{"start":{},"end":{}}],"line":361},"27":{"loc":{"start":{"line":385,"column":22},"end":{"line":385,"column":44}},"type":"binary-expr","locations":[{"start":{"line":385,"column":22},"end":{"line":385,"column":35}},{"start":{"line":385,"column":39},"end":{"line":385,"column":44}}],"line":385},"28":{"loc":{"start":{"line":397,"column":8},"end":{"line":401,"column":9}},"type":"if","locations":[{"start":{"line":397,"column":8},"end":{"line":401,"column":9}},{"start":{},"end":{}}],"line":397},"29":{"loc":{"start":{"line":397,"column":11},"end":{"line":397,"column":53}},"type":"binary-expr","locations":[{"start":{"line":397,"column":11},"end":{"line":397,"column":17}},{"start":{"line":397,"column":21},"end":{"line":397,"column":33}},{"start":{"line":397,"column":37},"end":{"line":397,"column":53}}],"line":397},"30":{"loc":{"start":{"line":405,"column":8},"end":{"line":411,"column":9}},"type":"if","locations":[{"start":{"line":405,"column":8},"end":{"line":411,"column":9}},{"start":{},"end":{}}],"line":405},"31":{"loc":{"start":{"line":413,"column":8},"end":{"line":419,"column":9}},"type":"if","locations":[{"start":{"line":413,"column":8},"end":{"line":419,"column":9}},{"start":{},"end":{}}],"line":413},"32":{"loc":{"start":{"line":436,"column":22},"end":{"line":436,"column":44}},"type":"binary-expr","locations":[{"start":{"line":436,"column":22},"end":{"line":436,"column":35}},{"start":{"line":436,"column":39},"end":{"line":436,"column":44}}],"line":436},"33":{"loc":{"start":{"line":447,"column":29},"end":{"line":447,"column":107}},"type":"binary-expr","locations":[{"start":{"line":447,"column":29},"end":{"line":447,"column":57}},{"start":{"line":447,"column":61},"end":{"line":447,"column":107}}],"line":447},"34":{"loc":{"start":{"line":449,"column":8},"end":{"line":455,"column":9}},"type":"if","locations":[{"start":{"line":449,"column":8},"end":{"line":455,"column":9}},{"start":{},"end":{}}],"line":449},"35":{"loc":{"start":{"line":459,"column":8},"end":{"line":465,"column":9}},"type":"if","locations":[{"start":{"line":459,"column":8},"end":{"line":465,"column":9}},{"start":{},"end":{}}],"line":459},"36":{"loc":{"start":{"line":491,"column":22},"end":{"line":491,"column":44}},"type":"binary-expr","locations":[{"start":{"line":491,"column":22},"end":{"line":491,"column":35}},{"start":{"line":491,"column":39},"end":{"line":491,"column":44}}],"line":491}},"s":{"0":0,"1":0,"2":0,"3":0,"4":0,"5":0,"6":0,"7":0,"8":0,"9":0,"10":0,"11":0,"12":0,"13":0,"14":0,"15":0,"16":0,"17":0,"18":0,"19":0,"20":0,"21":0,"22":0,"23":0,"24":0,"25":0,"26":0,"27":0,"28":0,"29":0,"30":0,"31":0,"32":0,"33":0,"34":0,"35":0,"36":0,"37":0,"38":0,"39":0,"40":0,"41":0,"42":0,"43":0,"44":0,"45":0,"46":0,"47":0,"48":0,"49":0,"50":0,"51":0,"52":0,"53":0,"54":0,"55":0,"56":0,"57":0,"58":0,"59":0,"60":0,"61":0,"62":0,"63":0,"64":0,"65":0,"66":0,"67":0,"68":0,"69":0,"70":0,"71":0,"72":0,"73":0,"74":0,"75":0,"76":0,"77":0,"78":0,"79":0,"80":0,"81":0,"82":0,"83":0,"84":0,"85":0,"86":0,"87":0,"88":0,"89":0,"90":0,"91":0,"92":0,"93":0,"94":0,"95":0,"96":0,"97":0,"98":0,"99":0,"100":0,"101":0,"102":0,"103":0,"104":0,"105":0,"106":0,"107":0,"108":0,"109":0,"110":0,"111":0,"112":0,"113":0,"114":0,"115":0,"116":0,"117":0,"118":0,"119":0,"120":0,"121":0,"122":0,"123":0,"124":0,"125":0,"126":0,"127":0},"f":{"0":0,"1":0,"2":0,"3":0,"4":0,"5":0,"6":0,"7":0,"8":0,"9":0,"10":0},"b":{"0":[0,0],"1":[0,0,0],"2":[0,0],"3":[0,0],"4":[0,0],"5":[0,0],"6":[0,0],"7":[0,0],"8":[0,0],"9":[0,0],"10":[0,0],"11":[0,0],"12":[0,0],"13":[0,0],"14":[0,0],"15":[0,0],"16":[0,0],"17":[0,0],"18":[0,0],"19":[0,0],"20":[0,0],"21":[0,0],"22":[0,0],"23":[0,0],"24":[0,0],"25":[0,0],"26":[0,0],"27":[0,0],"28":[0,0],"29":[0,0,0],"30":[0,0],"31":[0,0],"32":[0,0],"33":[0,0],"34":[0,0],"35":[0,0],"36":[0,0]},"inputSourceMap":null}
,"C:\\Users\\ADMIN\\Desktop\\STUDY\\SoftwareTesting\\Grocery-Store\\admin_server\\models\\address.model.js": {"path":"C:\\Users\\ADMIN\\Desktop\\STUDY\\SoftwareTesting\\Grocery-Store\\admin_server\\models\\address.model.js","statementMap":{"0":{"start":{"line":3,"column":22},"end":{"line":36,"column":2}},"1":{"start":{"line":38,"column":21},"end":{"line":38,"column":60}}},"fnMap":{},"branchMap":{},"s":{"0":0,"1":0},"f":{},"b":{},"inputSourceMap":null}
,"C:\\Users\\ADMIN\\Desktop\\STUDY\\SoftwareTesting\\Grocery-Store\\admin_server\\models\\cartproduct.model.js": {"path":"C:\\Users\\ADMIN\\Desktop\\STUDY\\SoftwareTesting\\Grocery-Store\\admin_server\\models\\cartproduct.model.js","statementMap":{"0":{"start":{"line":3,"column":26},"end":{"line":18,"column":2}},"1":{"start":{"line":20,"column":25},"end":{"line":20,"column":72}}},"fnMap":{},"branchMap":{},"s":{"0":1,"1":1},"f":{},"b":{},"inputSourceMap":null,"_coverageSchema":"1a1c01bbd47fc00a2c39e90264f33305004495a9","hash":"92097dd22065ed89508ccf4b79f9cd884436f170"}
,"C:\\Users\\ADMIN\\Desktop\\STUDY\\SoftwareTesting\\Grocery-Store\\admin_server\\models\\category.model.js": {"path":"C:\\Users\\ADMIN\\Desktop\\STUDY\\SoftwareTesting\\Grocery-Store\\admin_server\\models\\category.model.js","statementMap":{"0":{"start":{"line":3,"column":23},"end":{"line":14,"column":2}},"1":{"start":{"line":16,"column":22},"end":{"line":16,"column":63}}},"fnMap":{},"branchMap":{},"s":{"0":0,"1":0},"f":{},"b":{},"inputSourceMap":null}
,"C:\\Users\\ADMIN\\Desktop\\STUDY\\SoftwareTesting\\Grocery-Store\\admin_server\\models\\order.model.js": {"path":"C:\\Users\\ADMIN\\Desktop\\STUDY\\SoftwareTesting\\Grocery-Store\\admin_server\\models\\order.model.js","statementMap":{"0":{"start":{"line":5,"column":20},"end":{"line":56,"column":2}},"1":{"start":{"line":58,"column":19},"end":{"line":58,"column":54}}},"fnMap":{},"branchMap":{},"s":{"0":1,"1":1},"f":{},"b":{},"inputSourceMap":null,"_coverageSchema":"1a1c01bbd47fc00a2c39e90264f33305004495a9","hash":"fb3cc84d07f1d9a0a1642ba6a636170418717870"}
,"C:\\Users\\ADMIN\\Desktop\\STUDY\\SoftwareTesting\\Grocery-Store\\admin_server\\models\\product.model.js": {"path":"C:\\Users\\ADMIN\\Desktop\\STUDY\\SoftwareTesting\\Grocery-Store\\admin_server\\models\\product.model.js","statementMap":{"0":{"start":{"line":3,"column":22},"end":{"line":57,"column":2}},"1":{"start":{"line":60,"column":0},"end":{"line":60,"column":32}},"2":{"start":{"line":61,"column":0},"end":{"line":61,"column":42}},"3":{"start":{"line":62,"column":0},"end":{"line":62,"column":33}},"4":{"start":{"line":63,"column":0},"end":{"line":63,"column":36}},"5":{"start":{"line":64,"column":0},"end":{"line":64,"column":39}},"6":{"start":{"line":65,"column":0},"end":{"line":65,"column":38}},"7":{"start":{"line":68,"column":0},"end":{"line":68,"column":55}},"8":{"start":{"line":69,"column":0},"end":{"line":69,"column":65}},"9":{"start":{"line":71,"column":21},"end":{"line":71,"column":60}}},"fnMap":{},"branchMap":{},"s":{"0":1,"1":1,"2":1,"3":1,"4":1,"5":1,"6":1,"7":1,"8":1,"9":1},"f":{},"b":{},"inputSourceMap":null,"_coverageSchema":"1a1c01bbd47fc00a2c39e90264f33305004495a9","hash":"9b93f6e1293dc5bcee23010aa1ec2e777ff2eac7"}
,"C:\\Users\\ADMIN\\Desktop\\STUDY\\SoftwareTesting\\Grocery-Store\\admin_server\\models\\subCategory.model.js": {"path":"C:\\Users\\ADMIN\\Desktop\\STUDY\\SoftwareTesting\\Grocery-Store\\admin_server\\models\\subCategory.model.js","statementMap":{"0":{"start":{"line":3,"column":26},"end":{"line":20,"column":2}},"1":{"start":{"line":22,"column":25},"end":{"line":22,"column":72}}},"fnMap":{},"branchMap":{},"s":{"0":0,"1":0},"f":{},"b":{},"inputSourceMap":null}
,"C:\\Users\\ADMIN\\Desktop\\STUDY\\SoftwareTesting\\Grocery-Store\\admin_server\\models\\user.model.js": {"path":"C:\\Users\\ADMIN\\Desktop\\STUDY\\SoftwareTesting\\Grocery-Store\\admin_server\\models\\user.model.js","statementMap":{"0":{"start":{"line":3,"column":19},"end":{"line":75,"column":2}},"1":{"start":{"line":77,"column":18},"end":{"line":77,"column":51}}},"fnMap":{},"branchMap":{},"s":{"0":2,"1":2},"f":{},"b":{},"inputSourceMap":null,"_coverageSchema":"1a1c01bbd47fc00a2c39e90264f33305004495a9","hash":"ebe7bf0edec2b8d716bfa57745742c992fcfffdf"}
,"C:\\Users\\ADMIN\\Desktop\\STUDY\\SoftwareTesting\\Grocery-Store\\admin_server\\utils\\forgotPasswordTemplate.js": {"path":"C:\\Users\\ADMIN\\Desktop\\STUDY\\SoftwareTesting\\Grocery-Store\\admin_server\\utils\\forgotPasswordTemplate.js","statementMap":{"0":{"start":{"line":1,"column":31},"end":{"line":16,"column":1}},"1":{"start":{"line":2,"column":4},"end":{"line":15,"column":5}}},"fnMap":{"0":{"name":"(anonymous_0)","decl":{"start":{"line":1,"column":31},"end":{"line":1,"column":32}},"loc":{"start":{"line":1,"column":48},"end":{"line":16,"column":1}},"line":1}},"branchMap":{},"s":{"0":0,"1":0},"f":{"0":0},"b":{},"inputSourceMap":null}
,"C:\\Users\\ADMIN\\Desktop\\STUDY\\SoftwareTesting\\Grocery-Store\\admin_server\\utils\\generatedAccessToken.js": {"path":"C:\\Users\\ADMIN\\Desktop\\STUDY\\SoftwareTesting\\Grocery-Store\\admin_server\\utils\\generatedAccessToken.js","statementMap":{"0":{"start":{"line":3,"column":29},"end":{"line":10,"column":1}},"1":{"start":{"line":4,"column":18},"end":{"line":7,"column":5}},"2":{"start":{"line":9,"column":4},"end":{"line":9,"column":16}}},"fnMap":{"0":{"name":"(anonymous_0)","decl":{"start":{"line":3,"column":29},"end":{"line":3,"column":30}},"loc":{"start":{"line":3,"column":44},"end":{"line":10,"column":1}},"line":3}},"branchMap":{},"s":{"0":1,"1":0,"2":0},"f":{"0":0},"b":{},"inputSourceMap":null,"_coverageSchema":"1a1c01bbd47fc00a2c39e90264f33305004495a9","hash":"1347fcea7213ded0e8b09d30911f2aa05b46e9fc"}
,"C:\\Users\\ADMIN\\Desktop\\STUDY\\SoftwareTesting\\Grocery-Store\\admin_server\\utils\\generatedOtp.js": {"path":"C:\\Users\\ADMIN\\Desktop\\STUDY\\SoftwareTesting\\Grocery-Store\\admin_server\\utils\\generatedOtp.js","statementMap":{"0":{"start":{"line":1,"column":21},"end":{"line":3,"column":1}},"1":{"start":{"line":2,"column":4},"end":{"line":2,"column":54}}},"fnMap":{"0":{"name":"(anonymous_0)","decl":{"start":{"line":1,"column":21},"end":{"line":1,"column":22}},"loc":{"start":{"line":1,"column":25},"end":{"line":3,"column":1}},"line":1}},"branchMap":{},"s":{"0":0,"1":0},"f":{"0":0},"b":{},"inputSourceMap":null}
,"C:\\Users\\ADMIN\\Desktop\\STUDY\\SoftwareTesting\\Grocery-Store\\admin_server\\utils\\generatedRefreshToken.js": {"path":"C:\\Users\\ADMIN\\Desktop\\STUDY\\SoftwareTesting\\Grocery-Store\\admin_server\\utils\\generatedRefreshToken.js","statementMap":{"0":{"start":{"line":4,"column":29},"end":{"line":18,"column":1}},"1":{"start":{"line":5,"column":18},"end":{"line":8,"column":5}},"2":{"start":{"line":10,"column":35},"end":{"line":15,"column":5}},"3":{"start":{"line":17,"column":4},"end":{"line":17,"column":16}}},"fnMap":{"0":{"name":"(anonymous_0)","decl":{"start":{"line":4,"column":29},"end":{"line":4,"column":30}},"loc":{"start":{"line":4,"column":44},"end":{"line":18,"column":1}},"line":4}},"branchMap":{},"s":{"0":1,"1":0,"2":0,"3":0},"f":{"0":0},"b":{},"inputSourceMap":null,"_coverageSchema":"1a1c01bbd47fc00a2c39e90264f33305004495a9","hash":"1e414971933901dccc625796e5b22db8bdd84bd7"}
,"C:\\Users\\ADMIN\\Desktop\\STUDY\\SoftwareTesting\\Grocery-Store\\admin_server\\utils\\seedProducts.js": {"path":"C:\\Users\\ADMIN\\Desktop\\STUDY\\SoftwareTesting\\Grocery-Store\\admin_server\\utils\\seedProducts.js","statementMap":{},"fnMap":{},"branchMap":{},"s":{},"f":{},"b":{},"inputSourceMap":null}
,"C:\\Users\\ADMIN\\Desktop\\STUDY\\SoftwareTesting\\Grocery-Store\\admin_server\\utils\\seedUsers.js": {"path":"C:\\Users\\ADMIN\\Desktop\\STUDY\\SoftwareTesting\\Grocery-Store\\admin_server\\utils\\seedUsers.js","statementMap":{},"fnMap":{},"branchMap":{},"s":{},"f":{},"b":{},"inputSourceMap":null}
,"C:\\Users\\ADMIN\\Desktop\\STUDY\\SoftwareTesting\\Grocery-Store\\admin_server\\utils\\uploadImageClodinary.js": {"path":"C:\\Users\\ADMIN\\Desktop\\STUDY\\SoftwareTesting\\Grocery-Store\\admin_server\\utils\\uploadImageClodinary.js","statementMap":{"0":{"start":{"line":3,"column":0},"end":{"line":7,"column":2}},"1":{"start":{"line":9,"column":29},"end":{"line":19,"column":1}},"2":{"start":{"line":10,"column":19},"end":{"line":10,"column":74}},"3":{"start":{"line":12,"column":24},"end":{"line":16,"column":6}},"4":{"start":{"line":13,"column":8},"end":{"line":15,"column":22}},"5":{"start":{"line":14,"column":12},"end":{"line":14,"column":40}},"6":{"start":{"line":18,"column":4},"end":{"line":18,"column":22}}},"fnMap":{"0":{"name":"(anonymous_0)","decl":{"start":{"line":9,"column":29},"end":{"line":9,"column":30}},"loc":{"start":{"line":9,"column":43},"end":{"line":19,"column":1}},"line":9},"1":{"name":"(anonymous_1)","decl":{"start":{"line":12,"column":42},"end":{"line":12,"column":43}},"loc":{"start":{"line":12,"column":60},"end":{"line":16,"column":5}},"line":12},"2":{"name":"(anonymous_2)","decl":{"start":{"line":13,"column":65},"end":{"line":13,"column":66}},"loc":{"start":{"line":13,"column":87},"end":{"line":15,"column":9}},"line":13}},"branchMap":{"0":{"loc":{"start":{"line":10,"column":19},"end":{"line":10,"column":74}},"type":"binary-expr","locations":[{"start":{"line":10,"column":19},"end":{"line":10,"column":32}},{"start":{"line":10,"column":36},"end":{"line":10,"column":74}}],"line":10}},"s":{"0":0,"1":0,"2":0,"3":0,"4":0,"5":0,"6":0},"f":{"0":0,"1":0,"2":0},"b":{"0":[0,0]},"inputSourceMap":null}
,"C:\\Users\\ADMIN\\Desktop\\STUDY\\SoftwareTesting\\Grocery-Store\\admin_server\\utils\\verifyEmailTemplate.js": {"path":"C:\\Users\\ADMIN\\Desktop\\STUDY\\SoftwareTesting\\Grocery-Store\\admin_server\\utils\\verifyEmailTemplate.js","statementMap":{"0":{"start":{"line":1,"column":28},"end":{"line":9,"column":1}},"1":{"start":{"line":2,"column":4},"end":{"line":8,"column":1}}},"fnMap":{"0":{"name":"(anonymous_0)","decl":{"start":{"line":1,"column":28},"end":{"line":1,"column":29}},"loc":{"start":{"line":1,"column":42},"end":{"line":9,"column":1}},"line":1}},"branchMap":{},"s":{"0":0,"1":0},"f":{"0":0},"b":{},"inputSourceMap":null}
}
