TN:
SF:controllers\address.controller.js
FN:4,(anonymous_0)
FN:42,(anonymous_1)
FN:63,(anonymous_2)
FN:92,(anonymous_3)
FNF:4
FNH:0
FNDA:0,(anonymous_0)
FNDA:0,(anonymous_1)
FNDA:0,(anonymous_2)
FNDA:0,(anonymous_3)
DA:4,0
DA:5,0
DA:6,0
DA:7,0
DA:9,0
DA:18,0
DA:20,0
DA:26,0
DA:34,0
DA:42,0
DA:43,0
DA:44,0
DA:46,0
DA:48,0
DA:55,0
DA:63,0
DA:64,0
DA:65,0
DA:66,0
DA:68,0
DA:77,0
DA:84,0
DA:92,0
DA:93,0
DA:94,0
DA:95,0
DA:97,0
DA:101,0
DA:108,0
LF:29
LH:0
BRDA:35,0,0,0
BRDA:35,0,1,0
BRDA:56,1,0,0
BRDA:56,1,1,0
BRDA:85,2,0,0
BRDA:85,2,1,0
BRDA:109,3,0,0
BRDA:109,3,1,0
BRF:8
BRH:0
end_of_record
TN:
SF:controllers\admin.controller.js
FN:7,AdminloginController
FN:85,AdminlogoutController
FNF:2
FNH:2
FNDA:8,AdminloginController
FNDA:2,AdminlogoutController
DA:8,8
DA:9,8
DA:12,8
DA:13,5
DA:20,3
DA:22,3
DA:23,1
DA:30,2
DA:31,1
DA:39,1
DA:41,1
DA:42,1
DA:49,0
DA:50,0
DA:52,0
DA:56,0
DA:61,0
DA:62,0
DA:64,0
DA:75,0
DA:86,2
DA:87,2
DA:89,2
DA:95,2
DA:96,2
DA:98,2
DA:102,1
DA:108,1
LF:28
LH:20
BRDA:12,0,0,5
BRDA:12,0,1,3
BRDA:12,1,0,8
BRDA:12,1,1,5
BRDA:22,2,0,1
BRDA:22,2,1,2
BRDA:30,3,0,1
BRDA:30,3,1,1
BRDA:41,4,0,1
BRDA:41,4,1,0
BRDA:109,5,0,1
BRDA:109,5,1,0
BRF:12
BRH:10
end_of_record
TN:
SF:controllers\cart.controller.js
FN:4,(anonymous_0)
FN:58,(anonymous_1)
FN:81,(anonymous_2)
FN:115,(anonymous_3)
FNF:4
FNH:0
FNDA:0,(anonymous_0)
FNDA:0,(anonymous_1)
FNDA:0,(anonymous_2)
FNDA:0,(anonymous_3)
DA:4,0
DA:5,0
DA:6,0
DA:7,0
DA:9,0
DA:10,0
DA:17,0
DA:22,0
DA:23,0
DA:28,0
DA:33,0
DA:35,0
DA:41,0
DA:50,0
DA:58,0
DA:59,0
DA:60,0
DA:62,0
DA:66,0
DA:73,0
DA:81,0
DA:82,0
DA:83,0
DA:84,0
DA:86,0
DA:87,0
DA:92,0
DA:99,0
DA:107,0
DA:115,0
DA:116,0
DA:117,0
DA:118,0
DA:120,0
DA:121,0
DA:128,0
DA:130,0
DA:138,0
LF:38
LH:0
BRDA:9,0,0,0
BRDA:9,0,1,0
BRDA:22,1,0,0
BRDA:22,1,1,0
BRDA:51,2,0,0
BRDA:51,2,1,0
BRDA:74,3,0,0
BRDA:74,3,1,0
BRDA:86,4,0,0
BRDA:86,4,1,0
BRDA:86,5,0,0
BRDA:86,5,1,0
BRDA:108,6,0,0
BRDA:108,6,1,0
BRDA:120,7,0,0
BRDA:120,7,1,0
BRDA:139,8,0,0
BRDA:139,8,1,0
BRF:18
BRH:0
end_of_record
TN:
SF:controllers\category.controller.js
FN:6,(anonymous_0)
FN:55,(anonymous_1)
FN:74,(anonymous_2)
FN:106,(anonymous_3)
FNF:4
FNH:0
FNDA:0,(anonymous_0)
FNDA:0,(anonymous_1)
FNDA:0,(anonymous_2)
FNDA:0,(anonymous_3)
DA:6,0
DA:7,0
DA:8,0
DA:10,0
DA:11,0
DA:18,0
DA:23,0
DA:25,0
DA:26,0
DA:33,0
DA:34,0
DA:35,0
DA:36,0
DA:39,0
DA:47,0
DA:55,0
DA:56,0
DA:58,0
DA:60,0
DA:66,0
DA:74,0
DA:75,0
DA:76,0
DA:78,0
DA:85,0
DA:86,0
DA:87,0
DA:88,0
DA:91,0
DA:98,0
DA:106,0
DA:107,0
DA:108,0
DA:110,0
DA:116,0
DA:122,0
DA:123,0
DA:130,0
DA:132,0
DA:133,0
DA:134,0
DA:135,0
DA:138,0
DA:146,0
LF:44
LH:0
BRDA:10,0,0,0
BRDA:10,0,1,0
BRDA:10,1,0,0
BRDA:10,1,1,0
BRDA:25,2,0,0
BRDA:25,2,1,0
BRDA:48,3,0,0
BRDA:48,3,1,0
BRDA:67,4,0,0
BRDA:67,4,1,0
BRDA:99,5,0,0
BRDA:99,5,1,0
BRDA:122,6,0,0
BRDA:122,6,1,0
BRDA:122,7,0,0
BRDA:122,7,1,0
BRDA:147,8,0,0
BRDA:147,8,1,0
BRF:18
BRH:0
end_of_record
TN:
SF:controllers\order.controller.js
FN:14,deductProductStock
FN:81,restoreProductStock
FN:134,CashOnDeliveryOrderController
FN:172,(anonymous_3)
FN:249,(anonymous_4)
FN:256,paymentController
FN:295,(anonymous_6)
FN:344,(anonymous_7)
FN:383,webhookStripe
FN:433,getOrderDetailsController
FN:456,getAllOrdersAdminController
FN:488,updateOrderStatusController
FN:615,cancelOrderController
FNF:13
FNH:5
FNDA:0,deductProductStock
FNDA:3,restoreProductStock
FNDA:0,CashOnDeliveryOrderController
FNDA:0,(anonymous_3)
FNDA:0,(anonymous_4)
FNDA:0,paymentController
FNDA:0,(anonymous_6)
FNDA:0,(anonymous_7)
FNDA:0,webhookStripe
FNDA:1,getOrderDetailsController
FNDA:2,getAllOrdersAdminController
FNDA:9,updateOrderStatusController
FNDA:5,cancelOrderController
DA:15,0
DA:16,0
DA:18,0
DA:19,0
DA:21,0
DA:23,0
DA:25,0
DA:26,0
DA:31,0
DA:34,0
DA:35,0
DA:40,0
DA:43,0
DA:44,0
DA:49,0
DA:53,0
DA:54,0
DA:55,0
DA:57,0
DA:66,0
DA:69,0
DA:73,0
DA:77,0
DA:82,3
DA:83,3
DA:85,3
DA:86,4
DA:88,4
DA:90,4
DA:92,4
DA:93,0
DA:98,0
DA:102,4
DA:103,4
DA:104,4
DA:106,4
DA:115,4
DA:118,0
DA:122,0
DA:126,3
DA:135,0
DA:136,0
DA:137,0
DA:140,0
DA:142,0
DA:143,0
DA:144,0
DA:146,0
DA:147,0
DA:148,0
DA:151,0
DA:152,0
DA:153,0
DA:156,0
DA:157,0
DA:158,0
DA:162,0
DA:163,0
DA:172,0
DA:182,0
DA:184,0
DA:185,0
DA:194,0
DA:206,0
DA:209,0
DA:210,0
DA:212,0
DA:214,0
DA:215,0
DA:216,0
DA:217,0
DA:224,0
DA:226,0
DA:228,0
DA:230,0
DA:233,0
DA:241,0
DA:249,1
DA:250,0
DA:251,0
DA:252,0
DA:257,0
DA:258,0
DA:259,0
DA:262,0
DA:264,0
DA:265,0
DA:266,0
DA:268,0
DA:269,0
DA:270,0
DA:273,0
DA:274,0
DA:275,0
DA:278,0
DA:279,0
DA:280,0
DA:284,0
DA:285,0
DA:293,0
DA:295,0
DA:296,0
DA:316,0
DA:330,0
DA:332,0
DA:335,0
DA:344,1
DA:351,0
DA:353,0
DA:354,0
DA:355,0
DA:357,0
DA:376,0
DA:380,0
DA:384,0
DA:386,0
DA:388,0
DA:390,0
DA:391,0
DA:392,0
DA:394,0
DA:403,0
DA:404,0
DA:406,0
DA:407,0
DA:410,0
DA:411,0
DA:415,0
DA:417,0
DA:419,0
DA:420,0
DA:423,0
DA:425,0
DA:427,0
DA:430,0
DA:434,1
DA:435,1
DA:437,1
DA:441,1
DA:448,0
DA:457,2
DA:458,2
DA:473,1
DA:480,1
DA:489,9
DA:490,9
DA:491,9
DA:493,9
DA:494,9
DA:495,1
DA:502,8
DA:504,8
DA:506,8
DA:507,1
DA:514,7
DA:515,1
DA:523,6
DA:531,6
DA:532,6
DA:533,1
DA:541,5
DA:542,1
DA:544,1
DA:546,1
DA:547,0
DA:550,1
DA:551,1
DA:553,1
DA:554,1
DA:555,0
DA:556,0
DA:561,0
DA:562,0
DA:563,0
DA:565,1
DA:568,1
DA:578,4
DA:579,4
DA:581,4
DA:582,4
DA:583,0
DA:584,0
DA:591,0
DA:593,0
DA:595,0
DA:597,4
DA:600,4
DA:607,0
DA:616,5
DA:617,5
DA:618,5
DA:620,5
DA:623,5
DA:625,5
DA:627,4
DA:628,1
DA:635,3
DA:636,1
DA:644,2
DA:646,2
DA:647,0
DA:650,2
DA:651,2
DA:653,2
DA:661,1
LF:205
LH:71
BRDA:21,0,0,0
BRDA:21,0,1,0
BRDA:25,1,0,0
BRDA:25,1,1,0
BRDA:28,2,0,0
BRDA:28,2,1,0
BRDA:34,3,0,0
BRDA:34,3,1,0
BRDA:43,4,0,0
BRDA:43,4,1,0
BRDA:88,5,0,4
BRDA:88,5,1,4
BRDA:92,6,0,0
BRDA:92,6,1,4
BRDA:95,7,0,0
BRDA:95,7,1,0
BRDA:143,8,0,0
BRDA:143,8,1,0
BRDA:146,9,0,0
BRDA:146,9,1,0
BRDA:147,10,0,0
BRDA:147,10,1,0
BRDA:151,11,0,0
BRDA:151,11,1,0
BRDA:156,12,0,0
BRDA:156,12,1,0
BRDA:162,13,0,0
BRDA:162,13,1,0
BRDA:173,14,0,0
BRDA:173,14,1,0
BRDA:184,15,0,0
BRDA:184,15,1,0
BRDA:242,16,0,0
BRDA:242,16,1,0
BRDA:249,17,0,0
BRDA:265,18,0,0
BRDA:265,18,1,0
BRDA:268,19,0,0
BRDA:268,19,1,0
BRDA:269,20,0,0
BRDA:269,20,1,0
BRDA:273,21,0,0
BRDA:273,21,1,0
BRDA:278,22,0,0
BRDA:278,22,1,0
BRDA:284,23,0,0
BRDA:284,23,1,0
BRDA:303,24,0,0
BRDA:303,24,1,0
BRDA:336,25,0,0
BRDA:336,25,1,0
BRDA:353,26,0,0
BRDA:353,26,1,0
BRDA:388,27,0,0
BRDA:388,27,1,0
BRDA:406,28,0,0
BRDA:406,28,1,0
BRDA:410,29,0,0
BRDA:410,29,1,0
BRDA:419,30,0,0
BRDA:419,30,1,0
BRDA:449,31,0,0
BRDA:449,31,1,0
BRDA:481,32,0,1
BRDA:481,32,1,0
BRDA:494,33,0,1
BRDA:494,33,1,8
BRDA:502,34,0,0
BRDA:502,34,1,8
BRDA:506,35,0,1
BRDA:506,35,1,7
BRDA:514,36,0,1
BRDA:514,36,1,6
BRDA:531,37,0,6
BRDA:531,37,1,0
BRDA:532,38,0,1
BRDA:532,38,1,5
BRDA:541,39,0,1
BRDA:541,39,1,4
BRDA:541,40,0,5
BRDA:541,40,1,1
BRDA:546,41,0,0
BRDA:546,41,1,1
BRDA:572,42,0,0
BRDA:572,42,1,1
BRDA:608,43,0,0
BRDA:608,43,1,0
BRDA:620,44,0,0
BRDA:620,44,1,5
BRDA:627,45,0,1
BRDA:627,45,1,3
BRDA:635,46,0,1
BRDA:635,46,1,2
BRDA:646,47,0,0
BRDA:646,47,1,2
BRDA:662,48,0,1
BRDA:662,48,1,0
BRF:97
BRH:27
end_of_record
TN:
SF:controllers\product.controller.js
FN:4,(anonymous_0)
FN:68,(anonymous_1)
FN:111,(anonymous_2)
FN:142,(anonymous_3)
FN:193,(anonymous_4)
FN:217,(anonymous_5)
FN:256,(anonymous_6)
FN:292,(anonymous_7)
FNF:8
FNH:0
FNDA:0,(anonymous_0)
FNDA:0,(anonymous_1)
FNDA:0,(anonymous_2)
FNDA:0,(anonymous_3)
FNDA:0,(anonymous_4)
FNDA:0,(anonymous_5)
FNDA:0,(anonymous_6)
FNDA:0,(anonymous_7)
DA:4,0
DA:5,0
DA:18,0
DA:20,0
DA:21,0
DA:28,0
DA:41,0
DA:44,0
DA:45,0
DA:46,0
DA:47,0
DA:52,0
DA:60,0
DA:68,0
DA:69,0
DA:71,0
DA:73,0
DA:74,0
DA:77,0
DA:78,0
DA:81,0
DA:87,0
DA:89,0
DA:94,0
DA:103,0
DA:111,0
DA:112,0
DA:113,0
DA:115,0
DA:116,0
DA:123,0
DA:127,0
DA:134,0
DA:142,0
DA:143,0
DA:144,0
DA:146,0
DA:147,0
DA:154,0
DA:155,0
DA:158,0
DA:159,0
DA:162,0
DA:167,0
DA:169,0
DA:174,0
DA:185,0
DA:193,0
DA:194,0
DA:195,0
DA:197,0
DA:200,0
DA:208,0
DA:217,0
DA:218,0
DA:219,0
DA:221,0
DA:222,0
DA:229,0
DA:233,0
DA:234,0
DA:235,0
DA:236,0
DA:239,0
DA:247,0
DA:256,0
DA:257,0
DA:258,0
DA:260,0
DA:261,0
DA:268,0
DA:270,0
DA:271,0
DA:272,0
DA:273,0
DA:276,0
DA:283,0
DA:292,0
DA:293,0
DA:294,0
DA:296,0
DA:297,0
DA:299,0
DA:300,0
DA:304,0
DA:307,0
DA:308,0
DA:309,0
DA:316,0
DA:317,0
DA:321,0
DA:322,0
DA:326,0
DA:327,0
DA:328,0
DA:329,0
DA:331,0
DA:332,0
DA:337,0
DA:338,0
DA:339,0
DA:340,0
DA:341,0
DA:342,0
DA:343,0
DA:345,0
DA:348,0
DA:351,0
DA:360,0
DA:372,0
LF:110
LH:0
BRDA:20,0,0,0
BRDA:20,0,1,0
BRDA:20,1,0,0
BRDA:20,1,1,0
BRDA:20,1,2,0
BRDA:20,1,3,0
BRDA:20,1,4,0
BRDA:20,1,5,0
BRDA:20,1,6,0
BRDA:61,2,0,0
BRDA:61,2,1,0
BRDA:73,3,0,0
BRDA:73,3,1,0
BRDA:77,4,0,0
BRDA:77,4,1,0
BRDA:81,5,0,0
BRDA:81,5,1,0
BRDA:104,6,0,0
BRDA:104,6,1,0
BRDA:115,7,0,0
BRDA:115,7,1,0
BRDA:135,8,0,0
BRDA:135,8,1,0
BRDA:146,9,0,0
BRDA:146,9,1,0
BRDA:146,10,0,0
BRDA:146,10,1,0
BRDA:154,11,0,0
BRDA:154,11,1,0
BRDA:158,12,0,0
BRDA:158,12,1,0
BRDA:186,13,0,0
BRDA:186,13,1,0
BRDA:209,14,0,0
BRDA:209,14,1,0
BRDA:221,15,0,0
BRDA:221,15,1,0
BRDA:248,16,0,0
BRDA:248,16,1,0
BRDA:260,17,0,0
BRDA:260,17,1,0
BRDA:284,18,0,0
BRDA:284,18,1,0
BRDA:296,19,0,0
BRDA:296,19,1,0
BRDA:299,20,0,0
BRDA:299,20,1,0
BRDA:307,21,0,0
BRDA:307,21,1,0
BRDA:316,22,0,0
BRDA:316,22,1,0
BRDA:316,23,0,0
BRDA:316,23,1,0
BRDA:321,24,0,0
BRDA:321,24,1,0
BRDA:321,25,0,0
BRDA:321,25,1,0
BRDA:326,26,0,0
BRDA:326,26,1,0
BRDA:326,27,0,0
BRDA:326,27,1,0
BRDA:328,28,0,0
BRDA:328,28,1,0
BRDA:328,29,0,0
BRDA:328,29,1,0
BRDA:331,30,0,0
BRDA:331,30,1,0
BRDA:331,31,0,0
BRDA:331,31,1,0
BRDA:338,32,0,0
BRDA:338,32,1,0
BRDA:340,33,0,0
BRDA:340,33,1,0
BRDA:342,34,0,0
BRDA:342,34,1,0
BRDA:373,35,0,0
BRDA:373,35,1,0
BRF:77
BRH:0
end_of_record
TN:
SF:controllers\subCategory.controller.js
FN:4,(anonymous_0)
FN:47,(anonymous_1)
FN:65,(anonymous_2)
FN:107,(anonymous_3)
FNF:4
FNH:0
FNDA:0,(anonymous_0)
FNDA:0,(anonymous_1)
FNDA:0,(anonymous_2)
FNDA:0,(anonymous_3)
DA:4,0
DA:5,0
DA:6,0
DA:8,0
DA:9,0
DA:16,0
DA:22,0
DA:23,0
DA:25,0
DA:26,0
DA:27,0
DA:28,0
DA:31,0
DA:39,0
DA:47,0
DA:48,0
DA:49,0
DA:50,0
DA:57,0
DA:65,0
DA:66,0
DA:67,0
DA:69,0
DA:71,0
DA:72,0
DA:79,0
DA:85,0
DA:86,0
DA:87,0
DA:88,0
DA:91,0
DA:99,0
DA:107,0
DA:108,0
DA:109,0
DA:110,0
DA:111,0
DA:113,0
DA:114,0
DA:115,0
DA:116,0
DA:119,0
DA:126,0
LF:43
LH:0
BRDA:8,0,0,0
BRDA:8,0,1,0
BRDA:8,1,0,0
BRDA:8,1,1,0
BRDA:8,1,2,0
BRDA:40,2,0,0
BRDA:40,2,1,0
BRDA:58,3,0,0
BRDA:58,3,1,0
BRDA:71,4,0,0
BRDA:71,4,1,0
BRDA:100,5,0,0
BRDA:100,5,1,0
BRDA:127,6,0,0
BRDA:127,6,1,0
BRF:15
BRH:0
end_of_record
TN:
SF:controllers\uploadImage.controller.js
FN:3,(anonymous_0)
FNF:1
FNH:0
FNDA:0,(anonymous_0)
DA:3,0
DA:4,0
DA:5,0
DA:7,0
DA:9,0
DA:16,0
LF:6
LH:0
BRDA:17,0,0,0
BRDA:17,0,1,0
BRF:2
BRH:0
end_of_record
TN:
SF:controllers\user.controller.js
FN:12,registerUserController
FN:73,verifyEmailController
FN:106,loginController
FN:182,logoutController
FN:214,uploadAvatar
FN:245,updateUserDetails
FN:282,forgotPasswordController
FN:329,verifyForgotPasswordOtp
FN:393,resetpassword
FN:445,refreshToken
FN:499,userDetails
FNF:11
FNH:0
FNDA:0,registerUserController
FNDA:0,verifyEmailController
FNDA:0,loginController
FNDA:0,logoutController
FNDA:0,uploadAvatar
FNDA:0,updateUserDetails
FNDA:0,forgotPasswordController
FNDA:0,verifyForgotPasswordOtp
FNDA:0,resetpassword
FNDA:0,refreshToken
FNDA:0,userDetails
DA:13,0
DA:14,0
DA:16,0
DA:17,0
DA:24,0
DA:26,0
DA:27,0
DA:34,0
DA:35,0
DA:37,0
DA:43,0
DA:44,0
DA:46,0
DA:48,0
DA:57,0
DA:65,0
DA:74,0
DA:75,0
DA:77,0
DA:79,0
DA:80,0
DA:87,0
DA:91,0
DA:97,0
DA:107,0
DA:108,0
DA:111,0
DA:112,0
DA:119,0
DA:121,0
DA:122,0
DA:129,0
DA:130,0
DA:137,0
DA:139,0
DA:140,0
DA:147,0
DA:148,0
DA:150,0
DA:154,0
DA:159,0
DA:160,0
DA:162,0
DA:173,0
DA:183,0
DA:184,0
DA:186,0
DA:192,0
DA:193,0
DA:195,0
DA:199,0
DA:205,0
DA:215,0
DA:216,0
DA:217,0
DA:219,0
DA:221,0
DA:225,0
DA:236,0
DA:246,0
DA:247,0
DA:248,0
DA:250,0
DA:252,0
DA:253,0
DA:254,0
DA:257,0
DA:264,0
DA:273,0
DA:283,0
DA:284,0
DA:286,0
DA:288,0
DA:289,0
DA:296,0
DA:297,0
DA:299,0
DA:304,0
DA:313,0
DA:320,0
DA:330,0
DA:331,0
DA:333,0
DA:334,0
DA:341,0
DA:343,0
DA:344,0
DA:351,0
DA:353,0
DA:354,0
DA:361,0
DA:362,0
DA:372,0
DA:377,0
DA:384,0
DA:394,0
DA:395,0
DA:397,0
DA:398,0
DA:403,0
DA:405,0
DA:406,0
DA:413,0
DA:414,0
DA:421,0
DA:422,0
DA:424,0
DA:428,0
DA:435,0
DA:446,0
DA:447,0
DA:449,0
DA:450,0
DA:457,0
DA:459,0
DA:460,0
DA:467,0
DA:469,0
DA:471,0
DA:477,0
DA:479,0
DA:490,0
DA:500,0
DA:501,0
DA:503,0
DA:505,0
DA:507,0
DA:514,0
LF:128
LH:0
BRDA:16,0,0,0
BRDA:16,0,1,0
BRDA:16,1,0,0
BRDA:16,1,1,0
BRDA:16,1,2,0
BRDA:26,2,0,0
BRDA:26,2,1,0
BRDA:66,3,0,0
BRDA:66,3,1,0
BRDA:79,4,0,0
BRDA:79,4,1,0
BRDA:98,5,0,0
BRDA:98,5,1,0
BRDA:111,6,0,0
BRDA:111,6,1,0
BRDA:111,7,0,0
BRDA:111,7,1,0
BRDA:121,8,0,0
BRDA:121,8,1,0
BRDA:129,9,0,0
BRDA:129,9,1,0
BRDA:139,10,0,0
BRDA:139,10,1,0
BRDA:174,11,0,0
BRDA:174,11,1,0
BRDA:206,12,0,0
BRDA:206,12,1,0
BRDA:237,13,0,0
BRDA:237,13,1,0
BRDA:252,14,0,0
BRDA:252,14,1,0
BRDA:258,15,0,0
BRDA:258,15,1,0
BRDA:259,16,0,0
BRDA:259,16,1,0
BRDA:260,17,0,0
BRDA:260,17,1,0
BRDA:261,18,0,0
BRDA:261,18,1,0
BRDA:274,19,0,0
BRDA:274,19,1,0
BRDA:288,20,0,0
BRDA:288,20,1,0
BRDA:321,21,0,0
BRDA:321,21,1,0
BRDA:333,22,0,0
BRDA:333,22,1,0
BRDA:333,23,0,0
BRDA:333,23,1,0
BRDA:343,24,0,0
BRDA:343,24,1,0
BRDA:353,25,0,0
BRDA:353,25,1,0
BRDA:361,26,0,0
BRDA:361,26,1,0
BRDA:385,27,0,0
BRDA:385,27,1,0
BRDA:397,28,0,0
BRDA:397,28,1,0
BRDA:397,29,0,0
BRDA:397,29,1,0
BRDA:397,29,2,0
BRDA:405,30,0,0
BRDA:405,30,1,0
BRDA:413,31,0,0
BRDA:413,31,1,0
BRDA:436,32,0,0
BRDA:436,32,1,0
BRDA:447,33,0,0
BRDA:447,33,1,0
BRDA:449,34,0,0
BRDA:449,34,1,0
BRDA:459,35,0,0
BRDA:459,35,1,0
BRDA:491,36,0,0
BRDA:491,36,1,0
BRF:76
BRH:0
end_of_record
TN:
SF:models\address.model.js
FNF:0
FNH:0
DA:3,0
DA:38,0
LF:2
LH:0
BRF:0
BRH:0
end_of_record
TN:
SF:models\cartproduct.model.js
FNF:0
FNH:0
DA:3,1
DA:20,1
LF:2
LH:2
BRF:0
BRH:0
end_of_record
TN:
SF:models\category.model.js
FNF:0
FNH:0
DA:3,0
DA:16,0
LF:2
LH:0
BRF:0
BRH:0
end_of_record
TN:
SF:models\order.model.js
FNF:0
FNH:0
DA:5,1
DA:58,1
LF:2
LH:2
BRF:0
BRH:0
end_of_record
TN:
SF:models\product.model.js
FNF:0
FNH:0
DA:3,1
DA:60,1
DA:61,1
DA:62,1
DA:63,1
DA:64,1
DA:65,1
DA:68,1
DA:69,1
DA:71,1
LF:10
LH:10
BRF:0
BRH:0
end_of_record
TN:
SF:models\subCategory.model.js
FNF:0
FNH:0
DA:3,0
DA:22,0
LF:2
LH:0
BRF:0
BRH:0
end_of_record
TN:
SF:models\user.model.js
FNF:0
FNH:0
DA:3,2
DA:77,2
LF:2
LH:2
BRF:0
BRH:0
end_of_record
TN:
SF:utils\forgotPasswordTemplate.js
FN:1,(anonymous_0)
FNF:1
FNH:0
FNDA:0,(anonymous_0)
DA:1,0
DA:2,0
LF:2
LH:0
BRF:0
BRH:0
end_of_record
TN:
SF:utils\generatedAccessToken.js
FN:3,(anonymous_0)
FNF:1
FNH:0
FNDA:0,(anonymous_0)
DA:3,1
DA:4,0
DA:9,0
LF:3
LH:1
BRF:0
BRH:0
end_of_record
TN:
SF:utils\generatedOtp.js
FN:1,(anonymous_0)
FNF:1
FNH:0
FNDA:0,(anonymous_0)
DA:1,0
DA:2,0
LF:2
LH:0
BRF:0
BRH:0
end_of_record
TN:
SF:utils\generatedRefreshToken.js
FN:4,(anonymous_0)
FNF:1
FNH:0
FNDA:0,(anonymous_0)
DA:4,1
DA:5,0
DA:10,0
DA:17,0
LF:4
LH:1
BRF:0
BRH:0
end_of_record
TN:
SF:utils\seedProducts.js
FNF:0
FNH:0
LF:0
LH:0
BRF:0
BRH:0
end_of_record
TN:
SF:utils\seedUsers.js
FNF:0
FNH:0
LF:0
LH:0
BRF:0
BRH:0
end_of_record
TN:
SF:utils\uploadImageClodinary.js
FN:9,(anonymous_0)
FN:12,(anonymous_1)
FN:13,(anonymous_2)
FNF:3
FNH:0
FNDA:0,(anonymous_0)
FNDA:0,(anonymous_1)
FNDA:0,(anonymous_2)
DA:3,0
DA:9,0
DA:10,0
DA:12,0
DA:13,0
DA:14,0
DA:18,0
LF:7
LH:0
BRDA:10,0,0,0
BRDA:10,0,1,0
BRF:2
BRH:0
end_of_record
TN:
SF:utils\verifyEmailTemplate.js
FN:1,(anonymous_0)
FNF:1
FNH:0
FNDA:0,(anonymous_0)
DA:1,0
DA:2,0
LF:2
LH:0
BRF:0
BRH:0
end_of_record
