{"D:\\taphoa_test\\server\\controllers\\address.controller.js": {"path":"D:\\taphoa_test\\server\\controllers\\address.controller.js","statementMap":{"0":{"start":{"line":4,"column":36},"end":{"line":40,"column":1}},"1":{"start":{"line":5,"column":4},"end":{"line":39,"column":5}},"2":{"start":{"line":6,"column":23},"end":{"line":6,"column":37}},"3":{"start":{"line":7,"column":72},"end":{"line":7,"column":84}},"4":{"start":{"line":9,"column":30},"end":{"line":17,"column":10}},"5":{"start":{"line":18,"column":28},"end":{"line":18,"column":54}},"6":{"start":{"line":20,"column":33},"end":{"line":24,"column":10}},"7":{"start":{"line":26,"column":8},"end":{"line":31,"column":10}},"8":{"start":{"line":34,"column":8},"end":{"line":38,"column":10}},"9":{"start":{"line":42,"column":36},"end":{"line":61,"column":1}},"10":{"start":{"line":43,"column":4},"end":{"line":60,"column":5}},"11":{"start":{"line":44,"column":23},"end":{"line":44,"column":37}},"12":{"start":{"line":46,"column":21},"end":{"line":46,"column":89}},"13":{"start":{"line":48,"column":8},"end":{"line":53,"column":10}},"14":{"start":{"line":55,"column":8},"end":{"line":59,"column":10}},"15":{"start":{"line":63,"column":39},"end":{"line":90,"column":1}},"16":{"start":{"line":64,"column":4},"end":{"line":89,"column":5}},"17":{"start":{"line":65,"column":23},"end":{"line":65,"column":37}},"18":{"start":{"line":66,"column":73},"end":{"line":66,"column":85}},"19":{"start":{"line":68,"column":30},"end":{"line":75,"column":10}},"20":{"start":{"line":77,"column":8},"end":{"line":82,"column":10}},"21":{"start":{"line":84,"column":8},"end":{"line":88,"column":10}},"22":{"start":{"line":92,"column":39},"end":{"line":114,"column":1}},"23":{"start":{"line":93,"column":4},"end":{"line":113,"column":5}},"24":{"start":{"line":94,"column":23},"end":{"line":94,"column":37}},"25":{"start":{"line":95,"column":24},"end":{"line":95,"column":36}},"26":{"start":{"line":97,"column":31},"end":{"line":99,"column":10}},"27":{"start":{"line":101,"column":8},"end":{"line":106,"column":10}},"28":{"start":{"line":108,"column":8},"end":{"line":112,"column":10}}},"fnMap":{"0":{"name":"(anonymous_0)","decl":{"start":{"line":4,"column":36},"end":{"line":4,"column":37}},"loc":{"start":{"line":4,"column":61},"end":{"line":40,"column":1}},"line":4},"1":{"name":"(anonymous_1)","decl":{"start":{"line":42,"column":36},"end":{"line":42,"column":37}},"loc":{"start":{"line":42,"column":61},"end":{"line":61,"column":1}},"line":42},"2":{"name":"(anonymous_2)","decl":{"start":{"line":63,"column":39},"end":{"line":63,"column":40}},"loc":{"start":{"line":63,"column":64},"end":{"line":90,"column":1}},"line":63},"3":{"name":"(anonymous_3)","decl":{"start":{"line":92,"column":39},"end":{"line":92,"column":40}},"loc":{"start":{"line":92,"column":64},"end":{"line":114,"column":1}},"line":92}},"branchMap":{"0":{"loc":{"start":{"line":35,"column":22},"end":{"line":35,"column":44}},"type":"binary-expr","locations":[{"start":{"line":35,"column":22},"end":{"line":35,"column":35}},{"start":{"line":35,"column":39},"end":{"line":35,"column":44}}],"line":35},"1":{"loc":{"start":{"line":56,"column":22},"end":{"line":56,"column":44}},"type":"binary-expr","locations":[{"start":{"line":56,"column":22},"end":{"line":56,"column":35}},{"start":{"line":56,"column":39},"end":{"line":56,"column":44}}],"line":56},"2":{"loc":{"start":{"line":85,"column":22},"end":{"line":85,"column":44}},"type":"binary-expr","locations":[{"start":{"line":85,"column":22},"end":{"line":85,"column":35}},{"start":{"line":85,"column":39},"end":{"line":85,"column":44}}],"line":85},"3":{"loc":{"start":{"line":109,"column":22},"end":{"line":109,"column":44}},"type":"binary-expr","locations":[{"start":{"line":109,"column":22},"end":{"line":109,"column":35}},{"start":{"line":109,"column":39},"end":{"line":109,"column":44}}],"line":109}},"s":{"0":1,"1":0,"2":0,"3":0,"4":0,"5":0,"6":0,"7":0,"8":0,"9":1,"10":0,"11":0,"12":0,"13":0,"14":0,"15":1,"16":0,"17":0,"18":0,"19":0,"20":0,"21":0,"22":1,"23":0,"24":0,"25":0,"26":0,"27":0,"28":0},"f":{"0":0,"1":0,"2":0,"3":0},"b":{"0":[0,0],"1":[0,0],"2":[0,0],"3":[0,0]},"_coverageSchema":"1a1c01bbd47fc00a2c39e90264f33305004495a9","hash":"575bb91bce133f6314fa3cdf758bc10d5fe4c731"}
,"D:\\taphoa_test\\server\\controllers\\admin.controller.js": {"path":"D:\\taphoa_test\\server\\controllers\\admin.controller.js","statementMap":{"0":{"start":{"line":8,"column":4},"end":{"line":80,"column":5}},"1":{"start":{"line":9,"column":36},"end":{"line":9,"column":48}},"2":{"start":{"line":12,"column":8},"end":{"line":18,"column":9}},"3":{"start":{"line":13,"column":12},"end":{"line":17,"column":14}},"4":{"start":{"line":20,"column":22},"end":{"line":20,"column":56}},"5":{"start":{"line":22,"column":8},"end":{"line":28,"column":9}},"6":{"start":{"line":23,"column":12},"end":{"line":27,"column":14}},"7":{"start":{"line":30,"column":8},"end":{"line":36,"column":9}},"8":{"start":{"line":31,"column":12},"end":{"line":35,"column":15}},"9":{"start":{"line":39,"column":30},"end":{"line":39,"column":78}},"10":{"start":{"line":41,"column":8},"end":{"line":47,"column":9}},"11":{"start":{"line":42,"column":12},"end":{"line":46,"column":14}},"12":{"start":{"line":49,"column":28},"end":{"line":49,"column":65}},"13":{"start":{"line":50,"column":29},"end":{"line":50,"column":66}},"14":{"start":{"line":52,"column":27},"end":{"line":54,"column":10}},"15":{"start":{"line":56,"column":30},"end":{"line":60,"column":9}},"16":{"start":{"line":61,"column":8},"end":{"line":61,"column":66}},"17":{"start":{"line":62,"column":8},"end":{"line":62,"column":68}},"18":{"start":{"line":64,"column":8},"end":{"line":72,"column":10}},"19":{"start":{"line":75,"column":8},"end":{"line":79,"column":10}},"20":{"start":{"line":86,"column":4},"end":{"line":113,"column":5}},"21":{"start":{"line":87,"column":23},"end":{"line":87,"column":37}},"22":{"start":{"line":89,"column":30},"end":{"line":93,"column":9}},"23":{"start":{"line":95,"column":8},"end":{"line":95,"column":58}},"24":{"start":{"line":96,"column":8},"end":{"line":96,"column":59}},"25":{"start":{"line":98,"column":35},"end":{"line":100,"column":10}},"26":{"start":{"line":102,"column":8},"end":{"line":106,"column":10}},"27":{"start":{"line":108,"column":8},"end":{"line":112,"column":10}}},"fnMap":{"0":{"name":"AdminloginController","decl":{"start":{"line":7,"column":22},"end":{"line":7,"column":42}},"loc":{"start":{"line":7,"column":62},"end":{"line":81,"column":1}},"line":7},"1":{"name":"AdminlogoutController","decl":{"start":{"line":85,"column":22},"end":{"line":85,"column":43}},"loc":{"start":{"line":85,"column":63},"end":{"line":114,"column":1}},"line":85}},"branchMap":{"0":{"loc":{"start":{"line":12,"column":8},"end":{"line":18,"column":9}},"type":"if","locations":[{"start":{"line":12,"column":8},"end":{"line":18,"column":9}},{"start":{},"end":{}}],"line":12},"1":{"loc":{"start":{"line":12,"column":12},"end":{"line":12,"column":31}},"type":"binary-expr","locations":[{"start":{"line":12,"column":12},"end":{"line":12,"column":18}},{"start":{"line":12,"column":22},"end":{"line":12,"column":31}}],"line":12},"2":{"loc":{"start":{"line":22,"column":8},"end":{"line":28,"column":9}},"type":"if","locations":[{"start":{"line":22,"column":8},"end":{"line":28,"column":9}},{"start":{},"end":{}}],"line":22},"3":{"loc":{"start":{"line":30,"column":8},"end":{"line":36,"column":9}},"type":"if","locations":[{"start":{"line":30,"column":8},"end":{"line":36,"column":9}},{"start":{},"end":{}}],"line":30},"4":{"loc":{"start":{"line":41,"column":8},"end":{"line":47,"column":9}},"type":"if","locations":[{"start":{"line":41,"column":8},"end":{"line":47,"column":9}},{"start":{},"end":{}}],"line":41},"5":{"loc":{"start":{"line":109,"column":21},"end":{"line":109,"column":43}},"type":"binary-expr","locations":[{"start":{"line":109,"column":21},"end":{"line":109,"column":34}},{"start":{"line":109,"column":38},"end":{"line":109,"column":43}}],"line":109}},"s":{"0":0,"1":0,"2":0,"3":0,"4":0,"5":0,"6":0,"7":0,"8":0,"9":0,"10":0,"11":0,"12":0,"13":0,"14":0,"15":0,"16":0,"17":0,"18":0,"19":0,"20":0,"21":0,"22":0,"23":0,"24":0,"25":0,"26":0,"27":0},"f":{"0":0,"1":0},"b":{"0":[0,0],"1":[0,0],"2":[0,0],"3":[0,0],"4":[0,0],"5":[0,0]},"_coverageSchema":"1a1c01bbd47fc00a2c39e90264f33305004495a9","hash":"74404c770127fa309e55cd6b520146d1644949fd"}
,"D:\\taphoa_test\\server\\controllers\\cart.controller.js": {"path":"D:\\taphoa_test\\server\\controllers\\cart.controller.js","statementMap":{"0":{"start":{"line":5,"column":39},"end":{"line":84,"column":1}},"1":{"start":{"line":6,"column":4},"end":{"line":83,"column":5}},"2":{"start":{"line":7,"column":23},"end":{"line":7,"column":37}},"3":{"start":{"line":8,"column":30},"end":{"line":8,"column":42}},"4":{"start":{"line":10,"column":8},"end":{"line":16,"column":9}},"5":{"start":{"line":11,"column":12},"end":{"line":15,"column":14}},"6":{"start":{"line":19,"column":24},"end":{"line":19,"column":62}},"7":{"start":{"line":21,"column":8},"end":{"line":27,"column":9}},"8":{"start":{"line":22,"column":12},"end":{"line":26,"column":14}},"9":{"start":{"line":29,"column":8},"end":{"line":35,"column":9}},"10":{"start":{"line":30,"column":12},"end":{"line":34,"column":14}},"11":{"start":{"line":37,"column":8},"end":{"line":43,"column":9}},"12":{"start":{"line":38,"column":12},"end":{"line":42,"column":14}},"13":{"start":{"line":45,"column":30},"end":{"line":48,"column":10}},"14":{"start":{"line":50,"column":8},"end":{"line":54,"column":9}},"15":{"start":{"line":51,"column":12},"end":{"line":53,"column":14}},"16":{"start":{"line":56,"column":25},"end":{"line":60,"column":10}},"17":{"start":{"line":61,"column":21},"end":{"line":61,"column":42}},"18":{"start":{"line":63,"column":31},"end":{"line":67,"column":10}},"19":{"start":{"line":69,"column":8},"end":{"line":74,"column":10}},"20":{"start":{"line":78,"column":8},"end":{"line":82,"column":10}},"21":{"start":{"line":87,"column":37},"end":{"line":138,"column":1}},"22":{"start":{"line":88,"column":4},"end":{"line":137,"column":5}},"23":{"start":{"line":89,"column":23},"end":{"line":89,"column":37}},"24":{"start":{"line":91,"column":25},"end":{"line":93,"column":32}},"25":{"start":{"line":96,"column":36},"end":{"line":112,"column":10}},"26":{"start":{"line":97,"column":28},"end":{"line":97,"column":42}},"27":{"start":{"line":98,"column":12},"end":{"line":105,"column":13}},"28":{"start":{"line":99,"column":16},"end":{"line":104,"column":17}},"29":{"start":{"line":106,"column":12},"end":{"line":111,"column":13}},"30":{"start":{"line":115,"column":34},"end":{"line":115,"column":96}},"31":{"start":{"line":115,"column":69},"end":{"line":115,"column":88}},"32":{"start":{"line":116,"column":32},"end":{"line":116,"column":92}},"33":{"start":{"line":116,"column":67},"end":{"line":116,"column":84}},"34":{"start":{"line":117,"column":28},"end":{"line":117,"column":77}},"35":{"start":{"line":117,"column":62},"end":{"line":117,"column":76}},"36":{"start":{"line":119,"column":8},"end":{"line":129,"column":10}},"37":{"start":{"line":132,"column":8},"end":{"line":136,"column":10}},"38":{"start":{"line":141,"column":43},"end":{"line":213,"column":1}},"39":{"start":{"line":142,"column":4},"end":{"line":212,"column":5}},"40":{"start":{"line":143,"column":23},"end":{"line":143,"column":37}},"41":{"start":{"line":144,"column":29},"end":{"line":144,"column":41}},"42":{"start":{"line":146,"column":8},"end":{"line":150,"column":9}},"43":{"start":{"line":147,"column":12},"end":{"line":149,"column":14}},"44":{"start":{"line":153,"column":25},"end":{"line":156,"column":32}},"45":{"start":{"line":158,"column":8},"end":{"line":164,"column":9}},"46":{"start":{"line":159,"column":12},"end":{"line":163,"column":14}},"47":{"start":{"line":167,"column":8},"end":{"line":173,"column":9}},"48":{"start":{"line":168,"column":12},"end":{"line":172,"column":14}},"49":{"start":{"line":175,"column":8},"end":{"line":181,"column":9}},"50":{"start":{"line":176,"column":12},"end":{"line":180,"column":14}},"51":{"start":{"line":184,"column":8},"end":{"line":190,"column":9}},"52":{"start":{"line":185,"column":12},"end":{"line":189,"column":14}},"53":{"start":{"line":192,"column":31},"end":{"line":197,"column":10}},"54":{"start":{"line":199,"column":8},"end":{"line":204,"column":10}},"55":{"start":{"line":207,"column":8},"end":{"line":211,"column":10}},"56":{"start":{"line":215,"column":43},"end":{"line":244,"column":1}},"57":{"start":{"line":216,"column":4},"end":{"line":243,"column":5}},"58":{"start":{"line":217,"column":21},"end":{"line":217,"column":35}},"59":{"start":{"line":218,"column":22},"end":{"line":218,"column":34}},"60":{"start":{"line":220,"column":6},"end":{"line":226,"column":7}},"61":{"start":{"line":221,"column":8},"end":{"line":225,"column":10}},"62":{"start":{"line":228,"column":29},"end":{"line":228,"column":92}},"63":{"start":{"line":230,"column":6},"end":{"line":235,"column":8}},"64":{"start":{"line":238,"column":8},"end":{"line":242,"column":10}},"65":{"start":{"line":247,"column":39},"end":{"line":316,"column":1}},"66":{"start":{"line":248,"column":4},"end":{"line":315,"column":5}},"67":{"start":{"line":249,"column":23},"end":{"line":249,"column":37}},"68":{"start":{"line":251,"column":26},"end":{"line":253,"column":32}},"69":{"start":{"line":256,"column":23},"end":{"line":256,"column":25}},"70":{"start":{"line":258,"column":8},"end":{"line":297,"column":9}},"71":{"start":{"line":259,"column":28},"end":{"line":259,"column":42}},"72":{"start":{"line":261,"column":12},"end":{"line":269,"column":13}},"73":{"start":{"line":262,"column":16},"end":{"line":267,"column":18}},"74":{"start":{"line":268,"column":16},"end":{"line":268,"column":24}},"75":{"start":{"line":271,"column":12},"end":{"line":278,"column":13}},"76":{"start":{"line":272,"column":16},"end":{"line":277,"column":18}},"77":{"start":{"line":280,"column":12},"end":{"line":287,"column":13}},"78":{"start":{"line":281,"column":16},"end":{"line":286,"column":18}},"79":{"start":{"line":289,"column":12},"end":{"line":296,"column":13}},"80":{"start":{"line":290,"column":16},"end":{"line":295,"column":18}},"81":{"start":{"line":299,"column":28},"end":{"line":299,"column":47}},"82":{"start":{"line":301,"column":8},"end":{"line":307,"column":10}},"83":{"start":{"line":310,"column":8},"end":{"line":314,"column":10}}},"fnMap":{"0":{"name":"(anonymous_0)","decl":{"start":{"line":5,"column":39},"end":{"line":5,"column":40}},"loc":{"start":{"line":5,"column":64},"end":{"line":84,"column":1}},"line":5},"1":{"name":"(anonymous_1)","decl":{"start":{"line":87,"column":37},"end":{"line":87,"column":38}},"loc":{"start":{"line":87,"column":62},"end":{"line":138,"column":1}},"line":87},"2":{"name":"(anonymous_2)","decl":{"start":{"line":96,"column":49},"end":{"line":96,"column":50}},"loc":{"start":{"line":96,"column":57},"end":{"line":112,"column":9}},"line":96},"3":{"name":"(anonymous_3)","decl":{"start":{"line":115,"column":61},"end":{"line":115,"column":62}},"loc":{"start":{"line":115,"column":69},"end":{"line":115,"column":88}},"line":115},"4":{"name":"(anonymous_4)","decl":{"start":{"line":116,"column":59},"end":{"line":116,"column":60}},"loc":{"start":{"line":116,"column":67},"end":{"line":116,"column":84}},"line":116},"5":{"name":"(anonymous_5)","decl":{"start":{"line":117,"column":54},"end":{"line":117,"column":55}},"loc":{"start":{"line":117,"column":62},"end":{"line":117,"column":76}},"line":117},"6":{"name":"(anonymous_6)","decl":{"start":{"line":141,"column":43},"end":{"line":141,"column":44}},"loc":{"start":{"line":141,"column":68},"end":{"line":213,"column":1}},"line":141},"7":{"name":"(anonymous_7)","decl":{"start":{"line":215,"column":43},"end":{"line":215,"column":44}},"loc":{"start":{"line":215,"column":68},"end":{"line":244,"column":1}},"line":215},"8":{"name":"(anonymous_8)","decl":{"start":{"line":247,"column":39},"end":{"line":247,"column":40}},"loc":{"start":{"line":247,"column":67},"end":{"line":316,"column":1}},"line":247}},"branchMap":{"0":{"loc":{"start":{"line":10,"column":8},"end":{"line":16,"column":9}},"type":"if","locations":[{"start":{"line":10,"column":8},"end":{"line":16,"column":9}},{"start":{},"end":{}}],"line":10},"1":{"loc":{"start":{"line":21,"column":8},"end":{"line":27,"column":9}},"type":"if","locations":[{"start":{"line":21,"column":8},"end":{"line":27,"column":9}},{"start":{},"end":{}}],"line":21},"2":{"loc":{"start":{"line":29,"column":8},"end":{"line":35,"column":9}},"type":"if","locations":[{"start":{"line":29,"column":8},"end":{"line":35,"column":9}},{"start":{},"end":{}}],"line":29},"3":{"loc":{"start":{"line":37,"column":8},"end":{"line":43,"column":9}},"type":"if","locations":[{"start":{"line":37,"column":8},"end":{"line":43,"column":9}},{"start":{},"end":{}}],"line":37},"4":{"loc":{"start":{"line":50,"column":8},"end":{"line":54,"column":9}},"type":"if","locations":[{"start":{"line":50,"column":8},"end":{"line":54,"column":9}},{"start":{},"end":{}}],"line":50},"5":{"loc":{"start":{"line":79,"column":22},"end":{"line":79,"column":44}},"type":"binary-expr","locations":[{"start":{"line":79,"column":22},"end":{"line":79,"column":35}},{"start":{"line":79,"column":39},"end":{"line":79,"column":44}}],"line":79},"6":{"loc":{"start":{"line":98,"column":12},"end":{"line":105,"column":13}},"type":"if","locations":[{"start":{"line":98,"column":12},"end":{"line":105,"column":13}},{"start":{},"end":{}}],"line":98},"7":{"loc":{"start":{"line":110,"column":26},"end":{"line":110,"column":64}},"type":"binary-expr","locations":[{"start":{"line":110,"column":26},"end":{"line":110,"column":42}},{"start":{"line":110,"column":46},"end":{"line":110,"column":64}}],"line":110},"8":{"loc":{"start":{"line":133,"column":22},"end":{"line":133,"column":44}},"type":"binary-expr","locations":[{"start":{"line":133,"column":22},"end":{"line":133,"column":35}},{"start":{"line":133,"column":39},"end":{"line":133,"column":44}}],"line":133},"9":{"loc":{"start":{"line":146,"column":8},"end":{"line":150,"column":9}},"type":"if","locations":[{"start":{"line":146,"column":8},"end":{"line":150,"column":9}},{"start":{},"end":{}}],"line":146},"10":{"loc":{"start":{"line":146,"column":11},"end":{"line":146,"column":23}},"type":"binary-expr","locations":[{"start":{"line":146,"column":11},"end":{"line":146,"column":15}},{"start":{"line":146,"column":19},"end":{"line":146,"column":23}}],"line":146},"11":{"loc":{"start":{"line":158,"column":8},"end":{"line":164,"column":9}},"type":"if","locations":[{"start":{"line":158,"column":8},"end":{"line":164,"column":9}},{"start":{},"end":{}}],"line":158},"12":{"loc":{"start":{"line":167,"column":8},"end":{"line":173,"column":9}},"type":"if","locations":[{"start":{"line":167,"column":8},"end":{"line":173,"column":9}},{"start":{},"end":{}}],"line":167},"13":{"loc":{"start":{"line":175,"column":8},"end":{"line":181,"column":9}},"type":"if","locations":[{"start":{"line":175,"column":8},"end":{"line":181,"column":9}},{"start":{},"end":{}}],"line":175},"14":{"loc":{"start":{"line":184,"column":8},"end":{"line":190,"column":9}},"type":"if","locations":[{"start":{"line":184,"column":8},"end":{"line":190,"column":9}},{"start":{},"end":{}}],"line":184},"15":{"loc":{"start":{"line":208,"column":22},"end":{"line":208,"column":44}},"type":"binary-expr","locations":[{"start":{"line":208,"column":22},"end":{"line":208,"column":35}},{"start":{"line":208,"column":39},"end":{"line":208,"column":44}}],"line":208},"16":{"loc":{"start":{"line":220,"column":6},"end":{"line":226,"column":7}},"type":"if","locations":[{"start":{"line":220,"column":6},"end":{"line":226,"column":7}},{"start":{},"end":{}}],"line":220},"17":{"loc":{"start":{"line":239,"column":22},"end":{"line":239,"column":44}},"type":"binary-expr","locations":[{"start":{"line":239,"column":22},"end":{"line":239,"column":35}},{"start":{"line":239,"column":39},"end":{"line":239,"column":44}}],"line":239},"18":{"loc":{"start":{"line":261,"column":12},"end":{"line":269,"column":13}},"type":"if","locations":[{"start":{"line":261,"column":12},"end":{"line":269,"column":13}},{"start":{},"end":{}}],"line":261},"19":{"loc":{"start":{"line":271,"column":12},"end":{"line":278,"column":13}},"type":"if","locations":[{"start":{"line":271,"column":12},"end":{"line":278,"column":13}},{"start":{},"end":{}}],"line":271},"20":{"loc":{"start":{"line":280,"column":12},"end":{"line":287,"column":13}},"type":"if","locations":[{"start":{"line":280,"column":12},"end":{"line":287,"column":13}},{"start":{},"end":{}}],"line":280},"21":{"loc":{"start":{"line":289,"column":12},"end":{"line":296,"column":13}},"type":"if","locations":[{"start":{"line":289,"column":12},"end":{"line":296,"column":13}},{"start":{},"end":{}}],"line":289},"22":{"loc":{"start":{"line":289,"column":15},"end":{"line":289,"column":65}},"type":"binary-expr","locations":[{"start":{"line":289,"column":15},"end":{"line":289,"column":32}},{"start":{"line":289,"column":36},"end":{"line":289,"column":65}}],"line":289},"23":{"loc":{"start":{"line":304,"column":21},"end":{"line":304,"column":79}},"type":"cond-expr","locations":[{"start":{"line":304,"column":35},"end":{"line":304,"column":52}},{"start":{"line":304,"column":55},"end":{"line":304,"column":79}}],"line":304},"24":{"loc":{"start":{"line":311,"column":21},"end":{"line":311,"column":43}},"type":"binary-expr","locations":[{"start":{"line":311,"column":21},"end":{"line":311,"column":34}},{"start":{"line":311,"column":38},"end":{"line":311,"column":43}}],"line":311}},"s":{"0":1,"1":0,"2":0,"3":0,"4":0,"5":0,"6":0,"7":0,"8":0,"9":0,"10":0,"11":0,"12":0,"13":0,"14":0,"15":0,"16":0,"17":0,"18":0,"19":0,"20":0,"21":1,"22":0,"23":0,"24":0,"25":0,"26":0,"27":0,"28":0,"29":0,"30":0,"31":0,"32":0,"33":0,"34":0,"35":0,"36":0,"37":0,"38":1,"39":0,"40":0,"41":0,"42":0,"43":0,"44":0,"45":0,"46":0,"47":0,"48":0,"49":0,"50":0,"51":0,"52":0,"53":0,"54":0,"55":0,"56":1,"57":0,"58":0,"59":0,"60":0,"61":0,"62":0,"63":0,"64":0,"65":1,"66":0,"67":0,"68":0,"69":0,"70":0,"71":0,"72":0,"73":0,"74":0,"75":0,"76":0,"77":0,"78":0,"79":0,"80":0,"81":0,"82":0,"83":0},"f":{"0":0,"1":0,"2":0,"3":0,"4":0,"5":0,"6":0,"7":0,"8":0},"b":{"0":[0,0],"1":[0,0],"2":[0,0],"3":[0,0],"4":[0,0],"5":[0,0],"6":[0,0],"7":[0,0],"8":[0,0],"9":[0,0],"10":[0,0],"11":[0,0],"12":[0,0],"13":[0,0],"14":[0,0],"15":[0,0],"16":[0,0],"17":[0,0],"18":[0,0],"19":[0,0],"20":[0,0],"21":[0,0],"22":[0,0],"23":[0,0],"24":[0,0]},"_coverageSchema":"1a1c01bbd47fc00a2c39e90264f33305004495a9","hash":"e535ba701e3f7af067f457f72590875e573a2dd4"}
,"D:\\taphoa_test\\server\\controllers\\category.controller.js": {"path":"D:\\taphoa_test\\server\\controllers\\category.controller.js","statementMap":{"0":{"start":{"line":5,"column":37},"end":{"line":46,"column":1}},"1":{"start":{"line":6,"column":4},"end":{"line":45,"column":5}},"2":{"start":{"line":7,"column":33},"end":{"line":7,"column":45}},"3":{"start":{"line":9,"column":8},"end":{"line":15,"column":9}},"4":{"start":{"line":10,"column":12},"end":{"line":14,"column":14}},"5":{"start":{"line":17,"column":28},"end":{"line":20,"column":10}},"6":{"start":{"line":22,"column":29},"end":{"line":22,"column":53}},"7":{"start":{"line":24,"column":8},"end":{"line":30,"column":9}},"8":{"start":{"line":25,"column":12},"end":{"line":29,"column":14}},"9":{"start":{"line":32,"column":8},"end":{"line":37,"column":10}},"10":{"start":{"line":40,"column":8},"end":{"line":44,"column":10}},"11":{"start":{"line":48,"column":37},"end":{"line":65,"column":1}},"12":{"start":{"line":49,"column":4},"end":{"line":64,"column":5}},"13":{"start":{"line":51,"column":21},"end":{"line":51,"column":72}},"14":{"start":{"line":53,"column":8},"end":{"line":57,"column":10}},"15":{"start":{"line":59,"column":8},"end":{"line":63,"column":10}},"16":{"start":{"line":67,"column":40},"end":{"line":91,"column":1}},"17":{"start":{"line":68,"column":4},"end":{"line":90,"column":5}},"18":{"start":{"line":69,"column":37},"end":{"line":69,"column":49}},"19":{"start":{"line":71,"column":23},"end":{"line":76,"column":10}},"20":{"start":{"line":78,"column":8},"end":{"line":83,"column":10}},"21":{"start":{"line":85,"column":8},"end":{"line":89,"column":10}},"22":{"start":{"line":93,"column":40},"end":{"line":133,"column":1}},"23":{"start":{"line":94,"column":4},"end":{"line":132,"column":5}},"24":{"start":{"line":95,"column":24},"end":{"line":95,"column":36}},"25":{"start":{"line":97,"column":33},"end":{"line":101,"column":27}},"26":{"start":{"line":103,"column":29},"end":{"line":107,"column":27}},"27":{"start":{"line":109,"column":8},"end":{"line":115,"column":9}},"28":{"start":{"line":110,"column":12},"end":{"line":114,"column":14}},"29":{"start":{"line":117,"column":31},"end":{"line":117,"column":74}},"30":{"start":{"line":119,"column":8},"end":{"line":124,"column":10}},"31":{"start":{"line":127,"column":7},"end":{"line":131,"column":9}}},"fnMap":{"0":{"name":"(anonymous_0)","decl":{"start":{"line":5,"column":37},"end":{"line":5,"column":38}},"loc":{"start":{"line":5,"column":62},"end":{"line":46,"column":1}},"line":5},"1":{"name":"(anonymous_1)","decl":{"start":{"line":48,"column":37},"end":{"line":48,"column":38}},"loc":{"start":{"line":48,"column":62},"end":{"line":65,"column":1}},"line":48},"2":{"name":"(anonymous_2)","decl":{"start":{"line":67,"column":40},"end":{"line":67,"column":41}},"loc":{"start":{"line":67,"column":65},"end":{"line":91,"column":1}},"line":67},"3":{"name":"(anonymous_3)","decl":{"start":{"line":93,"column":40},"end":{"line":93,"column":41}},"loc":{"start":{"line":93,"column":65},"end":{"line":133,"column":1}},"line":93}},"branchMap":{"0":{"loc":{"start":{"line":9,"column":8},"end":{"line":15,"column":9}},"type":"if","locations":[{"start":{"line":9,"column":8},"end":{"line":15,"column":9}},{"start":{},"end":{}}],"line":9},"1":{"loc":{"start":{"line":9,"column":11},"end":{"line":9,"column":26}},"type":"binary-expr","locations":[{"start":{"line":9,"column":11},"end":{"line":9,"column":16}},{"start":{"line":9,"column":20},"end":{"line":9,"column":26}}],"line":9},"2":{"loc":{"start":{"line":24,"column":8},"end":{"line":30,"column":9}},"type":"if","locations":[{"start":{"line":24,"column":8},"end":{"line":30,"column":9}},{"start":{},"end":{}}],"line":24},"3":{"loc":{"start":{"line":41,"column":22},"end":{"line":41,"column":44}},"type":"binary-expr","locations":[{"start":{"line":41,"column":22},"end":{"line":41,"column":35}},{"start":{"line":41,"column":39},"end":{"line":41,"column":44}}],"line":41},"4":{"loc":{"start":{"line":60,"column":22},"end":{"line":60,"column":45}},"type":"binary-expr","locations":[{"start":{"line":60,"column":22},"end":{"line":60,"column":36}},{"start":{"line":60,"column":40},"end":{"line":60,"column":45}}],"line":60},"5":{"loc":{"start":{"line":86,"column":22},"end":{"line":86,"column":44}},"type":"binary-expr","locations":[{"start":{"line":86,"column":22},"end":{"line":86,"column":35}},{"start":{"line":86,"column":39},"end":{"line":86,"column":44}}],"line":86},"6":{"loc":{"start":{"line":109,"column":8},"end":{"line":115,"column":9}},"type":"if","locations":[{"start":{"line":109,"column":8},"end":{"line":115,"column":9}},{"start":{},"end":{}}],"line":109},"7":{"loc":{"start":{"line":109,"column":11},"end":{"line":109,"column":52}},"type":"binary-expr","locations":[{"start":{"line":109,"column":11},"end":{"line":109,"column":32}},{"start":{"line":109,"column":36},"end":{"line":109,"column":52}}],"line":109},"8":{"loc":{"start":{"line":128,"column":22},"end":{"line":128,"column":44}},"type":"binary-expr","locations":[{"start":{"line":128,"column":22},"end":{"line":128,"column":35}},{"start":{"line":128,"column":39},"end":{"line":128,"column":44}}],"line":128}},"s":{"0":1,"1":0,"2":0,"3":0,"4":0,"5":0,"6":0,"7":0,"8":0,"9":0,"10":0,"11":1,"12":0,"13":0,"14":0,"15":0,"16":1,"17":0,"18":0,"19":0,"20":0,"21":0,"22":1,"23":0,"24":0,"25":0,"26":0,"27":0,"28":0,"29":0,"30":0,"31":0},"f":{"0":0,"1":0,"2":0,"3":0},"b":{"0":[0,0],"1":[0,0],"2":[0,0],"3":[0,0],"4":[0,0],"5":[0,0],"6":[0,0],"7":[0,0],"8":[0,0]},"_coverageSchema":"1a1c01bbd47fc00a2c39e90264f33305004495a9","hash":"8cf1b253f6a4eed62a06f95aae72a7a1b2d88907"}
,"D:\\taphoa_test\\server\\controllers\\order.controller.js": {"path":"D:\\taphoa_test\\server\\controllers\\order.controller.js","statementMap":{"0":{"start":{"line":14,"column":25},"end":{"line":14,"column":27}},"1":{"start":{"line":15,"column":19},"end":{"line":15,"column":21}},"2":{"start":{"line":17,"column":4},"end":{"line":71,"column":5}},"3":{"start":{"line":18,"column":8},"end":{"line":70,"column":9}},"4":{"start":{"line":19,"column":30},"end":{"line":19,"column":67}},"5":{"start":{"line":20,"column":28},"end":{"line":20,"column":66}},"6":{"start":{"line":22,"column":12},"end":{"line":29,"column":13}},"7":{"start":{"line":23,"column":16},"end":{"line":27,"column":19}},"8":{"start":{"line":28,"column":16},"end":{"line":28,"column":25}},"9":{"start":{"line":31,"column":12},"end":{"line":38,"column":13}},"10":{"start":{"line":32,"column":16},"end":{"line":36,"column":19}},"11":{"start":{"line":37,"column":16},"end":{"line":37,"column":25}},"12":{"start":{"line":40,"column":12},"end":{"line":47,"column":13}},"13":{"start":{"line":41,"column":16},"end":{"line":45,"column":19}},"14":{"start":{"line":46,"column":16},"end":{"line":46,"column":25}},"15":{"start":{"line":49,"column":29},"end":{"line":49,"column":42}},"16":{"start":{"line":50,"column":12},"end":{"line":50,"column":43}},"17":{"start":{"line":51,"column":12},"end":{"line":51,"column":33}},"18":{"start":{"line":53,"column":12},"end":{"line":60,"column":15}},"19":{"start":{"line":62,"column":12},"end":{"line":62,"column":94}},"20":{"start":{"line":65,"column":12},"end":{"line":68,"column":15}},"21":{"start":{"line":69,"column":12},"end":{"line":69,"column":69}},"22":{"start":{"line":73,"column":4},"end":{"line":73,"column":36}},"23":{"start":{"line":78,"column":25},"end":{"line":78,"column":27}},"24":{"start":{"line":79,"column":19},"end":{"line":79,"column":21}},"25":{"start":{"line":81,"column":4},"end":{"line":117,"column":5}},"26":{"start":{"line":82,"column":8},"end":{"line":116,"column":9}},"27":{"start":{"line":83,"column":30},"end":{"line":83,"column":67}},"28":{"start":{"line":84,"column":28},"end":{"line":84,"column":66}},"29":{"start":{"line":86,"column":12},"end":{"line":93,"column":13}},"30":{"start":{"line":87,"column":16},"end":{"line":91,"column":19}},"31":{"start":{"line":92,"column":16},"end":{"line":92,"column":25}},"32":{"start":{"line":95,"column":29},"end":{"line":95,"column":42}},"33":{"start":{"line":96,"column":12},"end":{"line":96,"column":43}},"34":{"start":{"line":97,"column":12},"end":{"line":97,"column":33}},"35":{"start":{"line":99,"column":12},"end":{"line":106,"column":15}},"36":{"start":{"line":108,"column":12},"end":{"line":108,"column":94}},"37":{"start":{"line":111,"column":12},"end":{"line":114,"column":15}},"38":{"start":{"line":115,"column":12},"end":{"line":115,"column":69}},"39":{"start":{"line":119,"column":4},"end":{"line":119,"column":36}},"40":{"start":{"line":128,"column":4},"end":{"line":220,"column":5}},"41":{"start":{"line":129,"column":23},"end":{"line":129,"column":37}},"42":{"start":{"line":130,"column":65},"end":{"line":130,"column":77}},"43":{"start":{"line":133,"column":33},"end":{"line":133,"column":35}},"44":{"start":{"line":135,"column":8},"end":{"line":153,"column":9}},"45":{"start":{"line":136,"column":30},"end":{"line":136,"column":67}},"46":{"start":{"line":137,"column":28},"end":{"line":137,"column":66}},"47":{"start":{"line":139,"column":12},"end":{"line":142,"column":13}},"48":{"start":{"line":140,"column":16},"end":{"line":140,"column":103}},"49":{"start":{"line":141,"column":16},"end":{"line":141,"column":25}},"50":{"start":{"line":144,"column":12},"end":{"line":147,"column":13}},"51":{"start":{"line":145,"column":16},"end":{"line":145,"column":81}},"52":{"start":{"line":146,"column":16},"end":{"line":146,"column":25}},"53":{"start":{"line":149,"column":12},"end":{"line":152,"column":13}},"54":{"start":{"line":150,"column":16},"end":{"line":150,"column":135}},"55":{"start":{"line":151,"column":16},"end":{"line":151,"column":25}},"56":{"start":{"line":155,"column":8},"end":{"line":162,"column":9}},"57":{"start":{"line":156,"column":12},"end":{"line":161,"column":15}},"58":{"start":{"line":165,"column":22},"end":{"line":172,"column":11}},"59":{"start":{"line":165,"column":44},"end":{"line":172,"column":9}},"60":{"start":{"line":175,"column":41},"end":{"line":175,"column":72}},"61":{"start":{"line":177,"column":8},"end":{"line":184,"column":9}},"62":{"start":{"line":178,"column":12},"end":{"line":183,"column":15}},"63":{"start":{"line":187,"column":29},"end":{"line":197,"column":9}},"64":{"start":{"line":199,"column":31},"end":{"line":199,"column":68}},"65":{"start":{"line":202,"column":8},"end":{"line":202,"column":54}},"66":{"start":{"line":203,"column":8},"end":{"line":203,"column":74}},"67":{"start":{"line":205,"column":8},"end":{"line":205,"column":68}},"68":{"start":{"line":207,"column":8},"end":{"line":212,"column":11}},"69":{"start":{"line":215,"column":8},"end":{"line":219,"column":11}},"70":{"start":{"line":223,"column":33},"end":{"line":227,"column":1}},"71":{"start":{"line":224,"column":26},"end":{"line":224,"column":72}},"72":{"start":{"line":225,"column":24},"end":{"line":225,"column":61}},"73":{"start":{"line":226,"column":4},"end":{"line":226,"column":23}},"74":{"start":{"line":231,"column":4},"end":{"line":314,"column":5}},"75":{"start":{"line":232,"column":23},"end":{"line":232,"column":37}},"76":{"start":{"line":233,"column":65},"end":{"line":233,"column":77}},"77":{"start":{"line":236,"column":33},"end":{"line":236,"column":35}},"78":{"start":{"line":238,"column":8},"end":{"line":256,"column":9}},"79":{"start":{"line":239,"column":30},"end":{"line":239,"column":67}},"80":{"start":{"line":240,"column":28},"end":{"line":240,"column":66}},"81":{"start":{"line":242,"column":12},"end":{"line":245,"column":13}},"82":{"start":{"line":243,"column":16},"end":{"line":243,"column":103}},"83":{"start":{"line":244,"column":16},"end":{"line":244,"column":25}},"84":{"start":{"line":247,"column":12},"end":{"line":250,"column":13}},"85":{"start":{"line":248,"column":16},"end":{"line":248,"column":81}},"86":{"start":{"line":249,"column":16},"end":{"line":249,"column":25}},"87":{"start":{"line":252,"column":12},"end":{"line":255,"column":13}},"88":{"start":{"line":253,"column":16},"end":{"line":253,"column":103}},"89":{"start":{"line":254,"column":16},"end":{"line":254,"column":25}},"90":{"start":{"line":258,"column":8},"end":{"line":265,"column":9}},"91":{"start":{"line":259,"column":12},"end":{"line":264,"column":15}},"92":{"start":{"line":267,"column":21},"end":{"line":267,"column":53}},"93":{"start":{"line":269,"column":27},"end":{"line":288,"column":10}},"94":{"start":{"line":270,"column":12},"end":{"line":287,"column":13}},"95":{"start":{"line":290,"column":23},"end":{"line":302,"column":9}},"96":{"start":{"line":304,"column":24},"end":{"line":304,"column":69}},"97":{"start":{"line":306,"column":8},"end":{"line":306,"column":50}},"98":{"start":{"line":309,"column":8},"end":{"line":313,"column":11}},"99":{"start":{"line":318,"column":29},"end":{"line":355,"column":1}},"100":{"start":{"line":325,"column":24},"end":{"line":325,"column":26}},"101":{"start":{"line":327,"column":4},"end":{"line":352,"column":5}},"102":{"start":{"line":328,"column":8},"end":{"line":351,"column":9}},"103":{"start":{"line":329,"column":28},"end":{"line":329,"column":78}},"104":{"start":{"line":331,"column":28},"end":{"line":348,"column":13}},"105":{"start":{"line":350,"column":12},"end":{"line":350,"column":38}},"106":{"start":{"line":354,"column":4},"end":{"line":354,"column":23}},"107":{"start":{"line":358,"column":18},"end":{"line":358,"column":30}},"108":{"start":{"line":360,"column":4},"end":{"line":360,"column":53}},"109":{"start":{"line":362,"column":4},"end":{"line":402,"column":5}},"110":{"start":{"line":364,"column":28},"end":{"line":364,"column":45}},"111":{"start":{"line":365,"column":30},"end":{"line":365,"column":86}},"112":{"start":{"line":366,"column":27},"end":{"line":366,"column":50}},"113":{"start":{"line":368,"column":34},"end":{"line":374,"column":14}},"114":{"start":{"line":377,"column":12},"end":{"line":387,"column":13}},"115":{"start":{"line":378,"column":49},"end":{"line":378,"column":93}},"116":{"start":{"line":380,"column":16},"end":{"line":382,"column":17}},"117":{"start":{"line":381,"column":20},"end":{"line":381,"column":76}},"118":{"start":{"line":384,"column":16},"end":{"line":386,"column":17}},"119":{"start":{"line":385,"column":20},"end":{"line":385,"column":73}},"120":{"start":{"line":389,"column":26},"end":{"line":389,"column":68}},"121":{"start":{"line":391,"column":12},"end":{"line":391,"column":50}},"122":{"start":{"line":393,"column":12},"end":{"line":398,"column":13}},"123":{"start":{"line":394,"column":16},"end":{"line":396,"column":19}},"124":{"start":{"line":397,"column":16},"end":{"line":397,"column":70}},"125":{"start":{"line":399,"column":12},"end":{"line":399,"column":18}},"126":{"start":{"line":401,"column":12},"end":{"line":401,"column":62}},"127":{"start":{"line":404,"column":4},"end":{"line":404,"column":36}},"128":{"start":{"line":409,"column":4},"end":{"line":429,"column":5}},"129":{"start":{"line":410,"column":23},"end":{"line":410,"column":37}},"130":{"start":{"line":412,"column":26},"end":{"line":415,"column":74}},"131":{"start":{"line":417,"column":8},"end":{"line":422,"column":11}},"132":{"start":{"line":424,"column":8},"end":{"line":428,"column":11}},"133":{"start":{"line":434,"column":4},"end":{"line":485,"column":5}},"134":{"start":{"line":435,"column":28},"end":{"line":435,"column":42}},"135":{"start":{"line":436,"column":23},"end":{"line":436,"column":37}},"136":{"start":{"line":438,"column":23},"end":{"line":440,"column":50}},"137":{"start":{"line":442,"column":22},"end":{"line":442,"column":54}},"138":{"start":{"line":444,"column":8},"end":{"line":450,"column":9}},"139":{"start":{"line":445,"column":12},"end":{"line":449,"column":15}},"140":{"start":{"line":452,"column":8},"end":{"line":458,"column":9}},"141":{"start":{"line":453,"column":12},"end":{"line":457,"column":15}},"142":{"start":{"line":461,"column":41},"end":{"line":461,"column":79}},"143":{"start":{"line":463,"column":8},"end":{"line":465,"column":9}},"144":{"start":{"line":464,"column":12},"end":{"line":464,"column":65}},"145":{"start":{"line":467,"column":8},"end":{"line":467,"column":41}},"146":{"start":{"line":468,"column":8},"end":{"line":468,"column":27}},"147":{"start":{"line":470,"column":8},"end":{"line":470,"column":62}},"148":{"start":{"line":472,"column":8},"end":{"line":478,"column":11}},"149":{"start":{"line":480,"column":8},"end":{"line":484,"column":11}},"150":{"start":{"line":490,"column":4},"end":{"line":518,"column":5}},"151":{"start":{"line":491,"column":26},"end":{"line":504,"column":14}},"152":{"start":{"line":506,"column":8},"end":{"line":511,"column":11}},"153":{"start":{"line":513,"column":8},"end":{"line":517,"column":11}},"154":{"start":{"line":523,"column":4},"end":{"line":612,"column":5}},"155":{"start":{"line":524,"column":28},"end":{"line":524,"column":38}},"156":{"start":{"line":525,"column":33},"end":{"line":525,"column":41}},"157":{"start":{"line":527,"column":22},"end":{"line":527,"column":84}},"158":{"start":{"line":528,"column":8},"end":{"line":534,"column":9}},"159":{"start":{"line":529,"column":12},"end":{"line":533,"column":15}},"160":{"start":{"line":536,"column":23},"end":{"line":536,"column":89}},"161":{"start":{"line":538,"column":22},"end":{"line":538,"column":83}},"162":{"start":{"line":540,"column":8},"end":{"line":546,"column":9}},"163":{"start":{"line":541,"column":12},"end":{"line":545,"column":15}},"164":{"start":{"line":548,"column":8},"end":{"line":555,"column":9}},"165":{"start":{"line":549,"column":12},"end":{"line":554,"column":15}},"166":{"start":{"line":557,"column":28},"end":{"line":563,"column":9}},"167":{"start":{"line":565,"column":24},"end":{"line":565,"column":61}},"168":{"start":{"line":566,"column":8},"end":{"line":572,"column":9}},"169":{"start":{"line":567,"column":12},"end":{"line":571,"column":15}},"170":{"start":{"line":575,"column":8},"end":{"line":595,"column":9}},"171":{"start":{"line":576,"column":12},"end":{"line":576,"column":64}},"172":{"start":{"line":578,"column":45},"end":{"line":578,"column":83}},"173":{"start":{"line":580,"column":12},"end":{"line":582,"column":13}},"174":{"start":{"line":581,"column":16},"end":{"line":581,"column":69}},"175":{"start":{"line":584,"column":12},"end":{"line":584,"column":46}},"176":{"start":{"line":585,"column":12},"end":{"line":585,"column":31}},"177":{"start":{"line":587,"column":12},"end":{"line":594,"column":15}},"178":{"start":{"line":597,"column":8},"end":{"line":597,"column":42}},"179":{"start":{"line":598,"column":8},"end":{"line":598,"column":27}},"180":{"start":{"line":600,"column":8},"end":{"line":605,"column":11}},"181":{"start":{"line":607,"column":8},"end":{"line":611,"column":11}}},"fnMap":{"0":{"name":"deductProductStock","decl":{"start":{"line":13,"column":15},"end":{"line":13,"column":33}},"loc":{"start":{"line":13,"column":41},"end":{"line":74,"column":1}},"line":13},"1":{"name":"restoreProductStock","decl":{"start":{"line":77,"column":15},"end":{"line":77,"column":34}},"loc":{"start":{"line":77,"column":42},"end":{"line":120,"column":1}},"line":77},"2":{"name":"CashOnDeliveryOrderController","decl":{"start":{"line":127,"column":22},"end":{"line":127,"column":51}},"loc":{"start":{"line":127,"column":71},"end":{"line":221,"column":1}},"line":127},"3":{"name":"(anonymous_3)","decl":{"start":{"line":165,"column":37},"end":{"line":165,"column":38}},"loc":{"start":{"line":165,"column":44},"end":{"line":172,"column":9}},"line":165},"4":{"name":"(anonymous_4)","decl":{"start":{"line":223,"column":33},"end":{"line":223,"column":34}},"loc":{"start":{"line":223,"column":53},"end":{"line":227,"column":1}},"line":223},"5":{"name":"paymentController","decl":{"start":{"line":230,"column":22},"end":{"line":230,"column":39}},"loc":{"start":{"line":230,"column":59},"end":{"line":315,"column":1}},"line":230},"6":{"name":"(anonymous_6)","decl":{"start":{"line":269,"column":42},"end":{"line":269,"column":43}},"loc":{"start":{"line":269,"column":50},"end":{"line":288,"column":9}},"line":269},"7":{"name":"(anonymous_7)","decl":{"start":{"line":318,"column":29},"end":{"line":318,"column":30}},"loc":{"start":{"line":324,"column":6},"end":{"line":355,"column":1}},"line":324},"8":{"name":"webhookStripe","decl":{"start":{"line":357,"column":22},"end":{"line":357,"column":35}},"loc":{"start":{"line":357,"column":55},"end":{"line":405,"column":1}},"line":357},"9":{"name":"getOrderDetailsController","decl":{"start":{"line":408,"column":22},"end":{"line":408,"column":47}},"loc":{"start":{"line":408,"column":67},"end":{"line":430,"column":1}},"line":408},"10":{"name":"cancelOrderController","decl":{"start":{"line":433,"column":22},"end":{"line":433,"column":43}},"loc":{"start":{"line":433,"column":63},"end":{"line":486,"column":1}},"line":433},"11":{"name":"getAllOrdersAdminController","decl":{"start":{"line":489,"column":22},"end":{"line":489,"column":49}},"loc":{"start":{"line":489,"column":60},"end":{"line":519,"column":1}},"line":489},"12":{"name":"updateOrderStatusController","decl":{"start":{"line":522,"column":22},"end":{"line":522,"column":49}},"loc":{"start":{"line":522,"column":60},"end":{"line":613,"column":1}},"line":522}},"branchMap":{"0":{"loc":{"start":{"line":19,"column":30},"end":{"line":19,"column":67}},"type":"binary-expr","locations":[{"start":{"line":19,"column":30},"end":{"line":19,"column":49}},{"start":{"line":19,"column":53},"end":{"line":19,"column":67}}],"line":19},"1":{"loc":{"start":{"line":22,"column":12},"end":{"line":29,"column":13}},"type":"if","locations":[{"start":{"line":22,"column":12},"end":{"line":29,"column":13}},{"start":{},"end":{}}],"line":22},"2":{"loc":{"start":{"line":25,"column":33},"end":{"line":25,"column":55}},"type":"binary-expr","locations":[{"start":{"line":25,"column":33},"end":{"line":25,"column":42}},{"start":{"line":25,"column":46},"end":{"line":25,"column":55}}],"line":25},"3":{"loc":{"start":{"line":31,"column":12},"end":{"line":38,"column":13}},"type":"if","locations":[{"start":{"line":31,"column":12},"end":{"line":38,"column":13}},{"start":{},"end":{}}],"line":31},"4":{"loc":{"start":{"line":40,"column":12},"end":{"line":47,"column":13}},"type":"if","locations":[{"start":{"line":40,"column":12},"end":{"line":47,"column":13}},{"start":{},"end":{}}],"line":40},"5":{"loc":{"start":{"line":83,"column":30},"end":{"line":83,"column":67}},"type":"binary-expr","locations":[{"start":{"line":83,"column":30},"end":{"line":83,"column":49}},{"start":{"line":83,"column":53},"end":{"line":83,"column":67}}],"line":83},"6":{"loc":{"start":{"line":86,"column":12},"end":{"line":93,"column":13}},"type":"if","locations":[{"start":{"line":86,"column":12},"end":{"line":93,"column":13}},{"start":{},"end":{}}],"line":86},"7":{"loc":{"start":{"line":89,"column":33},"end":{"line":89,"column":55}},"type":"binary-expr","locations":[{"start":{"line":89,"column":33},"end":{"line":89,"column":42}},{"start":{"line":89,"column":46},"end":{"line":89,"column":55}}],"line":89},"8":{"loc":{"start":{"line":136,"column":30},"end":{"line":136,"column":67}},"type":"binary-expr","locations":[{"start":{"line":136,"column":30},"end":{"line":136,"column":49}},{"start":{"line":136,"column":53},"end":{"line":136,"column":67}}],"line":136},"9":{"loc":{"start":{"line":139,"column":12},"end":{"line":142,"column":13}},"type":"if","locations":[{"start":{"line":139,"column":12},"end":{"line":142,"column":13}},{"start":{},"end":{}}],"line":139},"10":{"loc":{"start":{"line":140,"column":51},"end":{"line":140,"column":84}},"type":"binary-expr","locations":[{"start":{"line":140,"column":51},"end":{"line":140,"column":71}},{"start":{"line":140,"column":75},"end":{"line":140,"column":84}}],"line":140},"11":{"loc":{"start":{"line":144,"column":12},"end":{"line":147,"column":13}},"type":"if","locations":[{"start":{"line":144,"column":12},"end":{"line":147,"column":13}},{"start":{},"end":{}}],"line":144},"12":{"loc":{"start":{"line":149,"column":12},"end":{"line":152,"column":13}},"type":"if","locations":[{"start":{"line":149,"column":12},"end":{"line":152,"column":13}},{"start":{},"end":{}}],"line":149},"13":{"loc":{"start":{"line":155,"column":8},"end":{"line":162,"column":9}},"type":"if","locations":[{"start":{"line":155,"column":8},"end":{"line":162,"column":9}},{"start":{},"end":{}}],"line":155},"14":{"loc":{"start":{"line":166,"column":23},"end":{"line":166,"column":55}},"type":"binary-expr","locations":[{"start":{"line":166,"column":23},"end":{"line":166,"column":39}},{"start":{"line":166,"column":43},"end":{"line":166,"column":55}}],"line":166},"15":{"loc":{"start":{"line":177,"column":8},"end":{"line":184,"column":9}},"type":"if","locations":[{"start":{"line":177,"column":8},"end":{"line":184,"column":9}},{"start":{},"end":{}}],"line":177},"16":{"loc":{"start":{"line":216,"column":21},"end":{"line":216,"column":43}},"type":"binary-expr","locations":[{"start":{"line":216,"column":21},"end":{"line":216,"column":34}},{"start":{"line":216,"column":38},"end":{"line":216,"column":43}}],"line":216},"17":{"loc":{"start":{"line":223,"column":41},"end":{"line":223,"column":48}},"type":"default-arg","locations":[{"start":{"line":223,"column":47},"end":{"line":223,"column":48}}],"line":223},"18":{"loc":{"start":{"line":239,"column":30},"end":{"line":239,"column":67}},"type":"binary-expr","locations":[{"start":{"line":239,"column":30},"end":{"line":239,"column":49}},{"start":{"line":239,"column":53},"end":{"line":239,"column":67}}],"line":239},"19":{"loc":{"start":{"line":242,"column":12},"end":{"line":245,"column":13}},"type":"if","locations":[{"start":{"line":242,"column":12},"end":{"line":245,"column":13}},{"start":{},"end":{}}],"line":242},"20":{"loc":{"start":{"line":243,"column":51},"end":{"line":243,"column":84}},"type":"binary-expr","locations":[{"start":{"line":243,"column":51},"end":{"line":243,"column":71}},{"start":{"line":243,"column":75},"end":{"line":243,"column":84}}],"line":243},"21":{"loc":{"start":{"line":247,"column":12},"end":{"line":250,"column":13}},"type":"if","locations":[{"start":{"line":247,"column":12},"end":{"line":250,"column":13}},{"start":{},"end":{}}],"line":247},"22":{"loc":{"start":{"line":252,"column":12},"end":{"line":255,"column":13}},"type":"if","locations":[{"start":{"line":252,"column":12},"end":{"line":255,"column":13}},{"start":{},"end":{}}],"line":252},"23":{"loc":{"start":{"line":258,"column":8},"end":{"line":265,"column":9}},"type":"if","locations":[{"start":{"line":258,"column":8},"end":{"line":265,"column":9}},{"start":{},"end":{}}],"line":258},"24":{"loc":{"start":{"line":277,"column":39},"end":{"line":277,"column":75}},"type":"binary-expr","locations":[{"start":{"line":277,"column":39},"end":{"line":277,"column":57}},{"start":{"line":277,"column":61},"end":{"line":277,"column":75}}],"line":277},"25":{"loc":{"start":{"line":310,"column":21},"end":{"line":310,"column":43}},"type":"binary-expr","locations":[{"start":{"line":310,"column":21},"end":{"line":310,"column":34}},{"start":{"line":310,"column":38},"end":{"line":310,"column":43}}],"line":310},"26":{"loc":{"start":{"line":327,"column":4},"end":{"line":352,"column":5}},"type":"if","locations":[{"start":{"line":327,"column":4},"end":{"line":352,"column":5}},{"start":{},"end":{}}],"line":327},"27":{"loc":{"start":{"line":362,"column":4},"end":{"line":402,"column":5}},"type":"switch","locations":[{"start":{"line":363,"column":8},"end":{"line":399,"column":18}},{"start":{"line":400,"column":8},"end":{"line":401,"column":62}}],"line":362},"28":{"loc":{"start":{"line":380,"column":16},"end":{"line":382,"column":17}},"type":"if","locations":[{"start":{"line":380,"column":16},"end":{"line":382,"column":17}},{"start":{},"end":{}}],"line":380},"29":{"loc":{"start":{"line":384,"column":16},"end":{"line":386,"column":17}},"type":"if","locations":[{"start":{"line":384,"column":16},"end":{"line":386,"column":17}},{"start":{},"end":{}}],"line":384},"30":{"loc":{"start":{"line":393,"column":12},"end":{"line":398,"column":13}},"type":"if","locations":[{"start":{"line":393,"column":12},"end":{"line":398,"column":13}},{"start":{},"end":{}}],"line":393},"31":{"loc":{"start":{"line":425,"column":21},"end":{"line":425,"column":43}},"type":"binary-expr","locations":[{"start":{"line":425,"column":21},"end":{"line":425,"column":34}},{"start":{"line":425,"column":38},"end":{"line":425,"column":43}}],"line":425},"32":{"loc":{"start":{"line":438,"column":23},"end":{"line":440,"column":50}},"type":"cond-expr","locations":[{"start":{"line":439,"column":14},"end":{"line":439,"column":46}},{"start":{"line":440,"column":14},"end":{"line":440,"column":50}}],"line":438},"33":{"loc":{"start":{"line":444,"column":8},"end":{"line":450,"column":9}},"type":"if","locations":[{"start":{"line":444,"column":8},"end":{"line":450,"column":9}},{"start":{},"end":{}}],"line":444},"34":{"loc":{"start":{"line":452,"column":8},"end":{"line":458,"column":9}},"type":"if","locations":[{"start":{"line":452,"column":8},"end":{"line":458,"column":9}},{"start":{},"end":{}}],"line":452},"35":{"loc":{"start":{"line":463,"column":8},"end":{"line":465,"column":9}},"type":"if","locations":[{"start":{"line":463,"column":8},"end":{"line":465,"column":9}},{"start":{},"end":{}}],"line":463},"36":{"loc":{"start":{"line":481,"column":21},"end":{"line":481,"column":43}},"type":"binary-expr","locations":[{"start":{"line":481,"column":21},"end":{"line":481,"column":34}},{"start":{"line":481,"column":38},"end":{"line":481,"column":43}}],"line":481},"37":{"loc":{"start":{"line":514,"column":21},"end":{"line":514,"column":43}},"type":"binary-expr","locations":[{"start":{"line":514,"column":21},"end":{"line":514,"column":34}},{"start":{"line":514,"column":38},"end":{"line":514,"column":43}}],"line":514},"38":{"loc":{"start":{"line":528,"column":8},"end":{"line":534,"column":9}},"type":"if","locations":[{"start":{"line":528,"column":8},"end":{"line":534,"column":9}},{"start":{},"end":{}}],"line":528},"39":{"loc":{"start":{"line":536,"column":23},"end":{"line":536,"column":89}},"type":"cond-expr","locations":[{"start":{"line":536,"column":59},"end":{"line":536,"column":75}},{"start":{"line":536,"column":78},"end":{"line":536,"column":89}}],"line":536},"40":{"loc":{"start":{"line":540,"column":8},"end":{"line":546,"column":9}},"type":"if","locations":[{"start":{"line":540,"column":8},"end":{"line":546,"column":9}},{"start":{},"end":{}}],"line":540},"41":{"loc":{"start":{"line":548,"column":8},"end":{"line":555,"column":9}},"type":"if","locations":[{"start":{"line":548,"column":8},"end":{"line":555,"column":9}},{"start":{},"end":{}}],"line":548},"42":{"loc":{"start":{"line":565,"column":24},"end":{"line":565,"column":61}},"type":"binary-expr","locations":[{"start":{"line":565,"column":24},"end":{"line":565,"column":55}},{"start":{"line":565,"column":59},"end":{"line":565,"column":61}}],"line":565},"43":{"loc":{"start":{"line":566,"column":8},"end":{"line":572,"column":9}},"type":"if","locations":[{"start":{"line":566,"column":8},"end":{"line":572,"column":9}},{"start":{},"end":{}}],"line":566},"44":{"loc":{"start":{"line":575,"column":8},"end":{"line":595,"column":9}},"type":"if","locations":[{"start":{"line":575,"column":8},"end":{"line":595,"column":9}},{"start":{},"end":{}}],"line":575},"45":{"loc":{"start":{"line":575,"column":12},"end":{"line":575,"column":78}},"type":"binary-expr","locations":[{"start":{"line":575,"column":12},"end":{"line":575,"column":40}},{"start":{"line":575,"column":44},"end":{"line":575,"column":78}}],"line":575},"46":{"loc":{"start":{"line":580,"column":12},"end":{"line":582,"column":13}},"type":"if","locations":[{"start":{"line":580,"column":12},"end":{"line":582,"column":13}},{"start":{},"end":{}}],"line":580},"47":{"loc":{"start":{"line":591,"column":29},"end":{"line":591,"column":67}},"type":"cond-expr","locations":[{"start":{"line":591,"column":49},"end":{"line":591,"column":55}},{"start":{"line":591,"column":58},"end":{"line":591,"column":67}}],"line":591},"48":{"loc":{"start":{"line":608,"column":21},"end":{"line":608,"column":43}},"type":"binary-expr","locations":[{"start":{"line":608,"column":21},"end":{"line":608,"column":34}},{"start":{"line":608,"column":38},"end":{"line":608,"column":43}}],"line":608}},"s":{"0":0,"1":0,"2":0,"3":0,"4":0,"5":0,"6":0,"7":0,"8":0,"9":0,"10":0,"11":0,"12":0,"13":0,"14":0,"15":0,"16":0,"17":0,"18":0,"19":0,"20":0,"21":0,"22":0,"23":0,"24":0,"25":0,"26":0,"27":0,"28":0,"29":0,"30":0,"31":0,"32":0,"33":0,"34":0,"35":0,"36":0,"37":0,"38":0,"39":0,"40":0,"41":0,"42":0,"43":0,"44":0,"45":0,"46":0,"47":0,"48":0,"49":0,"50":0,"51":0,"52":0,"53":0,"54":0,"55":0,"56":0,"57":0,"58":0,"59":0,"60":0,"61":0,"62":0,"63":0,"64":0,"65":0,"66":0,"67":0,"68":0,"69":0,"70":1,"71":0,"72":0,"73":0,"74":0,"75":0,"76":0,"77":0,"78":0,"79":0,"80":0,"81":0,"82":0,"83":0,"84":0,"85":0,"86":0,"87":0,"88":0,"89":0,"90":0,"91":0,"92":0,"93":0,"94":0,"95":0,"96":0,"97":0,"98":0,"99":1,"100":0,"101":0,"102":0,"103":0,"104":0,"105":0,"106":0,"107":0,"108":0,"109":0,"110":0,"111":0,"112":0,"113":0,"114":0,"115":0,"116":0,"117":0,"118":0,"119":0,"120":0,"121":0,"122":0,"123":0,"124":0,"125":0,"126":0,"127":0,"128":0,"129":0,"130":0,"131":0,"132":0,"133":0,"134":0,"135":0,"136":0,"137":0,"138":0,"139":0,"140":0,"141":0,"142":0,"143":0,"144":0,"145":0,"146":0,"147":0,"148":0,"149":0,"150":0,"151":0,"152":0,"153":0,"154":0,"155":0,"156":0,"157":0,"158":0,"159":0,"160":0,"161":0,"162":0,"163":0,"164":0,"165":0,"166":0,"167":0,"168":0,"169":0,"170":0,"171":0,"172":0,"173":0,"174":0,"175":0,"176":0,"177":0,"178":0,"179":0,"180":0,"181":0},"f":{"0":0,"1":0,"2":0,"3":0,"4":0,"5":0,"6":0,"7":0,"8":0,"9":0,"10":0,"11":0,"12":0},"b":{"0":[0,0],"1":[0,0],"2":[0,0],"3":[0,0],"4":[0,0],"5":[0,0],"6":[0,0],"7":[0,0],"8":[0,0],"9":[0,0],"10":[0,0],"11":[0,0],"12":[0,0],"13":[0,0],"14":[0,0],"15":[0,0],"16":[0,0],"17":[0],"18":[0,0],"19":[0,0],"20":[0,0],"21":[0,0],"22":[0,0],"23":[0,0],"24":[0,0],"25":[0,0],"26":[0,0],"27":[0,0],"28":[0,0],"29":[0,0],"30":[0,0],"31":[0,0],"32":[0,0],"33":[0,0],"34":[0,0],"35":[0,0],"36":[0,0],"37":[0,0],"38":[0,0],"39":[0,0],"40":[0,0],"41":[0,0],"42":[0,0],"43":[0,0],"44":[0,0],"45":[0,0],"46":[0,0],"47":[0,0],"48":[0,0]},"_coverageSchema":"1a1c01bbd47fc00a2c39e90264f33305004495a9","hash":"66ff08235de5072d027e658b0031780d4735202d"}
,"D:\\taphoa_test\\server\\controllers\\product.controller.js": {"path":"D:\\taphoa_test\\server\\controllers\\product.controller.js","statementMap":{"0":{"start":{"line":4,"column":39},"end":{"line":59,"column":1}},"1":{"start":{"line":5,"column":4},"end":{"line":58,"column":5}},"2":{"start":{"line":19,"column":12},"end":{"line":19,"column":24}},"3":{"start":{"line":21,"column":8},"end":{"line":27,"column":9}},"4":{"start":{"line":22,"column":12},"end":{"line":26,"column":14}},"5":{"start":{"line":29,"column":24},"end":{"line":42,"column":10}},"6":{"start":{"line":43,"column":28},"end":{"line":43,"column":48}},"7":{"start":{"line":45,"column":8},"end":{"line":50,"column":10}},"8":{"start":{"line":53,"column":8},"end":{"line":57,"column":10}},"9":{"start":{"line":62,"column":36},"end":{"line":108,"column":1}},"10":{"start":{"line":63,"column":4},"end":{"line":107,"column":5}},"11":{"start":{"line":64,"column":38},"end":{"line":64,"column":50}},"12":{"start":{"line":66,"column":8},"end":{"line":68,"column":9}},"13":{"start":{"line":67,"column":12},"end":{"line":67,"column":20}},"14":{"start":{"line":70,"column":8},"end":{"line":72,"column":9}},"15":{"start":{"line":71,"column":12},"end":{"line":71,"column":22}},"16":{"start":{"line":75,"column":22},"end":{"line":77,"column":9}},"17":{"start":{"line":80,"column":8},"end":{"line":84,"column":9}},"18":{"start":{"line":81,"column":12},"end":{"line":83,"column":13}},"19":{"start":{"line":86,"column":21},"end":{"line":86,"column":39}},"20":{"start":{"line":88,"column":34},"end":{"line":91,"column":10}},"21":{"start":{"line":93,"column":8},"end":{"line":100,"column":10}},"22":{"start":{"line":102,"column":8},"end":{"line":106,"column":10}},"23":{"start":{"line":111,"column":36},"end":{"line":142,"column":1}},"24":{"start":{"line":112,"column":4},"end":{"line":141,"column":5}},"25":{"start":{"line":113,"column":23},"end":{"line":113,"column":35}},"26":{"start":{"line":115,"column":8},"end":{"line":121,"column":9}},"27":{"start":{"line":116,"column":12},"end":{"line":120,"column":14}},"28":{"start":{"line":124,"column":24},"end":{"line":127,"column":20}},"29":{"start":{"line":129,"column":8},"end":{"line":134,"column":10}},"30":{"start":{"line":136,"column":8},"end":{"line":140,"column":10}},"31":{"start":{"line":145,"column":51},"end":{"line":196,"column":1}},"32":{"start":{"line":146,"column":4},"end":{"line":195,"column":5}},"33":{"start":{"line":147,"column":56},"end":{"line":147,"column":68}},"34":{"start":{"line":149,"column":8},"end":{"line":155,"column":9}},"35":{"start":{"line":150,"column":12},"end":{"line":154,"column":14}},"36":{"start":{"line":157,"column":8},"end":{"line":159,"column":9}},"37":{"start":{"line":158,"column":12},"end":{"line":158,"column":20}},"38":{"start":{"line":161,"column":8},"end":{"line":163,"column":9}},"39":{"start":{"line":162,"column":12},"end":{"line":162,"column":22}},"40":{"start":{"line":166,"column":22},"end":{"line":170,"column":9}},"41":{"start":{"line":172,"column":21},"end":{"line":172,"column":39}},"42":{"start":{"line":174,"column":33},"end":{"line":177,"column":10}},"43":{"start":{"line":179,"column":8},"end":{"line":187,"column":10}},"44":{"start":{"line":190,"column":8},"end":{"line":194,"column":10}},"45":{"start":{"line":201,"column":33},"end":{"line":231,"column":1}},"46":{"start":{"line":202,"column":4},"end":{"line":230,"column":5}},"47":{"start":{"line":203,"column":30},"end":{"line":203,"column":42}},"48":{"start":{"line":205,"column":24},"end":{"line":205,"column":71}},"49":{"start":{"line":207,"column":8},"end":{"line":213,"column":9}},"50":{"start":{"line":208,"column":12},"end":{"line":212,"column":14}},"51":{"start":{"line":216,"column":8},"end":{"line":222,"column":10}},"52":{"start":{"line":225,"column":8},"end":{"line":229,"column":10}},"53":{"start":{"line":234,"column":36},"end":{"line":264,"column":1}},"54":{"start":{"line":235,"column":4},"end":{"line":263,"column":5}},"55":{"start":{"line":236,"column":24},"end":{"line":236,"column":36}},"56":{"start":{"line":238,"column":8},"end":{"line":244,"column":9}},"57":{"start":{"line":239,"column":12},"end":{"line":243,"column":14}},"58":{"start":{"line":246,"column":30},"end":{"line":248,"column":10}},"59":{"start":{"line":250,"column":8},"end":{"line":255,"column":10}},"60":{"start":{"line":258,"column":8},"end":{"line":262,"column":10}},"61":{"start":{"line":267,"column":36},"end":{"line":294,"column":1}},"62":{"start":{"line":268,"column":4},"end":{"line":293,"column":5}},"63":{"start":{"line":269,"column":24},"end":{"line":269,"column":36}},"64":{"start":{"line":271,"column":8},"end":{"line":277,"column":9}},"65":{"start":{"line":272,"column":12},"end":{"line":276,"column":14}},"66":{"start":{"line":279,"column":30},"end":{"line":279,"column":72}},"67":{"start":{"line":281,"column":8},"end":{"line":286,"column":10}},"68":{"start":{"line":288,"column":8},"end":{"line":292,"column":10}},"69":{"start":{"line":297,"column":29},"end":{"line":384,"column":1}},"70":{"start":{"line":298,"column":4},"end":{"line":383,"column":5}},"71":{"start":{"line":299,"column":93},"end":{"line":299,"column":105}},"72":{"start":{"line":301,"column":8},"end":{"line":303,"column":9}},"73":{"start":{"line":302,"column":12},"end":{"line":302,"column":20}},"74":{"start":{"line":304,"column":8},"end":{"line":306,"column":9}},"75":{"start":{"line":305,"column":12},"end":{"line":305,"column":21}},"76":{"start":{"line":309,"column":20},"end":{"line":311,"column":9}},"77":{"start":{"line":314,"column":8},"end":{"line":320,"column":9}},"78":{"start":{"line":315,"column":32},"end":{"line":315,"column":55}},"79":{"start":{"line":316,"column":12},"end":{"line":319,"column":13}},"80":{"start":{"line":323,"column":8},"end":{"line":325,"column":9}},"81":{"start":{"line":324,"column":12},"end":{"line":324,"column":48}},"82":{"start":{"line":328,"column":8},"end":{"line":330,"column":9}},"83":{"start":{"line":329,"column":12},"end":{"line":329,"column":54}},"84":{"start":{"line":333,"column":8},"end":{"line":341,"column":9}},"85":{"start":{"line":334,"column":12},"end":{"line":334,"column":28}},"86":{"start":{"line":335,"column":12},"end":{"line":337,"column":13}},"87":{"start":{"line":336,"column":16},"end":{"line":336,"column":51}},"88":{"start":{"line":338,"column":12},"end":{"line":340,"column":13}},"89":{"start":{"line":339,"column":16},"end":{"line":339,"column":51}},"90":{"start":{"line":344,"column":26},"end":{"line":344,"column":28}},"91":{"start":{"line":345,"column":8},"end":{"line":353,"column":9}},"92":{"start":{"line":346,"column":12},"end":{"line":346,"column":38}},"93":{"start":{"line":347,"column":15},"end":{"line":353,"column":9}},"94":{"start":{"line":348,"column":12},"end":{"line":348,"column":39}},"95":{"start":{"line":349,"column":15},"end":{"line":353,"column":9}},"96":{"start":{"line":350,"column":12},"end":{"line":350,"column":37}},"97":{"start":{"line":352,"column":12},"end":{"line":352,"column":43}},"98":{"start":{"line":355,"column":21},"end":{"line":355,"column":39}},"99":{"start":{"line":357,"column":34},"end":{"line":364,"column":10}},"100":{"start":{"line":366,"column":8},"end":{"line":375,"column":10}},"101":{"start":{"line":378,"column":8},"end":{"line":382,"column":10}}},"fnMap":{"0":{"name":"(anonymous_0)","decl":{"start":{"line":4,"column":39},"end":{"line":4,"column":40}},"loc":{"start":{"line":4,"column":64},"end":{"line":59,"column":1}},"line":4},"1":{"name":"(anonymous_1)","decl":{"start":{"line":62,"column":36},"end":{"line":62,"column":37}},"loc":{"start":{"line":62,"column":61},"end":{"line":108,"column":1}},"line":62},"2":{"name":"(anonymous_2)","decl":{"start":{"line":111,"column":36},"end":{"line":111,"column":37}},"loc":{"start":{"line":111,"column":61},"end":{"line":142,"column":1}},"line":111},"3":{"name":"(anonymous_3)","decl":{"start":{"line":145,"column":51},"end":{"line":145,"column":52}},"loc":{"start":{"line":145,"column":76},"end":{"line":196,"column":1}},"line":145},"4":{"name":"(anonymous_4)","decl":{"start":{"line":201,"column":33},"end":{"line":201,"column":34}},"loc":{"start":{"line":201,"column":58},"end":{"line":231,"column":1}},"line":201},"5":{"name":"(anonymous_5)","decl":{"start":{"line":234,"column":36},"end":{"line":234,"column":37}},"loc":{"start":{"line":234,"column":61},"end":{"line":264,"column":1}},"line":234},"6":{"name":"(anonymous_6)","decl":{"start":{"line":267,"column":36},"end":{"line":267,"column":37}},"loc":{"start":{"line":267,"column":61},"end":{"line":294,"column":1}},"line":267},"7":{"name":"(anonymous_7)","decl":{"start":{"line":297,"column":29},"end":{"line":297,"column":30}},"loc":{"start":{"line":297,"column":54},"end":{"line":384,"column":1}},"line":297}},"branchMap":{"0":{"loc":{"start":{"line":21,"column":8},"end":{"line":27,"column":9}},"type":"if","locations":[{"start":{"line":21,"column":8},"end":{"line":27,"column":9}},{"start":{},"end":{}}],"line":21},"1":{"loc":{"start":{"line":21,"column":11},"end":{"line":21,"column":99}},"type":"binary-expr","locations":[{"start":{"line":21,"column":11},"end":{"line":21,"column":16}},{"start":{"line":21,"column":20},"end":{"line":21,"column":29}},{"start":{"line":21,"column":33},"end":{"line":21,"column":45}},{"start":{"line":21,"column":49},"end":{"line":21,"column":64}},{"start":{"line":21,"column":68},"end":{"line":21,"column":73}},{"start":{"line":21,"column":77},"end":{"line":21,"column":83}},{"start":{"line":21,"column":87},"end":{"line":21,"column":99}}],"line":21},"2":{"loc":{"start":{"line":41,"column":21},"end":{"line":41,"column":59}},"type":"cond-expr","locations":[{"start":{"line":41,"column":45},"end":{"line":41,"column":52}},{"start":{"line":41,"column":55},"end":{"line":41,"column":59}}],"line":41},"3":{"loc":{"start":{"line":54,"column":22},"end":{"line":54,"column":44}},"type":"binary-expr","locations":[{"start":{"line":54,"column":22},"end":{"line":54,"column":35}},{"start":{"line":54,"column":39},"end":{"line":54,"column":44}}],"line":54},"4":{"loc":{"start":{"line":66,"column":8},"end":{"line":68,"column":9}},"type":"if","locations":[{"start":{"line":66,"column":8},"end":{"line":68,"column":9}},{"start":{},"end":{}}],"line":66},"5":{"loc":{"start":{"line":70,"column":8},"end":{"line":72,"column":9}},"type":"if","locations":[{"start":{"line":70,"column":8},"end":{"line":72,"column":9}},{"start":{},"end":{}}],"line":70},"6":{"loc":{"start":{"line":80,"column":8},"end":{"line":84,"column":9}},"type":"if","locations":[{"start":{"line":80,"column":8},"end":{"line":84,"column":9}},{"start":{},"end":{}}],"line":80},"7":{"loc":{"start":{"line":103,"column":22},"end":{"line":103,"column":44}},"type":"binary-expr","locations":[{"start":{"line":103,"column":22},"end":{"line":103,"column":35}},{"start":{"line":103,"column":39},"end":{"line":103,"column":44}}],"line":103},"8":{"loc":{"start":{"line":115,"column":8},"end":{"line":121,"column":9}},"type":"if","locations":[{"start":{"line":115,"column":8},"end":{"line":121,"column":9}},{"start":{},"end":{}}],"line":115},"9":{"loc":{"start":{"line":137,"column":22},"end":{"line":137,"column":44}},"type":"binary-expr","locations":[{"start":{"line":137,"column":22},"end":{"line":137,"column":35}},{"start":{"line":137,"column":39},"end":{"line":137,"column":44}}],"line":137},"10":{"loc":{"start":{"line":149,"column":8},"end":{"line":155,"column":9}},"type":"if","locations":[{"start":{"line":149,"column":8},"end":{"line":155,"column":9}},{"start":{},"end":{}}],"line":149},"11":{"loc":{"start":{"line":149,"column":11},"end":{"line":149,"column":40}},"type":"binary-expr","locations":[{"start":{"line":149,"column":11},"end":{"line":149,"column":22}},{"start":{"line":149,"column":26},"end":{"line":149,"column":40}}],"line":149},"12":{"loc":{"start":{"line":157,"column":8},"end":{"line":159,"column":9}},"type":"if","locations":[{"start":{"line":157,"column":8},"end":{"line":159,"column":9}},{"start":{},"end":{}}],"line":157},"13":{"loc":{"start":{"line":161,"column":8},"end":{"line":163,"column":9}},"type":"if","locations":[{"start":{"line":161,"column":8},"end":{"line":163,"column":9}},{"start":{},"end":{}}],"line":161},"14":{"loc":{"start":{"line":191,"column":22},"end":{"line":191,"column":44}},"type":"binary-expr","locations":[{"start":{"line":191,"column":22},"end":{"line":191,"column":35}},{"start":{"line":191,"column":39},"end":{"line":191,"column":44}}],"line":191},"15":{"loc":{"start":{"line":207,"column":8},"end":{"line":213,"column":9}},"type":"if","locations":[{"start":{"line":207,"column":8},"end":{"line":213,"column":9}},{"start":{},"end":{}}],"line":207},"16":{"loc":{"start":{"line":226,"column":22},"end":{"line":226,"column":44}},"type":"binary-expr","locations":[{"start":{"line":226,"column":22},"end":{"line":226,"column":35}},{"start":{"line":226,"column":39},"end":{"line":226,"column":44}}],"line":226},"17":{"loc":{"start":{"line":238,"column":8},"end":{"line":244,"column":9}},"type":"if","locations":[{"start":{"line":238,"column":8},"end":{"line":244,"column":9}},{"start":{},"end":{}}],"line":238},"18":{"loc":{"start":{"line":259,"column":22},"end":{"line":259,"column":44}},"type":"binary-expr","locations":[{"start":{"line":259,"column":22},"end":{"line":259,"column":35}},{"start":{"line":259,"column":39},"end":{"line":259,"column":44}}],"line":259},"19":{"loc":{"start":{"line":271,"column":8},"end":{"line":277,"column":9}},"type":"if","locations":[{"start":{"line":271,"column":8},"end":{"line":277,"column":9}},{"start":{},"end":{}}],"line":271},"20":{"loc":{"start":{"line":289,"column":22},"end":{"line":289,"column":44}},"type":"binary-expr","locations":[{"start":{"line":289,"column":22},"end":{"line":289,"column":35}},{"start":{"line":289,"column":39},"end":{"line":289,"column":44}}],"line":289},"21":{"loc":{"start":{"line":301,"column":8},"end":{"line":303,"column":9}},"type":"if","locations":[{"start":{"line":301,"column":8},"end":{"line":303,"column":9}},{"start":{},"end":{}}],"line":301},"22":{"loc":{"start":{"line":304,"column":8},"end":{"line":306,"column":9}},"type":"if","locations":[{"start":{"line":304,"column":8},"end":{"line":306,"column":9}},{"start":{},"end":{}}],"line":304},"23":{"loc":{"start":{"line":314,"column":8},"end":{"line":320,"column":9}},"type":"if","locations":[{"start":{"line":314,"column":8},"end":{"line":320,"column":9}},{"start":{},"end":{}}],"line":314},"24":{"loc":{"start":{"line":323,"column":8},"end":{"line":325,"column":9}},"type":"if","locations":[{"start":{"line":323,"column":8},"end":{"line":325,"column":9}},{"start":{},"end":{}}],"line":323},"25":{"loc":{"start":{"line":323,"column":11},"end":{"line":323,"column":46}},"type":"binary-expr","locations":[{"start":{"line":323,"column":11},"end":{"line":323,"column":21}},{"start":{"line":323,"column":25},"end":{"line":323,"column":46}}],"line":323},"26":{"loc":{"start":{"line":328,"column":8},"end":{"line":330,"column":9}},"type":"if","locations":[{"start":{"line":328,"column":8},"end":{"line":330,"column":9}},{"start":{},"end":{}}],"line":328},"27":{"loc":{"start":{"line":328,"column":11},"end":{"line":328,"column":52}},"type":"binary-expr","locations":[{"start":{"line":328,"column":11},"end":{"line":328,"column":24}},{"start":{"line":328,"column":28},"end":{"line":328,"column":52}}],"line":328},"28":{"loc":{"start":{"line":333,"column":8},"end":{"line":341,"column":9}},"type":"if","locations":[{"start":{"line":333,"column":8},"end":{"line":341,"column":9}},{"start":{},"end":{}}],"line":333},"29":{"loc":{"start":{"line":333,"column":11},"end":{"line":333,"column":59}},"type":"binary-expr","locations":[{"start":{"line":333,"column":11},"end":{"line":333,"column":33}},{"start":{"line":333,"column":37},"end":{"line":333,"column":59}}],"line":333},"30":{"loc":{"start":{"line":335,"column":12},"end":{"line":337,"column":13}},"type":"if","locations":[{"start":{"line":335,"column":12},"end":{"line":337,"column":13}},{"start":{},"end":{}}],"line":335},"31":{"loc":{"start":{"line":335,"column":15},"end":{"line":335,"column":56}},"type":"binary-expr","locations":[{"start":{"line":335,"column":15},"end":{"line":335,"column":37}},{"start":{"line":335,"column":41},"end":{"line":335,"column":56}}],"line":335},"32":{"loc":{"start":{"line":338,"column":12},"end":{"line":340,"column":13}},"type":"if","locations":[{"start":{"line":338,"column":12},"end":{"line":340,"column":13}},{"start":{},"end":{}}],"line":338},"33":{"loc":{"start":{"line":338,"column":15},"end":{"line":338,"column":56}},"type":"binary-expr","locations":[{"start":{"line":338,"column":15},"end":{"line":338,"column":37}},{"start":{"line":338,"column":41},"end":{"line":338,"column":56}}],"line":338},"34":{"loc":{"start":{"line":345,"column":8},"end":{"line":353,"column":9}},"type":"if","locations":[{"start":{"line":345,"column":8},"end":{"line":353,"column":9}},{"start":{"line":347,"column":15},"end":{"line":353,"column":9}}],"line":345},"35":{"loc":{"start":{"line":347,"column":15},"end":{"line":353,"column":9}},"type":"if","locations":[{"start":{"line":347,"column":15},"end":{"line":353,"column":9}},{"start":{"line":349,"column":15},"end":{"line":353,"column":9}}],"line":347},"36":{"loc":{"start":{"line":349,"column":15},"end":{"line":353,"column":9}},"type":"if","locations":[{"start":{"line":349,"column":15},"end":{"line":353,"column":9}},{"start":{"line":351,"column":15},"end":{"line":353,"column":9}}],"line":349},"37":{"loc":{"start":{"line":379,"column":21},"end":{"line":379,"column":43}},"type":"binary-expr","locations":[{"start":{"line":379,"column":21},"end":{"line":379,"column":34}},{"start":{"line":379,"column":38},"end":{"line":379,"column":43}}],"line":379}},"s":{"0":1,"1":0,"2":0,"3":0,"4":0,"5":0,"6":0,"7":0,"8":0,"9":1,"10":0,"11":0,"12":0,"13":0,"14":0,"15":0,"16":0,"17":0,"18":0,"19":0,"20":0,"21":0,"22":0,"23":1,"24":0,"25":0,"26":0,"27":0,"28":0,"29":0,"30":0,"31":1,"32":0,"33":0,"34":0,"35":0,"36":0,"37":0,"38":0,"39":0,"40":0,"41":0,"42":0,"43":0,"44":0,"45":1,"46":0,"47":0,"48":0,"49":0,"50":0,"51":0,"52":0,"53":1,"54":0,"55":0,"56":0,"57":0,"58":0,"59":0,"60":0,"61":1,"62":0,"63":0,"64":0,"65":0,"66":0,"67":0,"68":0,"69":1,"70":0,"71":0,"72":0,"73":0,"74":0,"75":0,"76":0,"77":0,"78":0,"79":0,"80":0,"81":0,"82":0,"83":0,"84":0,"85":0,"86":0,"87":0,"88":0,"89":0,"90":0,"91":0,"92":0,"93":0,"94":0,"95":0,"96":0,"97":0,"98":0,"99":0,"100":0,"101":0},"f":{"0":0,"1":0,"2":0,"3":0,"4":0,"5":0,"6":0,"7":0},"b":{"0":[0,0],"1":[0,0,0,0,0,0,0],"2":[0,0],"3":[0,0],"4":[0,0],"5":[0,0],"6":[0,0],"7":[0,0],"8":[0,0],"9":[0,0],"10":[0,0],"11":[0,0],"12":[0,0],"13":[0,0],"14":[0,0],"15":[0,0],"16":[0,0],"17":[0,0],"18":[0,0],"19":[0,0],"20":[0,0],"21":[0,0],"22":[0,0],"23":[0,0],"24":[0,0],"25":[0,0],"26":[0,0],"27":[0,0],"28":[0,0],"29":[0,0],"30":[0,0],"31":[0,0],"32":[0,0],"33":[0,0],"34":[0,0],"35":[0,0],"36":[0,0],"37":[0,0]},"_coverageSchema":"1a1c01bbd47fc00a2c39e90264f33305004495a9","hash":"3cd2ccd65dbc07e4b954d98baefbaa92c4843b10"}
,"D:\\taphoa_test\\server\\controllers\\subCategory.controller.js": {"path":"D:\\taphoa_test\\server\\controllers\\subCategory.controller.js","statementMap":{"0":{"start":{"line":3,"column":40},"end":{"line":38,"column":1}},"1":{"start":{"line":4,"column":4},"end":{"line":37,"column":5}},"2":{"start":{"line":5,"column":42},"end":{"line":5,"column":54}},"3":{"start":{"line":7,"column":8},"end":{"line":13,"column":9}},"4":{"start":{"line":8,"column":12},"end":{"line":12,"column":14}},"5":{"start":{"line":15,"column":24},"end":{"line":19,"column":9}},"6":{"start":{"line":21,"column":34},"end":{"line":21,"column":63}},"7":{"start":{"line":22,"column":21},"end":{"line":22,"column":51}},"8":{"start":{"line":24,"column":8},"end":{"line":29,"column":10}},"9":{"start":{"line":32,"column":8},"end":{"line":36,"column":10}},"10":{"start":{"line":40,"column":40},"end":{"line":56,"column":1}},"11":{"start":{"line":41,"column":4},"end":{"line":55,"column":5}},"12":{"start":{"line":42,"column":21},"end":{"line":42,"column":94}},"13":{"start":{"line":43,"column":8},"end":{"line":48,"column":10}},"14":{"start":{"line":50,"column":8},"end":{"line":54,"column":10}},"15":{"start":{"line":58,"column":43},"end":{"line":92,"column":1}},"16":{"start":{"line":59,"column":4},"end":{"line":91,"column":5}},"17":{"start":{"line":60,"column":46},"end":{"line":60,"column":58}},"18":{"start":{"line":62,"column":25},"end":{"line":62,"column":61}},"19":{"start":{"line":64,"column":8},"end":{"line":70,"column":9}},"20":{"start":{"line":65,"column":12},"end":{"line":69,"column":14}},"21":{"start":{"line":72,"column":34},"end":{"line":76,"column":10}},"22":{"start":{"line":78,"column":8},"end":{"line":83,"column":10}},"23":{"start":{"line":86,"column":8},"end":{"line":90,"column":10}},"24":{"start":{"line":94,"column":43},"end":{"line":113,"column":1}},"25":{"start":{"line":95,"column":4},"end":{"line":112,"column":5}},"26":{"start":{"line":96,"column":24},"end":{"line":96,"column":36}},"27":{"start":{"line":97,"column":8},"end":{"line":97,"column":29}},"28":{"start":{"line":98,"column":26},"end":{"line":98,"column":71}},"29":{"start":{"line":100,"column":8},"end":{"line":105,"column":10}},"30":{"start":{"line":107,"column":8},"end":{"line":111,"column":10}}},"fnMap":{"0":{"name":"(anonymous_0)","decl":{"start":{"line":3,"column":40},"end":{"line":3,"column":41}},"loc":{"start":{"line":3,"column":65},"end":{"line":38,"column":1}},"line":3},"1":{"name":"(anonymous_1)","decl":{"start":{"line":40,"column":40},"end":{"line":40,"column":41}},"loc":{"start":{"line":40,"column":65},"end":{"line":56,"column":1}},"line":40},"2":{"name":"(anonymous_2)","decl":{"start":{"line":58,"column":43},"end":{"line":58,"column":44}},"loc":{"start":{"line":58,"column":68},"end":{"line":92,"column":1}},"line":58},"3":{"name":"(anonymous_3)","decl":{"start":{"line":94,"column":43},"end":{"line":94,"column":44}},"loc":{"start":{"line":94,"column":68},"end":{"line":113,"column":1}},"line":94}},"branchMap":{"0":{"loc":{"start":{"line":7,"column":8},"end":{"line":13,"column":9}},"type":"if","locations":[{"start":{"line":7,"column":8},"end":{"line":13,"column":9}},{"start":{},"end":{}}],"line":7},"1":{"loc":{"start":{"line":7,"column":11},"end":{"line":7,"column":42}},"type":"binary-expr","locations":[{"start":{"line":7,"column":11},"end":{"line":7,"column":16}},{"start":{"line":7,"column":20},"end":{"line":7,"column":26}},{"start":{"line":7,"column":30},"end":{"line":7,"column":42}}],"line":7},"2":{"loc":{"start":{"line":33,"column":22},"end":{"line":33,"column":44}},"type":"binary-expr","locations":[{"start":{"line":33,"column":22},"end":{"line":33,"column":35}},{"start":{"line":33,"column":39},"end":{"line":33,"column":44}}],"line":33},"3":{"loc":{"start":{"line":51,"column":22},"end":{"line":51,"column":44}},"type":"binary-expr","locations":[{"start":{"line":51,"column":22},"end":{"line":51,"column":35}},{"start":{"line":51,"column":39},"end":{"line":51,"column":44}}],"line":51},"4":{"loc":{"start":{"line":64,"column":8},"end":{"line":70,"column":9}},"type":"if","locations":[{"start":{"line":64,"column":8},"end":{"line":70,"column":9}},{"start":{},"end":{}}],"line":64},"5":{"loc":{"start":{"line":87,"column":22},"end":{"line":87,"column":44}},"type":"binary-expr","locations":[{"st
[...]
lumn":9}},{"start":{},"end":{}}],"line":139},"11":{"loc":{"start":{"line":174,"column":22},"end":{"line":174,"column":44}},"type":"binary-expr","locations":[{"start":{"line":174,"column":22},"end":{"line":174,"column":35}},{"start":{"line":174,"column":39},"end":{"line":174,"column":44}}],"line":174},"12":{"loc":{"start":{"line":206,"column":22},"end":{"line":206,"column":44}},"type":"binary-expr","locations":[{"start":{"line":206,"column":22},"end":{"line":206,"column":35}},{"start":{"line":206,"column":39},"end":{"line":206,"column":44}}],"line":206},"13":{"loc":{"start":{"line":237,"column":22},"end":{"line":237,"column":44}},"type":"binary-expr","locations":[{"start":{"line":237,"column":22},"end":{"line":237,"column":35}},{"start":{"line":237,"column":39},"end":{"line":237,"column":44}}],"line":237},"14":{"loc":{"start":{"line":252,"column":8},"end":{"line":255,"column":9}},"type":"if","locations":[{"start":{"line":252,"column":8},"end":{"line":255,"column":9}},{"start":{},"end":{}}],"line":252},"15":{"loc":{"start":{"line":258,"column":16},"end":{"line":258,"column":39}},"type":"binary-expr","locations":[{"start":{"line":258,"column":16},"end":{"line":258,"column":20}},{"start":{"line":258,"column":24},"end":{"line":258,"column":39}}],"line":258},"16":{"loc":{"start":{"line":259,"column":16},"end":{"line":259,"column":42}},"type":"binary-expr","locations":[{"start":{"line":259,"column":16},"end":{"line":259,"column":21}},{"start":{"line":259,"column":25},"end":{"line":259,"column":42}}],"line":259},"17":{"loc":{"start":{"line":260,"column":16},"end":{"line":260,"column":45}},"type":"binary-expr","locations":[{"start":{"line":260,"column":16},"end":{"line":260,"column":22}},{"start":{"line":260,"column":26},"end":{"line":260,"column":45}}],"line":260},"18":{"loc":{"start":{"line":261,"column":16},"end":{"line":261,"column":55}},"type":"binary-expr","locations":[{"start":{"line":261,"column":16},"end":{"line":261,"column":24}},{"start":{"line":261,"column":28},"end":{"line":261,"column":55}}],"line":261},"19":{"loc":{"start":{"line":274,"column":22},"end":{"line":274,"column":44}},"type":"binary-expr","locations":[{"start":{"line":274,"column":22},"end":{"line":274,"column":35}},{"start":{"line":274,"column":39},"end":{"line":274,"column":44}}],"line":274},"20":{"loc":{"start":{"line":288,"column":8},"end":{"line":294,"column":9}},"type":"if","locations":[{"start":{"line":288,"column":8},"end":{"line":294,"column":9}},{"start":{},"end":{}}],"line":288},"21":{"loc":{"start":{"line":321,"column":22},"end":{"line":321,"column":44}},"type":"binary-expr","locations":[{"start":{"line":321,"column":22},"end":{"line":321,"column":35}},{"start":{"line":321,"column":39},"end":{"line":321,"column":44}}],"line":321},"22":{"loc":{"start":{"line":333,"column":8},"end":{"line":339,"column":9}},"type":"if","locations":[{"start":{"line":333,"column":8},"end":{"line":339,"column":9}},{"start":{},"end":{}}],"line":333},"23":{"loc":{"start":{"line":333,"column":11},"end":{"line":333,"column":25}},"type":"binary-expr","locations":[{"start":{"line":333,"column":11},"end":{"line":333,"column":17}},{"start":{"line":333,"column":21},"end":{"line":333,"column":25}}],"line":333},"24":{"loc":{"start":{"line":343,"column":8},"end":{"line":349,"column":9}},"type":"if","locations":[{"start":{"line":343,"column":8},"end":{"line":349,"column":9}},{"start":{},"end":{}}],"line":343},"25":{"loc":{"start":{"line":353,"column":8},"end":{"line":359,"column":9}},"type":"if","locations":[{"start":{"line":353,"column":8},"end":{"line":359,"column":9}},{"start":{},"end":{}}],"line":353},"26":{"loc":{"start":{"line":361,"column":8},"end":{"line":367,"column":9}},"type":"if","locations":[{"start":{"line":361,"column":8},"end":{"line":367,"column":9}},{"start":{},"end":{}}],"line":361},"27":{"loc":{"start":{"line":385,"column":22},"end":{"line":385,"column":44}},"type":"binary-expr","locations":[{"start":{"line":385,"column":22},"end":{"line":385,"column":35}},{"start":{"line":385,"column":39},"end":{"line":385,"column":44}}],"line":385},"28":{"loc":{"start":{"line":397,"column":8},"end":{"line":401,"column":9}},"type":"if","locations":[{"start":{"line":397,"column":8},"end":{"line":401,"column":9}},{"start":{},"end":{}}],"line":397},"29":{"loc":{"start":{"line":397,"column":11},"end":{"line":397,"column":53}},"type":"binary-expr","locations":[{"start":{"line":397,"column":11},"end":{"line":397,"column":17}},{"start":{"line":397,"column":21},"end":{"line":397,"column":33}},{"start":{"line":397,"column":37},"end":{"line":397,"column":53}}],"line":397},"30":{"loc":{"start":{"line":405,"column":8},"end":{"line":411,"column":9}},"type":"if","locations":[{"start":{"line":405,"column":8},"end":{"line":411,"column":9}},{"start":{},"end":{}}],"line":405},"31":{"loc":{"start":{"line":413,"column":8},"end":{"line":419,"column":9}},"type":"if","locations":[{"start":{"line":413,"column":8},"end":{"line":419,"column":9}},{"start":{},"end":{}}],"line":413},"32":{"loc":{"start":{"line":436,"column":22},"end":{"line":436,"column":44}},"type":"binary-expr","locations":[{"start":{"line":436,"column":22},"end":{"line":436,"column":35}},{"start":{"line":436,"column":39},"end":{"line":436,"column":44}}],"line":436},"33":{"loc":{"start":{"line":447,"column":29},"end":{"line":447,"column":107}},"type":"binary-expr","locations":[{"start":{"line":447,"column":29},"end":{"line":447,"column":57}},{"start":{"line":447,"column":61},"end":{"line":447,"column":107}}],"line":447},"34":{"loc":{"start":{"line":449,"column":8},"end":{"line":455,"column":9}},"type":"if","locations":[{"start":{"line":449,"column":8},"end":{"line":455,"column":9}},{"start":{},"end":{}}],"line":449},"35":{"loc":{"start":{"line":459,"column":8},"end":{"line":465,"column":9}},"type":"if","locations":[{"start":{"line":459,"column":8},"end":{"line":465,"column":9}},{"start":{},"end":{}}],"line":459},"36":{"loc":{"start":{"line":491,"column":22},"end":{"line":491,"column":44}},"type":"binary-expr","locations":[{"start":{"line":491,"column":22},"end":{"line":491,"column":35}},{"start":{"line":491,"column":39},"end":{"line":491,"column":44}}],"line":491}},"s":{"0":4,"1":4,"2":4,"3":0,"4":4,"5":4,"6":1,"7":3,"8":3,"9":3,"10":3,"11":3,"12":3,"13":3,"14":3,"15":0,"16":0,"17":0,"18":0,"19":0,"20":0,"21":0,"22":0,"23":0,"24":1,"25":1,"26":1,"27":0,"28":1,"29":1,"30":0,"31":1,"32":0,"33":1,"34":1,"35":0,"36":1,"37":1,"38":1,"39":1,"40":1,"41":1,"42":1,"43":0,"44":0,"45":0,"46":0,"47":0,"48":0,"49":0,"50":0,"51":0,"52":0,"53":0,"54":0,"55":0,"56":0,"57":0,"58":0,"59":0,"60":0,"61":0,"62":0,"63":0,"64":0,"65":0,"66":0,"67":0,"68":0,"69":0,"70":0,"71":0,"72":0,"73":0,"74":0,"75":0,"76":0,"77":0,"78":0,"79":0,"80":0,"81":0,"82":0,"83":0,"84":0,"85":0,"86":0,"87":0,"88":0,"89":0,"90":0,"91":0,"92":0,"93":0,"94":0,"95":0,"96":0,"97":0,"98":0,"99":0,"100":0,"101":0,"102":0,"103":0,"104":0,"105":0,"106":0,"107":0,"108":0,"109":0,"110":0,"111":0,"112":0,"113":0,"114":0,"115":0,"116":0,"117":0,"118":0,"119":0,"120":0,"121":0,"122":0,"123":0,"124":0,"125":0,"126":0,"127":0},"f":{"0":4,"1":0,"2":1,"3":0,"4":0,"5":0,"6":0,"7":0,"8":0,"9":0,"10":0},"b":{"0":[0,4],"1":[4,4,4],"2":[1,3],"3":[0,0],"4":[0,0],"5":[0,0],"6":[0,1],"7":[1,1],"8":[0,1],"9":[0,1],"10":[0,1],"11":[0,0],"12":[0,0],"13":[0,0],"14":[0,0],"15":[0,0],"16":[0,0],"17":[0,0],"18":[0,0],"19":[0,0],"20":[0,0],"21":[0,0],"22":[0,0],"23":[0,0],"24":[0,0],"25":[0,0],"26":[0,0],"27":[0,0],"28":[0,0],"29":[0,0,0],"30":[0,0],"31":[0,0],"32":[0,0],"33":[0,0],"34":[0,0],"35":[0,0],"36":[0,0]},"_coverageSchema":"1a1c01bbd47fc00a2c39e90264f33305004495a9","hash":"e4a58c93fe9f84ca381d588971fba028ee5fa5aa"}
,"D:\\taphoa_test\\server\\controllers\\vnpay.controller.js": {"path":"D:\\taphoa_test\\server\\controllers\\vnpay.controller.js","statementMap":{"0":{"start":{"line":11,"column":17},"end":{"line":11,"column":19}},"1":{"start":{"line":12,"column":15},"end":{"line":12,"column":38}},"2":{"start":{"line":13,"column":2},"end":{"line":15,"column":4}},"3":{"start":{"line":14,"column":4},"end":{"line":14,"column":26}},"4":{"start":{"line":16,"column":2},"end":{"line":16,"column":15}},"5":{"start":{"line":20,"column":2},"end":{"line":102,"column":3}},"6":{"start":{"line":21,"column":19},"end":{"line":21,"column":29}},"7":{"start":{"line":22,"column":61},"end":{"line":22,"column":69}},"8":{"start":{"line":25,"column":8},"end":{"line":28,"column":19}},"9":{"start":{"line":30,"column":17},"end":{"line":30,"column":27}},"10":{"start":{"line":31,"column":23},"end":{"line":31,"column":57}},"11":{"start":{"line":32,"column":20},"end":{"line":32,"column":70}},"12":{"start":{"line":34,"column":20},"end":{"line":34,"column":43}},"13":{"start":{"line":35,"column":22},"end":{"line":35,"column":48}},"14":{"start":{"line":36,"column":17},"end":{"line":36,"column":36}},"15":{"start":{"line":37,"column":22},"end":{"line":37,"column":47}},"16":{"start":{"line":40,"column":19},"end":{"line":40,"column":60}},"17":{"start":{"line":41,"column":23},"end":{"line":41,"column":59}},"18":{"start":{"line":43,"column":21},"end":{"line":58,"column":5}},"19":{"start":{"line":60,"column":4},"end":{"line":60,"column":39}},"20":{"start":{"line":63,"column":21},"end":{"line":63,"column":72}},"21":{"start":{"line":64,"column":17},"end":{"line":64,"column":55}},"22":{"start":{"line":65,"column":19},"end":{"line":65,"column":76}},"23":{"start":{"line":66,"column":4},"end":{"line":66,"column":41}},"24":{"start":{"line":69,"column":4},"end":{"line":69,"column":71}},"25":{"start":{"line":72,"column":18},"end":{"line":79,"column":7}},"26":{"start":{"line":72,"column":40},"end":{"line":79,"column":5}},"27":{"start":{"line":81,"column":4},"end":{"line":91,"column":6}},"28":{"start":{"line":93,"column":4},"end":{"line":93,"column":39}},"29":{"start":{"line":95,"column":4},"end":{"line":98,"column":6}},"30":{"start":{"line":100,"column":4},"end":{"line":100,"column":40}},"31":{"start":{"line":101,"column":4},"end":{"line":101,"column":75}},"32":{"start":{"line":106,"column":2},"end":{"line":169,"column":3}},"33":{"start":{"line":107,"column":21},"end":{"line":107,"column":30}},"34":{"start":{"line":108,"column":23},"end":{"line":108,"column":51}},"35":{"start":{"line":110,"column":4},"end":{"line":110,"column":39}},"36":{"start":{"line":111,"column":4},"end":{"line":111,"column":43}},"37":{"start":{"line":113,"column":4},"end":{"line":113,"column":39}},"38":{"start":{"line":115,"column":22},"end":{"line":115,"column":48}},"39":{"start":{"line":116,"column":21},"end":{"line":116,"column":73}},"40":{"start":{"line":117,"column":17},"end":{"line":117,"column":55}},"41":{"start":{"line":118,"column":19},"end":{"line":118,"column":76}},"42":{"start":{"line":120,"column":4},"end":{"line":162,"column":5}},"43":{"start":{"line":121,"column":22},"end":{"line":121,"column":46}},"44":{"start":{"line":122,"column":22},"end":{"line":122,"column":52}},"45":{"start":{"line":124,"column":20},"end":{"line":124,"column":57}},"46":{"start":{"line":126,"column":6},"end":{"line":131,"column":7}},"47":{"start":{"line":127,"column":8},"end":{"line":130,"column":10}},"48":{"start":{"line":133,"column":6},"end":{"line":156,"column":7}},"49":{"start":{"line":134,"column":8},"end":{"line":134,"column":37}},"50":{"start":{"line":135,"column":8},"end":{"line":135,"column":57}},"51":{"start":{"line":136,"column":8},"end":{"line":136,"column":26}},"52":{"start":{"line":138,"column":8},"end":{"line":138,"column":67}},"53":{"start":{"line":139,"column":8},"end":{"line":139,"column":79}},"54":{"start":{"line":141,"column":8},"end":{"line":145,"column":10}},"55":{"start":{"line":147,"column":8},"end":{"line":147,"column":39}},"56":{"start":{"line":148,"column":8},"end":{"line":148,"column":40}},"57":{"start":{"line":149,"column":8},"end":{"line":149,"column":26}},"58":{"start":{"line":151,"column":8},"end":{"line":155,"column":10}},"59":{"start":{"line":158,"column":6},"end":{"line":161,"column":8}},"60":{"start":{"line":164,"column":4},"end":{"line":164,"column":47}},"61":{"start":{"line":165,"column":4},"end":{"line":168,"column":6}}},"fnMap":{"0":{"name":"sortObject","decl":{"start":{"line":10,"column":9},"end":{"line":10,"column":19}},"loc":{"start":{"line":10,"column":25},"end":{"line":17,"column":1}},"line":10},"1":{"name":"(anonymous_1)","decl":{"start":{"line":13,"column":15},"end":{"line":13,"column":16}},"loc":{"start":{"line":13,"column":22},"end":{"line":15,"column":3}},"line":13},"2":{"name":"createVNPayPayment","decl":{"start":{"line":19,"column":22},"end":{"line":19,"column":40}},"loc":{"start":{"line":19,"column":51},"end":{"line":103,"column":1}},"line":19},"3":{"name":"(anonymous_3)","decl":{"start":{"line":72,"column":33},"end":{"line":72,"column":34}},"loc":{"start":{"line":72,"column":40},"end":{"line":79,"column":5}},"line":72},"4":{"name":"vnpayReturn","decl":{"start":{"line":105,"column":22},"end":{"line":105,"column":33}},"loc":{"start":{"line":105,"column":44},"end":{"line":170,"column":1}},"line":105}},"branchMap":{"0":{"loc":{"start":{"line":25,"column":8},"end":{"line":28,"column":19}},"type":"binary-expr","locations":[{"start":{"line":25,"column":8},"end":{"line":25,"column":38}},{"start":{"line":26,"column":8},"end":{"line":26,"column":37}},{"start":{"line":27,"column":8},"end":{"line":27,"column":33}},{"start":{"line":28,"column":8},"end":{"line":28,"column":19}}],"line":25},"1":{"loc":{"start":{"line":120,"column":4},"end":{"line":162,"column":5}},"type":"if","locations":[{"start":{"line":120,"column":4},"end":{"line":162,"column":5}},{"start":{"line":157,"column":11},"end":{"line":162,"column":5}}],"line":120},"2":{"loc":{"start":{"line":126,"column":6},"end":{"line":131,"column":7}},"type":"if","locations":[{"start":{"line":126,"column":6},"end":{"line":131,"column":7}},{"start":{},"end":{}}],"line":126},"3":{"loc":{"start":{"line":133,"column":6},"end":{"line":156,"column":7}},"type":"if","locations":[{"start":{"line":133,"column":6},"end":{"line":156,"column":7}},{"start":{"line":146,"column":13},"end":{"line":156,"column":7}}],"line":133}},"s":{"0":0,"1":0,"2":0,"3":0,"4":0,"5":0,"6":0,"7":0,"8":0,"9":0,"10":0,"11":0,"12":0,"13":0,"14":0,"15":0,"16":0,"17":0,"18":0,"19":0,"20":0,"21":0,"22":0,"23":0,"24":0,"25":0,"26":0,"27":0,"28":0,"29":0,"30":0,"31":0,"32":0,"33":0,"34":0,"35":0,"36":0,"37":0,"38":0,"39":0,"40":0,"41":0,"42":0,"43":0,"44":0,"45":0,"46":0,"47":0,"48":0,"49":0,"50":0,"51":0,"52":0,"53":0,"54":0,"55":0,"56":0,"57":0,"58":0,"59":0,"60":0,"61":0},"f":{"0":0,"1":0,"2":0,"3":0,"4":0},"b":{"0":[0,0,0,0],"1":[0,0],"2":[0,0],"3":[0,0]},"_coverageSchema":"1a1c01bbd47fc00a2c39e90264f33305004495a9","hash":"9240c4dea3613361ce85a271bde09c5d93ef7d75"}
,"D:\\taphoa_test\\server\\utils\\forgotPasswordTemplate.js": {"path":"D:\\taphoa_test\\server\\utils\\forgotPasswordTemplate.js","statementMap":{"0":{"start":{"line":1,"column":31},"end":{"line":16,"column":1}},"1":{"start":{"line":2,"column":4},"end":{"line":15,"column":5}}},"fnMap":{"0":{"name":"(anonymous_0)","decl":{"start":{"line":1,"column":31},"end":{"line":1,"column":32}},"loc":{"start":{"line":1,"column":48},"end":{"line":16,"column":1}},"line":1}},"branchMap":{},"s":{"0":1,"1":0},"f":{"0":0},"b":{},"_coverageSchema":"1a1c01bbd47fc00a2c39e90264f33305004495a9","hash":"077ea74aec815d495f53d63ed3644b91fc0f1f91"}
,"D:\\taphoa_test\\server\\utils\\generatedAccessToken.js": {"path":"D:\\taphoa_test\\server\\utils\\generatedAccessToken.js","statementMap":{"0":{"start":{"line":3,"column":29},"end":{"line":10,"column":1}},"1":{"start":{"line":4,"column":18},"end":{"line":7,"column":5}},"2":{"start":{"line":9,"column":4},"end":{"line":9,"column":16}}},"fnMap":{"0":{"name":"(anonymous_0)","decl":{"start":{"line":3,"column":29},"end":{"line":3,"column":30}},"loc":{"start":{"line":3,"column":44},"end":{"line":10,"column":1}},"line":3}},"branchMap":{},"s":{"0":1,"1":1,"2":1},"f":{"0":1},"b":{},"_coverageSchema":"1a1c01bbd47fc00a2c39e90264f33305004495a9","hash":"f1cb71abe2a35b05d654c1ce74057eae19984a42"}
,"D:\\taphoa_test\\server\\utils\\generatedOtp.js": {"path":"D:\\taphoa_test\\server\\utils\\generatedOtp.js","statementMap":{"0":{"start":{"line":1,"column":21},"end":{"line":3,"column":1}},"1":{"start":{"line":2,"column":4},"end":{"line":2,"column":54}}},"fnMap":{"0":{"name":"(anonymous_0)","decl":{"start":{"line":1,"column":21},"end":{"line":1,"column":22}},"loc":{"start":{"line":1,"column":25},"end":{"line":3,"column":1}},"line":1}},"branchMap":{},"s":{"0":1,"1":0},"f":{"0":0},"b":{},"_coverageSchema":"1a1c01bbd47fc00a2c39e90264f33305004495a9","hash":"581d2d2b8c268aff74bdbc98f5f0b749b7acf5bd"}
,"D:\\taphoa_test\\server\\utils\\generatedRefreshToken.js": {"path":"D:\\taphoa_test\\server\\utils\\generatedRefreshToken.js","statementMap":{"0":{"start":{"line":4,"column":29},"end":{"line":18,"column":1}},"1":{"start":{"line":5,"column":18},"end":{"line":8,"column":5}},"2":{"start":{"line":10,"column":35},"end":{"line":15,"column":5}},"3":{"start":{"line":17,"column":4},"end":{"line":17,"column":16}}},"fnMap":{"0":{"name":"(anonymous_0)","decl":{"start":{"line":4,"column":29},"end":{"line":4,"column":30}},"loc":{"start":{"line":4,"column":44},"end":{"line":18,"column":1}},"line":4}},"branchMap":{},"s":{"0":1,"1":1,"2":1,"3":1},"f":{"0":1},"b":{},"_coverageSchema":"1a1c01bbd47fc00a2c39e90264f33305004495a9","hash":"e53ce00cd8dbc7efa63ef313f5655769a42fc1f4"}
,"D:\\taphoa_test\\server\\utils\\seedProducts.js": {"path":"D:\\taphoa_test\\server\\utils\\seedProducts.js","statementMap":{},"fnMap":{},"branchMap":{},"s":{},"f":{},"b":{}}
,"D:\\taphoa_test\\server\\utils\\seedUsers.js": {"path":"D:\\taphoa_test\\server\\utils\\seedUsers.js","statementMap":{},"fnMap":{},"branchMap":{},"s":{},"f":{},"b":{}}
,"D:\\taphoa_test\\server\\utils\\uploadImageClodinary.js": {"path":"D:\\taphoa_test\\server\\utils\\uploadImageClodinary.js","statementMap":{"0":{"start":{"line":3,"column":0},"end":{"line":7,"column":2}},"1":{"start":{"line":9,"column":29},"end":{"line":19,"column":1}},"2":{"start":{"line":10,"column":19},"end":{"line":10,"column":74}},"3":{"start":{"line":12,"column":24},"end":{"line":16,"column":6}},"4":{"start":{"line":13,"column":8},"end":{"line":15,"column":22}},"5":{"start":{"line":14,"column":12},"end":{"line":14,"column":40}},"6":{"start":{"line":18,"column":4},"end":{"line":18,"column":22}}},"fnMap":{"0":{"name":"(anonymous_0)","decl":{"start":{"line":9,"column":29},"end":{"line":9,"column":30}},"loc":{"start":{"line":9,"column":43},"end":{"line":19,"column":1}},"line":9},"1":{"name":"(anonymous_1)","decl":{"start":{"line":12,"column":42},"end":{"line":12,"column":43}},"loc":{"start":{"line":12,"column":60},"end":{"line":16,"column":5}},"line":12},"2":{"name":"(anonymous_2)","decl":{"start":{"line":13,"column":65},"end":{"line":13,"column":66}},"loc":{"start":{"line":13,"column":87},"end":{"line":15,"column":9}},"line":13}},"branchMap":{"0":{"loc":{"start":{"line":10,"column":19},"end":{"line":10,"column":74}},"type":"binary-expr","locations":[{"start":{"line":10,"column":19},"end":{"line":10,"column":32}},{"start":{"line":10,"column":36},"end":{"line":10,"column":74}}],"line":10}},"s":{"0":1,"1":1,"2":0,"3":0,"4":0,"5":0,"6":0},"f":{"0":0,"1":0,"2":0},"b":{"0":[0,0]},"_coverageSchema":"1a1c01bbd47fc00a2c39e90264f33305004495a9","hash":"5e2d13d372c95248c7302c0528ddb39ee8f6d386"}
,"D:\\taphoa_test\\server\\utils\\verifyEmailTemplate.js": {"path":"D:\\taphoa_test\\server\\utils\\verifyEmailTemplate.js","statementMap":{"0":{"start":{"line":1,"column":28},"end":{"line":9,"column":1}},"1":{"start":{"line":2,"column":4},"end":{"line":8,"column":1}}},"fnMap":{"0":{"name":"(anonymous_0)","decl":{"start":{"line":1,"column":28},"end":{"line":1,"column":29}},"loc":{"start":{"line":1,"column":42},"end":{"line":9,"column":1}},"line":1}},"branchMap":{},"s":{"0":1,"1":3},"f":{"0":3},"b":{},"_coverageSchema":"1a1c01bbd47fc00a2c39e90264f33305004495a9","hash":"1379700af52448fb66f171270179dbd429528d0d"}
}
