{"D:\\taphoa_test\\server\\controllers\\address.controller.js": {"path":"D:\\taphoa_test\\server\\controllers\\address.controller.js","statementMap":{"0":{"start":{"line":4,"column":36},"end":{"line":40,"column":1}},"1":{"start":{"line":5,"column":4},"end":{"line":39,"column":5}},"2":{"start":{"line":6,"column":23},"end":{"line":6,"column":37}},"3":{"start":{"line":7,"column":72},"end":{"line":7,"column":84}},"4":{"start":{"line":9,"column":30},"end":{"line":17,"column":10}},"5":{"start":{"line":18,"column":28},"end":{"line":18,"column":54}},"6":{"start":{"line":20,"column":33},"end":{"line":24,"column":10}},"7":{"start":{"line":26,"column":8},"end":{"line":31,"column":10}},"8":{"start":{"line":34,"column":8},"end":{"line":38,"column":10}},"9":{"start":{"line":42,"column":36},"end":{"line":61,"column":1}},"10":{"start":{"line":43,"column":4},"end":{"line":60,"column":5}},"11":{"start":{"line":44,"column":23},"end":{"line":44,"column":37}},"12":{"start":{"line":46,"column":21},"end":{"line":46,"column":89}},"13":{"start":{"line":48,"column":8},"end":{"line":53,"column":10}},"14":{"start":{"line":55,"column":8},"end":{"line":59,"column":10}},"15":{"start":{"line":63,"column":39},"end":{"line":90,"column":1}},"16":{"start":{"line":64,"column":4},"end":{"line":89,"column":5}},"17":{"start":{"line":65,"column":23},"end":{"line":65,"column":37}},"18":{"start":{"line":66,"column":73},"end":{"line":66,"column":85}},"19":{"start":{"line":68,"column":30},"end":{"line":75,"column":10}},"20":{"start":{"line":77,"column":8},"end":{"line":82,"column":10}},"21":{"start":{"line":84,"column":8},"end":{"line":88,"column":10}},"22":{"start":{"line":92,"column":39},"end":{"line":114,"column":1}},"23":{"start":{"line":93,"column":4},"end":{"line":113,"column":5}},"24":{"start":{"line":94,"column":23},"end":{"line":94,"column":37}},"25":{"start":{"line":95,"column":24},"end":{"line":95,"column":36}},"26":{"start":{"line":97,"column":31},"end":{"line":99,"column":10}},"27":{"start":{"line":101,"column":8},"end":{"line":106,"column":10}},"28":{"start":{"line":108,"column":8},"end":{"line":112,"column":10}}},"fnMap":{"0":{"name":"(anonymous_0)","decl":{"start":{"line":4,"column":36},"end":{"line":4,"column":37}},"loc":{"start":{"line":4,"column":61},"end":{"line":40,"column":1}},"line":4},"1":{"name":"(anonymous_1)","decl":{"start":{"line":42,"column":36},"end":{"line":42,"column":37}},"loc":{"start":{"line":42,"column":61},"end":{"line":61,"column":1}},"line":42},"2":{"name":"(anonymous_2)","decl":{"start":{"line":63,"column":39},"end":{"line":63,"column":40}},"loc":{"start":{"line":63,"column":64},"end":{"line":90,"column":1}},"line":63},"3":{"name":"(anonymous_3)","decl":{"start":{"line":92,"column":39},"end":{"line":92,"column":40}},"loc":{"start":{"line":92,"column":64},"end":{"line":114,"column":1}},"line":92}},"branchMap":{"0":{"loc":{"start":{"line":35,"column":22},"end":{"line":35,"column":44}},"type":"binary-expr","locations":[{"start":{"line":35,"column":22},"end":{"line":35,"column":35}},{"start":{"line":35,"column":39},"end":{"line":35,"column":44}}],"line":35},"1":{"loc":{"start":{"line":56,"column":22},"end":{"line":56,"column":44}},"type":"binary-expr","locations":[{"start":{"line":56,"column":22},"end":{"line":56,"column":35}},{"start":{"line":56,"column":39},"end":{"line":56,"column":44}}],"line":56},"2":{"loc":{"start":{"line":85,"column":22},"end":{"line":85,"column":44}},"type":"binary-expr","locations":[{"start":{"line":85,"column":22},"end":{"line":85,"column":35}},{"start":{"line":85,"column":39},"end":{"line":85,"column":44}}],"line":85},"3":{"loc":{"start":{"line":109,"column":22},"end":{"line":109,"column":44}},"type":"binary-expr","locations":[{"start":{"line":109,"column":22},"end":{"line":109,"column":35}},{"start":{"line":109,"column":39},"end":{"line":109,"column":44}}],"line":109}},"s":{"0":2,"1":2,"2":2,"3":2,"4":2,"5":2,"6":1,"7":1,"8":1,"9":2,"10":2,"11":2,"12":2,"13":1,"14":1,"15":2,"16":2,"17":2,"18":2,"19":2,"20":1,"21":1,"22":2,"23":2,"24":2,"25":2,"26":2,"27":1,"28":1},"f":{"0":2,"1":2,"2":2,"3":2},"b":{"0":[1,0],"1":[1,0],"2":[1,0],"3":[1,0]},"_coverageSchema":"1a1c01bbd47fc00a2c39e90264f33305004495a9","hash":"575bb91bce133f6314fa3cdf758bc10d5fe4c731"}
,"D:\\taphoa_test\\server\\controllers\\admin.controller.js": {"path":"D:\\taphoa_test\\server\\controllers\\admin.controller.js","statementMap":{"0":{"start":{"line":8,"column":4},"end":{"line":80,"column":5}},"1":{"start":{"line":9,"column":36},"end":{"line":9,"column":48}},"2":{"start":{"line":12,"column":8},"end":{"line":18,"column":9}},"3":{"start":{"line":13,"column":12},"end":{"line":17,"column":14}},"4":{"start":{"line":20,"column":22},"end":{"line":20,"column":56}},"5":{"start":{"line":22,"column":8},"end":{"line":28,"column":9}},"6":{"start":{"line":23,"column":12},"end":{"line":27,"column":14}},"7":{"start":{"line":30,"column":8},"end":{"line":36,"column":9}},"8":{"start":{"line":31,"column":12},"end":{"line":35,"column":15}},"9":{"start":{"line":39,"column":30},"end":{"line":39,"column":78}},"10":{"start":{"line":41,"column":8},"end":{"line":47,"column":9}},"11":{"start":{"line":42,"column":12},"end":{"line":46,"column":14}},"12":{"start":{"line":49,"column":28},"end":{"line":49,"column":65}},"13":{"start":{"line":50,"column":29},"end":{"line":50,"column":66}},"14":{"start":{"line":52,"column":27},"end":{"line":54,"column":10}},"15":{"start":{"line":56,"column":30},"end":{"line":60,"column":9}},"16":{"start":{"line":61,"column":8},"end":{"line":61,"column":66}},"17":{"start":{"line":62,"column":8},"end":{"line":62,"column":68}},"18":{"start":{"line":64,"column":8},"end":{"line":72,"column":10}},"19":{"start":{"line":75,"column":8},"end":{"line":79,"column":10}},"20":{"start":{"line":86,"column":4},"end":{"line":113,"column":5}},"21":{"start":{"line":87,"column":23},"end":{"line":87,"column":37}},"22":{"start":{"line":89,"column":30},"end":{"line":93,"column":9}},"23":{"start":{"line":95,"column":8},"end":{"line":95,"column":58}},"24":{"start":{"line":96,"column":8},"end":{"line":96,"column":59}},"25":{"start":{"line":98,"column":35},"end":{"line":100,"column":10}},"26":{"start":{"line":102,"column":8},"end":{"line":106,"column":10}},"27":{"start":{"line":108,"column":8},"end":{"line":112,"column":10}}},"fnMap":{"0":{"name":"AdminloginController","decl":{"start":{"line":7,"column":22},"end":{"line":7,"column":42}},"loc":{"start":{"line":7,"column":62},"end":{"line":81,"column":1}},"line":7},"1":{"name":"AdminlogoutController","decl":{"start":{"line":85,"column":22},"end":{"line":85,"column":43}},"loc":{"start":{"line":85,"column":63},"end":{"line":114,"column":1}},"line":85}},"branchMap":{"0":{"loc":{"start":{"line":12,"column":8},"end":{"line":18,"column":9}},"type":"if","locations":[{"start":{"line":12,"column":8},"end":{"line":18,"column":9}},{"start":{},"end":{}}],"line":12},"1":{"loc":{"start":{"line":12,"column":12},"end":{"line":12,"column":31}},"type":"binary-expr","locations":[{"start":{"line":12,"column":12},"end":{"line":12,"column":18}},{"start":{"line":12,"column":22},"end":{"line":12,"column":31}}],"line":12},"2":{"loc":{"start":{"line":22,"column":8},"end":{"line":28,"column":9}},"type":"if","locations":[{"start":{"line":22,"column":8},"end":{"line":28,"column":9}},{"start":{},"end":{}}],"line":22},"3":{"loc":{"start":{"line":30,"column":8},"end":{"line":36,"column":9}},"type":"if","locations":[{"start":{"line":30,"column":8},"end":{"line":36,"column":9}},{"start":{},"end":{}}],"line":30},"4":{"loc":{"start":{"line":41,"column":8},"end":{"line":47,"column":9}},"type":"if","locations":[{"start":{"line":41,"column":8},"end":{"line":47,"column":9}},{"start":{},"end":{}}],"line":41},"5":{"loc":{"start":{"line":109,"column":21},"end":{"line":109,"column":43}},"type":"binary-expr","locations":[{"start":{"line":109,"column":21},"end":{"line":109,"column":34}},{"start":{"line":109,"column":38},"end":{"line":109,"column":43}}],"line":109}},"s":{"0":0,"1":0,"2":0,"3":0,"4":0,"5":0,"6":0,"7":0,"8":0,"9":0,"10":0,"11":0,"12":0,"13":0,"14":0,"15":0,"16":0,"17":0,"18":0,"19":0,"20":0,"21":0,"22":0,"23":0,"24":0,"25":0,"26":0,"27":0},"f":{"0":0,"1":0},"b":{"0":[0,0],"1":[0,0],"2":[0,0],"3":[0,0],"4":[0,0],"5":[0,0]},"_coverageSchema":"1a1c01bbd47fc00a2c39e90264f33305004495a9","hash":"74404c770127fa309e55cd6b520146d1644949fd"}
,"D:\\taphoa_test\\server\\controllers\\cart.controller.js": {"path":"D:\\taphoa_test\\server\\controllers\\cart.controller.js","statementMap":{"0":{"start":{"line":5,"column":39},"end":{"line":84,"column":1}},"1":{"start":{"line":6,"column":4},"end":{"line":83,"column":5}},"2":{"start":{"line":7,"column":23},"end":{"line":7,"column":37}},"3":{"start":{"line":8,"column":30},"end":{"line":8,"column":42}},"4":{"start":{"line":10,"column":8},"end":{"line":16,"column":9}},"5":{"start":{"line":11,"column":12},"end":{"line":15,"column":14}},"6":{"start":{"line":19,"column":24},"end":{"line":19,"column":62}},"7":{"start":{"line":21,"column":8},"end":{"line":27,"column":9}},"8":{"start":{"line":22,"column":12},"end":{"line":26,"column":14}},"9":{"start":{"line":29,"column":8},"end":{"line":35,"column":9}},"10":{"start":{"line":30,"column":12},"end":{"line":34,"column":14}},"11":{"start":{"line":37,"column":8},"end":{"line":43,"column":9}},"12":{"start":{"line":38,"column":12},"end":{"line":42,"column":14}},"13":{"start":{"line":45,"column":30},"end":{"line":48,"column":10}},"14":{"start":{"line":50,"column":8},"end":{"line":54,"column":9}},"15":{"start":{"line":51,"column":12},"end":{"line":53,"column":14}},"16":{"start":{"line":56,"column":25},"end":{"line":60,"column":10}},"17":{"start":{"line":61,"column":21},"end":{"line":61,"column":42}},"18":{"start":{"line":63,"column":31},"end":{"line":67,"column":10}},"19":{"start":{"line":69,"column":8},"end":{"line":74,"column":10}},"20":{"start":{"line":78,"column":8},"end":{"line":82,"column":10}},"21":{"start":{"line":87,"column":37},"end":{"line":138,"column":1}},"22":{"start":{"line":88,"column":4},"end":{"line":137,"column":5}},"23":{"start":{"line":89,"column":23},"end":{"line":89,"column":37}},"24":{"start":{"line":91,"column":25},"end":{"line":93,"column":32}},"25":{"start":{"line":96,"column":36},"end":{"line":112,"column":10}},"26":{"start":{"line":97,"column":28},"end":{"line":97,"column":42}},"27":{"start":{"line":98,"column":12},"end":{"line":105,"column":13}},"28":{"start":{"line":99,"column":16},"end":{"line":104,"column":17}},"29":{"start":{"line":106,"column":12},"end":{"line":111,"column":13}},"30":{"start":{"line":115,"column":34},"end":{"line":115,"column":96}},"31":{"start":{"line":115,"column":69},"end":{"line":115,"column":88}},"32":{"start":{"line":116,"column":32},"end":{"line":116,"column":92}},"33":{"start":{"line":116,"column":67},"end":{"line":116,"column":84}},"34":{"start":{"line":117,"column":28},"end":{"line":117,"column":77}},"35":{"start":{"line":117,"column":62},"end":{"line":117,"column":76}},"36":{"start":{"line":119,"column":8},"end":{"line":129,"column":10}},"37":{"start":{"line":132,"column":8},"end":{"line":136,"column":10}},"38":{"start":{"line":141,"column":43},"end":{"line":213,"column":1}},"39":{"start":{"line":142,"column":4},"end":{"line":212,"column":5}},"40":{"start":{"line":143,"column":23},"end":{"line":143,"column":37}},"41":{"start":{"line":144,"column":29},"end":{"line":144,"column":41}},"42":{"start":{"line":146,"column":8},"end":{"line":150,"column":9}},"43":{"start":{"line":147,"column":12},"end":{"line":149,"column":14}},"44":{"start":{"line":153,"column":25},"end":{"line":156,"column":32}},"45":{"start":{"line":158,"column":8},"end":{"line":164,"column":9}},"46":{"start":{"line":159,"column":12},"end":{"line":163,"column":14}},"47":{"start":{"line":167,"column":8},"end":{"line":173,"column":9}},"48":{"start":{"line":168,"column":12},"end":{"line":172,"column":14}},"49":{"start":{"line":175,"column":8},"end":{"line":181,"column":9}},"50":{"start":{"line":176,"column":12},"end":{"line":180,"column":14}},"51":{"start":{"line":184,"column":8},"end":{"line":190,"column":9}},"52":{"start":{"line":185,"column":12},"end":{"line":189,"column":14}},"53":{"start":{"line":192,"column":31},"end":{"line":197,"column":10}},"54":{"start":{"line":199,"column":8},"end":{"line":204,"column":10}},"55":{"start":{"line":207,"column":8},"end":{"line":211,"column":10}},"56":{"start":{"line":215,"column":43},"end":{"line":244,"column":1}},"57":{"start":{"line":216,"column":4},"end":{"line":243,"column":5}},"58":{"start":{"line":217,"column":21},"end":{"line":217,"column":35}},"59":{"start":{"line":218,"column":22},"end":{"line":218,"column":34}},"60":{"start":{"line":220,"column":6},"end":{"line":226,"column":7}},"61":{"start":{"line":221,"column":8},"end":{"line":225,"column":10}},"62":{"start":{"line":228,"column":29},"end":{"line":228,"column":92}},"63":{"start":{"line":230,"column":6},"end":{"line":235,"column":8}},"64":{"start":{"line":238,"column":8},"end":{"line":242,"column":10}},"65":{"start":{"line":247,"column":39},"end":{"line":316,"column":1}},"66":{"start":{"line":248,"column":4},"end":{"line":315,"column":5}},"67":{"start":{"line":249,"column":23},"end":{"line":249,"column":37}},"68":{"start":{"line":251,"column":26},"end":{"line":253,"column":32}},"69":{"start":{"line":256,"column":23},"end":{"line":256,"column":25}},"70":{"start":{"line":258,"column":8},"end":{"line":297,"column":9}},"71":{"start":{"line":259,"column":28},"end":{"line":259,"column":42}},"72":{"start":{"line":261,"column":12},"end":{"line":269,"column":13}},"73":{"start":{"line":262,"column":16},"end":{"line":267,"column":18}},"74":{"start":{"line":268,"column":16},"end":{"line":268,"column":24}},"75":{"start":{"line":271,"column":12},"end":{"line":278,"column":13}},"76":{"start":{"line":272,"column":16},"end":{"line":277,"column":18}},"77":{"start":{"line":280,"column":12},"end":{"line":287,"column":13}},"78":{"start":{"line":281,"column":16},"end":{"line":286,"column":18}},"79":{"start":{"line":289,"column":12},"end":{"line":296,"column":13}},"80":{"start":{"line":290,"column":16},"end":{"line":295,"column":18}},"81":{"start":{"line":299,"column":28},"end":{"line":299,"column":47}},"82":{"start":{"line":301,"column":8},"end":{"line":307,"column":10}},"83":{"start":{"line":310,"column":8},"end":{"line":314,"column":10}}},"fnMap":{"0":{"name":"(anonymous_0)","decl":{"start":{"line":5,"column":39},"end":{"line":5,"column":40}},"loc":{"start":{"line":5,"column":64},"end":{"line":84,"column":1}},"line":5},"1":{"name":"(anonymous_1)","decl":{"start":{"line":87,"column":37},"end":{"line":87,"column":38}},"loc":{"start":{"line":87,"column":62},"end":{"line":138,"column":1}},"line":87},"2":{"name":"(anonymous_2)","decl":{"start":{"line":96,"column":49},"end":{"line":96,"column":50}},"loc":{"start":{"line":96,"column":57},"end":{"line":112,"column":9}},"line":96},"3":{"name":"(anonymous_3)","decl":{"start":{"line":115,"column":61},"end":{"line":115,"column":62}},"loc":{"start":{"line":115,"column":69},"end":{"line":115,"column":88}},"line":115},"4":{"name":"(anonymous_4)","decl":{"start":{"line":116,"column":59},"end":{"line":116,"column":60}},"loc":{"start":{"line":116,"column":67},"end":{"line":116,"column":84}},"line":116},"5":{"name":"(anonymous_5)","decl":{"start":{"line":117,"column":54},"end":{"line":117,"column":55}},"loc":{"start":{"line":117,"column":62},"end":{"line":117,"column":76}},"line":117},"6":{"name":"(anonymous_6)","decl":{"start":{"line":141,"column":43},"end":{"line":141,"column":44}},"loc":{"start":{"line":141,"column":68},"end":{"line":213,"column":1}},"line":141},"7":{"name":"(anonymous_7)","decl":{"start":{"line":215,"column":43},"end":{"line":215,"column":44}},"loc":{"start":{"line":215,"column":68},"end":{"line":244,"column":1}},"line":215},"8":{"name":"(anonymous_8)","decl":{"start":{"line":247,"column":39},"end":{"line":247,"column":40}},"loc":{"start":{"line":247,"column":67},"end":{"line":316,"column":1}},"line":247}},"branchMap":{"0":{"loc":{"start":{"line":10,"column":8},"end":{"line":16,"column":9}},"type":"if","locations":[{"start":{"line":10,"column":8},"end":{"line":16,"column":9}},{"start":{},"end":{}}],"line":10},"1":{"loc":{"start":{"line":21,"column":8},"end":{"line":27,"column":9}},"type":"if","locations":[{"start":{"line":21,"column":8},"end":{"line":27,"column":9}},{"start":{},"end":{}}],"line":21},"2":{"loc":{"start":{"line":29,"column":8},"end":{"line":35,"column":9}},"type":"if","locations":[{"start":{"line":29,"column":8},"end":{"line":35,"column":9}},{"start":{},"end":{}}],"line":29},"3":{"loc":{"start":{"line":37,"column":8},"end":{"line":43,"column":9}},"type":"if","locations":[{"start":{"line":37,"column":8},"end":{"line":43,"column":9}},{"start":{},"end":{}}],"line":37},"4":{"loc":{"start":{"line":50,"column":8},"end":{"line":54,"column":9}},"type":"if","locations":[{"start":{"line":50,"column":8},"end":{"line":54,"column":9}},{"start":{},"end":{}}],"line":50},"5":{"loc":{"start":{"line":79,"column":22},"end":{"line":79,"column":44}},"type":"binary-expr","locations":[{"start":{"line":79,"column":22},"end":{"line":79,"column":35}},{"start":{"line":79,"column":39},"end":{"line":79,"column":44}}],"line":79},"6":{"loc":{"start":{"line":98,"column":12},"end":{"line":105,"column":13}},"type":"if","locations":[{"start":{"line":98,"column":12},"end":{"line":105,"column":13}},{"start":{},"end":{}}],"line":98},"7":{"loc":{"start":{"line":110,"column":26},"end":{"line":110,"column":64}},"type":"binary-expr","locations":[{"start":{"line":110,"column":26},"end":{"line":110,"column":42}},{"start":{"line":110,"column":46},"end":{"line":110,"column":64}}],"line":110},"8":{"loc":{"start":{"line":133,"column":22},"end":{"line":133,"column":44}},"type":"binary-expr","locations":[{"start":{"line":133,"column":22},"end":{"line":133,"column":35}},{"start":{"line":133,"column":39},"end":{"line":133,"column":44}}],"line":133},"9":{"loc":{"start":{"line":146,"column":8},"end":{"line":150,"column":9}},"type":"if","locations":[{"start":{"line":146,"column":8},"end":{"line":150,"column":9}},{"start":{},"end":{}}],"line":146},"10":{"loc":{"start":{"line":146,"column":11},"end":{"line":146,"column":23}},"type":"binary-expr","locations":[{"start":{"line":146,"column":11},"end":{"line":146,"column":15}},{"start":{"line":146,"column":19},"end":{"line":146,"column":23}}],"line":146},"11":{"loc":{"start":{"line":158,"column":8},"end":{"line":164,"column":9}},"type":"if","locations":[{"start":{"line":158,"column":8},"end":{"line":164,"column":9}},{"start":{},"end":{}}],"line":158},"12":{"loc":{"start":{"line":167,"column":8},"end":{"line":173,"column":9}},"type":"if","locations":[{"start":{"line":167,"column":8},"end":{"line":173,"column":9}},{"start":{},"end":{}}],"line":167},"13":{"loc":{"start":{"line":175,"column":8},"end":{"line":181,"column":9}},"type":"if","locations":[{"start":{"line":175,"column":8},"end":{"line":181,"column":9}},{"start":{},"end":{}}],"line":175},"14":{"loc":{"start":{"line":184,"column":8},"end":{"line":190,"column":9}},"type":"if","locations":[{"start":{"line":184,"column":8},"end":{"line":190,"column":9}},{"start":{},"end":{}}],"line":184},"15":{"loc":{"start":{"line":208,"column":22},"end":{"line":208,"column":44}},"type":"binary-expr","locations":[{"start":{"line":208,"column":22},"end":{"line":208,"column":35}},{"start":{"line":208,"column":39},"end":{"line":208,"column":44}}],"line":208},"16":{"loc":{"start":{"line":220,"column":6},"end":{"line":226,"column":7}},"type":"if","locations":[{"start":{"line":220,"column":6},"end":{"line":226,"column":7}},{"start":{},"end":{}}],"line":220},"17":{"loc":{"start":{"line":239,"column":22},"end":{"line":239,"column":44}},"type":"binary-expr","locations":[{"start":{"line":239,"column":22},"end":{"line":239,"column":35}},{"start":{"line":239,"column":39},"end":{"line":239,"column":44}}],"line":239},"18":{"loc":{"start":{"line":261,"column":12},"end":{"line":269,"column":13}},"type":"if","locations":[{"start":{"line":261,"column":12},"end":{"line":269,"column":13}},{"start":{},"end":{}}],"line":261},"19":{"loc":{"start":{"line":271,"column":12},"end":{"line":278,"column":13}},"type":"if","locations":[{"start":{"line":271,"column":12},"end":{"line":278,"column":13}},{"start":{},"end":{}}],"line":271},"20":{"loc":{"start":{"line":280,"column":12},"end":{"line":287,"column":13}},"type":"if","locations":[{"start":{"line":280,"column":12},"end":{"line":287,"column":13}},{"start":{},"end":{}}],"line":280},"21":{"loc":{"start":{"line":289,"column":12},"end":{"line":296,"column":13}},"type":"if","locations":[{"start":{"line":289,"column":12},"end":{"line":296,"column":13}},{"start":{},"end":{}}],"line":289},"22":{"loc":{"start":{"line":289,"column":15},"end":{"line":289,"column":65}},"type":"binary-expr","locations":[{"start":{"line":289,"column":15},"end":{"line":289,"column":32}},{"start":{"line":289,"column":36},"end":{"line":289,"column":65}}],"line":289},"23":{"loc":{"start":{"line":304,"column":21},"end":{"line":304,"column":79}},"type":"cond-expr","locations":[{"start":{"line":304,"column":35},"end":{"line":304,"column":52}},{"start":{"line":304,"column":55},"end":{"line":304,"column":79}}],"line":304},"24":{"loc":{"start":{"line":311,"column":21},"end":{"line":311,"column":43}},"type":"binary-expr","locations":[{"start":{"line":311,"column":21},"end":{"line":311,"column":34}},{"start":{"line":311,"column":38},"end":{"line":311,"column":43}}],"line":311}},"s":{"0":2,"1":7,"2":7,"3":7,"4":7,"5":1,"6":6,"7":5,"8":1,"9":4,"10":1,"11":3,"12":1,"13":2,"14":2,"15":1,"16":1,"17":1,"18":1,"19":1,"20":1,"21":2,"22":2,"23":2,"24":2,"25":1,"26":2,"27":2,"28":2,"29":0,"30":1,"31":2,"32":1,"33":2,"34":1,"35":1,"36":1,"37":1,"38":2,"39":7,"40":7,"41":7,"42":7,"43":1,"44":6,"45":5,"46":1,"47":4,"48":1,"49":3,"50":1,"51":2,"52":1,"53":1,"54":1,"55":1,"56":2,"57":3,"58":3,"59":3,"60":3,"61":1,"62":2,"63":1,"64":1,"65":2,"66":3,"67":3,"68":3,"69":2,"70":2,"71":5,"72":5,"73":1,"74":1,"75":4,"76":1,"77":4,"78":1,"79":4,"80":1,"81":2,"82":2,"83":1},"f":{"0":7,"1":2,"2":2,"3":2,"4":2,"5":1,"6":7,"7":3,"8":3},"b":{"0":[1,6],"1":[1,4],"2":[1,3],"3":[1,2],"4":[1,1],"5":[1,0],"6":[2,0],"7":[0,0],"8":[1,0],"9":[1,6],"10":[7,6],"11":[1,4],"12":[1,3],"13":[1,2],"14":[1,1],"15":[1,0],"16":[1,2],"17":[1,0],"18":[1,4],"19":[1,3],"20":[1,3],"21":[1,3],"22":[4,3],"23":[1,1],"24":[1,0]},"_coverageSchema":"1a1c01bbd47fc00a2c39e90264f33305004495a9","hash":"e535ba701e3f7af067f457f72590875e573a2dd4"}
,"D:\\taphoa_test\\server\\controllers\\category.controller.js": {"path":"D:\\taphoa_test\\server\\controllers\\category.controller.js","statementMap":{"0":{"start":{"line":5,"column":37},"end":{"line":46,"column":1}},"1":{"start":{"line":6,"column":4},"end":{"line":45,"column":5}},"2":{"start":{"line":7,"column":33},"end":{"line":7,"column":45}},"3":{"start":{"line":9,"column":8},"end":{"line":15,"column":9}},"4":{"start":{"line":10,"column":12},"end":{"line":14,"column":14}},"5":{"start":{"line":17,"column":28},"end":{"line":20,"column":10}},"6":{"start":{"line":22,"column":29},"end":{"line":22,"column":53}},"7":{"start":{"line":24,"column":8},"end":{"line":30,"column":9}},"8":{"start":{"line":25,"column":12},"end":{"line":29,"column":14}},"9":{"start":{"line":32,"column":8},"end":{"line":37,"column":10}},"10":{"start":{"line":40,"column":8},"end":{"line":44,"column":10}},"11":{"start":{"line":48,"column":37},"end":{"line":65,"column":1}},"12":{"start":{"line":49,"column":4},"end":{"line":64,"column":5}},"13":{"start":{"line":51,"column":21},"end":{"line":51,"column":72}},"14":{"start":{"line":53,"column":8},"end":{"line":57,"column":10}},"15":{"start":{"line":59,"column":8},"end":{"line":63,"column":10}},"16":{"start":{"line":67,"column":40},"end":{"line":91,"column":1}},"17":{"start":{"line":68,"column":4},"end":{"line":90,"column":5}},"18":{"start":{"line":69,"column":37},"end":{"line":69,"column":49}},"19":{"start":{"line":71,"column":23},"end":{"line":76,"column":10}},"20":{"start":{"line":78,"column":8},"end":{"line":83,"column":10}},"21":{"start":{"line":85,"column":8},"end":{"line":89,"column":10}},"22":{"start":{"line":93,"column":40},"end":{"line":133,"column":1}},"23":{"start":{"line":94,"column":4},"end":{"line":132,"column":5}},"24":{"start":{"line":95,"column":24},"end":{"line":95,"column":36}},"25":{"start":{"line":97,"column":33},"end":{"line":101,"column":27}},"26":{"start":{"line":103,"column":29},"end":{"line":107,"column":27}},"27":{"start":{"line":109,"column":8},"end":{"line":115,"column":9}},"28":{"start":{"line":110,"column":12},"end":{"line":114,"column":14}},"29":{"start":{"line":117,"column":31},"end":{"line":117,"column":74}},"30":{"start":{"line":119,"column":8},"end":{"line":124,"column":10}},"31":{"start":{"line":127,"column":7},"end":{"line":131,"column":9}}},"fnMap":{"0":{"name":"(anonymous_0)","decl":{"start":{"line":5,"column":37},"end":{"line":5,"column":38}},"loc":{"start":{"line":5,"column":62},"end":{"line":46,"column":1}},"line":5},"1":{"name":"(anonymous_1)","decl":{"start":{"line":48,"column":37},"end":{"line":48,"column":38}},"loc":{"start":{"line":48,"column":62},"end":{"line":65,"column":1}},"line":48},"2":{"name":"(anonymous_2)","decl":{"start":{"line":67,"column":40},"end":{"line":67,"column":41}},"loc":{"start":{"line":67,"column":65},"end":{"line":91,"column":1}},"line":67},"3":{"name":"(anonymous_3)","decl":{"start":{"line":93,"column":40},"end":{"line":93,"column":41}},"loc":{"start":{"line":93,"column":65},"end":{"line":133,"column":1}},"line":93}},"branchMap":{"0":{"loc":{"start":{"line":9,"column":8},"end":{"line":15,"column":9}},"type":"if","locations":[{"start":{"line":9,"column":8},"end":{"line":15,"column":9}},{"start":{},"end":{}}],"line":9},"1":{"loc":{"start":{"line":9,"column":11},"end":{"line":9,"column":26}},"type":"binary-expr","locations":[{"start":{"line":9,"column":11},"end":{"line":9,"column":16}},{"start":{"line":9,"column":20},"end":{"line":9,"column":26}}],"line":9},"2":{"loc":{"start":{"line":24,"column":8},"end":{"line":30,"column":9}},"type":"if","locations":[{"start":{"line":24,"column":8},"end":{"line":30,"column":9}},{"start":{},"end":{}}],"line":24},"3":{"loc":{"start":{"line":41,"column":22},"end":{"line":41,"column":44}},"type":"binary-expr","locations":[{"start":{"line":41,"column":22},"end":{"line":41,"column":35}},{"start":{"line":41,"column":39},"end":{"line":41,"column":44}}],"line":41},"4":{"loc":{"start":{"line":60,"column":22},"end":{"line":60,"column":45}},"type":"binary-expr","locations":[{"start":{"line":60,"column":22},"end":{"line":60,"column":36}},{"start":{"line":60,"column":40},"end":{"line":60,"column":45}}],"line":60},"5":{"loc":{"start":{"line":86,"column":22},"end":{"line":86,"column":44}},"type":"binary-expr","locations":[{"start":{"line":86,"column":22},"end":{"line":86,"column":35}},{"start":{"line":86,"column":39},"end":{"line":86,"column":44}}],"line":86},"6":{"loc":{"start":{"line":109,"column":8},"end":{"line":115,"column":9}},"type":"if","locations":[{"start":{"line":109,"column":8},"end":{"line":115,"column":9}},{"start":{},"end":{}}],"line":109},"7":{"loc":{"start":{"line":109,"column":11},"end":{"line":109,"column":52}},"type":"binary-expr","locations":[{"start":{"line":109,"column":11},"end":{"line":109,"column":32}},{"start":{"line":109,"column":36},"end":{"line":109,"column":52}}],"line":109},"8":{"loc":{"start":{"line":128,"column":22},"end":{"line":128,"column":44}},"type":"binary-expr","locations":[{"start":{"line":128,"column":22},"end":{"line":128,"column":35}},{"start":{"line":128,"column":39},"end":{"line":128,"column":44}}],"line":128}},"s":{"0":1,"1":0,"2":0,"3":0,"4":0,"5":0,"6":0,"7":0,"8":0,"9":0,"10":0,"11":1,"12":0,"13":0,"14":0,"15":0,"16":1,"17":0,"18":0,"19":0,"20":0,"21":0,"22":1,"23":0,"24":0,"25":0,"26":0,"27":0,"28":0,"29":0,"30":0,"31":0},"f":{"0":0,"1":0,"2":0,"3":0},"b":{"0":[0,0],"1":[0,0],"2":[0,0],"3":[0,0],"4":[0,0],"5":[0,0],"6":[0,0],"7":[0,0],"8":[0,0]},"_coverageSchema":"1a1c01bbd47fc00a2c39e90264f33305004495a9","hash":"8cf1b253f6a4eed62a06f95aae72a7a1b2d88907"}
,"D:\\taphoa_test\\server\\controllers\\order.controller.js": {"path":"D:\\taphoa_test\\server\\controllers\\order.controller.js","statementMap":{"0":{"start":{"line":15,"column":25},"end":{"line":15,"column":27}},"1":{"start":{"line":16,"column":19},"end":{"line":16,"column":21}},"2":{"start":{"line":18,"column":4},"end":{"line":72,"column":5}},"3":{"start":{"line":19,"column":8},"end":{"line":71,"column":9}},"4":{"start":{"line":20,"column":30},"end":{"line":20,"column":67}},"5":{"start":{"line":21,"column":28},"end":{"line":21,"column":66}},"6":{"start":{"line":23,"column":12},"end":{"line":30,"column":13}},"7":{"start":{"line":24,"column":16},"end":{"line":28,"column":19}},"8":{"start":{"line":29,"column":16},"end":{"line":29,"column":25}},"9":{"start":{"line":32,"column":12},"end":{"line":39,"column":13}},"10":{"start":{"line":33,"column":16},"end":{"line":37,"column":19}},"11":{"start":{"line":38,"column":16},"end":{"line":38,"column":25}},"12":{"start":{"line":41,"column":12},"end":{"line":48,"column":13}},"13":{"start":{"line":42,"column":16},"end":{"line":46,"column":19}},"14":{"start":{"line":47,"column":16},"end":{"line":47,"column":25}},"15":{"start":{"line":50,"column":29},"end":{"line":50,"column":42}},"16":{"start":{"line":51,"column":12},"end":{"line":51,"column":43}},"17":{"start":{"line":52,"column":12},"end":{"line":52,"column":33}},"18":{"start":{"line":54,"column":12},"end":{"line":61,"column":15}},"19":{"start":{"line":63,"column":12},"end":{"line":63,"column":94}},"20":{"start":{"line":66,"column":12},"end":{"line":69,"column":15}},"21":{"start":{"line":70,"column":12},"end":{"line":70,"column":69}},"22":{"start":{"line":74,"column":4},"end":{"line":74,"column":36}},"23":{"start":{"line":79,"column":25},"end":{"line":79,"column":27}},"24":{"start":{"line":80,"column":19},"end":{"line":80,"column":21}},"25":{"start":{"line":82,"column":4},"end":{"line":118,"column":5}},"26":{"start":{"line":83,"column":8},"end":{"line":117,"column":9}},"27":{"start":{"line":84,"column":30},"end":{"line":84,"column":67}},"28":{"start":{"line":85,"column":28},"end":{"line":85,"column":66}},"29":{"start":{"line":87,"column":12},"end":{"line":94,"column":13}},"30":{"start":{"line":88,"column":16},"end":{"line":92,"column":19}},"31":{"start":{"line":93,"column":16},"end":{"line":93,"column":25}},"32":{"start":{"line":96,"column":29},"end":{"line":96,"column":42}},"33":{"start":{"line":97,"column":12},"end":{"line":97,"column":43}},"34":{"start":{"line":98,"column":12},"end":{"line":98,"column":33}},"35":{"start":{"line":100,"column":12},"end":{"line":107,"column":15}},"36":{"start":{"line":109,"column":12},"end":{"line":109,"column":94}},"37":{"start":{"line":112,"column":12},"end":{"line":115,"column":15}},"38":{"start":{"line":116,"column":12},"end":{"line":116,"column":69}},"39":{"start":{"line":120,"column":4},"end":{"line":120,"column":36}},"40":{"start":{"line":129,"column":4},"end":{"line":229,"column":5}},"41":{"start":{"line":130,"column":23},"end":{"line":130,"column":37}},"42":{"start":{"line":131,"column":65},"end":{"line":131,"column":77}},"43":{"start":{"line":134,"column":33},"end":{"line":134,"column":35}},"44":{"start":{"line":136,"column":8},"end":{"line":154,"column":9}},"45":{"start":{"line":137,"column":30},"end":{"line":137,"column":67}},"46":{"start":{"line":138,"column":28},"end":{"line":138,"column":66}},"47":{"start":{"line":140,"column":12},"end":{"line":143,"column":13}},"48":{"start":{"line":141,"column":16},"end":{"line":141,"column":103}},"49":{"start":{"line":142,"column":16},"end":{"line":142,"column":25}},"50":{"start":{"line":145,"column":12},"end":{"line":148,"column":13}},"51":{"start":{"line":146,"column":16},"end":{"line":146,"column":81}},"52":{"start":{"line":147,"column":16},"end":{"line":147,"column":25}},"53":{"start":{"line":150,"column":12},"end":{"line":153,"column":13}},"54":{"start":{"line":151,"column":16},"end":{"line":151,"column":135}},"55":{"start":{"line":152,"column":16},"end":{"line":152,"column":25}},"56":{"start":{"line":156,"column":8},"end":{"line":163,"column":9}},"57":{"start":{"line":157,"column":12},"end":{"line":162,"column":15}},"58":{"start":{"line":166,"column":22},"end":{"line":173,"column":11}},"59":{"start":{"line":166,"column":44},"end":{"line":173,"column":9}},"60":{"start":{"line":176,"column":41},"end":{"line":176,"column":72}},"61":{"start":{"line":178,"column":8},"end":{"line":185,"column":9}},"62":{"start":{"line":179,"column":12},"end":{"line":184,"column":15}},"63":{"start":{"line":188,"column":29},"end":{"line":198,"column":9}},"64":{"start":{"line":200,"column":31},"end":{"line":200,"column":68}},"65":{"start":{"line":203,"column":8},"end":{"line":203,"column":54}},"66":{"start":{"line":204,"column":8},"end":{"line":204,"column":74}},"67":{"start":{"line":206,"column":8},"end":{"line":206,"column":68}},"68":{"start":{"line":208,"column":8},"end":{"line":214,"column":22}},"69":{"start":{"line":209,"column":23},"end":{"line":209,"column":30}},"70":{"start":{"line":210,"column":30},"end":{"line":210,"column":157}},"71":{"start":{"line":211,"column":12},"end":{"line":211,"column":63}},"72":{"start":{"line":212,"column":12},"end":{"line":212,"column":83}},"73":{"start":{"line":213,"column":12},"end":{"line":213,"column":62}},"74":{"start":{"line":216,"column":8},"end":{"line":221,"column":11}},"75":{"start":{"line":224,"column":8},"end":{"line":228,"column":11}},"76":{"start":{"line":232,"column":33},"end":{"line":236,"column":1}},"77":{"start":{"line":233,"column":26},"end":{"line":233,"column":72}},"78":{"start":{"line":234,"column":24},"end":{"line":234,"column":61}},"79":{"start":{"line":235,"column":4},"end":{"line":235,"column":23}},"80":{"start":{"line":240,"column":4},"end":{"line":323,"column":5}},"81":{"start":{"line":241,"column":23},"end":{"line":241,"column":37}},"82":{"start":{"line":242,"column":65},"end":{"line":242,"column":77}},"83":{"start":{"line":245,"column":33},"end":{"line":245,"column":35}},"84":{"start":{"line":247,"column":8},"end":{"line":265,"column":9}},"85":{"start":{"line":248,"column":30},"end":{"line":248,"column":67}},"86":{"start":{"line":249,"column":28},"end":{"line":249,"column":66}},"87":{"start":{"line":251,"column":12},"end":{"line":254,"column":13}},"88":{"start":{"line":252,"column":16},"end":{"line":252,"column":103}},"89":{"start":{"line":253,"column":16},"end":{"line":253,"column":25}},"90":{"start":{"line":256,"column":12},"end":{"line":259,"column":13}},"91":{"start":{"line":257,"column":16},"end":{"line":257,"column":81}},"92":{"start":{"line":258,"column":16},"end":{"line":258,"column":25}},"93":{"start":{"line":261,"column":12},"end":{"line":264,"column":13}},"94":{"start":{"line":262,"column":16},"end":{"line":262,"column":103}},"95":{"start":{"line":263,"column":16},"end":{"line":263,"column":25}},"96":{"start":{"line":267,"column":8},"end":{"line":274,"column":9}},"97":{"start":{"line":268,"column":12},"end":{"line":273,"column":15}},"98":{"start":{"line":276,"column":21},"end":{"line":276,"column":53}},"99":{"start":{"line":278,"column":27},"end":{"line":297,"column":10}},"100":{"start":{"line":279,"column":12},"end":{"line":296,"column":13}},"101":{"start":{"line":299,"column":23},"end":{"line":311,"column":9}},"102":{"start":{"line":313,"column":24},"end":{"line":313,"column":69}},"103":{"start":{"line":315,"column":8},"end":{"line":315,"column":50}},"104":{"start":{"line":318,"column":8},"end":{"line":322,"column":11}},"105":{"start":{"line":327,"column":29},"end":{"line":364,"column":1}},"106":{"start":{"line":334,"column":24},"end":{"line":334,"column":26}},"107":{"start":{"line":336,"column":4},"end":{"line":361,"column":5}},"108":{"start":{"line":337,"column":8},"end":{"line":360,"column":9}},"109":{"start":{"line":338,"column":28},"end":{"line":338,"column":78}},"110":{"start":{"line":340,"column":28},"end":{"line":357,"column":13}},"111":{"start":{"line":359,"column":12},"end":{"line":359,"column":38}},"112":{"start":{"line":363,"column":4},"end":{"line":363,"column":23}},"113":{"start":{"line":367,"column":18},"end":{"line":367,"column":30}},"114":{"start":{"line":369,"column":4},"end":{"line":369,"column":53}},"115":{"start":{"line":371,"column":4},"end":{"line":422,"column":5}},"116":{"start":{"line":373,"column":28},"end":{"line":373,"column":45}},"117":{"start":{"line":374,"column":30},"end":{"line":374,"column":86}},"118":{"start":{"line":375,"column":27},"end":{"line":375,"column":50}},"119":{"start":{"line":377,"column":34},"end":{"line":383,"column":14}},"120":{"start":{"line":386,"column":12},"end":{"line":396,"column":13}},"121":{"start":{"line":387,"column":49},"end":{"line":387,"column":93}},"122":{"start":{"line":389,"column":16},"end":{"line":391,"column":17}},"123":{"start":{"line":390,"column":20},"end":{"line":390,"column":76}},"124":{"start":{"line":393,"column":16},"end":{"line":395,"column":17}},"125":{"start":{"line":394,"column":20},"end":{"line":394,"column":73}},"126":{"start":{"line":398,"column":26},"end":{"line":398,"column":68}},"127":{"start":{"line":400,"column":12},"end":{"line":400,"column":50}},"128":{"start":{"line":402,"column":12},"end":{"line":411,"column":26}},"129":{"start":{"line":403,"column":27},"end":{"line":403,"column":34}},"130":{"start":{"line":405,"column":16},"end":{"line":410,"column":17}},"131":{"start":{"line":406,"column":38},"end":{"line":406,"column":113}},"132":{"start":{"line":407,"column":20},"end":{"line":407,"column":71}},"133":{"start":{"line":408,"column":20},"end":{"line":408,"column":78}},"134":{"start":{"line":409,"column":20},"end":{"line":409,"column":70}},"135":{"start":{"line":413,"column":12},"end":{"line":418,"column":13}},"136":{"start":{"line":414,"column":16},"end":{"line":416,"column":19}},"137":{"start":{"line":417,"column":16},"end":{"line":417,"column":70}},"138":{"start":{"line":419,"column":12},"end":{"line":419,"column":18}},"139":{"start":{"line":421,"column":12},"end":{"line":421,"column":62}},"140":{"start":{"line":424,"column":4},"end":{"line":424,"column":36}},"141":{"start":{"line":429,"column":4},"end":{"line":449,"column":5}},"142":{"start":{"line":430,"column":23},"end":{"line":430,"column":37}},"143":{"start":{"line":432,"column":26},"end":{"line":435,"column":74}},"144":{"start":{"line":437,"column":8},"end":{"line":442,"column":11}},"145":{"start":{"line":444,"column":8},"end":{"line":448,"column":11}},"146":{"start":{"line":454,"column":4},"end":{"line":518,"column":5}},"147":{"start":{"line":455,"column":28},"end":{"line":455,"column":42}},"148":{"start":{"line":456,"column":23},"end":{"line":456,"column":37}},"149":{"start":{"line":458,"column":23},"end":{"line":460,"column":50}},"150":{"start":{"line":462,"column":22},"end":{"line":462,"column":54}},"151":{"start":{"line":464,"column":8},"end":{"line":470,"column":9}},"152":{"start":{"line":465,"column":12},"end":{"line":469,"column":15}},"153":{"start":{"line":472,"column":8},"end":{"line":478,"column":9}},"154":{"start":{"line":473,"column":12},"end":{"line":477,"column":15}},"155":{"start":{"line":481,"column":41},"end":{"line":481,"column":79}},"156":{"start":{"line":483,"column":8},"end":{"line":485,"column":9}},"157":{"start":{"line":484,"column":12},"end":{"line":484,"column":65}},"158":{"start":{"line":487,"column":8},"end":{"line":487,"column":41}},"159":{"start":{"line":488,"column":8},"end":{"line":488,"column":27}},"160":{"start":{"line":490,"column":8},"end":{"line":501,"column":9}},"161":{"start":{"line":491,"column":23},"end":{"line":491,"column":30}},"162":{"start":{"line":492,"column":30},"end":{"line":492,"column":115}},"163":{"start":{"line":495,"column":12},"end":{"line":495,"column":65}},"164":{"start":{"line":496,"column":12},"end":{"line":496,"column":64}},"165":{"start":{"line":497,"column":12},"end":{"line":497,"column":70}},"166":{"start":{"line":498,"column":12},"end":{"line":498,"column":75}},"167":{"start":{"line":500,"column":12},"end":{"line":500,"column":82}},"168":{"start":{"line":503,"column":8},"end":{"line":503,"column":62}},"169":{"start":{"line":505,"column":8},"end":{"line":511,"column":11}},"170":{"start":{"line":513,"column":8},"end":{"line":517,"column":11}},"171":{"start":{"line":523,"column":4},"end":{"line":551,"column":5}},"172":{"start":{"line":524,"column":26},"end":{"line":537,"column":14}},"173":{"start":{"line":539,"column":8},"end":{"line":544,"column":11}},"174":{"start":{"line":546,"column":8},"end":{"line":550,"column":11}},"175":{"start":{"line":556,"column":4},"end":{"line":674,"column":5}},"176":{"start":{"line":557,"column":28},"end":{"line":557,"column":38}},"177":{"start":{"line":558,"column":33},"end":{"line":558,"column":41}},"178":{"start":{"line":560,"column":22},"end":{"line":560,"column":84}},"179":{"start":{"line":561,"column":8},"end":{"line":567,"column":9}},"180":{"start":{"line":562,"column":12},"end":{"line":566,"column":15}},"181":{"start":{"line":569,"column":23},"end":{"line":569,"column":89}},"182":{"start":{"line":571,"column":22},"end":{"line":571,"column":83}},"183":{"start":{"line":573,"column":8},"end":{"line":579,"column":9}},"184":{"start":{"line":574,"column":12},"end":{"line":578,"column":15}},"185":{"start":{"line":581,"column":8},"end":{"line":588,"column":9}},"186":{"start":{"line":582,"column":12},"end":{"line":587,"column":15}},"187":{"start":{"line":590,"column":28},"end":{"line":596,"column":9}},"188":{"start":{"line":598,"column":24},"end":{"line":598,"column":61}},"189":{"start":{"line":599,"column":8},"end":{"line":605,"column":9}},"190":{"start":{"line":600,"column":12},"end":{"line":604,"column":15}},"191":{"start":{"line":608,"column":8},"end":{"line":644,"column":9}},"192":{"start":{"line":609,"column":12},"end":{"line":609,"column":64}},"193":{"start":{"line":611,"column":45},"end":{"line":611,"column":83}},"194":{"start":{"line":613,"column":12},"end":{"line":615,"column":13}},"195":{"start":{"line":614,"column":16},"end":{"line":614,"column":69}},"196":{"start":{"line":617,"column":12},"end":{"line":617,"column":46}},"197":{"start":{"line":618,"column":12},"end":{"line":618,"column":31}},"198":{"start":{"line":621,"column":12},"end":{"line":634,"column":13}},"199":{"start":{"line":622,"column":27},"end":{"line":622,"column":34}},"200":{"start":{"line":623,"column":34},"end":{"line":623,"column":119}},"201":{"start":{"line":626,"column":16},"end":{"line":626,"column":69}},"202":{"start":{"line":627,"column":16},"end":{"line":627,"column":68}},"203":{"start":{"line":628,"column":16},"end":{"line":628,"column":80}},"204":{"start":{"line":629,"column":16},"end":{"line":629,"column":74}},"205":{"start":{"line":630,"column":16},"end":{"line":630,"column":73}},"206":{"start":{"line":631,"column":16},"end":{"line":631,"column":85}},"207":{"start":{"line":633,"column":16},"end":{"line":633,"column":89}},"208":{"start":{"line":636,"column":12},"end":{"line":643,"column":15}},"209":{"start":{"line":646,"column":8},"end":{"line":646,"column":42}},"210":{"start":{"line":647,"column":8},"end":{"line":647,"column":27}},"211":{"start":{"line":650,"column":8},"end":{"line":660,"column":9}},"212":{"start":{"line":651,"column":23},"end":{"line":651,"column":30}},"213":{"start":{"line":652,"column":30},"end":{"line":652,"column":115}},"214":{"start":{"line":655,"column":12},"end":{"line":655,"column":70}},"215":{"start":{"line":656,"column":12},"end":{"line":656,"column":69}},"216":{"start":{"line":657,"column":12},"end":{"line":657,"column":81}},"217":{"start":{"line":659,"column":12},"end":{"line":659,"column":87}},"218":{"start":{"line":662,"column":8},"end":{"line":667,"column":11}},"219":{"start":{"line":669,"column":8},"end":{"line":673,"column":11}}},"fnMap":{"0":{"name":"deductProductStock","decl":{"start":{"line":14,"column":15},"end":{"line":14,"column":33}},"loc":{"start":{"line":14,"column":41},"end":{"line":75,"column":1}},"line":14},"1":{"name":"restoreProductStock","decl":{"start":{"line":78,"column":15},"end":{"line":78,"column":34}},"loc":{"start":{"line":78,"column":42},"end":{"line":121,"column":1}},"line":78},"2":{"name":"CashOnDeliveryOrderController","decl":{"start":{"line":128,"column":22},"end":{"line":128,"column":51}},"loc":{"start":{"line":128,"column":71},"end":{"line":230,"column":1}},"line":128},"3":{"name":"(anonymous_3)","decl":{"start":{"line":166,"column":37},"end":{"line":166,"column":38}},"loc":{"start":{"line":166,"column":44},"end":{"line":173,"column":9}},"line":166},"4":{"name":"(anonymous_4)","decl":{"start":{"line":232,"column":33},"end":{"line":232,"column":34}},"loc":{"start":{"line":232,"column":53},"end":{"line":236,"column":1}},"line":232},"5":{"name":"paymentController","decl":{"start":{"line":239,"column":22},"end":{"line":239,"column":39}},"loc":{"start":{"line":239,"column":59},"end":{"line":324,"column":1}},"line":239},"6":{"name":"(anonymous_6)","decl":{"start":{"line":278,"column":42},"end":{"line":278,"column":43}},"loc":{"start":{"line":278,"column":50},"end":{"line":297,"column":9}},"line":278},"7":{"name":"(anonymous_7)","decl":{"start":{"line":327,"column":29},"end":{"line":327,"column":30}},"loc":{"start":{"line":333,"column":6},"end":{"line":364,"column":1}},"line":333},"8":{"name":"webhookStripe","decl":{"start":{"line":366,"column":22},"end":{"line":366,"column":35}},"loc":{"start":{"line":366,"column":55},"end":{"line":425,"column":1}},"line":366},"9":{"name":"getOrderDetailsController","decl":{"start":{"line":428,"column":22},"end":{"line":428,"column":47}},"loc":{"start":{"line":428,"column":67},"end":{"line":450,"column":1}},"line":428},"10":{"name":"cancelOrderController","decl":{"start":{"line":453,"column":22},"end":{"line":453,"column":43}},"loc":{"start":{"line":453,"column":63},"end":{"line":519,"column":1}},"line":453},"11":{"name":"getAllOrdersAdminController","decl":{"start":{"line":522,"column":22},"end":{"line":522,"column":49}},"loc":{"start":{"line":522,"column":60},"end":{"line":552,"column":1}},"line":522},"12":{"name":"updateOrderStatusController","decl":{"start":{"line":555,"column":22},"end":{"line":555,"column":49}},"loc":{"start":{"line":555,"column":60},"end":{"line":675,"column":1}},"line":555}},"branchMap":{"0":{"loc":{"start":{"line":20,"column":30},"end":{"line":20,"column":67}},"type":"binary-expr","locations":[{"start":{"line":20,"column":30},"end":{"line":20,"column":49}},{"start":{"line":20,"column":53},"end":{"line":20,"column":67}}],"line":20},"1":{"loc":{"start":{"line":23,"column":12},"end":{"line":30,"column":13}},"type":"if","locations":[{"start":{"line":23,"column":12},"end":{"line":30,"column":13}},{"start":{},"end":{}}],"line":23},"2":{"loc":{"start":{"line":26,"column":33},"end":{"line":26,"column":55}},"type":"binary-expr","locations":[{"start":{"line":26,"column":33},"end":{"line":26,"column":42}},{"start":{"line":26,"column":46},"end":{"line":26,"column":55}}],"line":26},"3":{"loc":{"start":{"line":32,"column":12},"end":{"line":39,"column":13}},"type":"if","locations":[{"start":{"line":32,"column":12},"end":{"line":39,"column":13}},{"start":{},"end":{}}],"line":32},"4":{"loc":{"start":{"line":41,"column":12},"end":{"line":48,"column":13}},"type":"if","locations":[{"start":{"line":41,"column":12},"end":{"line":48,"column":13}},{"start":{},"end":{}}],"line":41},"5":{"loc":{"start":{"line":84,"column":30},"end":{"line":84,"column":67}},"type":"binary-expr","locations":[{"start":{"line":84,"column":30},"end":{"line":84,"column":49}},{"start":{"line":84,"column":53},"end":{"line":84,"column":67}}],"line":84},"6":{"loc":{"start":{"line":87,"column":12},"end":{"line":94,"column":13}},"type":"if","locations":[{"start":{"line":87,"column":12},"end":{"line":94,"column":13}},{"start":{},"end":{}}],"line":87},"7":{"loc":{"start":{"line":90,"column":33},"end":{"line":90,"column":55}},"type":"binary-expr","locations":[{"start":{"line":90,"column":33},"end":{"line":90,"column":42}},{"start":{"line":90,"column":46},"end":{"line":90,"column":55}}],"line":90},"8":{"loc":{"start":{"line":137,"column":30},"end":{"line":137,"column":67}},"type":"binary-expr","locations":[{"start":{"line":137,"column":30},"end":{"line":137,"column":49}},{"start":{"line":137,"column":53},"end":{"line":137,"column":67}}],"line":137},"9":{"loc":{"start":{"line":140,"column":12},"end":{"line":143,"column":13}},"type":"if","locations":[{"start":{"line":140,"column":12},"end":{"line":143,"column":13}},{"start":{},"end":{}}],"line":140},"10":{"loc":{"start":{"line":141,"column":51},"end":{"line":141,"column":84}},"type":"binary-expr","locations":[{"start":{"line":141,"column":51},"end":{"line":141,"column":71}},{"start":{"line":141,"column":75},"end":{"line":141,"column":84}}],"line":141},"11":{"loc":{"start":{"line":145,"column":12},"end":{"line":148,"column":13}},"type":"if","locations":[{"start":{"line":145,"column":12},"end":{"line":148,"column":13}},{"start":{},"end":{}}],"line":145},"12":{"loc":{"start":{"line":150,"column":12},"end":{"line":153,"column":13}},"type":"if","locations":[{"start":{"line":150,"column":12},"end":{"line":153,"column":13}},{"start":{},"end":{}}],"line":150},"13":{"loc":{"start":{"line":156,"column":8},"end":{"line":163,"column":9}},"type":"if","locations":[{"start":{"line":156,"column":8},"end":{"line":163,"column":9}},{"start":{},"end":{}}],"line":156},"14":{"loc":{"start":{"line":167,"column":23},"end":{"line":167,"column":55}},"type":"binary-expr","locations":[{"start":{"line":167,"column":23},"end":{"line":167,"column":39}},{"start":{"line":167,"column":43},"end":{"line":167,"column":55}}],"line":167},"15":{"loc":{"start":{"line":178,"column":8},"end":{"line":185,"column":9}},"type":"if","locations":[{"start":{"line":178,"column":8},"end":{"line":185,"column":9}},{"start":{},"end":{}}],"line":178},"16":{"loc":{"start":{"line":225,"column":21},"end":{"line":225,"column":43}},"type":"binary-expr","locations":[{"start":{"line":225,"column":21},"end":{"line":225,"column":34}},{"start":{"line":225,"column":38},"end":{"line":225,"column":43}}],"line":225},"17":{"loc":{"start":{"line":232,"column":41},"end":{"line":232,"column":48}},"type":"default-arg","locations":[{"start":{"line":232,"column":47},"end":{"line":232,"column":48}}],"line":232},"18":{"loc":{"start":{"line":248,"column":30},"end":{"line":248,"column":67}},"type":"binary-expr","locations":[{"start":{"line":248,"column":30},"end":{"line":248,"column":49}},{"start":{"line":248,"column":53},"end":{"line":248,"column":67}}],"line":248},"19":{"loc":{"start":{"line":251,"column":12},"end":{"line":254,"column":13}},"type":"if","locations":[{"start":{"line":251,"column":12},"end":{"line":254,"column":13}},{"start":{},"end":{}}],"line":251},"20":{"loc":{"start":{"line":252,"column":51},"end":{"line":252,"column":84}},"type":"binary-expr","locations":[{"start":{"line":252,"column":51},"end":{"line":252,"column":71}},{"start":{"line":252,"column":75},"end":{"line":252,"column":84}}],"line":252},"21":{"loc":{"start":{"line":256,"column":12},"end":{"line":259,"column":13}},"type":"if","locations":[{"start":{"line":256,"column":12},"end":{"line":259,"column":13}},{"start":{},"end":{}}],"line":256},"22":{"loc":{"start":{"line":261,"column":12},"end":{"line":264,"column":13}},"type":"if","locations":[{"start":{"line":261,"column":12},"end":{"line":264,"column":13}},{"start":{},"end":{}}],"line":261},"23":{"loc":{"start":{"line":267,"column":8},"end":{"line":274,"column":9}},"type":"if","locations":[{"start":{"line":267,"column":8},"end":{"line":274,"column":9}},{"start":{},"end":{}}],"line":267},"24":{"loc":{"start":{"line":286,"column":39},"end":{"line":286,"column":75}},"type":"binary-expr","locations":[{"start":{"line":286,"column":39},"end":{"line":286,"column":57}},{"start":{"line":286,"column":61},"end":{"line":286,"column":75}}],"line":286},"25":{"loc":{"start":{"line":319,"column":21},"end":{"line":319,"column":43}},"type":"binary-expr","locations":[{"start":{"line":319,"column":21},"end":{"line":319,"column":34}},{"start":{"line":319,"column":38},"end":{"line":319,"column":43}}],"line":319},"26":{"loc":{"start":{"line":336,"column":4},"end":{"line":361,"column":5}},"type":"if","locations":[{"start":{"line":336,"column":4},"end":{"line":361,"column":5}},{"start":{},"end":{}}],"line":336},"27":{"loc":{"start":{"line":371,"column":4},"end":{"line":422,"column":5}},"type":"switch","locations":[{"start":{"line":372,"column":8},"end":{"line":419,"column":18}},{"start":{"line":420,"column":8},"end":{"line":421,"column":62}}],"line":371},"28":{"loc":{"start":{"line":389,"column":16},"end":{"line":391,"column":17}},"type":"if","locations":[{"start":{"line":389,"column":16},"end":{"line":391,"column":17}},{"start":{},"end":{}}],"line":389},"29":{"loc":{"start":{"line":393,"column":16},"end":{"line":395,"column":17}},"type":"if","locations":[{"start":{"line":393,"column":16},"end":{"line":395,"column":17}},{"start":{},"end":{}}],"line":393},"30":{"loc":{"start":{"line":413,"column":12},"end":{"line":418,"column":13}},"type":"if","locations":[{"start":{"line":413,"column":12},"end":{"line":418,"column":13}},{"start":{},"end":{}}],"line":413},"31":{"loc":{"start":{"line":445,"column":21},"end":{"line":445,"column":43}},"type":"binary-expr","locations":[{"start":{"line":445,"column":21},"end":{"line":445,"column":34}},{"start":{"line":445,"column":38},"end":{"line":445,"column":43}}],"line":445},"32":{"loc":{"start":{"line":458,"column":23},"end":{"line":460,"column":50}},"type":"cond-expr","locations":[{"start":{"line":459,"column":14},"end":{"line":459,"column":46}},{"start":{"line":460,"column":14},"end":{"line":460,"column":50}}],"line":458},"33":{"loc":{"start":{"line":464,"column":8},"end":{"line":470,"column":9}},"type":"if","locations":[{"start":{"line":464,"column":8},"end":{"line":470,"column":9}},{"start":{},"end":{}}],"line":464},"34":{"loc":{"start":{"line":472,"column":8},"end":{"line":478,"column":9}},"type":"if","locations":[{"start":{"line":472,"column":8},"end":{"line":478,"column":9}},{"start":{},"end":{}}],"line":472},"35":{"loc":{"start":{"line":483,"column":8},"end":{"line":485,"column":9}},"type":"if","locations":[{"start":{"line":483,"column":8},"end":{"line":485,"column":9}},{"start":{},"end":{}}],"line":483},"36":{"loc":{"start":{"line":514,"column":21},"end":{"line":514,"column":43}},"type":"binary-expr","locations":[{"start":{"line":514,"column":21},"end":{"line":514,"column":34}},{"start":{"line":514,"column":38},"end":{"line":514,"column":43}}],"line":514},"37":{"loc":{"start":{"line":547,"column":21},"end":{"line":547,"column":43}},"type":"binary-expr","locations":[{"start":{"line":547,"column":21},"end":{"line":547,"column":34}},{"start":{"line":547,"column":38},"end":{"line":547,"column":43}}],"line":547},"38":{"loc":{"start":{"line":561,"column":8},"end":{"line":567,"column":9}},"type":"if","locations":[{"start":{"line":561,"column":8},"end":{"line":567,"column":9}},{"start":{},"end":{}}],"line":561},"39":{"loc":{"start":{"line":569,"column":23},"end":{"line":569,"column":89}},"type":"cond-expr","locations":[{"start":{"line":569,"column":59},"end":{"line":569,"column":75}},{"start":{"line":569,"column":78},"end":{"line":569,"column":89}}],"line":569},"40":{"loc":{"start":{"line":573,"column":8},"end":{"line":579,"column":9}},"type":"if","locations":[{"start":{"line":573,"column":8},"end":{"line":579,"column":9}},{"start":{},"end":{}}],"line":573},"41":{"loc":{"start":{"line":581,"column":8},"end":{"line":588,"column":9}},"type":"if","locations":[{"start":{"line":581,"column":8},"end":{"line":588,"column":9}},{"start":{},"end":{}}],"line":581},"42":{"loc":{"start":{"line":598,"column":24},"end":{"line":598,"column":61}},"type":"binary-expr","locations":[{"start":{"line":598,"column":24},"end":{"line":598,"column":55}},{"start":{"line":598,"column":59},"end":{"line":598,"column":61}}],"line":598},"43":{"loc":{"start":{"line":599,"column":8},"end":{"line":605,"column":9}},"type":"if","locations":[{"start":{"line":599,"column":8},"end":{"line":605,"column":9}},{"start":{},"end":{}}],"line":599},"44":{"loc":{"start":{"line":608,"column":8},"end":{"line":644,"column":9}},"type":"if","locations":[{"start":{"line":608,"column":8},"end":{"line":644,"column":9}},{"start":{},"end":{}}],"line":608},"45":{"loc":{"start":{"line":608,"column":12},"end":{"line":608,"column":78}},"type":"binary-expr","locations":[{"start":{"line":608,"column":12},"end":{"line":608,"column":40}},{"start":{"line":608,"column":44},"end":{"line":608,"column":78}}],"line":608},"46":{"loc":{"start":{"line":613,"column":12},"end":{"line":615,"column":13}},"type":"if","locations":[{"start":{"line":613,"column":12},"end":{"line":615,"column":13}},{"start":{},"end":{}}],"line":613},"47":{"loc":{"start":{"line":640,"column":29},"end":{"line":640,"column":67}},"type":"cond-expr","locations":[{"start":{"line":640,"column":49},"end":{"line":640,"column":55}},{"start":{"line":640,"column":58},"end":{"line":640,"column":67}}],"line":640},"48":{"loc":{"start":{"line":670,"column":21},"end":{"line":670,"column":43}},"type":"binary-expr","locations":[{"start":{"line":670,"column":21},"end":{"line":670,"column":34}},{"start":{"line":670,"column":38},"end":{"line":670,"column":43}}],"line":670}},"s":{"0":3,"1":3,"2":3,"3":4,"4":4,"5":4,"6":4,"7":0,"8":0,"9":4,"10":0,"11":0,"12":4,"13":0,"14":0,"15":4,"16":4,"17":4,"18":3,"19":3,"20":1,"21":1,"22":3,"23":4,"24":4,"25":4,"26":3,"27":3,"28":3,"29":3,"30":0,"31":0,"32":3,"33":3,"34":3,"35":3,"36":3,"37":0,"38":0,"39":4,"40":7,"41":7,"42":7,"43":7,"44":7,"45":8,"46":8,"47":7,"48":1,"49":1,"50":6,"51":1,"52":1,"53":5,"54":1,"55":1,"56":6,"57":3,"58":3,"59":4,"60":3,"61":3,"62":1,"63":2,"64":2,"65":2,"66":2,"67":2,"68":2,"69":2,"70":0,"71":0,"72":0,"73":0,"74":2,"75":1,"76":2,"77":0,"78":0,"79":0,"80":0,"81":0,"82":0,"83":0,"84":0,"85":0,"86":0,"87":0,"88":0,"89":0,"90":0,"91":0,"92":0,"93":0,"94":0,"95":0,"96":0,"97":0,"98":0,"99":0,"100":0,"101":0,"102":0,"103":0,"104":0,"105":2,"106":0,"107":0,"108":0,"109":0,"110":0,"111":0,"112":0,"113":0,"114":0,"115":0,"116":0,"117":0,"118":0,"119":0,"120":0,"121":0,"122":0,"123":0,"124":0,"125":0,"126":0,"127":0,"128":0,"129":0,"130":0,"131":0,"132":0,"133":0,"134":0,"135":0,"136":0,"137":0,"138":0,"139":0,"140":0,"141":3,"142":3,"143":3,"144":2,"145":1,"146":7,"147":7,"148":7,"149":7,"150":7,"151":6,"152":1,"153":5,"154":1,"155":4,"156":4,"157":0,"158":4,"159":4,"160":4,"161":4,"162":0,"163":0,"164":0,"165":0,"166":0,"167":4,"168":4,"169":4,"170":1,"171":0,"172":0,"173":0,"174":0,"175":0,"176":0,"177":0,"178":0,"179":0,"180":0,"181":0,"182":0,"183":0,"184":0,"185":0,"186":0,"187":0,"188":0,"189":0,"190":0,"191":0,"192":0,"193":0,"194":0,"195":0,"196":0,"197":0,"198":0,"199":0,"200":0,"201":0,"202":0,"203":0,"204":0,"205":0,"206":0,"207":0,"208":0,"209":0,"210":0,"211":0,"212":0,"213":0,"214":0,"215":0,"216":0,"217":0,"218":0,"219":0},"f":{"0":3,"1":4,"2":7,"3":4,"4":0,"5":0,"6":0,"7":0,"8":0,"9":3,"10":7,"11":0,"12":0},"b":{"0":[4,4],"1":[0,4],"2":[0,0],"3":[0,4],"4":[0,4],"5":[3,3],"6":[0,3],"7":[0,0],"8":[8,0],"9":[1,6],"10":[1,0],"11":[1,5],"12":[1,4],"13":[3,3],"14":[4,0],"15":[1,2],"16":[1,0],"17":[0],"18":[0,0],"19":[0,0],"20":[0,0],"21":[0,0],"22":[0,0],"23":[0,0],"24":[0,0],"25":[0,0],"26":[0,0],"27":[0,0],"28":[0,0],"29":[0,0],"30":[0,0],"31":[1,0],"32":[1,6],"33":[1,5],"34":[1,4],"35":[0,4],"36":[1,0],"37":[0,0],"38":[0,0],"39":[0,0],"40":[0,0],"41":[0,0],"42":[0,0],"43":[0,0],"44":[0,0],"45":[0,0],"46":[0,0],"47":[0,0],"48":[0,0]},"_coverageSchema":"1a1c01bbd47fc00a2c39e90264f33305004495a9","hash":"ab54f854e75c2ecc4d83a432d9b22bfbb31cd608"}
,"D:\\taphoa_test\\server\\controllers\\product.controller.js": {"path":"D:\\taphoa_test\\server\\controllers\\product.controller.js","statementMap":{"0":{"start":{"line":4,"column":39},"end":{"line":59,"column":1}},"1":{"start":{"line":5,"column":4},"end":{"line":58,"column":5}},"2":{"start":{"line":19,"column":12},"end":{"line":19,"column":24}},"3":{"start":{"line":21,"column":8},"end":{"line":27,"column":9}},"4":{"start":{"line":22,"column":12},"end":{"line":26,"column":14}},"5":{"start":{"line":29,"column":24},"end":{"line":42,"column":10}},"6":{"start":{"line":43,"column":28},"end":{"line":43,"column":48}},"7":{"start":{"line":45,"column":8},"end":{"line":50,"column":10}},"8":{"start":{"line":53,"column":8},"end":{"line":57,"column":10}},"9":{"start":{"line":62,"column":36},"end":{"line":108,"column":1}},"10":{"start":{"line":63,"column":4},"end":{"line":107,"column":5}},"11":{"start":{"line":64,"column":38},"end":{"line":64,"column":50}},"12":{"start":{"line":66,"column":8},"end":{"line":68,"column":9}},"13":{"start":{"line":67,"column":12},"end":{"line":67,"column":20}},"14":{"start":{"line":70,"column":8},"end":{"line":72,"column":9}},"15":{"start":{"line":71,"column":12},"end":{"line":71,"column":22}},"16":{"start":{"line":75,"column":22},"end":{"line":77,"column":9}},"17":{"start":{"line":80,"column":8},"end":{"line":84,"column":9}},"18":{"start":{"line":81,"column":12},"end":{"line":83,"column":13}},"19":{"start":{"line":86,"column":21},"end":{"line":86,"column":39}},"20":{"start":{"line":88,"column":34},"end":{"line":91,"column":10}},"21":{"start":{"line":93,"column":8},"end":{"line":100,"column":10}},"22":{"start":{"line":102,"column":8},"end":{"line":106,"column":10}},"23":{"start":{"line":111,"column":36},"end":{"line":142,"column":1}},"24":{"start":{"line":112,"column":4},"end":{"line":141,"column":5}},"25":{"start":{"line":113,"column":23},"end":{"line":113,"column":35}},"26":{"start":{"line":115,"column":8},"end":{"line":121,"column":9}},"27":{"start":{"line":116,"column":12},"end":{"line":120,"column":14}},"28":{"start":{"line":124,"column":24},"end":{"line":127,"column":20}},"29":{"start":{"line":129,"column":8},"end":{"line":134,"column":10}},"30":{"start":{"line":136,"column":8},"end":{"line":140,"column":10}},"31":{"start":{"line":145,"column":51},"end":{"line":196,"column":1}},"32":{"start":{"line":146,"column":4},"end":{"line":195,"column":5}},"33":{"start":{"line":147,"column":56},"end":{"line":147,"column":68}},"34":{"start":{"line":149,"column":8},"end":{"line":155,"column":9}},"35":{"start":{"line":150,"column":12},"end":{"line":154,"column":14}},"36":{"start":{"line":157,"column":8},"end":{"line":159,"column":9}},"37":{"start":{"line":158,"column":12},"end":{"line":158,"column":20}},"38":{"start":{"line":161,"column":8},"end":{"line":163,"column":9}},"39":{"start":{"line":162,"column":12},"end":{"line":162,"column":22}},"40":{"start":{"line":166,"column":22},"end":{"line":170,"column":9}},"41":{"start":{"line":172,"column":21},"end":{"line":172,"column":39}},"42":{"start":{"line":174,"column":33},"end":{"line":177,"column":10}},"43":{"start":{"line":179,"column":8},"end":{"line":187,"column":10}},"44":{"start":{"line":190,"column":8},"end":{"line":194,"column":10}},"45":{"start":{"line":201,"column":33},"end":{"line":231,"column":1}},"46":{"start":{"line":202,"column":4},"end":{"line":230,"column":5}},"47":{"start":{"line":203,"column":30},"end":{"line":203,"column":42}},"48":{"start":{"line":205,"column":24},"end":{"line":205,"column":71}},"49":{"start":{"line":207,"column":8},"end":{"line":213,"column":9}},"50":{"start":{"line":208,"column":12},"end":{"line":212,"column":14}},"51":{"start":{"line":216,"column":8},"end":{"line":222,"column":10}},"52":{"start":{"line":225,"column":8},"end":{"line":229,"column":10}},"53":{"start":{"line":234,"column":36},"end":{"line":264,"column":1}},"54":{"start":{"line":235,"column":4},"end":{"line":263,"column":5}},"55":{"start":{"line":236,"column":24},"end":{"line":236,"column":36}},"56":{"start":{"line":238,"column":8},"end":{"line":244,"column":9}},"57":{"start":{"line":239,"column":12},"end":{"line":243,"column":14}},"58":{"start":{"line":246,"column":30},"end":{"line":248,"column":10}},"59":{"start":{"line":250,"column":8},"end":{"line":255,"column":10}},"60":{"start":{"line":258,"column":8},"end":{"line":262,"column":10}},"61":{"start":{"line":267,"column":36},"end":{"line":294,"column":1}},"62":{"start":{"line":268,"column":4},"end":{"line":293,"column":5}},"63":{"start":{"line":269,"column":24},"end":{"line":269,"column":36}},"64":{"start":{"line":271,"column":8},"end":{"line":277,"column":9}},"65":{"start":{"line":272,"column":12},"end":{"line":276,"column":14}},"66":{"start":{"line":279,"column":30},"end":{"line":279,"column":72}},"67":{"start":{"line":281,"column":8},"end":{"line":286,"column":10}},"68":{"start":{"line":288,"column":8},"end":{"line":292,"column":10}},"69":{"start":{"line":297,"column":29},"end":{"line":384,"column":1}},"70":{"start":{"line":298,"column":4},"end":{"line":383,"column":5}},"71":{"start":{"line":299,"column":93},"end":{"line":299,"column":105}},"72":{"start":{"line":301,"column":8},"end":{"line":303,"column":9}},"73":{"start":{"line":302,"column":12},"end":{"line":302,"column":20}},"74":{"start":{"line":304,"column":8},"end":{"line":306,"column":9}},"75":{"start":{"line":305,"column":12},"end":{"line":305,"column":21}},"76":{"start":{"line":309,"column":20},"end":{"line":311,"column":9}},"77":{"start":{"line":314,"column":8},"end":{"line":320,"column":9}},"78":{"start":{"line":315,"column":32},"end":{"line":315,"column":55}},"79":{"start":{"line":316,"column":12},"end":{"line":319,"column":13}},"80":{"start":{"line":323,"column":8},"end":{"line":325,"column":9}},"81":{"start":{"line":324,"column":12},"end":{"line":324,"column":48}},"82":{"start":{"line":328,"column":8},"end":{"line":330,"column":9}},"83":{"start":{"line":329,"column":12},"end":{"line":329,"column":54}},"84":{"start":{"line":333,"column":8},"end":{"line":341,"column":9}},"85":{"start":{"line":334,"column":12},"end":{"line":334,"column":28}},"86":{"start":{"line":335,"column":12},"end":{"line":337,"column":13}},"87":{"start":{"line":336,"column":16},"end":{"line":336,"column":51}},"88":{"start":{"line":338,"column":12},"end":{"line":340,"column":13}},"89":{"start":{"line":339,"column":16},"end":{"line":339,"column":51}},"90":{"start":{"line":344,"column":26},"end":{"line":344,"column":28}},"91":{"start":{"line":345,"column":8},"end":{"line":353,"column":9}},"92":{"start":{"line":346,"column":12},"end":{"line":346,"column":38}},"93":{"start":{"line":347,"column":15},"end":{"line":353,"column":9}},"94":{"start":{"line":348,"column":12},"end":{"line":348,"column":39}},"95":{"start":{"line":349,"column":15},"end":{"line":353,"column":9}},"96":{"start":{"line":350,"column":12},"end":{"line":350,"column":37}},"97":{"start":{"line":352,"column":12},"end":{"line":352,"column":43}},"98":{"start":{"line":355,"column":21},"end":{"line":355,"column":39}},"99":{"start":{"line":357,"column":34},"end":{"line":364,"column":10}},"100":{"start":{"line":366,"column":8},"end":{"line":375,"column":10}},"101":{"start":{"line":378,"column":8},"end":{"line":382,"column":10}}},"fnMap":{"0":{"name":"(anonymous_0)","decl":{"start":{"line":4,"column":39},"end":{"line":4,"column":40}},"loc":{"start":{"line":4,"column":64},"end":{"line":59,"column":1}},"line":4},"1":{"name":"(anonymous_1)","decl":{"start":{"line":62,"column":36},"end":{"line":62,"column":37}},"loc":{"start":{"line":62,"column":61},"end":{"line":108,"column":1}},"line":62},"2":{"name":"(anonymous_2)","decl":{"start":{"line":111,"column":36},"end":{"line":111,"column":37}},"loc":{"start":{"line":111,"column":61},"end":{"line":142,"column":1}},"line":111},"3":{"name":"(anonymous_3)","decl":{"start":{"line":145,"column":51},"end":{"line":145,"column":52}},"loc":{"start":{"line":145,"column":76},"end":{"line":196,"column":1}},"line":145},"4":{"name":"(anonymous_4)","decl":{"start":{"line":201,"column":33},"end":{"line":201,"column":34}},"loc":{"start":{"line":201,"column":58},"end":{"line":231,"column":1}},"line":201},"5":{"name":"(anonymous_5)","decl":{"start":{"line":234,"column":36},"end":{"line":234,"column":37}},"loc":{"start":{"line":234,"column":61},"end":{"line":264,"column":1}},"line":234},"6":{"name":"(anonymous_6)","decl":{"start":{"line":267,"column":36},"end":{"line":267,"column":37}},"loc":{"start":{"line":267,"column":61},"end":{"line":294,"column":1}},"line":267},"7":{"name":"(anonymous_7)","decl":{"start":{"line":297,"column":29},"end":{"line":297,"column":30}},"loc":{"start":{"line":297,"column":54},"end":{"line":384,"column":1}},"line":297}},"branchMap":{"0":{"loc":{"start":{"line":21,"column":8},"end":{"line":27,"column":9}},"type":"if","locations":[{"start":{"line":21,"column":8},"end":{"line":27,"column":9}},{"start":{},"end":{}}],"line":21},"1":{"loc":{"start":{"line":21,"column":11},"end":{"line":21,"column":99}},"type":"binary-expr","locations":[{"start":{"line":21,"column":11},"end":{"line":21,"column":16}},{"start":{"line":21,"column":20},"end":{"line":21,"column":29}},{"start":{"line":21,"column":33},"end":{"line":21,"column":45}},{"start":{"line":21,"column":49},"end":{"line":21,"column":64}},{"start":{"line":21,"column":68},"end":{"line":21,"column":73}},{"start":{"line":21,"column":77},"end":{"line":21,"column":83}},{"start":{"line":21,"column":87},"end":{"line":21,"column":99}}],"line":21},"2":{"loc":{"start":{"line":41,"column":21},"end":{"line":41,"column":59}},"type":"cond-expr","locations":[{"start":{"line":41,"column":45},"end":{"line":41,"column":52}},{"start":{"line":41,"column":55},"end":{"line":41,"column":59}}],"line":41},"3":{"loc":{"start":{"line":54,"column":22},"end":{"line":54,"column":44}},"type":"binary-expr","locations":[{"start":{"line":54,"column":22},"end":{"line":54,"column":35}},{"start":{"line":54,"column":39},"end":{"line":54,"column":44}}],"line":54},"4":{"loc":{"start":{"line":66,"column":8},"end":{"line":68,"column":9}},"type":"if","locations":[{"start":{"line":66,"column":8},"end":{"line":68,"column":9}},{"start":{},"end":{}}],"line":66},"5":{"loc":{"start":{"line":70,"column":8},"end":{"line":72,"column":9}},"type":"if","locations":[{"start":{"line":70,"column":8},"end":{"line":72,"column":9}},{"start":{},"end":{}}],"line":70},"6":{"loc":{"start":{"line":80,"column":8},"end":{"line":84,"column":9}},"type":"if","locations":[{"start":{"line":80,"column":8},"end":{"line":84,"column":9}},{"start":{},"end":{}}],"line":80},"7":{"loc":{"start":{"line":103,"column":22},"end":{"line":103,"column":44}},"type":"binary-expr","locations":[{"start":{"line":103,"column":22},"end":{"line":103,"column":35}},{"start":{"line":103,"column":39},"end":{"line":103,"column":44}}],"line":103},"8":{"loc":{"start":{"line":115,"column":8},"end":{"line":121,"column":9}},"type":"if","locations":[{"start":{"line":115,"column":8},"end":{"line":121,"column":9}},{"start":{},"end":{}}],"line":115},"9":{"loc":{"start":{"line":137,"column":22},"end":{"line":137,"column":44}},"type":"binary-expr","locations":[{"start":{"line":137,"column":22},"end":{"line":137,"column":35}},{"start":{"line":137,"column":39},"end":{"line":137,"column":44}}],"line":137},"10":{"loc":{"start":{"line":149,"column":8},"end":{"line":155,"column":9}},"type":"if","locations":[{"start":{"line":149,"column":8},"end":{"line":155,"column":9}},{"start":{},"end":{}}],"line":149},"11":{"loc":{"start":{"line":149,"column":11},"end":{"line":149,"column":40}},"type":"binary-expr","locations":[{"start":{"line":149,"column":11},"end":{"line":149,"column":22}},{"start":{"line":149,"column":26},"end":{"line":149,"column":40}}],"line":149},"12":{"loc":{"start":{"line":157,"column":8},"end":{"line":159,"column":9}},"type":"if","locations":[{"start":{"line":157,"column":8},"end":{"line":159,"column":9}},{"start":{},"end":{}}],"line":157},"13":{"loc":{"start":{"line":161,"column":8},"end":{"line":163,"column":9}},"type":"if","locations":[{"start":{"line":161,"column":8},"end":{"line":163,"column":9}},{"start":{},"end":{}}],"line":161},"14":{"loc":{"start":{"line":191,"column":22},"end":{"line":191,"column":44}},"type":"binary-expr","locations":[{"start":{"line":191,"column":22},"end":{"line":191,"column":35}},{"start":{"line":191,"column":39},"end":{"line":191,"column":44}}],"line":191},"15":{"loc":{"start":{"line":207,"column":8},"end":{"line":213,"column":9}},"type":"if","locations":[{"start":{"line":207,"column":8},"end":{"line":213,"column":9}},{"start":{},"end":{}}],"line":207},"16":{"loc":{"start":{"line":226,"column":22},"end":{"line":226,"column":44}},"type":"binary-expr","locations":[{"start":{"line":226,"column":22},"end":{"line":226,"column":35}},{"start":{"line":226,"column":39},"end":{"line":226,"column":44}}],"line":226},"17":{"loc":{"start":{"line":238,"column":8},"end":{"line":244,"column":9}},"type":"if","locations":[{"start":{"line":238,"column":8},"end":{"line":244,"column":9}},{"start":{},"end":{}}],"line":238},"18":{"loc":{"start":{"line":259,"column":22},"end":{"line":259,"column":44}},"type":"binary-expr","locations":[{"start":{"line":259,"column":22},"end":{"line":259,"column":35}},{"start":{"line":259,"column":39},"end":{"line":259,"column":44}}],"line":259},"19":{"loc":{"start":{"line":271,"column":8},"end":{"line":277,"column":9}},"type":"if","locations":[{"start":{"line":271,"column":8},"end":{"line":277,"column":9}},{"start":{},"end":{}}],"line":271},"20":{"loc":{"start":{"line":289,"column":22},"end":{"line":289,"column":44}},"type":"binary-expr","locations":[{"start":{"line":289,"column":22},"end":{"line":289,"column":35}},{"start":{"line":289,"column":39},"end":{"line":289,"column":44}}],"line":289},"21":{"loc":{"start":{"line":301,"column":8},"end":{"line":303,"column":9}},"type":"if","locations":[{"start":{"line":301,"column":8},"end":{"line":303,"column":9}},{"start":{},"end":{}}],"line":301},"22":{"loc":{"start":{"line":304,"column":8},"end":{"line":306,"column":9}},"type":"if","locations":[{"start":{"line":304,"column":8},"end":{"line":306,"column":9}},{"start":{},"end":{}}],"line":304},"23":{"loc":{"start":{"line":314,"column":8},"end":{"line":320,"column":9}},"type":"if","locations":[{"start":{"line":314,"column":8},"end":{"line":320,"column":9}},{"start":{},"end":{}}],"line":314},"24":{"loc":{"start":{"line":323,"column":8},"end":{"line":325,"column":9}},"type":"if","locations":[{"start":{"line":323,"column":8},"end":{"line":325,"column":9}},{"start":{},"end":{}}],"line":323},"25":{"loc":{"start":{"line":323,"column":11},"end":{"line":323,"column":46}},"type":"binary-expr","locations":[{"start":{"line":323,"column":11},"end":{"line":323,"column":21}},{"start":{"line":323,"column":25},"end":{"line":323,"column":46}}],"line":323},"26":{"loc":{"start":{"line":328,"column":8},"end":{"line":330,"column":9}},"type":"if","locations":[{"start":{"line":328,"column":8},"end":{"line":330,"column":9}},{"start":{},"end":{}}],"line":328},"27":{"loc":{"start":{"line":328,"column":11},"end":{"line":328,"column":52}},"type":"binary-expr","locations":[{"start":{"line":328,"column":11},"end":{"line":328,"column":24}},{"start":{"line":328,"column":28},"end":{"line":328,"column":52}}],"line":328},"28":{"loc":{"start":{"line":333,"column":8},"end":{"line":341,"column":9}},"type":"if","locations":[{"start":{"line":333,"column":8},"end":{"line":341,"column":9}},{"start":{},"end":{}}],"line":333},"29":{"loc":{"start":{"line":333,"column":11},"end":{"line":333,"column":59}},"type":"binary-expr","locations":[{"start":{"line":333,"column":11},"end":{"line":333,"column":33}},{"start":{"line":333,"column":37},"end":{"line":333,"column":59}}],"line":333},"30":{"loc":{"start":{"line":335,"column":12},"end":{"line":337,"column":13}},"type":"if","locations":[{"start":{"line":335,"column":12},"end":{"line":337,"column":13}},{"start":{},"end":{}}],"line":335},"31":{"loc":{"start":{"line":335,"column":15},"end":{"line":335,"column":56}},"type":"binary-expr","locations":[{"start":{"line":335,"column":15},"end":{"line":335,"column":37}},{"start":{"line":335,"column":41},"end":{"line":335,"column":56}}],"line":335},"32":{"loc":{"start":{"line":338,"column":12},"end":{"line":340,"column":13}},"type":"if","locations":[{"start":{"line":338,"column":12},"end":{"line":340,"column":13}},{"start":{},"end":{}}],"line":338},"33":{"loc":{"start":{"line":338,"column":15},"end":{"line":338,"column":56}},"type":"binary-expr","locations":[{"start":{"line":338,"column":15},"end":{"line":338,"column":37}},{"start":{"line":338,"column":41},"end":{"line":338,"column":56}}],"line":338},"34":{"loc":{"start":{"line":345,"column":8},"end":{"line":353,"column":9}},"type":"if","locations":[{"start":{"line":345,"column":8},"end":{"line":353,"column":9}},{"start":{"line":347,"column":15},"end":{"line":353,"column":9}}],"line":345},"35":{"loc":{"start":{"line":347,"column":15},"end":{"line":353,"column":9}},"type":"if","locations":[{"start":{"line":347,"column":15},"end":{"line":353,"column":9}},{"start":{"line":349,"column":15},"end":{"line":353,"column":9}}],"line":347},"36":{"loc":{"start":{"line":349,"column":15},"end":{"line":353,"column":9}},"type":"if","locations":[{"start":{"line":349,"column":15},"end":{"line":353,"column":9}},{"start":{"line":351,"column":15},"end":{"line":353,"column":9}}],"line":349},"37":{"loc":{"start":{"line":379,"column":21},"end":{"line":379,"column":43}},"type":"binary-expr","locations":[{"start":{"line":379,"column":21},"end":{"line":379,"column":34}},{"start":{"line":379,"column":38},"end":{"line":379,"column":43}}],"line":379}},"s":{"0":2,"1":0,"2":0,"3":0,"4":0,"5":0,"6":0,"7":0,"8":0,"9":2,"10":4,"11":4,"12":4,"13":3,"14":4,"15":3,"16":4,"17":4,"18":1,"19":4,"20":4,"21":3,"22":1,"23":2,"24":3,"25":3,"26":3,"27":1,"28":2,"29":1,"30":1,"31":2,"32":4,"33":4,"34":4,"35":2,"36":2,"37":1,"38":1,"39":0,"40":1,"41":1,"42":1,"43":1,"44":1,"45":2,"46":4,"47":4,"48":4,"49":3,"50":1,"51":2,"52":1,"53":2,"54":0,"55":0,"56":0,"57":0,"58":0,"59":0,"60":0,"61":2,"62":0,"63":0,"64":0,"65":0,"66":0,"67":0,"68":0,"69":2,"70":9,"71":9,"72":9,"73":9,"74":9,"75":9,"76":9,"77":9,"78":1,"79":1,"80":9,"81":1,"82":9,"83":1,"84":9,"85":1,"86":1,"87":1,"88":1,"89":1,"90":9,"91":9,"92":1,"93":8,"94":1,"95":7,"96":1,"97":6,"98":9,"99":9,"100":8,"101":1},"f":{"0":0,"1":4,"2":3,"3":4,"4":4,"5":0,"6":0,"7":9},"b":{"0":[0,0],"1":[0,0,0,0,0,0,0],"2":[0,0],"3":[0,0],"4":[3,1],"5":[3,1],"6":[1,3],"7":[1,0],"8":[1,2],"9":[1,0],"10":[2,2],"11":[4,3],"12":[1,1],"13":[0,1],"14":[1,0],"15":[1,2],"16":[1,0],"17":[0,0],"18":[0,0],"19":[0,0],"20":[0,0],"21":[9,0],"22":[9,0],"23":[1,8],"24":[1,8],"25":[9,1],"26":[1,8],"27":[9,1],"28":[1,8],"29":[9,8],"30":[1,0],"31":[1,1],"32":[1,0],"33":[1,1],"34":[1,8],"35":[1,7],"36":[1,6],"37":[1,0]},"_coverageSchema":"1a1c01bbd47fc00a2c39e90264f33305004495a9","hash":"3cd2ccd65dbc07e4b954d98baefbaa92c4843b10"}
[...]
{}}],"line":139},"11":{"loc":{"start":{"line":174,"column":22},"end":{"line":174,"column":44}},"type":"binary-expr","locations":[{"start":{"line":174,"column":22},"end":{"line":174,"column":35}},{"start":{"line":174,"column":39},"end":{"line":174,"column":44}}],"line":174},"12":{"loc":{"start":{"line":206,"column":22},"end":{"line":206,"column":44}},"type":"binary-expr","locations":[{"start":{"line":206,"column":22},"end":{"line":206,"column":35}},{"start":{"line":206,"column":39},"end":{"line":206,"column":44}}],"line":206},"13":{"loc":{"start":{"line":237,"column":22},"end":{"line":237,"column":44}},"type":"binary-expr","locations":[{"start":{"line":237,"column":22},"end":{"line":237,"column":35}},{"start":{"line":237,"column":39},"end":{"line":237,"column":44}}],"line":237},"14":{"loc":{"start":{"line":252,"column":8},"end":{"line":255,"column":9}},"type":"if","locations":[{"start":{"line":252,"column":8},"end":{"line":255,"column":9}},{"start":{},"end":{}}],"line":252},"15":{"loc":{"start":{"line":258,"column":16},"end":{"line":258,"column":39}},"type":"binary-expr","locations":[{"start":{"line":258,"column":16},"end":{"line":258,"column":20}},{"start":{"line":258,"column":24},"end":{"line":258,"column":39}}],"line":258},"16":{"loc":{"start":{"line":259,"column":16},"end":{"line":259,"column":42}},"type":"binary-expr","locations":[{"start":{"line":259,"column":16},"end":{"line":259,"column":21}},{"start":{"line":259,"column":25},"end":{"line":259,"column":42}}],"line":259},"17":{"loc":{"start":{"line":260,"column":16},"end":{"line":260,"column":45}},"type":"binary-expr","locations":[{"start":{"line":260,"column":16},"end":{"line":260,"column":22}},{"start":{"line":260,"column":26},"end":{"line":260,"column":45}}],"line":260},"18":{"loc":{"start":{"line":261,"column":16},"end":{"line":261,"column":55}},"type":"binary-expr","locations":[{"start":{"line":261,"column":16},"end":{"line":261,"column":24}},{"start":{"line":261,"column":28},"end":{"line":261,"column":55}}],"line":261},"19":{"loc":{"start":{"line":274,"column":22},"end":{"line":274,"column":44}},"type":"binary-expr","locations":[{"start":{"line":274,"column":22},"end":{"line":274,"column":35}},{"start":{"line":274,"column":39},"end":{"line":274,"column":44}}],"line":274},"20":{"loc":{"start":{"line":288,"column":8},"end":{"line":294,"column":9}},"type":"if","locations":[{"start":{"line":288,"column":8},"end":{"line":294,"column":9}},{"start":{},"end":{}}],"line":288},"21":{"loc":{"start":{"line":321,"column":22},"end":{"line":321,"column":44}},"type":"binary-expr","locations":[{"start":{"line":321,"column":22},"end":{"line":321,"column":35}},{"start":{"line":321,"column":39},"end":{"line":321,"column":44}}],"line":321},"22":{"loc":{"start":{"line":333,"column":8},"end":{"line":339,"column":9}},"type":"if","locations":[{"start":{"line":333,"column":8},"end":{"line":339,"column":9}},{"start":{},"end":{}}],"line":333},"23":{"loc":{"start":{"line":333,"column":11},"end":{"line":333,"column":25}},"type":"binary-expr","locations":[{"start":{"line":333,"column":11},"end":{"line":333,"column":17}},{"start":{"line":333,"column":21},"end":{"line":333,"column":25}}],"line":333},"24":{"loc":{"start":{"line":343,"column":8},"end":{"line":349,"column":9}},"type":"if","locations":[{"start":{"line":343,"column":8},"end":{"line":349,"column":9}},{"start":{},"end":{}}],"line":343},"25":{"loc":{"start":{"line":353,"column":8},"end":{"line":359,"column":9}},"type":"if","locations":[{"start":{"line":353,"column":8},"end":{"line":359,"column":9}},{"start":{},"end":{}}],"line":353},"26":{"loc":{"start":{"line":361,"column":8},"end":{"line":367,"column":9}},"type":"if","locations":[{"start":{"line":361,"column":8},"end":{"line":367,"column":9}},{"start":{},"end":{}}],"line":361},"27":{"loc":{"start":{"line":385,"column":22},"end":{"line":385,"column":44}},"type":"binary-expr","locations":[{"start":{"line":385,"column":22},"end":{"line":385,"column":35}},{"start":{"line":385,"column":39},"end":{"line":385,"column":44}}],"line":385},"28":{"loc":{"start":{"line":397,"column":8},"end":{"line":401,"column":9}},"type":"if","locations":[{"start":{"line":397,"column":8},"end":{"line":401,"column":9}},{"start":{},"end":{}}],"line":397},"29":{"loc":{"start":{"line":397,"column":11},"end":{"line":397,"column":53}},"type":"binary-expr","locations":[{"start":{"line":397,"column":11},"end":{"line":397,"column":17}},{"start":{"line":397,"column":21},"end":{"line":397,"column":33}},{"start":{"line":397,"column":37},"end":{"line":397,"column":53}}],"line":397},"30":{"loc":{"start":{"line":405,"column":8},"end":{"line":411,"column":9}},"type":"if","locations":[{"start":{"line":405,"column":8},"end":{"line":411,"column":9}},{"start":{},"end":{}}],"line":405},"31":{"loc":{"start":{"line":413,"column":8},"end":{"line":419,"column":9}},"type":"if","locations":[{"start":{"line":413,"column":8},"end":{"line":419,"column":9}},{"start":{},"end":{}}],"line":413},"32":{"loc":{"start":{"line":436,"column":22},"end":{"line":436,"column":44}},"type":"binary-expr","locations":[{"start":{"line":436,"column":22},"end":{"line":436,"column":35}},{"start":{"line":436,"column":39},"end":{"line":436,"column":44}}],"line":436},"33":{"loc":{"start":{"line":447,"column":29},"end":{"line":447,"column":107}},"type":"binary-expr","locations":[{"start":{"line":447,"column":29},"end":{"line":447,"column":57}},{"start":{"line":447,"column":61},"end":{"line":447,"column":107}}],"line":447},"34":{"loc":{"start":{"line":449,"column":8},"end":{"line":455,"column":9}},"type":"if","locations":[{"start":{"line":449,"column":8},"end":{"line":455,"column":9}},{"start":{},"end":{}}],"line":449},"35":{"loc":{"start":{"line":459,"column":8},"end":{"line":465,"column":9}},"type":"if","locations":[{"start":{"line":459,"column":8},"end":{"line":465,"column":9}},{"start":{},"end":{}}],"line":459},"36":{"loc":{"start":{"line":491,"column":22},"end":{"line":491,"column":44}},"type":"binary-expr","locations":[{"start":{"line":491,"column":22},"end":{"line":491,"column":35}},{"start":{"line":491,"column":39},"end":{"line":491,"column":44}}],"line":491}},"s":{"0":7,"1":7,"2":7,"3":1,"4":6,"5":6,"6":2,"7":4,"8":4,"9":4,"10":4,"11":4,"12":4,"13":4,"14":4,"15":0,"16":2,"17":2,"18":2,"19":2,"20":1,"21":1,"22":1,"23":0,"24":6,"25":6,"26":6,"27":1,"28":5,"29":5,"30":1,"31":4,"32":1,"33":3,"34":3,"35":1,"36":2,"37":2,"38":2,"39":2,"40":2,"41":2,"42":2,"43":0,"44":1,"45":1,"46":1,"47":1,"48":1,"49":1,"50":1,"51":0,"52":1,"53":1,"54":1,"55":1,"56":1,"57":1,"58":0,"59":1,"60":1,"61":1,"62":1,"63":1,"64":1,"65":1,"66":1,"67":1,"68":0,"69":2,"70":2,"71":2,"72":2,"73":1,"74":1,"75":1,"76":1,"77":1,"78":1,"79":0,"80":3,"81":3,"82":3,"83":1,"84":2,"85":2,"86":1,"87":1,"88":1,"89":0,"90":1,"91":0,"92":1,"93":1,"94":0,"95":4,"96":4,"97":4,"98":1,"99":3,"100":3,"101":1,"102":2,"103":1,"104":1,"105":1,"106":1,"107":1,"108":0,"109":0,"110":0,"111":0,"112":0,"113":0,"114":0,"115":0,"116":0,"117":0,"118":0,"119":0,"120":0,"121":0,"122":1,"123":1,"124":1,"125":1,"126":1,"127":0},"f":{"0":7,"1":2,"2":6,"3":1,"4":1,"5":1,"6":2,"7":3,"8":4,"9":0,"10":1},"b":{"0":[1,6],"1":[7,6,6],"2":[2,4],"3":[0,0],"4":[1,1],"5":[0,0],"6":[1,5],"7":[6,5],"8":[1,4],"9":[1,3],"10":[1,2],"11":[0,0],"12":[0,0],"13":[0,0],"14":[1,0],"15":[1,1],"16":[1,1],"17":[1,0],"18":[1,1],"19":[0,0],"20":[1,1],"21":[0,0],"22":[1,2],"23":[3,2],"24":[1,1],"25":[0,1],"26":[0,1],"27":[0,0],"28":[1,3],"29":[4,3,3],"30":[1,2],"31":[1,1],"32":[0,0],"33":[0,0],"34":[0,0],"35":[0,0],"36":[0,0]},"_coverageSchema":"1a1c01bbd47fc00a2c39e90264f33305004495a9","hash":"e4a58c93fe9f84ca381d588971fba028ee5fa5aa"}
,"D:\\taphoa_test\\server\\controllers\\vnpay.controller.js": {"path":"D:\\taphoa_test\\server\\controllers\\vnpay.controller.js","statementMap":{"0":{"start":{"line":11,"column":17},"end":{"line":11,"column":19}},"1":{"start":{"line":12,"column":15},"end":{"line":12,"column":38}},"2":{"start":{"line":13,"column":2},"end":{"line":15,"column":4}},"3":{"start":{"line":14,"column":4},"end":{"line":14,"column":26}},"4":{"start":{"line":16,"column":2},"end":{"line":16,"column":15}},"5":{"start":{"line":20,"column":2},"end":{"line":102,"column":3}},"6":{"start":{"line":21,"column":19},"end":{"line":21,"column":29}},"7":{"start":{"line":22,"column":61},"end":{"line":22,"column":69}},"8":{"start":{"line":25,"column":8},"end":{"line":28,"column":19}},"9":{"start":{"line":30,"column":17},"end":{"line":30,"column":27}},"10":{"start":{"line":31,"column":23},"end":{"line":31,"column":57}},"11":{"start":{"line":32,"column":20},"end":{"line":32,"column":70}},"12":{"start":{"line":34,"column":20},"end":{"line":34,"column":43}},"13":{"start":{"line":35,"column":22},"end":{"line":35,"column":48}},"14":{"start":{"line":36,"column":17},"end":{"line":36,"column":36}},"15":{"start":{"line":37,"column":22},"end":{"line":37,"column":47}},"16":{"start":{"line":40,"column":19},"end":{"line":40,"column":60}},"17":{"start":{"line":41,"column":23},"end":{"line":41,"column":59}},"18":{"start":{"line":43,"column":21},"end":{"line":58,"column":5}},"19":{"start":{"line":60,"column":4},"end":{"line":60,"column":39}},"20":{"start":{"line":63,"column":21},"end":{"line":63,"column":72}},"21":{"start":{"line":64,"column":17},"end":{"line":64,"column":55}},"22":{"start":{"line":65,"column":19},"end":{"line":65,"column":76}},"23":{"start":{"line":66,"column":4},"end":{"line":66,"column":41}},"24":{"start":{"line":69,"column":4},"end":{"line":69,"column":71}},"25":{"start":{"line":72,"column":18},"end":{"line":79,"column":7}},"26":{"start":{"line":72,"column":40},"end":{"line":79,"column":5}},"27":{"start":{"line":81,"column":4},"end":{"line":91,"column":6}},"28":{"start":{"line":93,"column":4},"end":{"line":93,"column":39}},"29":{"start":{"line":95,"column":4},"end":{"line":98,"column":6}},"30":{"start":{"line":100,"column":4},"end":{"line":100,"column":40}},"31":{"start":{"line":101,"column":4},"end":{"line":101,"column":75}},"32":{"start":{"line":106,"column":2},"end":{"line":169,"column":3}},"33":{"start":{"line":107,"column":21},"end":{"line":107,"column":30}},"34":{"start":{"line":108,"column":23},"end":{"line":108,"column":51}},"35":{"start":{"line":110,"column":4},"end":{"line":110,"column":39}},"36":{"start":{"line":111,"column":4},"end":{"line":111,"column":43}},"37":{"start":{"line":113,"column":4},"end":{"line":113,"column":39}},"38":{"start":{"line":115,"column":22},"end":{"line":115,"column":48}},"39":{"start":{"line":116,"column":21},"end":{"line":116,"column":73}},"40":{"start":{"line":117,"column":17},"end":{"line":117,"column":55}},"41":{"start":{"line":118,"column":19},"end":{"line":118,"column":76}},"42":{"start":{"line":120,"column":4},"end":{"line":162,"column":5}},"43":{"start":{"line":121,"column":22},"end":{"line":121,"column":46}},"44":{"start":{"line":122,"column":22},"end":{"line":122,"column":52}},"45":{"start":{"line":124,"column":20},"end":{"line":124,"column":57}},"46":{"start":{"line":126,"column":6},"end":{"line":131,"column":7}},"47":{"start":{"line":127,"column":8},"end":{"line":130,"column":10}},"48":{"start":{"line":133,"column":6},"end":{"line":156,"column":7}},"49":{"start":{"line":134,"column":8},"end":{"line":134,"column":37}},"50":{"start":{"line":135,"column":8},"end":{"line":135,"column":57}},"51":{"start":{"line":136,"column":8},"end":{"line":136,"column":26}},"52":{"start":{"line":138,"column":8},"end":{"line":138,"column":67}},"53":{"start":{"line":139,"column":8},"end":{"line":139,"column":79}},"54":{"start":{"line":141,"column":8},"end":{"line":145,"column":10}},"55":{"start":{"line":147,"column":8},"end":{"line":147,"column":39}},"56":{"start":{"line":148,"column":8},"end":{"line":148,"column":40}},"57":{"start":{"line":149,"column":8},"end":{"line":149,"column":26}},"58":{"start":{"line":151,"column":8},"end":{"line":155,"column":10}},"59":{"start":{"line":158,"column":6},"end":{"line":161,"column":8}},"60":{"start":{"line":164,"column":4},"end":{"line":164,"column":47}},"61":{"start":{"line":165,"column":4},"end":{"line":168,"column":6}}},"fnMap":{"0":{"name":"sortObject","decl":{"start":{"line":10,"column":9},"end":{"line":10,"column":19}},"loc":{"start":{"line":10,"column":25},"end":{"line":17,"column":1}},"line":10},"1":{"name":"(anonymous_1)","decl":{"start":{"line":13,"column":15},"end":{"line":13,"column":16}},"loc":{"start":{"line":13,"column":22},"end":{"line":15,"column":3}},"line":13},"2":{"name":"createVNPayPayment","decl":{"start":{"line":19,"column":22},"end":{"line":19,"column":40}},"loc":{"start":{"line":19,"column":51},"end":{"line":103,"column":1}},"line":19},"3":{"name":"(anonymous_3)","decl":{"start":{"line":72,"column":33},"end":{"line":72,"column":34}},"loc":{"start":{"line":72,"column":40},"end":{"line":79,"column":5}},"line":72},"4":{"name":"vnpayReturn","decl":{"start":{"line":105,"column":22},"end":{"line":105,"column":33}},"loc":{"start":{"line":105,"column":44},"end":{"line":170,"column":1}},"line":105}},"branchMap":{"0":{"loc":{"start":{"line":25,"column":8},"end":{"line":28,"column":19}},"type":"binary-expr","locations":[{"start":{"line":25,"column":8},"end":{"line":25,"column":38}},{"start":{"line":26,"column":8},"end":{"line":26,"column":37}},{"start":{"line":27,"column":8},"end":{"line":27,"column":33}},{"start":{"line":28,"column":8},"end":{"line":28,"column":19}}],"line":25},"1":{"loc":{"start":{"line":120,"column":4},"end":{"line":162,"column":5}},"type":"if","locations":[{"start":{"line":120,"column":4},"end":{"line":162,"column":5}},{"start":{"line":157,"column":11},"end":{"line":162,"column":5}}],"line":120},"2":{"loc":{"start":{"line":126,"column":6},"end":{"line":131,"column":7}},"type":"if","locations":[{"start":{"line":126,"column":6},"end":{"line":131,"column":7}},{"start":{},"end":{}}],"line":126},"3":{"loc":{"start":{"line":133,"column":6},"end":{"line":156,"column":7}},"type":"if","locations":[{"start":{"line":133,"column":6},"end":{"line":156,"column":7}},{"start":{"line":146,"column":13},"end":{"line":156,"column":7}}],"line":133}},"s":{"0":21,"1":21,"2":21,"3":164,"4":21,"5":9,"6":9,"7":9,"8":9,"9":9,"10":9,"11":9,"12":9,"13":9,"14":9,"15":9,"16":9,"17":9,"18":9,"19":9,"20":9,"21":9,"22":9,"23":9,"24":9,"25":9,"26":10,"27":9,"28":8,"29":8,"30":1,"31":1,"32":12,"33":12,"34":12,"35":12,"36":12,"37":12,"38":12,"39":12,"40":12,"41":12,"42":12,"43":11,"44":11,"45":11,"46":10,"47":1,"48":9,"49":3,"50":3,"51":3,"52":3,"53":3,"54":3,"55":6,"56":6,"57":6,"58":6,"59":1,"60":1,"61":1},"f":{"0":21,"1":164,"2":9,"3":10,"4":12},"b":{"0":[9,3,2,1],"1":[11,1],"2":[1,9],"3":[3,6]},"_coverageSchema":"1a1c01bbd47fc00a2c39e90264f33305004495a9","hash":"9240c4dea3613361ce85a271bde09c5d93ef7d75"}
,"D:\\taphoa_test\\server\\utils\\forgotPasswordTemplate.js": {"path":"D:\\taphoa_test\\server\\utils\\forgotPasswordTemplate.js","statementMap":{"0":{"start":{"line":1,"column":31},"end":{"line":16,"column":1}},"1":{"start":{"line":2,"column":4},"end":{"line":15,"column":5}}},"fnMap":{"0":{"name":"(anonymous_0)","decl":{"start":{"line":1,"column":31},"end":{"line":1,"column":32}},"loc":{"start":{"line":1,"column":48},"end":{"line":16,"column":1}},"line":1}},"branchMap":{},"s":{"0":1,"1":0},"f":{"0":0},"b":{},"_coverageSchema":"1a1c01bbd47fc00a2c39e90264f33305004495a9","hash":"077ea74aec815d495f53d63ed3644b91fc0f1f91"}
,"D:\\taphoa_test\\server\\utils\\generatedAccessToken.js": {"path":"D:\\taphoa_test\\server\\utils\\generatedAccessToken.js","statementMap":{"0":{"start":{"line":3,"column":29},"end":{"line":10,"column":1}},"1":{"start":{"line":4,"column":18},"end":{"line":7,"column":5}},"2":{"start":{"line":9,"column":4},"end":{"line":9,"column":16}}},"fnMap":{"0":{"name":"(anonymous_0)","decl":{"start":{"line":3,"column":29},"end":{"line":3,"column":30}},"loc":{"start":{"line":3,"column":44},"end":{"line":10,"column":1}},"line":3}},"branchMap":{},"s":{"0":1,"1":1,"2":1},"f":{"0":1},"b":{},"_coverageSchema":"1a1c01bbd47fc00a2c39e90264f33305004495a9","hash":"f1cb71abe2a35b05d654c1ce74057eae19984a42"}
,"D:\\taphoa_test\\server\\utils\\generatedOtp.js": {"path":"D:\\taphoa_test\\server\\utils\\generatedOtp.js","statementMap":{"0":{"start":{"line":1,"column":21},"end":{"line":3,"column":1}},"1":{"start":{"line":2,"column":4},"end":{"line":2,"column":54}}},"fnMap":{"0":{"name":"(anonymous_0)","decl":{"start":{"line":1,"column":21},"end":{"line":1,"column":22}},"loc":{"start":{"line":1,"column":25},"end":{"line":3,"column":1}},"line":1}},"branchMap":{},"s":{"0":1,"1":0},"f":{"0":0},"b":{},"_coverageSchema":"1a1c01bbd47fc00a2c39e90264f33305004495a9","hash":"581d2d2b8c268aff74bdbc98f5f0b749b7acf5bd"}
,"D:\\taphoa_test\\server\\utils\\generatedRefreshToken.js": {"path":"D:\\taphoa_test\\server\\utils\\generatedRefreshToken.js","statementMap":{"0":{"start":{"line":4,"column":29},"end":{"line":18,"column":1}},"1":{"start":{"line":5,"column":18},"end":{"line":8,"column":5}},"2":{"start":{"line":10,"column":35},"end":{"line":15,"column":5}},"3":{"start":{"line":17,"column":4},"end":{"line":17,"column":16}}},"fnMap":{"0":{"name":"(anonymous_0)","decl":{"start":{"line":4,"column":29},"end":{"line":4,"column":30}},"loc":{"start":{"line":4,"column":44},"end":{"line":18,"column":1}},"line":4}},"branchMap":{},"s":{"0":1,"1":1,"2":1,"3":1},"f":{"0":1},"b":{},"_coverageSchema":"1a1c01bbd47fc00a2c39e90264f33305004495a9","hash":"e53ce00cd8dbc7efa63ef313f5655769a42fc1f4"}
,"D:\\taphoa_test\\server\\utils\\seedProducts.js": {"path":"D:\\taphoa_test\\server\\utils\\seedProducts.js","statementMap":{},"fnMap":{},"branchMap":{},"s":{},"f":{},"b":{}}
,"D:\\taphoa_test\\server\\utils\\seedUsers.js": {"path":"D:\\taphoa_test\\server\\utils\\seedUsers.js","statementMap":{},"fnMap":{},"branchMap":{},"s":{},"f":{},"b":{}}
,"D:\\taphoa_test\\server\\utils\\uploadImageClodinary.js": {"path":"D:\\taphoa_test\\server\\utils\\uploadImageClodinary.js","statementMap":{"0":{"start":{"line":3,"column":0},"end":{"line":7,"column":2}},"1":{"start":{"line":9,"column":29},"end":{"line":19,"column":1}},"2":{"start":{"line":10,"column":19},"end":{"line":10,"column":74}},"3":{"start":{"line":12,"column":24},"end":{"line":16,"column":6}},"4":{"start":{"line":13,"column":8},"end":{"line":15,"column":22}},"5":{"start":{"line":14,"column":12},"end":{"line":14,"column":40}},"6":{"start":{"line":18,"column":4},"end":{"line":18,"column":22}}},"fnMap":{"0":{"name":"(anonymous_0)","decl":{"start":{"line":9,"column":29},"end":{"line":9,"column":30}},"loc":{"start":{"line":9,"column":43},"end":{"line":19,"column":1}},"line":9},"1":{"name":"(anonymous_1)","decl":{"start":{"line":12,"column":42},"end":{"line":12,"column":43}},"loc":{"start":{"line":12,"column":60},"end":{"line":16,"column":5}},"line":12},"2":{"name":"(anonymous_2)","decl":{"start":{"line":13,"column":65},"end":{"line":13,"column":66}},"loc":{"start":{"line":13,"column":87},"end":{"line":15,"column":9}},"line":13}},"branchMap":{"0":{"loc":{"start":{"line":10,"column":19},"end":{"line":10,"column":74}},"type":"binary-expr","locations":[{"start":{"line":10,"column":19},"end":{"line":10,"column":32}},{"start":{"line":10,"column":36},"end":{"line":10,"column":74}}],"line":10}},"s":{"0":1,"1":1,"2":0,"3":0,"4":0,"5":0,"6":0},"f":{"0":0,"1":0,"2":0},"b":{"0":[0,0]},"_coverageSchema":"1a1c01bbd47fc00a2c39e90264f33305004495a9","hash":"5e2d13d372c95248c7302c0528ddb39ee8f6d386"}
,"D:\\taphoa_test\\server\\utils\\verifyEmailTemplate.js": {"path":"D:\\taphoa_test\\server\\utils\\verifyEmailTemplate.js","statementMap":{"0":{"start":{"line":1,"column":28},"end":{"line":9,"column":1}},"1":{"start":{"line":2,"column":4},"end":{"line":8,"column":1}}},"fnMap":{"0":{"name":"(anonymous_0)","decl":{"start":{"line":1,"column":28},"end":{"line":1,"column":29}},"loc":{"start":{"line":1,"column":42},"end":{"line":9,"column":1}},"line":1}},"branchMap":{},"s":{"0":1,"1":3},"f":{"0":3},"b":{},"_coverageSchema":"1a1c01bbd47fc00a2c39e90264f33305004495a9","hash":"1379700af52448fb66f171270179dbd429528d0d"}
}
