TN:
SF:controllers\address.controller.js
FN:4,(anonymous_0)
FN:42,(anonymous_1)
FN:63,(anonymous_2)
FN:92,(anonymous_3)
FNF:4
FNH:0
FNDA:0,(anonymous_0)
FNDA:0,(anonymous_1)
FNDA:0,(anonymous_2)
FNDA:0,(anonymous_3)
DA:4,1
DA:5,0
DA:6,0
DA:7,0
DA:9,0
DA:18,0
DA:20,0
DA:26,0
DA:34,0
DA:42,1
DA:43,0
DA:44,0
DA:46,0
DA:48,0
DA:55,0
DA:63,1
DA:64,0
DA:65,0
DA:66,0
DA:68,0
DA:77,0
DA:84,0
DA:92,1
DA:93,0
DA:94,0
DA:95,0
DA:97,0
DA:101,0
DA:108,0
LF:29
LH:4
BRDA:35,0,0,0
BRDA:35,0,1,0
BRDA:56,1,0,0
BRDA:56,1,1,0
BRDA:85,2,0,0
BRDA:85,2,1,0
BRDA:109,3,0,0
BRDA:109,3,1,0
BRF:8
BRH:0
end_of_record
TN:
SF:controllers\admin.controller.js
FN:7,AdminloginController
FN:85,AdminlogoutController
FNF:2
FNH:0
FNDA:0,AdminloginController
FNDA:0,AdminlogoutController
DA:8,0
DA:9,0
DA:12,0
DA:13,0
DA:20,0
DA:22,0
DA:23,0
DA:30,0
DA:31,0
DA:39,0
DA:41,0
DA:42,0
DA:49,0
DA:50,0
DA:52,0
DA:56,0
DA:61,0
DA:62,0
DA:64,0
DA:75,0
DA:86,0
DA:87,0
DA:89,0
DA:95,0
DA:96,0
DA:98,0
DA:102,0
DA:108,0
LF:28
LH:0
BRDA:12,0,0,0
BRDA:12,0,1,0
BRDA:12,1,0,0
BRDA:12,1,1,0
BRDA:22,2,0,0
BRDA:22,2,1,0
BRDA:30,3,0,0
BRDA:30,3,1,0
BRDA:41,4,0,0
BRDA:41,4,1,0
BRDA:109,5,0,0
BRDA:109,5,1,0
BRF:12
BRH:0
end_of_record
TN:
SF:controllers\cart.controller.js
FN:5,(anonymous_0)
FN:87,(anonymous_1)
FN:96,(anonymous_2)
FN:115,(anonymous_3)
FN:116,(anonymous_4)
FN:117,(anonymous_5)
FN:141,(anonymous_6)
FN:215,(anonymous_7)
FN:247,(anonymous_8)
FNF:9
FNH:0
FNDA:0,(anonymous_0)
FNDA:0,(anonymous_1)
FNDA:0,(anonymous_2)
FNDA:0,(anonymous_3)
FNDA:0,(anonymous_4)
FNDA:0,(anonymous_5)
FNDA:0,(anonymous_6)
FNDA:0,(anonymous_7)
FNDA:0,(anonymous_8)
DA:5,1
DA:6,0
DA:7,0
DA:8,0
DA:10,0
DA:11,0
DA:19,0
DA:21,0
DA:22,0
DA:29,0
DA:30,0
DA:37,0
DA:38,0
DA:45,0
DA:50,0
DA:51,0
DA:56,0
DA:61,0
DA:63,0
DA:69,0
DA:78,0
DA:87,1
DA:88,0
DA:89,0
DA:91,0
DA:96,0
DA:97,0
DA:98,0
DA:99,0
DA:106,0
DA:115,0
DA:116,0
DA:117,0
DA:119,0
DA:132,0
DA:141,1
DA:142,0
DA:143,0
DA:144,0
DA:146,0
DA:147,0
DA:153,0
DA:158,0
DA:159,0
DA:167,0
DA:168,0
DA:175,0
DA:176,0
DA:184,0
DA:185,0
DA:192,0
DA:199,0
DA:207,0
DA:215,1
DA:216,0
DA:217,0
DA:218,0
DA:220,0
DA:221,0
DA:228,0
DA:230,0
DA:238,0
DA:247,1
DA:248,0
DA:249,0
DA:251,0
DA:256,0
DA:258,0
DA:259,0
DA:261,0
DA:262,0
DA:268,0
DA:271,0
DA:272,0
DA:280,0
DA:281,0
DA:289,0
DA:290,0
DA:299,0
DA:301,0
DA:310,0
LF:81
LH:5
BRDA:10,0,0,0
BRDA:10,0,1,0
BRDA:21,1,0,0
BRDA:21,1,1,0
BRDA:29,2,0,0
BRDA:29,2,1,0
BRDA:37,3,0,0
BRDA:37,3,1,0
BRDA:50,4,0,0
BRDA:50,4,1,0
BRDA:79,5,0,0
BRDA:79,5,1,0
BRDA:98,6,0,0
BRDA:98,6,1,0
BRDA:110,7,0,0
BRDA:110,7,1,0
BRDA:133,8,0,0
BRDA:133,8,1,0
BRDA:146,9,0,0
BRDA:146,9,1,0
BRDA:146,10,0,0
BRDA:146,10,1,0
BRDA:158,11,0,0
BRDA:158,11,1,0
BRDA:167,12,0,0
BRDA:167,12,1,0
BRDA:175,13,0,0
BRDA:175,13,1,0
BRDA:184,14,0,0
BRDA:184,14,1,0
BRDA:208,15,0,0
BRDA:208,15,1,0
BRDA:220,16,0,0
BRDA:220,16,1,0
BRDA:239,17,0,0
BRDA:239,17,1,0
BRDA:261,18,0,0
BRDA:261,18,1,0
BRDA:271,19,0,0
BRDA:271,19,1,0
BRDA:280,20,0,0
BRDA:280,20,1,0
BRDA:289,21,0,0
BRDA:289,21,1,0
BRDA:289,22,0,0
BRDA:289,22,1,0
BRDA:304,23,0,0
BRDA:304,23,1,0
BRDA:311,24,0,0
BRDA:311,24,1,0
BRF:50
BRH:0
end_of_record
TN:
SF:controllers\category.controller.js
FN:5,(anonymous_0)
FN:48,(anonymous_1)
FN:67,(anonymous_2)
FN:93,(anonymous_3)
FNF:4
FNH:0
FNDA:0,(anonymous_0)
FNDA:0,(anonymous_1)
FNDA:0,(anonymous_2)
FNDA:0,(anonymous_3)
DA:5,1
DA:6,0
DA:7,0
DA:9,0
DA:10,0
DA:17,0
DA:22,0
DA:24,0
DA:25,0
DA:32,0
DA:40,0
DA:48,1
DA:49,0
DA:51,0
DA:53,0
DA:59,0
DA:67,1
DA:68,0
DA:69,0
DA:71,0
DA:78,0
DA:85,0
DA:93,1
DA:94,0
DA:95,0
DA:97,0
DA:103,0
DA:109,0
DA:110,0
DA:117,0
DA:119,0
DA:127,0
LF:32
LH:4
BRDA:9,0,0,0
BRDA:9,0,1,0
BRDA:9,1,0,0
BRDA:9,1,1,0
BRDA:24,2,0,0
BRDA:24,2,1,0
BRDA:41,3,0,0
BRDA:41,3,1,0
BRDA:60,4,0,0
BRDA:60,4,1,0
BRDA:86,5,0,0
BRDA:86,5,1,0
BRDA:109,6,0,0
BRDA:109,6,1,0
BRDA:109,7,0,0
BRDA:109,7,1,0
BRDA:128,8,0,0
BRDA:128,8,1,0
BRF:18
BRH:0
end_of_record
TN:
SF:controllers\order.controller.js
FN:13,deductProductStock
FN:77,restoreProductStock
FN:127,CashOnDeliveryOrderController
FN:165,(anonymous_3)
FN:223,(anonymous_4)
FN:230,paymentController
FN:269,(anonymous_6)
FN:318,(anonymous_7)
FN:357,webhookStripe
FN:408,getOrderDetailsController
FN:433,cancelOrderController
FN:489,getAllOrdersAdminController
FN:522,updateOrderStatusController
FNF:13
FNH:0
FNDA:0,deductProductStock
FNDA:0,restoreProductStock
FNDA:0,CashOnDeliveryOrderController
FNDA:0,(anonymous_3)
FNDA:0,(anonymous_4)
FNDA:0,paymentController
FNDA:0,(anonymous_6)
FNDA:0,(anonymous_7)
FNDA:0,webhookStripe
FNDA:0,getOrderDetailsController
FNDA:0,cancelOrderController
FNDA:0,getAllOrdersAdminController
FNDA:0,updateOrderStatusController
DA:14,0
DA:15,0
DA:17,0
DA:18,0
DA:19,0
DA:20,0
DA:22,0
DA:23,0
DA:28,0
DA:31,0
DA:32,0
DA:37,0
DA:40,0
DA:41,0
DA:46,0
DA:49,0
DA:50,0
DA:51,0
DA:53,0
DA:62,0
DA:65,0
DA:69,0
DA:73,0
DA:78,0
DA:79,0
DA:81,0
DA:82,0
DA:83,0
DA:84,0
DA:86,0
DA:87,0
DA:92,0
DA:95,0
DA:96,0
DA:97,0
DA:99,0
DA:108,0
DA:111,0
DA:115,0
DA:119,0
DA:128,0
DA:129,0
DA:130,0
DA:133,0
DA:135,0
DA:136,0
DA:137,0
DA:139,0
DA:140,0
DA:141,0
DA:144,0
DA:145,0
DA:146,0
DA:149,0
DA:150,0
DA:151,0
DA:155,0
DA:156,0
DA:165,0
DA:175,0
DA:177,0
DA:178,0
DA:187,0
DA:199,0
DA:202,0
DA:203,0
DA:205,0
DA:207,0
DA:215,0
DA:223,1
DA:224,0
DA:225,0
DA:226,0
DA:231,0
DA:232,0
DA:233,0
DA:236,0
DA:238,0
DA:239,0
DA:240,0
DA:242,0
DA:243,0
DA:244,0
DA:247,0
DA:248,0
DA:249,0
DA:252,0
DA:253,0
DA:254,0
DA:258,0
DA:259,0
DA:267,0
DA:269,0
DA:270,0
DA:290,0
DA:304,0
DA:306,0
DA:309,0
DA:318,1
DA:325,0
DA:327,0
DA:328,0
DA:329,0
DA:331,0
DA:350,0
DA:354,0
DA:358,0
DA:360,0
DA:362,0
DA:364,0
DA:365,0
DA:366,0
DA:368,0
DA:377,0
DA:378,0
DA:380,0
DA:381,0
DA:384,0
DA:385,0
DA:389,0
DA:391,0
DA:393,0
DA:394,0
DA:397,0
DA:399,0
DA:401,0
DA:404,0
DA:409,0
DA:410,0
DA:412,0
DA:417,0
DA:424,0
DA:434,0
DA:435,0
DA:436,0
DA:438,0
DA:442,0
DA:444,0
DA:445,0
DA:452,0
DA:453,0
DA:461,0
DA:463,0
DA:464,0
DA:467,0
DA:468,0
DA:470,0
DA:472,0
DA:480,0
DA:490,0
DA:491,0
DA:506,0
DA:513,0
DA:523,0
DA:524,0
DA:525,0
DA:527,0
DA:528,0
DA:529,0
DA:536,0
DA:538,0
DA:540,0
DA:541,0
DA:548,0
DA:549,0
DA:557,0
DA:565,0
DA:566,0
DA:567,0
DA:575,0
DA:576,0
DA:578,0
DA:580,0
DA:581,0
DA:584,0
DA:585,0
DA:587,0
DA:597,0
DA:598,0
DA:600,0
DA:607,0
LF:181
LH:2
BRDA:19,0,0,0
BRDA:19,0,1,0
BRDA:22,1,0,0
BRDA:22,1,1,0
BRDA:25,2,0,0
BRDA:25,2,1,0
BRDA:31,3,0,0
BRDA:31,3,1,0
BRDA:40,4,0,0
BRDA:40,4,1,0
BRDA:83,5,0,0
BRDA:83,5,1,0
BRDA:86,6,0,0
BRDA:86,6,1,0
BRDA:89,7,0,0
BRDA:89,7,1,0
BRDA:136,8,0,0
BRDA:136,8,1,0
BRDA:139,9,0,0
BRDA:139,9,1,0
BRDA:140,10,0,0
BRDA:140,10,1,0
BRDA:144,11,0,0
BRDA:144,11,1,0
BRDA:149,12,0,0
BRDA:149,12,1,0
BRDA:155,13,0,0
BRDA:155,13,1,0
BRDA:166,14,0,0
BRDA:166,14,1,0
BRDA:177,15,0,0
BRDA:177,15,1,0
BRDA:216,16,0,0
BRDA:216,16,1,0
BRDA:223,17,0,0
BRDA:239,18,0,0
BRDA:239,18,1,0
BRDA:242,19,0,0
BRDA:242,19,1,0
BRDA:243,20,0,0
BRDA:243,20,1,0
BRDA:247,21,0,0
BRDA:247,21,1,0
BRDA:252,22,0,0
BRDA:252,22,1,0
BRDA:258,23,0,0
BRDA:258,23,1,0
BRDA:277,24,0,0
BRDA:277,24,1,0
BRDA:310,25,0,0
BRDA:310,25,1,0
BRDA:327,26,0,0
BRDA:327,26,1,0
BRDA:362,27,0,0
BRDA:362,27,1,0
BRDA:380,28,0,0
BRDA:380,28,1,0
BRDA:384,29,0,0
BRDA:384,29,1,0
BRDA:393,30,0,0
BRDA:393,30,1,0
BRDA:425,31,0,0
BRDA:425,31,1,0
BRDA:438,32,0,0
BRDA:438,32,1,0
BRDA:444,33,0,0
BRDA:444,33,1,0
BRDA:452,34,0,0
BRDA:452,34,1,0
BRDA:463,35,0,0
BRDA:463,35,1,0
BRDA:481,36,0,0
BRDA:481,36,1,0
BRDA:514,37,0,0
BRDA:514,37,1,0
BRDA:528,38,0,0
BRDA:528,38,1,0
BRDA:536,39,0,0
BRDA:536,39,1,0
BRDA:540,40,0,0
BRDA:540,40,1,0
BRDA:548,41,0,0
BRDA:548,41,1,0
BRDA:565,42,0,0
BRDA:565,42,1,0
BRDA:566,43,0,0
BRDA:566,43,1,0
BRDA:575,44,0,0
BRDA:575,44,1,0
BRDA:575,45,0,0
BRDA:575,45,1,0
BRDA:580,46,0,0
BRDA:580,46,1,0
BRDA:591,47,0,0
BRDA:591,47,1,0
BRDA:608,48,0,0
BRDA:608,48,1,0
BRF:97
BRH:0
end_of_record
TN:
SF:controllers\product.controller.js
FN:4,(anonymous_0)
FN:62,(anonymous_1)
FN:111,(anonymous_2)
FN:145,(anonymous_3)
FN:201,(anonymous_4)
FN:234,(anonymous_5)
FN:267,(anonymous_6)
FN:297,(anonymous_7)
FNF:8
FNH:0
FNDA:0,(anonymous_0)
FNDA:0,(anonymous_1)
FNDA:0,(anonymous_2)
FNDA:0,(anonymous_3)
FNDA:0,(anonymous_4)
FNDA:0,(anonymous_5)
FNDA:0,(anonymous_6)
FNDA:0,(anonymous_7)
DA:4,1
DA:5,0
DA:19,0
DA:21,0
DA:22,0
DA:29,0
DA:43,0
DA:45,0
DA:53,0
DA:62,1
DA:63,0
DA:64,0
DA:66,0
DA:67,0
DA:70,0
DA:71,0
DA:75,0
DA:80,0
DA:81,0
DA:86,0
DA:88,0
DA:93,0
DA:102,0
DA:111,1
DA:112,0
DA:113,0
DA:115,0
DA:116,0
DA:124,0
DA:129,0
DA:136,0
DA:145,1
DA:146,0
DA:147,0
DA:149,0
DA:150,0
DA:157,0
DA:158,0
DA:161,0
DA:162,0
DA:166,0
DA:172,0
DA:174,0
DA:179,0
DA:190,0
DA:201,1
DA:202,0
DA:203,0
DA:205,0
DA:207,0
DA:208,0
DA:216,0
DA:225,0
DA:234,1
DA:235,0
DA:236,0
DA:238,0
DA:239,0
DA:246,0
DA:250,0
DA:258,0
DA:267,1
DA:268,0
DA:269,0
DA:271,0
DA:272,0
DA:279,0
DA:281,0
DA:288,0
DA:297,1
DA:298,0
DA:299,0
DA:301,0
DA:302,0
DA:304,0
DA:305,0
DA:309,0
DA:314,0
DA:315,0
DA:316,0
DA:323,0
DA:324,0
DA:328,0
DA:329,0
DA:333,0
DA:334,0
DA:335,0
DA:336,0
DA:338,0
DA:339,0
DA:344,0
DA:345,0
DA:346,0
DA:347,0
DA:348,0
DA:349,0
DA:350,0
DA:352,0
DA:355,0
DA:357,0
DA:366,0
DA:378,0
LF:102
LH:8
BRDA:21,0,0,0
BRDA:21,0,1,0
BRDA:21,1,0,0
BRDA:21,1,1,0
BRDA:21,1,2,0
BRDA:21,1,3,0
BRDA:21,1,4,0
BRDA:21,1,5,0
BRDA:21,1,6,0
BRDA:41,2,0,0
BRDA:41,2,1,0
BRDA:54,3,0,0
BRDA:54,3,1,0
BRDA:66,4,0,0
BRDA:66,4,1,0
BRDA:70,5,0,0
BRDA:70,5,1,0
BRDA:80,6,0,0
BRDA:80,6,1,0
BRDA:103,7,0,0
BRDA:103,7,1,0
BRDA:115,8,0,0
BRDA:115,8,1,0
BRDA:137,9,0,0
BRDA:137,9,1,0
BRDA:149,10,0,0
BRDA:149,10,1,0
BRDA:149,11,0,0
BRDA:149,11,1,0
BRDA:157,12,0,0
BRDA:157,12,1,0
BRDA:161,13,0,0
BRDA:161,13,1,0
BRDA:191,14,0,0
BRDA:191,14,1,0
BRDA:207,15,0,0
BRDA:207,15,1,0
BRDA:226,16,0,0
BRDA:226,16,1,0
BRDA:238,17,0,0
BRDA:238,17,1,0
BRDA:259,18,0,0
BRDA:259,18,1,0
BRDA:271,19,0,0
BRDA:271,19,1,0
BRDA:289,20,0,0
BRDA:289,20,1,0
BRDA:301,21,0,0
BRDA:301,21,1,0
BRDA:304,22,0,0
BRDA:304,22,1,0
BRDA:314,23,0,0
BRDA:314,23,1,0
BRDA:323,24,0,0
BRDA:323,24,1,0
BRDA:323,25,0,0
BRDA:323,25,1,0
BRDA:328,26,0,0
BRDA:328,26,1,0
BRDA:328,27,0,0
BRDA:328,27,1,0
BRDA:333,28,0,0
BRDA:333,28,1,0
BRDA:333,29,0,0
BRDA:333,29,1,0
BRDA:335,30,0,0
BRDA:335,30,1,0
BRDA:335,31,0,0
BRDA:335,31,1,0
BRDA:338,32,0,0
BRDA:338,32,1,0
BRDA:338,33,0,0
BRDA:338,33,1,0
BRDA:345,34,0,0
BRDA:345,34,1,0
BRDA:347,35,0,0
BRDA:347,35,1,0
BRDA:349,36,0,0
BRDA:349,36,1,0
BRDA:379,37,0,0
BRDA:379,37,1,0
BRF:81
BRH:0
end_of_record
TN:
SF:controllers\subCategory.controller.js
FN:3,(anonymous_0)
FN:40,(anonymous_1)
FN:58,(anonymous_2)
FN:94,(anonymous_3)
FNF:4
FNH:0
FNDA:0,(anonymous_0)
FNDA:0,(anonymous_1)
FNDA:0,(anonymous_2)
FNDA:0,(anonymous_3)
DA:3,1
DA:4,0
DA:5,0
DA:7,0
DA:8,0
DA:15,0
DA:21,0
DA:22,0
DA:24,0
DA:32,0
DA:40,1
DA:41,0
DA:42,0
DA:43,0
DA:50,0
DA:58,1
DA:59,0
DA:60,0
DA:62,0
DA:64,0
DA:65,0
DA:72,0
DA:78,0
DA:86,0
DA:94,1
DA:95,0
DA:96,0
DA:97,0
DA:98,0
DA:100,0
DA:107,0
LF:31
LH:4
BRDA:7,0,0,0
BRDA:7,0,1,0
BRDA:7,1,0,0
BRDA:7,1,1,0
BRDA:7,1,2,0
BRDA:33,2,0,0
BRDA:33,2,1,0
BRDA:51,3,0,0
BRDA:51,3,1,0
BRDA:64,4,0,0
BRDA:64,4,1,0
BRDA:87,5,0,0
BRDA:87,5,1,0
BRDA:108,6,0,0
BRDA:108,6,1,0
BRF:15
BRH:0
end_of_record
TN:
SF:controllers\uploadImage.controller.js
FN:3,(anonymous_0)
FNF:1
FNH:0
FNDA:0,(anonymous_0)
DA:3,1
DA:4,0
DA:5,0
DA:7,0
DA:9,0
DA:16,0
LF:6
LH:1
BRDA:17,0,0,0
BRDA:17,0,1,0
BRF:2
BRH:0
end_of_record
TN:
SF:controllers\user.controller.js
FN:12,registerUserController
FN:73,verifyEmailController
FN:106,loginController
FN:182,logoutController
FN:214,uploadAvatar
FN:245,updateUserDetails
FN:282,forgotPasswordController
FN:329,verifyForgotPasswordOtp
FN:393,resetpassword
FN:445,refreshToken
FN:499,userDetails
FNF:11
FNH:1
FNDA:3,registerUserController
FNDA:0,verifyEmailController
FNDA:0,loginController
FNDA:0,logoutController
FNDA:0,uploadAvatar
FNDA:0,updateUserDetails
FNDA:0,forgotPasswordController
FNDA:0,verifyForgotPasswordOtp
FNDA:0,resetpassword
FNDA:0,refreshToken
FNDA:0,userDetails
DA:13,3
DA:14,3
DA:16,3
DA:17,0
DA:24,3
DA:26,3
DA:27,0
DA:34,3
DA:35,3
DA:37,3
DA:43,3
DA:44,3
DA:46,3
DA:48,3
DA:57,3
DA:65,0
DA:74,0
DA:75,0
DA:77,0
DA:79,0
DA:80,0
DA:87,0
DA:91,0
DA:97,0
DA:107,0
DA:108,0
DA:111,0
DA:112,0
DA:119,0
DA:121,0
DA:122,0
DA:129,0
DA:130,0
DA:137,0
DA:139,0
DA:140,0
DA:147,0
DA:148,0
DA:150,0
DA:154,0
DA:159,0
DA:160,0
DA:162,0
DA:173,0
DA:183,0
DA:184,0
DA:186,0
DA:192,0
DA:193,0
DA:195,0
DA:199,0
DA:205,0
DA:215,0
DA:216,0
DA:217,0
DA:219,0
DA:221,0
DA:225,0
DA:236,0
DA:246,0
DA:247,0
DA:248,0
DA:250,0
DA:252,0
DA:253,0
DA:254,0
DA:257,0
DA:264,0
DA:273,0
DA:283,0
DA:284,0
DA:286,0
DA:288,0
DA:289,0
DA:296,0
DA:297,0
DA:299,0
DA:304,0
DA:313,0
DA:320,0
DA:330,0
DA:331,0
DA:333,0
DA:334,0
DA:341,0
DA:343,0
DA:344,0
DA:351,0
DA:353,0
DA:354,0
DA:361,0
DA:362,0
DA:372,0
DA:377,0
DA:384,0
DA:394,0
DA:395,0
DA:397,0
DA:398,0
DA:403,0
DA:405,0
DA:406,0
DA:413,0
DA:414,0
DA:421,0
DA:422,0
DA:424,0
DA:428,0
DA:435,0
DA:446,0
DA:447,0
DA:449,0
DA:450,0
DA:457,0
DA:459,0
DA:460,0
DA:467,0
DA:469,0
DA:471,0
DA:477,0
DA:479,0
DA:490,0
DA:500,0
DA:501,0
DA:503,0
DA:505,0
DA:507,0
DA:514,0
LF:128
LH:13
BRDA:16,0,0,0
BRDA:16,0,1,3
BRDA:16,1,0,3
BRDA:16,1,1,3
BRDA:16,1,2,3
BRDA:26,2,0,0
BRDA:26,2,1,3
BRDA:66,3,0,0
BRDA:66,3,1,0
BRDA:79,4,0,0
BRDA:79,4,1,0
BRDA:98,5,0,0
BRDA:98,5,1,0
BRDA:111,6,0,0
BRDA:111,6,1,0
BRDA:111,7,0,0
BRDA:111,7,1,0
BRDA:121,8,0,0
BRDA:121,8,1,0
BRDA:129,9,0,0
BRDA:129,9,1,0
BRDA:139,10,0,0
BRDA:139,10,1,0
BRDA:174,11,0,0
BRDA:174,11,1,0
BRDA:206,12,0,0
BRDA:206,12,1,0
BRDA:237,13,0,0
BRDA:237,13,1,0
BRDA:252,14,0,0
BRDA:252,14,1,0
BRDA:258,15,0,0
BRDA:258,15,1,0
BRDA:259,16,0,0
BRDA:259,16,1,0
BRDA:260,17,0,0
BRDA:260,17,1,0
BRDA:261,18,0,0
BRDA:261,18,1,0
BRDA:274,19,0,0
BRDA:274,19,1,0
BRDA:288,20,0,0
BRDA:288,20,1,0
BRDA:321,21,0,0
BRDA:321,21,1,0
BRDA:333,22,0,0
BRDA:333,22,1,0
BRDA:333,23,0,0
BRDA:333,23,1,0
BRDA:343,24,0,0
BRDA:343,24,1,0
BRDA:353,25,0,0
BRDA:353,25,1,0
BRDA:361,26,0,0
BRDA:361,26,1,0
BRDA:385,27,0,0
BRDA:385,27,1,0
BRDA:397,28,0,0
BRDA:397,28,1,0
BRDA:397,29,0,0
BRDA:397,29,1,0
BRDA:397,29,2,0
BRDA:405,30,0,0
BRDA:405,30,1,0
BRDA:413,31,0,0
BRDA:413,31,1,0
BRDA:436,32,0,0
BRDA:436,32,1,0
BRDA:447,33,0,0
BRDA:447,33,1,0
BRDA:449,34,0,0
BRDA:449,34,1,0
BRDA:459,35,0,0
BRDA:459,35,1,0
BRDA:491,36,0,0
BRDA:491,36,1,0
BRF:76
BRH:5
end_of_record
TN:
SF:controllers\vnpay.controller.js
FN:10,sortObject
FN:13,(anonymous_1)
FN:19,createVNPayPayment
FN:72,(anonymous_3)
FN:105,vnpayReturn
FNF:5
FNH:0
FNDA:0,sortObject
FNDA:0,(anonymous_1)
FNDA:0,createVNPayPayment
FNDA:0,(anonymous_3)
FNDA:0,vnpayReturn
DA:11,0
DA:12,0
DA:13,0
DA:14,0
DA:16,0
DA:20,0
DA:21,0
DA:22,0
DA:25,0
DA:30,0
DA:31,0
DA:32,0
DA:34,0
DA:35,0
DA:36,0
DA:37,0
DA:40,0
DA:41,0
DA:43,0
DA:60,0
DA:63,0
DA:64,0
DA:65,0
DA:66,0
DA:69,0
DA:72,0
DA:81,0
DA:93,0
DA:95,0
DA:100,0
DA:101,0
DA:106,0
DA:107,0
DA:108,0
DA:110,0
DA:111,0
DA:113,0
DA:115,0
DA:116,0
DA:117,0
DA:118,0
DA:120,0
DA:121,0
DA:122,0
DA:124,0
DA:126,0
DA:127,0
DA:133,0
DA:134,0
DA:135,0
DA:136,0
DA:138,0
DA:139,0
DA:141,0
DA:147,0
DA:148,0
DA:149,0
DA:151,0
DA:158,0
DA:164,0
DA:165,0
LF:61
LH:0
BRDA:25,0,0,0
BRDA:25,0,1,0
BRDA:25,0,2,0
BRDA:25,0,3,0
BRDA:120,1,0,0
BRDA:120,1,1,0
BRDA:126,2,0,0
BRDA:126,2,1,0
BRDA:133,3,0,0
BRDA:133,3,1,0
BRF:10
BRH:0
end_of_record
TN:
SF:utils\forgotPasswordTemplate.js
FN:1,(anonymous_0)
FNF:1
FNH:0
FNDA:0,(anonymous_0)
DA:1,1
DA:2,0
LF:2
LH:1
BRF:0
BRH:0
end_of_record
TN:
SF:utils\generatedAccessToken.js
FN:3,(anonymous_0)
FNF:1
FNH:0
FNDA:0,(anonymous_0)
DA:3,1
DA:4,0
DA:9,0
LF:3
LH:1
BRF:0
BRH:0
end_of_record
TN:
SF:utils\generatedOtp.js
FN:1,(anonymous_0)
FNF:1
FNH:0
FNDA:0,(anonymous_0)
DA:1,1
DA:2,0
LF:2
LH:1
BRF:0
BRH:0
end_of_record
TN:
SF:utils\generatedRefreshToken.js
FN:4,(anonymous_0)
FNF:1
FNH:0
FNDA:0,(anonymous_0)
DA:4,1
DA:5,0
DA:10,0
DA:17,0
LF:4
LH:1
BRF:0
BRH:0
end_of_record
TN:
SF:utils\seedProducts.js
FNF:0
FNH:0
LF:0
LH:0
BRF:0
BRH:0
end_of_record
TN:
SF:utils\seedUsers.js
FNF:0
FNH:0
LF:0
LH:0
BRF:0
BRH:0
end_of_record
TN:
SF:utils\uploadImageClodinary.js
FN:9,(anonymous_0)
FN:12,(anonymous_1)
FN:13,(anonymous_2)
FNF:3
FNH:0
FNDA:0,(anonymous_0)
FNDA:0,(anonymous_1)
FNDA:0,(anonymous_2)
DA:3,1
DA:9,1
DA:10,0
DA:12,0
DA:13,0
DA:14,0
DA:18,0
LF:7
LH:2
BRDA:10,0,0,0
BRDA:10,0,1,0
BRF:2
BRH:0
end_of_record
TN:
SF:utils\verifyEmailTemplate.js
FN:1,(anonymous_0)
FNF:1
FNH:1
FNDA:3,(anonymous_0)
DA:1,1
DA:2,3
LF:2
LH:2
BRF:0
BRH:0
end_of_record
