TN:
SF:controllers\address.controller.js
FN:4,(anonymous_0)
FN:42,(anonymous_1)
FN:63,(anonymous_2)
FN:92,(anonymous_3)
FNF:4
FNH:4
FNDA:2,(anonymous_0)
FNDA:2,(anonymous_1)
FNDA:2,(anonymous_2)
FNDA:2,(anonymous_3)
DA:4,2
DA:5,2
DA:6,2
DA:7,2
DA:9,2
DA:18,2
DA:20,1
DA:26,1
DA:34,1
DA:42,2
DA:43,2
DA:44,2
DA:46,2
DA:48,1
DA:55,1
DA:63,2
DA:64,2
DA:65,2
DA:66,2
DA:68,2
DA:77,1
DA:84,1
DA:92,2
DA:93,2
DA:94,2
DA:95,2
DA:97,2
DA:101,1
DA:108,1
LF:29
LH:29
BRDA:35,0,0,1
BRDA:35,0,1,0
BRDA:56,1,0,1
BRDA:56,1,1,0
BRDA:85,2,0,1
BRDA:85,2,1,0
BRDA:109,3,0,1
BRDA:109,3,1,0
BRF:8
BRH:4
end_of_record
TN:
SF:controllers\admin.controller.js
FN:7,AdminloginController
FN:85,AdminlogoutController
FNF:2
FNH:0
FNDA:0,AdminloginController
FNDA:0,AdminlogoutController
DA:8,0
DA:9,0
DA:12,0
DA:13,0
DA:20,0
DA:22,0
DA:23,0
DA:30,0
DA:31,0
DA:39,0
DA:41,0
DA:42,0
DA:49,0
DA:50,0
DA:52,0
DA:56,0
DA:61,0
DA:62,0
DA:64,0
DA:75,0
DA:86,0
DA:87,0
DA:89,0
DA:95,0
DA:96,0
DA:98,0
DA:102,0
DA:108,0
LF:28
LH:0
BRDA:12,0,0,0
BRDA:12,0,1,0
BRDA:12,1,0,0
BRDA:12,1,1,0
BRDA:22,2,0,0
BRDA:22,2,1,0
BRDA:30,3,0,0
BRDA:30,3,1,0
BRDA:41,4,0,0
BRDA:41,4,1,0
BRDA:109,5,0,0
BRDA:109,5,1,0
BRF:12
BRH:0
end_of_record
TN:
SF:controllers\cart.controller.js
FN:5,(anonymous_0)
FN:87,(anonymous_1)
FN:96,(anonymous_2)
FN:115,(anonymous_3)
FN:116,(anonymous_4)
FN:117,(anonymous_5)
FN:141,(anonymous_6)
FN:215,(anonymous_7)
FN:247,(anonymous_8)
FNF:9
FNH:9
FNDA:7,(anonymous_0)
FNDA:2,(anonymous_1)
FNDA:2,(anonymous_2)
FNDA:2,(anonymous_3)
FNDA:2,(anonymous_4)
FNDA:1,(anonymous_5)
FNDA:7,(anonymous_6)
FNDA:3,(anonymous_7)
FNDA:3,(anonymous_8)
DA:5,2
DA:6,7
DA:7,7
DA:8,7
DA:10,7
DA:11,1
DA:19,6
DA:21,5
DA:22,1
DA:29,4
DA:30,1
DA:37,3
DA:38,1
DA:45,2
DA:50,2
DA:51,1
DA:56,1
DA:61,1
DA:63,1
DA:69,1
DA:78,1
DA:87,2
DA:88,2
DA:89,2
DA:91,2
DA:96,1
DA:97,2
DA:98,2
DA:99,2
DA:106,0
DA:115,2
DA:116,2
DA:117,1
DA:119,1
DA:132,1
DA:141,2
DA:142,7
DA:143,7
DA:144,7
DA:146,7
DA:147,1
DA:153,6
DA:158,5
DA:159,1
DA:167,4
DA:168,1
DA:175,3
DA:176,1
DA:184,2
DA:185,1
DA:192,1
DA:199,1
DA:207,1
DA:215,2
DA:216,3
DA:217,3
DA:218,3
DA:220,3
DA:221,1
DA:228,2
DA:230,1
DA:238,1
DA:247,2
DA:248,3
DA:249,3
DA:251,3
DA:256,2
DA:258,2
DA:259,5
DA:261,5
DA:262,1
DA:268,1
DA:271,4
DA:272,1
DA:280,4
DA:281,1
DA:289,4
DA:290,1
DA:299,2
DA:301,2
DA:310,1
LF:81
LH:80
BRDA:10,0,0,1
BRDA:10,0,1,6
BRDA:21,1,0,1
BRDA:21,1,1,4
BRDA:29,2,0,1
BRDA:29,2,1,3
BRDA:37,3,0,1
BRDA:37,3,1,2
BRDA:50,4,0,1
BRDA:50,4,1,1
BRDA:79,5,0,1
BRDA:79,5,1,0
BRDA:98,6,0,2
BRDA:98,6,1,0
BRDA:110,7,0,0
BRDA:110,7,1,0
BRDA:133,8,0,1
BRDA:133,8,1,0
BRDA:146,9,0,1
BRDA:146,9,1,6
BRDA:146,10,0,7
BRDA:146,10,1,6
BRDA:158,11,0,1
BRDA:158,11,1,4
BRDA:167,12,0,1
BRDA:167,12,1,3
BRDA:175,13,0,1
BRDA:175,13,1,2
BRDA:184,14,0,1
BRDA:184,14,1,1
BRDA:208,15,0,1
BRDA:208,15,1,0
BRDA:220,16,0,1
BRDA:220,16,1,2
BRDA:239,17,0,1
BRDA:239,17,1,0
BRDA:261,18,0,1
BRDA:261,18,1,4
BRDA:271,19,0,1
BRDA:271,19,1,3
BRDA:280,20,0,1
BRDA:280,20,1,3
BRDA:289,21,0,1
BRDA:289,21,1,3
BRDA:289,22,0,4
BRDA:289,22,1,3
BRDA:304,23,0,1
BRDA:304,23,1,1
BRDA:311,24,0,1
BRDA:311,24,1,0
BRF:50
BRH:42
end_of_record
TN:
SF:controllers\category.controller.js
FN:5,(anonymous_0)
FN:48,(anonymous_1)
FN:67,(anonymous_2)
FN:93,(anonymous_3)
FNF:4
FNH:0
FNDA:0,(anonymous_0)
FNDA:0,(anonymous_1)
FNDA:0,(anonymous_2)
FNDA:0,(anonymous_3)
DA:5,1
DA:6,0
DA:7,0
DA:9,0
DA:10,0
DA:17,0
DA:22,0
DA:24,0
DA:25,0
DA:32,0
DA:40,0
DA:48,1
DA:49,0
DA:51,0
DA:53,0
DA:59,0
DA:67,1
DA:68,0
DA:69,0
DA:71,0
DA:78,0
DA:85,0
DA:93,1
DA:94,0
DA:95,0
DA:97,0
DA:103,0
DA:109,0
DA:110,0
DA:117,0
DA:119,0
DA:127,0
LF:32
LH:4
BRDA:9,0,0,0
BRDA:9,0,1,0
BRDA:9,1,0,0
BRDA:9,1,1,0
BRDA:24,2,0,0
BRDA:24,2,1,0
BRDA:41,3,0,0
BRDA:41,3,1,0
BRDA:60,4,0,0
BRDA:60,4,1,0
BRDA:86,5,0,0
BRDA:86,5,1,0
BRDA:109,6,0,0
BRDA:109,6,1,0
BRDA:109,7,0,0
BRDA:109,7,1,0
BRDA:128,8,0,0
BRDA:128,8,1,0
BRF:18
BRH:0
end_of_record
TN:
SF:controllers\order.controller.js
FN:14,deductProductStock
FN:78,restoreProductStock
FN:128,CashOnDeliveryOrderController
FN:166,(anonymous_3)
FN:232,(anonymous_4)
FN:239,paymentController
FN:278,(anonymous_6)
FN:327,(anonymous_7)
FN:366,webhookStripe
FN:428,getOrderDetailsController
FN:453,cancelOrderController
FN:522,getAllOrdersAdminController
FN:555,updateOrderStatusController
FNF:13
FNH:6
FNDA:3,deductProductStock
FNDA:4,restoreProductStock
FNDA:7,CashOnDeliveryOrderController
FNDA:4,(anonymous_3)
FNDA:0,(anonymous_4)
FNDA:0,paymentController
FNDA:0,(anonymous_6)
FNDA:0,(anonymous_7)
FNDA:0,webhookStripe
FNDA:3,getOrderDetailsController
FNDA:7,cancelOrderController
FNDA:0,getAllOrdersAdminController
FNDA:0,updateOrderStatusController
DA:15,3
DA:16,3
DA:18,3
DA:19,4
DA:20,4
DA:21,4
DA:23,4
DA:24,0
DA:29,0
DA:32,4
DA:33,0
DA:38,0
DA:41,4
DA:42,0
DA:47,0
DA:50,4
DA:51,4
DA:52,4
DA:54,3
DA:63,3
DA:66,1
DA:70,1
DA:74,3
DA:79,4
DA:80,4
DA:82,4
DA:83,3
DA:84,3
DA:85,3
DA:87,3
DA:88,0
DA:93,0
DA:96,3
DA:97,3
DA:98,3
DA:100,3
DA:109,3
DA:112,0
DA:116,0
DA:120,4
DA:129,7
DA:130,7
DA:131,7
DA:134,7
DA:136,7
DA:137,8
DA:138,8
DA:140,7
DA:141,1
DA:142,1
DA:145,6
DA:146,1
DA:147,1
DA:150,5
DA:151,1
DA:152,1
DA:156,6
DA:157,3
DA:166,4
DA:176,3
DA:178,3
DA:179,1
DA:188,2
DA:200,2
DA:203,2
DA:204,2
DA:206,2
DA:208,2
DA:209,2
DA:210,0
DA:211,0
DA:212,0
DA:213,0
DA:216,2
DA:224,1
DA:232,2
DA:233,0
DA:234,0
DA:235,0
DA:240,0
DA:241,0
DA:242,0
DA:245,0
DA:247,0
DA:248,0
DA:249,0
DA:251,0
DA:252,0
DA:253,0
DA:256,0
DA:257,0
DA:258,0
DA:261,0
DA:262,0
DA:263,0
DA:267,0
DA:268,0
DA:276,0
DA:278,0
DA:279,0
DA:299,0
DA:313,0
DA:315,0
DA:318,0
DA:327,2
DA:334,0
DA:336,0
DA:337,0
DA:338,0
DA:340,0
DA:359,0
DA:363,0
DA:367,0
DA:369,0
DA:371,0
DA:373,0
DA:374,0
DA:375,0
DA:377,0
DA:386,0
DA:387,0
DA:389,0
DA:390,0
DA:393,0
DA:394,0
DA:398,0
DA:400,0
DA:402,0
DA:403,0
DA:405,0
DA:406,0
DA:407,0
DA:408,0
DA:409,0
DA:413,0
DA:414,0
DA:417,0
DA:419,0
DA:421,0
DA:424,0
DA:429,3
DA:430,3
DA:432,3
DA:437,2
DA:444,1
DA:454,7
DA:455,7
DA:456,7
DA:458,7
DA:462,7
DA:464,6
DA:465,1
DA:472,5
DA:473,1
DA:481,4
DA:483,4
DA:484,0
DA:487,4
DA:488,4
DA:490,4
DA:491,4
DA:492,0
DA:495,0
DA:496,0
DA:497,0
DA:498,0
DA:500,4
DA:503,4
DA:505,4
DA:513,1
DA:523,0
DA:524,0
DA:539,0
DA:546,0
DA:556,0
DA:557,0
DA:558,0
DA:560,0
DA:561,0
DA:562,0
DA:569,0
DA:571,0
DA:573,0
DA:574,0
DA:581,0
DA:582,0
DA:590,0
DA:598,0
DA:599,0
DA:600,0
DA:608,0
DA:609,0
DA:611,0
DA:613,0
DA:614,0
DA:617,0
DA:618,0
DA:621,0
DA:622,0
DA:623,0
DA:626,0
DA:627,0
DA:628,0
DA:629,0
DA:630,0
DA:631,0
DA:633,0
DA:636,0
DA:646,0
DA:647,0
DA:650,0
DA:651,0
DA:652,0
DA:655,0
DA:656,0
DA:657,0
DA:659,0
DA:662,0
DA:669,0
LF:219
LH:87
BRDA:20,0,0,4
BRDA:20,0,1,4
BRDA:23,1,0,0
BRDA:23,1,1,4
BRDA:26,2,0,0
BRDA:26,2,1,0
BRDA:32,3,0,0
BRDA:32,3,1,4
BRDA:41,4,0,0
BRDA:41,4,1,4
BRDA:84,5,0,3
BRDA:84,5,1,3
BRDA:87,6,0,0
BRDA:87,6,1,3
BRDA:90,7,0,0
BRDA:90,7,1,0
BRDA:137,8,0,8
BRDA:137,8,1,0
BRDA:140,9,0,1
BRDA:140,9,1,6
BRDA:141,10,0,1
BRDA:141,10,1,0
BRDA:145,11,0,1
BRDA:145,11,1,5
BRDA:150,12,0,1
BRDA:150,12,1,4
BRDA:156,13,0,3
BRDA:156,13,1,3
BRDA:167,14,0,4
BRDA:167,14,1,0
BRDA:178,15,0,1
BRDA:178,15,1,2
BRDA:225,16,0,1
BRDA:225,16,1,0
BRDA:232,17,0,0
BRDA:248,18,0,0
BRDA:248,18,1,0
BRDA:251,19,0,0
BRDA:251,19,1,0
BRDA:252,20,0,0
BRDA:252,20,1,0
BRDA:256,21,0,0
BRDA:256,21,1,0
BRDA:261,22,0,0
BRDA:261,22,1,0
BRDA:267,23,0,0
BRDA:267,23,1,0
BRDA:286,24,0,0
BRDA:286,24,1,0
BRDA:319,25,0,0
BRDA:319,25,1,0
BRDA:336,26,0,0
BRDA:336,26,1,0
BRDA:371,27,0,0
BRDA:371,27,1,0
BRDA:389,28,0,0
BRDA:389,28,1,0
BRDA:393,29,0,0
BRDA:393,29,1,0
BRDA:413,30,0,0
BRDA:413,30,1,0
BRDA:445,31,0,1
BRDA:445,31,1,0
BRDA:458,32,0,1
BRDA:458,32,1,6
BRDA:464,33,0,1
BRDA:464,33,1,5
BRDA:472,34,0,1
BRDA:472,34,1,4
BRDA:483,35,0,0
BRDA:483,35,1,4
BRDA:514,36,0,1
BRDA:514,36,1,0
BRDA:547,37,0,0
BRDA:547,37,1,0
BRDA:561,38,0,0
BRDA:561,38,1,0
BRDA:569,39,0,0
BRDA:569,39,1,0
BRDA:573,40,0,0
BRDA:573,40,1,0
BRDA:581,41,0,0
BRDA:581,41,1,0
BRDA:598,42,0,0
BRDA:598,42,1,0
BRDA:599,43,0,0
BRDA:599,43,1,0
BRDA:608,44,0,0
BRDA:608,44,1,0
BRDA:608,45,0,0
BRDA:608,45,1,0
BRDA:613,46,0,0
BRDA:613,46,1,0
BRDA:640,47,0,0
BRDA:640,47,1,0
BRDA:670,48,0,0
BRDA:670,48,1,0
BRF:97
BRH:31
end_of_record
TN:
SF:controllers\product.controller.js
FN:4,(anonymous_0)
FN:62,(anonymous_1)
FN:111,(anonymous_2)
FN:145,(anonymous_3)
FN:201,(anonymous_4)
FN:234,(anonymous_5)
FN:267,(anonymous_6)
FN:297,(anonymous_7)
FNF:8
FNH:5
FNDA:0,(anonymous_0)
FNDA:4,(anonymous_1)
FNDA:3,(anonymous_2)
FNDA:4,(anonymous_3)
FNDA:4,(anonymous_4)
FNDA:0,(anonymous_5)
FNDA:0,(anonymous_6)
FNDA:9,(anonymous_7)
DA:4,2
DA:5,0
DA:19,0
DA:21,0
DA:22,0
DA:29,0
DA:43,0
DA:45,0
DA:53,0
DA:62,2
DA:63,4
DA:64,4
DA:66,4
DA:67,3
DA:70,4
DA:71,3
DA:75,4
DA:80,4
DA:81,1
DA:86,4
DA:88,4
DA:93,3
DA:102,1
DA:111,2
DA:112,3
DA:113,3
DA:115,3
DA:116,1
DA:124,2
DA:129,1
DA:136,1
DA:145,2
DA:146,4
DA:147,4
DA:149,4
DA:150,2
DA:157,2
DA:158,1
DA:161,1
DA:162,0
DA:166,1
DA:172,1
DA:174,1
DA:179,1
DA:190,1
DA:201,2
DA:202,4
DA:203,4
DA:205,4
DA:207,3
DA:208,1
DA:216,2
DA:225,1
DA:234,2
DA:235,0
DA:236,0
DA:238,0
DA:239,0
DA:246,0
DA:250,0
DA:258,0
DA:267,2
DA:268,0
DA:269,0
DA:271,0
DA:272,0
DA:279,0
DA:281,0
DA:288,0
DA:297,2
DA:298,9
DA:299,9
DA:301,9
DA:302,9
DA:304,9
DA:305,9
DA:309,9
DA:314,9
DA:315,1
DA:316,1
DA:323,9
DA:324,1
DA:328,9
DA:329,1
DA:333,9
DA:334,1
DA:335,1
DA:336,1
DA:338,1
DA:339,1
DA:344,9
DA:345,9
DA:346,1
DA:347,8
DA:348,1
DA:349,7
DA:350,1
DA:352,6
DA:355,9
DA:357,9
DA:366,8
DA:378,1
LF:102
LH:79
BRDA:21,0,0,0
BRDA:21,0,1,0
BRDA:21,1,0,0
BRDA:21,1,1,0
BRDA:21,1,2,0
BRDA:21,1,3,0
BRDA:21,1,4,0
BRDA:21,1,5,0
BRDA:21,1,6,0
BRDA:41,2,0,0
BRDA:41,2,1,0
BRDA:54,3,0,0
BRDA:54,3,1,0
BRDA:66,4,0,3
BRDA:66,4,1,1
BRDA:70,5,0,3
BRDA:70,5,1,1
BRDA:80,6,0,1
BRDA:80,6,1,3
BRDA:103,7,0,1
BRDA:103,7,1,0
BRDA:115,8,0,1
BRDA:115,8,1,2
BRDA:137,9,0,1
BRDA:137,9,1,0
BRDA:149,10,0,2
BRDA:149,10,1,2
BRDA:149,11,0,4
BRDA:149,11,1,3
BRDA:157,12,0,1
BRDA:157,12,1,1
BRDA:161,13,0,0
BRDA:161,13,1,1
BRDA:191,14,0,1
BRDA:191,14,1,0
BRDA:207,15,0,1
BRDA:207,15,1,2
BRDA:226,16,0,1
BRDA:226,16,1,0
BRDA:238,17,0,0
BRDA:238,17,1,0
BRDA:259,18,0,0
BRDA:259,18,1,0
BRDA:271,19,0,0
BRDA:271,19,1,0
BRDA:289,20,0,0
BRDA:289,20,1,0
BRDA:301,21,0,9
BRDA:301,21,1,0
BRDA:304,22,0,9
BRDA:304,22,1,0
BRDA:314,23,0,1
BRDA:314,23,1,8
BRDA:323,24,0,1
BRDA:323,24,1,8
BRDA:323,25,0,9
BRDA:323,25,1,1
BRDA:328,26,0,1
BRDA:328,26,1,8
BRDA:328,27,0,9
BRDA:328,27,1,1
BRDA:333,28,0,1
BRDA:333,28,1,8
BRDA:333,29,0,9
BRDA:333,29,1,8
BRDA:335,30,0,1
BRDA:335,30,1,0
BRDA:335,31,0,1
BRDA:335,31,1,1
BRDA:338,32,0,1
BRDA:338,32,1,0
BRDA:338,33,0,1
BRDA:338,33,1,1
BRDA:345,34,0,1
BRDA:345,34,1,8
BRDA:347,35,0,1
BRDA:347,35,1,7
BRDA:349,36,0,1
BRDA:349,36,1,6
BRDA:379,37,0,1
BRDA:379,37,1,0
BRF:81
BRH:50
end_of_record
TN:
SF:controllers\subCategory.controller.js
FN:3,(anonymous_0)
FN:40,(anonymous_1)
FN:58,(anonymous_2)
FN:94,(anonymous_3)
FNF:4
FNH:0
FNDA:0,(anonymous_0)
FNDA:0,(anonymous_1)
FNDA:0,(anonymous_2)
FNDA:0,(anonymous_3)
DA:3,1
DA:4,0
DA:5,0
DA:7,0
DA:8,0
DA:15,0
DA:21,0
DA:22,0
DA:24,0
DA:32,0
DA:40,1
DA:41,0
DA:42,0
DA:43,0
DA:50,0
DA:58,1
DA:59,0
DA:60,0
DA:62,0
DA:64,0
DA:65,0
DA:72,0
DA:78,0
DA:86,0
DA:94,1
DA:95,0
DA:96,0
DA:97,0
DA:98,0
DA:100,0
DA:107,0
LF:31
LH:4
BRDA:7,0,0,0
BRDA:7,0,1,0
BRDA:7,1,0,0
BRDA:7,1,1,0
BRDA:7,1,2,0
BRDA:33,2,0,0
BRDA:33,2,1,0
BRDA:51,3,0,0
BRDA:51,3,1,0
BRDA:64,4,0,0
BRDA:64,4,1,0
BRDA:87,5,0,0
BRDA:87,5,1,0
BRDA:108,6,0,0
BRDA:108,6,1,0
BRF:15
BRH:0
end_of_record
TN:
SF:controllers\uploadImage.controller.js
FN:3,(anonymous_0)
FNF:1
FNH:0
FNDA:0,(anonymous_0)
DA:3,1
DA:4,0
DA:5,0
DA:7,0
DA:9,0
DA:16,0
LF:6
LH:1
BRDA:17,0,0,0
BRDA:17,0,1,0
BRF:2
BRH:0
end_of_record
TN:
SF:controllers\user.controller.js
FN:12,registerUserController
FN:73,verifyEmailController
FN:106,loginController
FN:182,logoutController
FN:214,uploadAvatar
FN:245,updateUserDetails
FN:282,forgotPasswordController
FN:329,verifyForgotPasswordOtp
FN:393,resetpassword
FN:445,refreshToken
FN:499,userDetails
FNF:11
FNH:10
FNDA:7,registerUserController
FNDA:2,verifyEmailController
FNDA:6,loginController
FNDA:1,logoutController
FNDA:1,uploadAvatar
FNDA:1,updateUserDetails
FNDA:2,forgotPasswordController
FNDA:3,verifyForgotPasswordOtp
FNDA:4,resetpassword
FNDA:0,refreshToken
FNDA:1,userDetails
DA:13,7
DA:14,7
DA:16,7
DA:17,1
DA:24,6
DA:26,6
DA:27,2
DA:34,4
DA:35,4
DA:37,4
DA:43,4
DA:44,4
DA:46,4
DA:48,4
DA:57,4
DA:65,0
DA:74,2
DA:75,2
DA:77,2
DA:79,2
DA:80,1
DA:87,1
DA:91,1
DA:97,0
DA:107,6
DA:108,6
DA:111,6
DA:112,1
DA:119,5
DA:121,5
DA:122,1
DA:129,4
DA:130,1
DA:137,3
DA:139,3
DA:140,1
DA:147,2
DA:148,2
DA:150,2
DA:154,2
DA:159,2
DA:160,2
DA:162,2
DA:173,0
DA:183,1
DA:184,1
DA:186,1
DA:192,1
DA:193,1
DA:195,1
DA:199,1
DA:205,0
DA:215,1
DA:216,1
DA:217,1
DA:219,1
DA:221,1
DA:225,1
DA:236,0
DA:246,1
DA:247,1
DA:248,1
DA:250,1
DA:252,1
DA:253,1
DA:254,1
DA:257,1
DA:264,1
DA:273,0
DA:283,2
DA:284,2
DA:286,2
DA:288,2
DA:289,1
DA:296,1
DA:297,1
DA:299,1
DA:304,1
DA:313,1
DA:320,0
DA:330,3
DA:331,3
DA:333,3
DA:334,1
DA:341,2
DA:343,2
DA:344,1
DA:351,1
DA:353,1
DA:354,0
DA:361,1
DA:362,0
DA:372,1
DA:377,1
DA:384,0
DA:394,4
DA:395,4
DA:397,4
DA:398,1
DA:403,3
DA:405,3
DA:406,1
DA:413,2
DA:414,1
DA:421,1
DA:422,1
DA:424,1
DA:428,1
DA:435,0
DA:446,0
DA:447,0
DA:449,0
DA:450,0
DA:457,0
DA:459,0
DA:460,0
DA:467,0
DA:469,0
DA:471,0
DA:477,0
DA:479,0
DA:490,0
DA:500,1
DA:501,1
DA:503,1
DA:505,1
DA:507,1
DA:514,0
LF:128
LH:103
BRDA:16,0,0,1
BRDA:16,0,1,6
BRDA:16,1,0,7
BRDA:16,1,1,6
BRDA:16,1,2,6
BRDA:26,2,0,2
BRDA:26,2,1,4
BRDA:66,3,0,0
BRDA:66,3,1,0
BRDA:79,4,0,1
BRDA:79,4,1,1
BRDA:98,5,0,0
BRDA:98,5,1,0
BRDA:111,6,0,1
BRDA:111,6,1,5
BRDA:111,7,0,6
BRDA:111,7,1,5
BRDA:121,8,0,1
BRDA:121,8,1,4
BRDA:129,9,0,1
BRDA:129,9,1,3
BRDA:139,10,0,1
BRDA:139,10,1,2
BRDA:174,11,0,0
BRDA:174,11,1,0
BRDA:206,12,0,0
BRDA:206,12,1,0
BRDA:237,13,0,0
BRDA:237,13,1,0
BRDA:252,14,0,1
BRDA:252,14,1,0
BRDA:258,15,0,1
BRDA:258,15,1,1
BRDA:259,16,0,1
BRDA:259,16,1,1
BRDA:260,17,0,1
BRDA:260,17,1,0
BRDA:261,18,0,1
BRDA:261,18,1,1
BRDA:274,19,0,0
BRDA:274,19,1,0
BRDA:288,20,0,1
BRDA:288,20,1,1
BRDA:321,21,0,0
BRDA:321,21,1,0
BRDA:333,22,0,1
BRDA:333,22,1,2
BRDA:333,23,0,3
BRDA:333,23,1,2
BRDA:343,24,0,1
BRDA:343,24,1,1
BRDA:353,25,0,0
BRDA:353,25,1,1
BRDA:361,26,0,0
BRDA:361,26,1,1
BRDA:385,27,0,0
BRDA:385,27,1,0
BRDA:397,28,0,1
BRDA:397,28,1,3
BRDA:397,29,0,4
BRDA:397,29,1,3
BRDA:397,29,2,3
BRDA:405,30,0,1
BRDA:405,30,1,2
BRDA:413,31,0,1
BRDA:413,31,1,1
BRDA:436,32,0,0
BRDA:436,32,1,0
BRDA:447,33,0,0
BRDA:447,33,1,0
BRDA:449,34,0,0
BRDA:449,34,1,0
BRDA:459,35,0,0
BRDA:459,35,1,0
BRDA:491,36,0,0
BRDA:491,36,1,0
BRF:76
BRH:46
end_of_record
TN:
SF:controllers\vnpay.controller.js
FN:10,sortObject
FN:13,(anonymous_1)
FN:19,createVNPayPayment
FN:72,(anonymous_3)
FN:105,vnpayReturn
FNF:5
FNH:5
FNDA:21,sortObject
FNDA:164,(anonymous_1)
FNDA:9,createVNPayPayment
FNDA:10,(anonymous_3)
FNDA:12,vnpayReturn
DA:11,21
DA:12,21
DA:13,21
DA:14,164
DA:16,21
DA:20,9
DA:21,9
DA:22,9
DA:25,9
DA:30,9
DA:31,9
DA:32,9
DA:34,9
DA:35,9
DA:36,9
DA:37,9
DA:40,9
DA:41,9
DA:43,9
DA:60,9
DA:63,9
DA:64,9
DA:65,9
DA:66,9
DA:69,9
DA:72,10
DA:81,9
DA:93,8
DA:95,8
DA:100,1
DA:101,1
DA:106,12
DA:107,12
DA:108,12
DA:110,12
DA:111,12
DA:113,12
DA:115,12
DA:116,12
DA:117,12
DA:118,12
DA:120,12
DA:121,11
DA:122,11
DA:124,11
DA:126,10
DA:127,1
DA:133,9
DA:134,3
DA:135,3
DA:136,3
DA:138,3
DA:139,3
DA:141,3
DA:147,6
DA:148,6
DA:149,6
DA:151,6
DA:158,1
DA:164,1
DA:165,1
LF:61
LH:61
BRDA:25,0,0,9
BRDA:25,0,1,3
BRDA:25,0,2,2
BRDA:25,0,3,1
BRDA:120,1,0,11
BRDA:120,1,1,1
BRDA:126,2,0,1
BRDA:126,2,1,9
BRDA:133,3,0,3
BRDA:133,3,1,6
BRF:10
BRH:10
end_of_record
TN:
SF:utils\forgotPasswordTemplate.js
FN:1,(anonymous_0)
FNF:1
FNH:0
FNDA:0,(anonymous_0)
DA:1,1
DA:2,0
LF:2
LH:1
BRF:0
BRH:0
end_of_record
TN:
SF:utils\generatedAccessToken.js
FN:3,(anonymous_0)
FNF:1
FNH:1
FNDA:1,(anonymous_0)
DA:3,1
DA:4,1
DA:9,1
LF:3
LH:3
BRF:0
BRH:0
end_of_record
TN:
SF:utils\generatedOtp.js
FN:1,(anonymous_0)
FNF:1
FNH:0
FNDA:0,(anonymous_0)
DA:1,1
DA:2,0
LF:2
LH:1
BRF:0
BRH:0
end_of_record
TN:
SF:utils\generatedRefreshToken.js
FN:4,(anonymous_0)
FNF:1
FNH:1
FNDA:1,(anonymous_0)
DA:4,1
DA:5,1
DA:10,1
DA:17,1
LF:4
LH:4
BRF:0
BRH:0
end_of_record
TN:
SF:utils\seedProducts.js
FNF:0
FNH:0
LF:0
LH:0
BRF:0
BRH:0
end_of_record
TN:
SF:utils\seedUsers.js
FNF:0
FNH:0
LF:0
LH:0
BRF:0
BRH:0
end_of_record
TN:
SF:utils\uploadImageClodinary.js
FN:9,(anonymous_0)
FN:12,(anonymous_1)
FN:13,(anonymous_2)
FNF:3
FNH:0
FNDA:0,(anonymous_0)
FNDA:0,(anonymous_1)
FNDA:0,(anonymous_2)
DA:3,1
DA:9,1
DA:10,0
DA:12,0
DA:13,0
DA:14,0
DA:18,0
LF:7
LH:2
BRDA:10,0,0,0
BRDA:10,0,1,0
BRF:2
BRH:0
end_of_record
TN:
SF:utils\verifyEmailTemplate.js
FN:1,(anonymous_0)
FNF:1
FNH:1
FNDA:3,(anonymous_0)
DA:1,1
DA:2,3
LF:2
LH:2
BRF:0
BRH:0
end_of_record
