<?xml version="1.0" encoding="UTF-8"?>
<coverage generated="1764960716557" clover="3.2.0">
  <project timestamp="1764960716558" name="All files">
    <metrics statements="137" coveredstatements="98" conditionals="50" coveredconditionals="30" methods="46" coveredmethods="20" elements="233" coveredelements="148" complexity="0" loc="137" ncloc="137" packages="6" files="15" classes="15"/>
    <package name="assets">
      <metrics statements="0" coveredstatements="0" conditionals="0" coveredconditionals="0" methods="0" coveredmethods="0"/>
      <file name="logo.png" path="D:\taphoa_test\client\src\assets\logo.png">
        <metrics statements="0" coveredstatements="0" conditionals="0" coveredconditionals="0" methods="0" coveredmethods="0"/>
      </file>
    </package>
    <package name="common">
      <metrics statements="2" coveredstatements="2" conditionals="0" coveredconditionals="0" methods="0" coveredmethods="0"/>
      <file name="SummaryApi.js" path="D:\taphoa_test\client\src\common\SummaryApi.js">
        <metrics statements="2" coveredstatements="2" conditionals="0" coveredconditionals="0" methods="0" coveredmethods="0"/>
        <line num="1" count="2" type="stmt"/>
        <line num="3" count="2" type="stmt"/>
      </file>
    </package>
    <package name="components">
      <metrics statements="42" coveredstatements="33" conditionals="28" coveredconditionals="20" methods="16" coveredmethods="9"/>
      <file name="CardProduct.jsx" path="D:\taphoa_test\client\src\components\CardProduct.jsx">
        <metrics statements="4" coveredstatements="4" conditionals="4" coveredconditionals="4" methods="1" coveredmethods="1"/>
        <line num="14" count="1" type="stmt"/>
        <line num="15" count="9" type="stmt"/>
        <line num="16" count="9" type="stmt"/>
        <line num="18" count="9" type="stmt"/>
      </file>
      <file name="Header.jsx" path="D:\taphoa_test\client\src\components\Header.jsx">
        <metrics statements="23" coveredstatements="14" conditionals="18" coveredconditionals="12" methods="10" coveredmethods="3"/>
        <line num="16" count="1" type="stmt"/>
        <line num="17" count="8" type="stmt"/>
        <line num="18" count="8" type="stmt"/>
        <line num="19" count="8" type="stmt"/>
        <line num="20" count="8" type="stmt"/>
        <line num="21" count="16" type="stmt"/>
        <line num="22" count="8" type="stmt"/>
        <line num="23" count="16" type="stmt"/>
        <line num="26" count="8" type="stmt"/>
        <line num="27" count="8" type="stmt"/>
        <line num="29" count="8" type="stmt"/>
        <line num="30" count="0" type="stmt"/>
        <line num="33" count="8" type="stmt"/>
        <line num="34" count="0" type="stmt"/>
        <line num="37" count="8" type="stmt"/>
        <line num="38" count="0" type="cond" truecount="0" falsecount="2"/>
        <line num="39" count="0" type="stmt"/>
        <line num="40" count="0" type="stmt"/>
        <line num="43" count="0" type="stmt"/>
        <line num="60" count="8" type="stmt"/>
        <line num="103" count="0" type="stmt"/>
        <line num="131" count="0" type="stmt"/>
        <line num="164" count="0" type="stmt"/>
      </file>
      <file name="ProductList.jsx" path="D:\taphoa_test\client\src\components\ProductList.jsx">
        <metrics statements="15" coveredstatements="15" conditionals="6" coveredconditionals="4" methods="5" coveredmethods="5"/>
        <line num="3" count="1" type="stmt"/>
        <line num="4" count="8" type="stmt"/>
        <line num="6" count="8" type="stmt"/>
        <line num="7" count="5" type="stmt"/>
        <line num="8" count="5" type="stmt"/>
        <line num="9" count="5" type="stmt"/>
        <line num="10" count="5" type="stmt"/>
        <line num="11" count="4" type="cond" truecount="2" falsecount="0"/>
        <line num="12" count="3" type="stmt"/>
        <line num="13" count="3" type="cond" truecount="2" falsecount="2"/>
        <line num="19" count="5" type="stmt"/>
        <line num="21" count="5" type="stmt"/>
        <line num="22" count="5" type="stmt"/>
        <line num="26" count="8" type="stmt"/>
        <line num="29" count="6" type="stmt"/>
      </file>
    </package>
    <package name="pages">
      <metrics statements="27" coveredstatements="27" conditionals="10" coveredconditionals="10" methods="7" coveredmethods="7"/>
      <file name="Login.jsx" path="D:\taphoa_test\client\src\pages\Login.jsx">
        <metrics statements="27" coveredstatements="27" conditionals="10" coveredconditionals="10" methods="7" coveredmethods="7"/>
        <line num="13" count="1" type="stmt"/>
        <line num="14" count="117" type="stmt"/>
        <line num="18" count="117" type="stmt"/>
        <line num="19" count="117" type="stmt"/>
        <line num="20" count="117" type="stmt"/>
        <line num="22" count="117" type="stmt"/>
        <line num="23" count="107" type="stmt"/>
        <line num="25" count="107" type="stmt"/>
        <line num="26" count="107" type="stmt"/>
        <line num="33" count="224" type="stmt"/>
        <line num="36" count="117" type="stmt"/>
        <line num="37" count="3" type="stmt"/>
        <line num="39" count="3" type="stmt"/>
        <line num="40" count="3" type="stmt"/>
        <line num="45" count="2" type="cond" truecount="2" falsecount="0"/>
        <line num="46" count="1" type="stmt"/>
        <line num="49" count="2" type="cond" truecount="2" falsecount="0"/>
        <line num="50" count="1" type="stmt"/>
        <line num="51" count="1" type="stmt"/>
        <line num="52" count="1" type="stmt"/>
        <line num="54" count="1" type="stmt"/>
        <line num="55" count="1" type="stmt"/>
        <line num="57" count="1" type="stmt"/>
        <line num="61" count="1" type="stmt"/>
        <line num="65" count="1" type="stmt"/>
        <line num="71" count="117" type="stmt"/>
        <line num="100" count="1" type="stmt"/>
      </file>
    </package>
    <package name="store">
      <metrics statements="57" coveredstatements="28" conditionals="12" coveredconditionals="0" methods="20" coveredmethods="1"/>
      <file name="addressSlice.js" path="D:\taphoa_test\client\src\store\addressSlice.js">
        <metrics statements="4" coveredstatements="3" conditionals="0" coveredconditionals="0" methods="1" coveredmethods="0"/>
        <line num="3" count="1" type="stmt"/>
        <line num="7" count="1" type="stmt"/>
        <line num="12" count="0" type="stmt"/>
        <line num="17" count="1" type="stmt"/>
      </file>
      <file name="cartProduct.js" path="D:\taphoa_test\client\src\store\cartProduct.js">
        <metrics statements="4" coveredstatements="3" conditionals="0" coveredconditionals="0" methods="1" coveredmethods="0"/>
        <line num="3" count="3" type="stmt"/>
        <line num="7" count="3" type="stmt"/>
        <line num="12" count="0" type="stmt"/>
        <line num="17" count="3" type="stmt"/>
      </file>
      <file name="orderSlice.js" path="D:\taphoa_test\client\src\store\orderSlice.js">
        <metrics statements="8" coveredstatements="3" conditionals="6" coveredconditionals="0" methods="6" coveredmethods="0"/>
        <line num="3" count="1" type="stmt"/>
        <line num="7" count="1" type="stmt"/>
        <line num="12" count="0" type="stmt"/>
        <line num="15" count="0" type="stmt"/>
        <line num="18" count="0" type="cond" truecount="0" falsecount="2"/>
        <line num="19" count="0" type="cond" truecount="0" falsecount="2"/>
        <line num="22" count="0" type="cond" truecount="0" falsecount="2"/>
        <line num="27" count="1" type="stmt"/>
      </file>
      <file name="productSlice.js" path="D:\taphoa_test\client\src\store\productSlice.js">
        <metrics statements="12" coveredstatements="3" conditionals="6" coveredconditionals="0" methods="9" coveredmethods="0"/>
        <line num="3" count="1" type="stmt"/>
        <line num="10" count="1" type="stmt"/>
        <line num="15" count="0" type="stmt"/>
        <line num="18" count="0" type="stmt"/>
        <line num="21" count="0" type="stmt"/>
        <line num="24" count="0" type="stmt"/>
        <line num="27" count="0" type="stmt"/>
        <line num="30" count="0" type="cond" truecount="0" falsecount="2"/>
        <line num="31" count="0" type="cond" truecount="0" falsecount="2"/>
        <line num="32" count="0" type="stmt"/>
        <line num="36" count="0" type="cond" truecount="0" falsecount="2"/>
        <line num="42" count="1" type="stmt"/>
      </file>
      <file name="store.js" path="D:\taphoa_test\client\src\store\store.js">
        <metrics statements="1" coveredstatements="1" conditionals="0" coveredconditionals="0" methods="0" coveredmethods="0"/>
        <line num="8" count="1" type="stmt"/>
      </file>
      <file name="userSlice.js" path="D:\taphoa_test\client\src\store\userSlice.js">
        <metrics statements="28" coveredstatements="15" conditionals="0" coveredconditionals="0" methods="3" coveredmethods="1"/>
        <line num="3" count="3" type="stmt"/>
        <line num="18" count="3" type="stmt"/>
        <line num="23" count="1" type="stmt"/>
        <line num="24" count="1" type="stmt"/>
        <line num="25" count="1" type="stmt"/>
        <line num="26" count="1" type="stmt"/>
        <line num="27" count="1" type="stmt"/>
        <line num="28" count="1" type="stmt"/>
        <line num="29" count="1" type="stmt"/>
        <line num="30" count="1" type="stmt"/>
        <line num="31" count="1" type="stmt"/>
        <line num="32" count="1" type="stmt"/>
        <line num="33" count="1" type="stmt"/>
        <line num="34" count="1" type="stmt"/>
        <line num="37" count="0" type="stmt"/>
        <line num="40" count="0" type="stmt"/>
        <line num="41" count="0" type="stmt"/>
        <line num="42" count="0" type="stmt"/>
        <line num="43" count="0" type="stmt"/>
        <line num="44" count="0" type="stmt"/>
        <line num="45" count="0" type="stmt"/>
        <line num="46" count="0" type="stmt"/>
        <line num="47" count="0" type="stmt"/>
        <line num="48" count="0" type="stmt"/>
        <line num="49" count="0" type="stmt"/>
        <line num="50" count="0" type="stmt"/>
        <line num="51" count="0" type="stmt"/>
        <line num="56" count="3" type="stmt"/>
      </file>
    </package>
    <package name="utils">
      <metrics statements="9" coveredstatements="8" conditionals="0" coveredconditionals="0" methods="3" coveredmethods="3"/>
      <file name="AxiosToastError.js" path="D:\taphoa_test\client\src\utils\AxiosToastError.js">
        <metrics statements="2" coveredstatements="2" conditionals="0" coveredconditionals="0" methods="1" coveredmethods="1"/>
        <line num="3" count="2" type="stmt"/>
        <line num="4" count="1" type="stmt"/>
      </file>
      <file name="DisplayPriceInRupees.js" path="D:\taphoa_test\client\src\utils\DisplayPriceInRupees.js">
        <metrics statements="2" coveredstatements="2" conditionals="0" coveredconditionals="0" methods="1" coveredmethods="1"/>
        <line num="1" count="1" type="stmt"/>
        <line num="2" count="2" type="stmt"/>
      </file>
      <file name="fetchUserDetails.js" path="D:\taphoa_test\client\src\utils\fetchUserDetails.js">
        <metrics statements="5" coveredstatements="4" conditionals="0" coveredconditionals="0" methods="1" coveredmethods="1"/>
        <line num="4" count="1" type="stmt"/>
        <line num="5" count="1" type="stmt"/>
        <line num="6" count="1" type="stmt"/>
        <line num="9" count="1" type="stmt"/>
        <line num="11" count="0" type="stmt"/>
      </file>
    </package>
  </project>
</coverage>
